/app/mqtt_device.py:16: DeprecationWarning: Callback API version 1 is deprecated, update to latest version
  mqtt_client = mqtt.Client()
 * Serving Flask app 'mqtt_device'
 * Debug mode: off
[31m[1mWARNING: This is a development server. Do not use it in a production deployment. Use a production WSGI server instead.[0m
 * Running on all addresses (0.0.0.0)
 * Running on http://127.0.0.1:5000
 * Running on http://10.244.3.155:5000
[33mPress CTRL+C to quit[0m
Connected to MQTT broker with result code 0
Received message from mqtt/iot-mqtt-59b46996c-9fg69 with latency 0.001 seconds
Received message from mqtt/iot-mqtt-59b46996c-ghksm with latency 0.001 seconds
Received message from mqtt/iot-mqtt-59b46996c-wsmm7 with latency 0.001 seconds
Received message from mqtt/iot-mqtt-59b46996c-x5wlw with latency 0.001 seconds
Received message from mqtt/iot-mqtt-b7dd575b4-mmrqh with latency 0.001 seconds
Received message from mqtt/iot-mqtt-b7dd575b4-2pc6m with latency 0.001 seconds
Received message from mqtt/iot-mqtt-b7dd575b4-mg8k4 with latency 0.001 seconds
Received message from mqtt/iot-mqtt-59b46996c-2hwsp with latency 0.001 seconds
Received message from mqtt/iot-mqtt-b7dd575b4-hjzdm with latency 0.001 seconds
Received message from mqtt/iot-mqtt-59b46996c-4ff77 with latency 0.001 seconds
Received message from mqtt/iot-mqtt-59b46996c-78bcd with latency 0.001 seconds
Received message from mqtt/iot-mqtt-59b46996c-fhtdk with latency 0.004 seconds
Received message from mqtt/iot-mqtt-b7dd575b4-rbhn4 with latency 0.002 seconds
Received message from mqtt/iot-mqtt-b7dd575b4-6cx6l with latency 0.005 seconds
Received message from mqtt/iot-mqtt-b7dd575b4-cfhs6 with latency 0.002 seconds
Received message from mqtt/iot-mqtt-59b46996c-rb7x4 with latency 0.004 seconds
Received message from mqtt/iot-mqtt-b7dd575b4-svfxw with latency 0.003 seconds
Received message from mqtt/iot-mqtt-59b46996c-9fg69 with latency 0.003 seconds
Received message from mqtt/iot-mqtt-59b46996c-wsmm7 with latency 0.002 seconds
Received message from mqtt/iot-mqtt-59b46996c-x5wlw with latency 0.004 seconds
Received message from mqtt/iot-mqtt-59b46996c-2b9cw with latency 0.001 seconds
Received message from mqtt/iot-mqtt-b7dd575b4-mmrqh with latency 0.004 seconds
Received message from mqtt/iot-mqtt-b7dd575b4-2pc6m with latency 0.005 seconds
Received message from mqtt/iot-mqtt-b7dd575b4-mg8k4 with latency 0.004 seconds
Received message from mqtt/iot-mqtt-59b46996c-2hwsp with latency 0.004 seconds
Received message from mqtt/iot-mqtt-b7dd575b4-hjzdm with latency 0.007 seconds
Received message from mqtt/iot-mqtt-59b46996c-4ff77 with latency 0.003 seconds
Received message from mqtt/iot-mqtt-59b46996c-78bcd with latency 0.004 seconds
Received message from mqtt/iot-mqtt-59b46996c-fhtdk with latency 0.001 seconds
Received message from mqtt/iot-mqtt-b7dd575b4-rbhn4 with latency 0.004 seconds
Received message from mqtt/iot-mqtt-b7dd575b4-6cx6l with latency 0.003 seconds
Received message from mqtt/iot-mqtt-59b46996c-rb7x4 with latency 0.004 seconds
Received message from mqtt/iot-mqtt-b7dd575b4-b6mnn with latency 0.004 seconds
Received message from mqtt/iot-mqtt-b7dd575b4-svfxw with latency 0.004 seconds
Received message from mqtt/iot-mqtt-59b46996c-9fg69 with latency 0.004 seconds
Received message from mqtt/iot-mqtt-59b46996c-ghksm with latency 0.002 seconds
Received message from mqtt/iot-mqtt-59b46996c-wsmm7 with latency 0.003 seconds
Received message from mqtt/iot-mqtt-59b46996c-x5wlw with latency 0.005 seconds
Received message from mqtt/iot-mqtt-b7dd575b4-mmrqh with latency 0.005 seconds
Received message from mqtt/iot-mqtt-59b46996c-2b9cw with latency 0.004 seconds
Received message from mqtt/iot-mqtt-b7dd575b4-2pc6m with latency 0.002 seconds
Received message from mqtt/iot-mqtt-b7dd575b4-mg8k4 with latency 0.004 seconds
Received message from mqtt/iot-mqtt-59b46996c-2hwsp with latency 0.004 seconds
Received message from mqtt/iot-mqtt-b7dd575b4-hjzdm with latency 0.003 seconds
Received message from mqtt/iot-mqtt-b7dd575b4-6mwc8 with latency 0.002 seconds
Received message from mqtt/iot-mqtt-59b46996c-4ff77 with latency 0.002 seconds
Received message from mqtt/iot-mqtt-59b46996c-78bcd with latency 0.002 seconds
Received message from mqtt/iot-mqtt-59b46996c-rb7x4 with latency 0.001 seconds
Received message from mqtt/iot-mqtt-b7dd575b4-svfxw with latency 0.003 seconds
Received message from mqtt/iot-mqtt-59b46996c-9fg69 with latency 0.002 seconds
Received message from mqtt/iot-mqtt-59b46996c-ghksm with latency 0.002 seconds
Received message from mqtt/iot-mqtt-59b46996c-wsmm7 with latency 0.001 seconds
Received message from mqtt/iot-mqtt-59b46996c-x5wlw with latency 0.001 seconds
Received message from mqtt/iot-mqtt-59b46996c-2b9cw with latency 0.001 seconds
Received message from mqtt/iot-mqtt-59b46996c-2hwsp with latency 0.002 seconds
Received message from mqtt/iot-mqtt-59b46996c-4ff77 with latency 0.002 seconds
Received message from mqtt/iot-mqtt-59b46996c-78bcd with latency 0.001 seconds
Received message from mqtt/iot-mqtt-59b46996c-rb7x4 with latency 0.002 seconds
Received message from mqtt/iot-mqtt-59b46996c-9fg69 with latency 0.001 seconds
Received message from mqtt/iot-mqtt-59b46996c-wsmm7 with latency 0.002 seconds
Received message from mqtt/iot-mqtt-59b46996c-x5wlw with latency 0.001 seconds
Received message from mqtt/iot-mqtt-59b46996c-2b9cw with latency 0.002 seconds
Received message from mqtt/iot-mqtt-59b46996c-2hwsp with latency 0.001 seconds
Received message from mqtt/iot-mqtt-59b46996c-4ff77 with latency 0.002 seconds
Received message from mqtt/iot-mqtt-59b46996c-78bcd with latency 0.002 seconds
Received message from mqtt/iot-mqtt-59b46996c-fhtdk with latency 0.002 seconds
Received message from mqtt/iot-mqtt-59b46996c-rb7x4 with latency 0.002 seconds
Received message from mqtt/iot-mqtt-59b46996c-ghksm with latency 0.002 seconds
Received message from mqtt/iot-mqtt-59b46996c-9fg69 with latency 0.002 seconds
Received message from mqtt/iot-mqtt-59b46996c-wsmm7 with latency 0.002 seconds
Received message from mqtt/iot-mqtt-59b46996c-x5wlw with latency 0.002 seconds
Received message from mqtt/iot-mqtt-59b46996c-2b9cw with latency 0.002 seconds
Received message from mqtt/iot-mqtt-59b46996c-2hwsp with latency 0.002 seconds
Received message from mqtt/iot-mqtt-59b46996c-4ff77 with latency 0.001 seconds
Received message from mqtt/iot-mqtt-59b46996c-78bcd with latency 0.002 seconds
Received message from mqtt/iot-mqtt-59b46996c-fhtdk with latency 0.002 seconds
Received message from mqtt/iot-mqtt-59b46996c-rb7x4 with latency 0.001 seconds
[FAILURE] iot-mqtt-59b46996c-9fg69 is simulating a device failure. Stopping MQTT network loop for 20.0 seconds.
Received message from mqtt/iot-mqtt-59b46996c-ghksm with latency 0.001 seconds
[RECOVERY] iot-mqtt-59b46996c-9fg69 is back online and reconnecting to broker.
Connected to MQTT broker with result code 0
Received message from mqtt/iot-mqtt-59b46996c-ghksm with latency 0.004 seconds
Received message from mqtt/iot-mqtt-59b46996c-wsmm7 with latency 0.001 seconds
Received message from mqtt/iot-mqtt-59b46996c-x5wlw with latency 0.003 seconds
Received message from mqtt/iot-mqtt-59b46996c-2b9cw with latency 0.003 seconds
Received message from mqtt/iot-mqtt-59b46996c-2hwsp with latency 0.004 seconds
Received message from mqtt/iot-mqtt-59b46996c-78bcd with latency 0.001 seconds
Received message from mqtt/iot-mqtt-59b46996c-fhtdk with latency 0.005 seconds
Received message from mqtt/iot-mqtt-59b46996c-rb7x4 with latency 0.004 seconds
Received message from mqtt/iot-mqtt-59b46996c-9fg69 with latency 0.004 seconds
Received message from mqtt/iot-mqtt-59b46996c-ghksm with latency 0.003 seconds
Received message from mqtt/iot-mqtt-59b46996c-wsmm7 with latency 0.003 seconds
Received message from mqtt/iot-mqtt-59b46996c-x5wlw with latency 0.002 seconds
Received message from mqtt/iot-mqtt-59b46996c-2hwsp with latency 0.001 seconds
Received message from mqtt/iot-mqtt-59b46996c-78bcd with latency 0.002 seconds
Received message from mqtt/iot-mqtt-59b46996c-rb7x4 with latency 0.002 seconds
Received message from mqtt/iot-mqtt-59b46996c-9fg69 with latency 0.003 seconds
Received message from mqtt/iot-mqtt-59b46996c-ghksm with latency 0.003 seconds
Received message from mqtt/iot-mqtt-59b46996c-wsmm7 with latency 0.001 seconds
Received message from mqtt/iot-mqtt-59b46996c-2b9cw with latency 0.004 seconds
Received message from mqtt/iot-mqtt-59b46996c-4ff77 with latency 0.003 seconds
Received message from mqtt/iot-mqtt-59b46996c-2hwsp with latency 0.006 seconds
Received message from mqtt/iot-mqtt-59b46996c-78bcd with latency 0.002 seconds
Received message from mqtt/iot-mqtt-59b46996c-rb7x4 with latency 0.003 seconds
Received message from mqtt/iot-mqtt-59b46996c-9fg69 with latency 0.003 seconds
Received message from mqtt/iot-mqtt-59b46996c-ghksm with latency 0.002 seconds
Received message from mqtt/iot-mqtt-59b46996c-wsmm7 with latency 0.004 seconds
Received message from mqtt/iot-mqtt-59b46996c-x5wlw with latency 0.002 seconds
Received message from mqtt/iot-mqtt-59b46996c-2b9cw with latency 0.003 seconds
Received message from mqtt/iot-mqtt-59b46996c-4ff77 with latency 0.001 seconds
Received message from mqtt/iot-mqtt-59b46996c-2hwsp with latency 0.002 seconds
Received message from mqtt/iot-mqtt-59b46996c-78bcd with latency 0.003 seconds
Received message from mqtt/iot-mqtt-59b46996c-fhtdk with latency 0.005 seconds
Received message from mqtt/iot-mqtt-59b46996c-rb7x4 with latency 0.003 seconds
Received message from mqtt/iot-mqtt-59b46996c-9fg69 with latency 0.002 seconds
Received message from mqtt/iot-mqtt-59b46996c-ghksm with latency 0.001 seconds
Received message from mqtt/iot-mqtt-59b46996c-wsmm7 with latency 0.004 seconds
Received message from mqtt/iot-mqtt-59b46996c-x5wlw with latency 0.005 seconds
Received message from mqtt/iot-mqtt-59b46996c-2b9cw with latency 0.003 seconds
Received message from mqtt/iot-mqtt-59b46996c-2hwsp with latency 0.004 seconds
Received message from mqtt/iot-mqtt-59b46996c-4ff77 with latency 0.001 seconds
Received message from mqtt/iot-mqtt-59b46996c-78bcd with latency 0.002 seconds
Received message from mqtt/iot-mqtt-59b46996c-rb7x4 with latency 0.004 seconds
Received message from mqtt/iot-mqtt-59b46996c-9fg69 with latency 0.003 seconds
Received message from mqtt/iot-mqtt-59b46996c-wsmm7 with latency 0.001 seconds
Received message from mqtt/iot-mqtt-59b46996c-x5wlw with latency 0.002 seconds
Received message from mqtt/iot-mqtt-59b46996c-2b9cw with latency 0.003 seconds
Received message from mqtt/iot-mqtt-59b46996c-2hwsp with latency 0.004 seconds
Received message from mqtt/iot-mqtt-59b46996c-4ff77 with latency 0.003 seconds
Received message from mqtt/iot-mqtt-59b46996c-78bcd with latency 0.003 seconds
Received message from mqtt/iot-mqtt-59b46996c-fhtdk with latency 0.004 seconds
Received message from mqtt/iot-mqtt-59b46996c-rb7x4 with latency 0.004 seconds
Received message from mqtt/iot-mqtt-59b46996c-9fg69 with latency 0.002 seconds
Received message from mqtt/iot-mqtt-59b46996c-ghksm with latency 0.002 seconds
Received message from mqtt/iot-mqtt-59b46996c-wsmm7 with latency 0.003 seconds
Received message from mqtt/iot-mqtt-59b46996c-x5wlw with latency 0.002 seconds
Received message from mqtt/iot-mqtt-59b46996c-2b9cw with latency 0.002 seconds
Received message from mqtt/iot-mqtt-59b46996c-4ff77 with latency 0.003 seconds
Received message from mqtt/iot-mqtt-59b46996c-78bcd with latency 0.003 seconds
Received message from mqtt/iot-mqtt-59b46996c-fhtdk with latency 0.004 seconds
Received message from mqtt/iot-mqtt-59b46996c-rb7x4 with latency 0.003 seconds
Received message from mqtt/iot-mqtt-59b46996c-9fg69 with latency 0.002 seconds
Received message from mqtt/iot-mqtt-59b46996c-ghksm with latency 0.004 seconds
Received message from mqtt/iot-mqtt-59b46996c-wsmm7 with latency 0.004 seconds
Received message from mqtt/iot-mqtt-59b46996c-x5wlw with latency 0.004 seconds
Received message from mqtt/iot-mqtt-59b46996c-2b9cw with latency 0.004 seconds
Received message from mqtt/iot-mqtt-59b46996c-2hwsp with latency 0.003 seconds
Received message from mqtt/iot-mqtt-59b46996c-4ff77 with latency 0.002 seconds
Received message from mqtt/iot-mqtt-59b46996c-78bcd with latency 0.003 seconds
Received message from mqtt/iot-mqtt-59b46996c-fhtdk with latency 0.003 seconds
Received message from mqtt/iot-mqtt-59b46996c-rb7x4 with latency 0.003 seconds
Received message from mqtt/iot-mqtt-59b46996c-9fg69 with latency 0.003 seconds
Received message from mqtt/iot-mqtt-59b46996c-wsmm7 with latency 0.002 seconds
Received message from mqtt/iot-mqtt-59b46996c-2hwsp with latency 0.003 seconds
Received message from mqtt/iot-mqtt-59b46996c-4ff77 with latency 0.002 seconds
Received message from mqtt/iot-mqtt-59b46996c-78bcd with latency 0.003 seconds
Received message from mqtt/iot-mqtt-59b46996c-fhtdk with latency 0.005 seconds
Received message from mqtt/iot-mqtt-59b46996c-rb7x4 with latency 0.003 seconds
Received message from mqtt/iot-mqtt-59b46996c-9fg69 with latency 0.003 seconds
Received message from mqtt/iot-mqtt-59b46996c-ghksm with latency 0.003 seconds
Received message from mqtt/iot-mqtt-59b46996c-wsmm7 with latency 0.003 seconds
Received message from mqtt/iot-mqtt-59b46996c-2b9cw with latency 0.003 seconds
Received message from mqtt/iot-mqtt-59b46996c-78bcd with latency 0.003 seconds
Received message from mqtt/iot-mqtt-59b46996c-fhtdk with latency 0.002 seconds
Received message from mqtt/iot-mqtt-59b46996c-rb7x4 with latency 0.001 seconds
Received message from mqtt/iot-mqtt-59b46996c-9fg69 with latency 0.001 seconds
Received message from mqtt/iot-mqtt-59b46996c-ghksm with latency 0.001 seconds
Received message from mqtt/iot-mqtt-59b46996c-wsmm7 with latency 0.003 seconds
Received message from mqtt/iot-mqtt-59b46996c-x5wlw with latency 0.002 seconds
Received message from mqtt/iot-mqtt-59b46996c-2b9cw with latency 0.004 seconds
Received message from mqtt/iot-mqtt-59b46996c-2hwsp with latency 0.002 seconds
Received message from mqtt/iot-mqtt-59b46996c-4ff77 with latency 0.001 seconds
Received message from mqtt/iot-mqtt-59b46996c-78bcd with latency 0.004 seconds
Received message from mqtt/iot-mqtt-59b46996c-fhtdk with latency 0.002 seconds
Received message from mqtt/iot-mqtt-59b46996c-rb7x4 with latency 0.002 seconds
Received message from mqtt/iot-mqtt-59b46996c-9fg69 with latency 0.002 seconds
Received message from mqtt/iot-mqtt-59b46996c-ghksm with latency 0.006 seconds
Received message from mqtt/iot-mqtt-59b46996c-wsmm7 with latency 0.004 seconds
Received message from mqtt/iot-mqtt-59b46996c-x5wlw with latency 0.004 seconds
Received message from mqtt/iot-mqtt-59b46996c-2b9cw with latency 0.003 seconds
Received message from mqtt/iot-mqtt-59b46996c-4ff77 with latency 0.003 seconds
Received message from mqtt/iot-mqtt-59b46996c-2hwsp with latency 0.003 seconds
Received message from mqtt/iot-mqtt-59b46996c-fhtdk with latency 0.003 seconds
Received message from mqtt/iot-mqtt-59b46996c-rb7x4 with latency 0.001 seconds
Received message from mqtt/iot-mqtt-59b46996c-9fg69 with latency 0.001 seconds
Received message from mqtt/iot-mqtt-59b46996c-ghksm with latency 0.004 seconds
Received message from mqtt/iot-mqtt-59b46996c-x5wlw with latency 0.005 seconds
Received message from mqtt/iot-mqtt-59b46996c-4ff77 with latency 0.003 seconds
Received message from mqtt/iot-mqtt-59b46996c-2hwsp with latency 0.002 seconds
Received message from mqtt/iot-mqtt-59b46996c-78bcd with latency 0.002 seconds
Received message from mqtt/iot-mqtt-59b46996c-fhtdk with latency 0.003 seconds
Received message from mqtt/iot-mqtt-59b46996c-rb7x4 with latency 0.001 seconds
Received message from mqtt/iot-mqtt-59b46996c-2b9cw with latency 0.004 seconds
Received message from mqtt/iot-mqtt-59b46996c-4ff77 with latency 0.003 seconds
Received message from mqtt/iot-mqtt-59b46996c-2hwsp with latency 0.003 seconds
Received message from mqtt/iot-mqtt-59b46996c-78bcd with latency 0.004 seconds
Received message from mqtt/iot-mqtt-59b46996c-fhtdk with latency 0.003 seconds
Received message from mqtt/iot-mqtt-59b46996c-rb7x4 with latency 0.003 seconds
Received message from mqtt/iot-mqtt-59b46996c-9fg69 with latency 0.003 seconds
Received message from mqtt/iot-mqtt-59b46996c-ghksm with latency 0.003 seconds
Received message from mqtt/iot-mqtt-59b46996c-wsmm7 with latency 0.002 seconds
Received message from mqtt/iot-mqtt-59b46996c-x5wlw with latency 0.003 seconds
Received message from mqtt/iot-mqtt-59b46996c-4ff77 with latency 0.003 seconds
Received message from mqtt/iot-mqtt-59b46996c-2hwsp with latency 0.003 seconds
Received message from mqtt/iot-mqtt-59b46996c-78bcd with latency 0.003 seconds
Received message from mqtt/iot-mqtt-59b46996c-rb7x4 with latency 0.004 seconds
Received message from mqtt/iot-mqtt-59b46996c-9fg69 with latency 0.003 seconds
Received message from mqtt/iot-mqtt-59b46996c-wsmm7 with latency 0.001 seconds
Received message from mqtt/iot-mqtt-59b46996c-ghksm with latency 0.002 seconds
Received message from mqtt/iot-mqtt-59b46996c-2b9cw with latency 0.003 seconds
Received message from mqtt/iot-mqtt-59b46996c-78bcd with latency 0.003 seconds
Received message from mqtt/iot-mqtt-59b46996c-fhtdk with latency 0.003 seconds
Received message from mqtt/iot-mqtt-59b46996c-rb7x4 with latency 0.002 seconds
Received message from mqtt/iot-mqtt-59b46996c-9fg69 with latency 0.003 seconds
Received message from mqtt/iot-mqtt-59b46996c-wsmm7 with latency 0.002 seconds
Received message from mqtt/iot-mqtt-59b46996c-ghksm with latency 0.004 seconds
Received message from mqtt/iot-mqtt-59b46996c-x5wlw with latency 0.003 seconds
Received message from mqtt/iot-mqtt-59b46996c-2b9cw with latency 0.002 seconds
Received message from mqtt/iot-mqtt-59b46996c-4ff77 with latency 0.003 seconds
Received message from mqtt/iot-mqtt-59b46996c-2hwsp with latency 0.003 seconds
Received message from mqtt/iot-mqtt-59b46996c-78bcd with latency 0.001 seconds
Received message from mqtt/iot-mqtt-59b46996c-fhtdk with latency 0.002 seconds
Received message from mqtt/iot-mqtt-59b46996c-rb7x4 with latency 0.002 seconds
Received message from mqtt/iot-mqtt-59b46996c-9fg69 with latency 0.002 seconds
Received message from mqtt/iot-mqtt-59b46996c-wsmm7 with latency 0.003 seconds
Received message from mqtt/iot-mqtt-59b46996c-ghksm with latency 0.003 seconds
Received message from mqtt/iot-mqtt-59b46996c-x5wlw with latency 0.002 seconds
Received message from mqtt/iot-mqtt-59b46996c-2b9cw with latency 0.004 seconds
Received message from mqtt/iot-mqtt-59b46996c-4ff77 with latency 0.003 seconds
Received message from mqtt/iot-mqtt-59b46996c-2hwsp with latency 0.003 seconds
Received message from mqtt/iot-mqtt-59b46996c-78bcd with latency 0.003 seconds
Received message from mqtt/iot-mqtt-59b46996c-fhtdk with latency 0.002 seconds
Received message from mqtt/iot-mqtt-59b46996c-rb7x4 with latency 0.001 seconds
Received message from mqtt/iot-mqtt-59b46996c-wsmm7 with latency 0.002 seconds
Received message from mqtt/iot-mqtt-59b46996c-ghksm with latency 0.001 seconds
Received message from mqtt/iot-mqtt-59b46996c-x5wlw with latency 0.003 seconds
Received message from mqtt/iot-mqtt-59b46996c-2b9cw with latency 0.003 seconds
Received message from mqtt/iot-mqtt-59b46996c-4ff77 with latency 0.003 seconds
Received message from mqtt/iot-mqtt-59b46996c-fhtdk with latency 0.003 seconds
Received message from mqtt/iot-mqtt-59b46996c-rb7x4 with latency 0.001 seconds
Received message from mqtt/iot-mqtt-59b46996c-9fg69 with latency 0.003 seconds
Received message from mqtt/iot-mqtt-59b46996c-ghksm with latency 0.001 seconds
Received message from mqtt/iot-mqtt-59b46996c-wsmm7 with latency 0.001 seconds
Received message from mqtt/iot-mqtt-59b46996c-x5wlw with latency 0.003 seconds
Received message from mqtt/iot-mqtt-59b46996c-2b9cw with latency 0.003 seconds
Received message from mqtt/iot-mqtt-59b46996c-4ff77 with latency 0.003 seconds
Received message from mqtt/iot-mqtt-59b46996c-2hwsp with latency 0.001 seconds
Received message from mqtt/iot-mqtt-59b46996c-78bcd with latency 0.003 seconds
Received message from mqtt/iot-mqtt-59b46996c-fhtdk with latency 0.004 seconds
Received message from mqtt/iot-mqtt-59b46996c-rb7x4 with latency 0.003 seconds
Received message from mqtt/iot-mqtt-59b46996c-9fg69 with latency 0.004 seconds
Received message from mqtt/iot-mqtt-59b46996c-ghksm with latency 0.002 seconds
Received message from mqtt/iot-mqtt-59b46996c-x5wlw with latency 0.004 seconds
Received message from mqtt/iot-mqtt-59b46996c-2b9cw with latency 0.002 seconds
Received message from mqtt/iot-mqtt-59b46996c-2hwsp with latency 0.003 seconds
Received message from mqtt/iot-mqtt-59b46996c-4ff77 with latency 0.003 seconds
Received message from mqtt/iot-mqtt-59b46996c-78bcd with latency 0.003 seconds
Received message from mqtt/iot-mqtt-59b46996c-rb7x4 with latency 0.001 seconds
Received message from mqtt/iot-mqtt-59b46996c-9fg69 with latency 0.002 seconds
Received message from mqtt/iot-mqtt-59b46996c-wsmm7 with latency 0.003 seconds
Received message from mqtt/iot-mqtt-59b46996c-ghksm with latency 0.002 seconds
Received message from mqtt/iot-mqtt-59b46996c-2b9cw with latency 0.002 seconds
Received message from mqtt/iot-mqtt-59b46996c-2hwsp with latency 0.003 seconds
Received message from mqtt/iot-mqtt-59b46996c-4ff77 with latency 0.003 seconds
Received message from mqtt/iot-mqtt-59b46996c-78bcd with latency 0.004 seconds
Received message from mqtt/iot-mqtt-59b46996c-fhtdk with latency 0.003 seconds
Received message from mqtt/iot-mqtt-59b46996c-rb7x4 with latency 0.004 seconds
Received message from mqtt/iot-mqtt-59b46996c-9fg69 with latency 0.003 seconds
Received message from mqtt/iot-mqtt-59b46996c-wsmm7 with latency 0.004 seconds
Received message from mqtt/iot-mqtt-59b46996c-ghksm with latency 0.003 seconds
Received message from mqtt/iot-mqtt-59b46996c-x5wlw with latency 0.002 seconds
Received message from mqtt/iot-mqtt-59b46996c-2b9cw with latency 0.001 seconds
Received message from mqtt/iot-mqtt-59b46996c-2hwsp with latency 0.003 seconds
Received message from mqtt/iot-mqtt-59b46996c-4ff77 with latency 0.003 seconds
Received message from mqtt/iot-mqtt-59b46996c-78bcd with latency 0.003 seconds
Received message from mqtt/iot-mqtt-59b46996c-fhtdk with latency 0.002 seconds
Received message from mqtt/iot-mqtt-59b46996c-rb7x4 with latency 0.003 seconds
Received message from mqtt/iot-mqtt-59b46996c-9fg69 with latency 0.003 seconds
Received message from mqtt/iot-mqtt-59b46996c-wsmm7 with latency 0.003 seconds
Received message from mqtt/iot-mqtt-59b46996c-x5wlw with latency 0.002 seconds
Received message from mqtt/iot-mqtt-59b46996c-2b9cw with latency 0.002 seconds
Received message from mqtt/iot-mqtt-59b46996c-2hwsp with latency 0.003 seconds
Received message from mqtt/iot-mqtt-59b46996c-4ff77 with latency 0.001 seconds
Received message from mqtt/iot-mqtt-59b46996c-78bcd with latency 0.003 seconds
Received message from mqtt/iot-mqtt-59b46996c-fhtdk with latency 0.003 seconds
Received message from mqtt/iot-mqtt-59b46996c-rb7x4 with latency 0.002 seconds
Received message from mqtt/iot-mqtt-59b46996c-9fg69 with latency 0.002 seconds
Received message from mqtt/iot-mqtt-59b46996c-ghksm with latency 0.004 seconds
Received message from mqtt/iot-mqtt-59b46996c-wsmm7 with latency 0.001 seconds
Received message from mqtt/iot-mqtt-59b46996c-2b9cw with latency 0.002 seconds
Received message from mqtt/iot-mqtt-59b46996c-2hwsp with latency 0.002 seconds
Received message from mqtt/iot-mqtt-59b46996c-4ff77 with latency 0.001 seconds
Received message from mqtt/iot-mqtt-59b46996c-78bcd with latency 0.003 seconds
Received message from mqtt/iot-mqtt-59b46996c-fhtdk with latency 0.002 seconds
Received message from mqtt/iot-mqtt-59b46996c-rb7x4 with latency 0.002 seconds
Received message from mqtt/iot-mqtt-59b46996c-9fg69 with latency 0.004 seconds
Received message from mqtt/iot-mqtt-59b46996c-ghksm with latency 0.003 seconds
Received message from mqtt/iot-mqtt-59b46996c-wsmm7 with latency 0.002 seconds
Received message from mqtt/iot-mqtt-59b46996c-2b9cw with latency 0.002 seconds
Received message from mqtt/iot-mqtt-59b46996c-2hwsp with latency 0.003 seconds
Received message from mqtt/iot-mqtt-59b46996c-4ff77 with latency 0.004 seconds
Received message from mqtt/iot-mqtt-59b46996c-78bcd with latency 0.005 seconds
Received message from mqtt/iot-mqtt-59b46996c-fhtdk with latency 0.002 seconds
Received message from mqtt/iot-mqtt-59b46996c-rb7x4 with latency 0.002 seconds
Received message from mqtt/iot-mqtt-59b46996c-9fg69 with latency 0.003 seconds
Received message from mqtt/iot-mqtt-59b46996c-wsmm7 with latency 0.002 seconds
Received message from mqtt/iot-mqtt-59b46996c-x5wlw with latency 0.004 seconds
Received message from mqtt/iot-mqtt-59b46996c-2b9cw with latency 0.003 seconds
Received message from mqtt/iot-mqtt-59b46996c-2hwsp with latency 0.002 seconds
Received message from mqtt/iot-mqtt-59b46996c-4ff77 with latency 0.003 seconds
Received message from mqtt/iot-mqtt-59b46996c-78bcd with latency 0.002 seconds
Received message from mqtt/iot-mqtt-59b46996c-fhtdk with latency 0.005 seconds
Received message from mqtt/iot-mqtt-59b46996c-rb7x4 with latency 0.005 seconds
Received message from mqtt/iot-mqtt-59b46996c-9fg69 with latency 0.003 seconds
Received message from mqtt/iot-mqtt-59b46996c-ghksm with latency 0.002 seconds
Received message from mqtt/iot-mqtt-59b46996c-x5wlw with latency 0.003 seconds
Received message from mqtt/iot-mqtt-59b46996c-2b9cw with latency 0.003 seconds
Received message from mqtt/iot-mqtt-59b46996c-2hwsp with latency 0.002 seconds
Received message from mqtt/iot-mqtt-59b46996c-4ff77 with latency 0.003 seconds
Received message from mqtt/iot-mqtt-59b46996c-fhtdk with latency 0.002 seconds
Received message from mqtt/iot-mqtt-59b46996c-rb7x4 with latency 0.003 seconds
Received message from mqtt/iot-mqtt-59b46996c-9fg69 with latency 0.004 seconds
Received message from mqtt/iot-mqtt-59b46996c-x5wlw with latency 0.003 seconds
Received message from mqtt/iot-mqtt-59b46996c-ghksm with latency 0.003 seconds
Received message from mqtt/iot-mqtt-59b46996c-2b9cw with latency 0.003 seconds
Received message from mqtt/iot-mqtt-59b46996c-2hwsp with latency 0.002 seconds
Received message from mqtt/iot-mqtt-59b46996c-4ff77 with latency 0.002 seconds
Received message from mqtt/iot-mqtt-59b46996c-78bcd with latency 0.002 seconds
Received message from mqtt/iot-mqtt-59b46996c-rb7x4 with latency 0.002 seconds
Received message from mqtt/iot-mqtt-59b46996c-wsmm7 with latency 0.004 seconds
Received message from mqtt/iot-mqtt-59b46996c-9fg69 with latency 0.001 seconds
Received message from mqtt/iot-mqtt-59b46996c-ghksm with latency 0.003 seconds
Received message from mqtt/iot-mqtt-59b46996c-2b9cw with latency 0.001 seconds
Received message from mqtt/iot-mqtt-59b46996c-2hwsp with latency 0.002 seconds
Received message from mqtt/iot-mqtt-59b46996c-78bcd with latency 0.003 seconds
Received message from mqtt/iot-mqtt-59b46996c-fhtdk with latency 0.001 seconds
Received message from mqtt/iot-mqtt-59b46996c-rb7x4 with latency 0.003 seconds
Received message from mqtt/iot-mqtt-59b46996c-9fg69 with latency 0.003 seconds
Received message from mqtt/iot-mqtt-59b46996c-ghksm with latency 0.004 seconds
Received message from mqtt/iot-mqtt-59b46996c-2b9cw with latency 0.004 seconds
Received message from mqtt/iot-mqtt-59b46996c-2hwsp with latency 0.001 seconds
Received message from mqtt/iot-mqtt-59b46996c-78bcd with latency 0.003 seconds
Received message from mqtt/iot-mqtt-59b46996c-rb7x4 with latency 0.003 seconds
Received message from mqtt/iot-mqtt-59b46996c-9fg69 with latency 0.004 seconds
Received message from mqtt/iot-mqtt-59b46996c-x5wlw with latency 0.002 seconds
Received message from mqtt/iot-mqtt-59b46996c-ghksm with latency 0.001 seconds
Received message from mqtt/iot-mqtt-59b46996c-4ff77 with latency 0.007 seconds
Received message from mqtt/iot-mqtt-59b46996c-2b9cw with latency 0.003 seconds
Received message from mqtt/iot-mqtt-59b46996c-2hwsp with latency 0.003 seconds
Received message from mqtt/iot-mqtt-59b46996c-fhtdk with latency 0.004 seconds
Received message from mqtt/iot-mqtt-59b46996c-rb7x4 with latency 0.002 seconds
Received message from mqtt/iot-mqtt-59b46996c-wsmm7 with latency 0.005 seconds
Received message from mqtt/iot-mqtt-59b46996c-9fg69 with latency 0.003 seconds
Received message from mqtt/iot-mqtt-59b46996c-x5wlw with latency 0.001 seconds
Received message from mqtt/iot-mqtt-59b46996c-ghksm with latency 0.002 seconds
Received message from mqtt/iot-mqtt-59b46996c-4ff77 with latency 0.002 seconds
Received message from mqtt/iot-mqtt-59b46996c-78bcd with latency 0.002 seconds
Received message from mqtt/iot-mqtt-59b46996c-fhtdk with latency 0.003 seconds
Received message from mqtt/iot-mqtt-59b46996c-rb7x4 with latency 0.003 seconds
Received message from mqtt/iot-mqtt-59b46996c-wsmm7 with latency 0.003 seconds
Received message from mqtt/iot-mqtt-59b46996c-9fg69 with latency 0.002 seconds
Received message from mqtt/iot-mqtt-59b46996c-ghksm with latency 0.005 seconds
Received message from mqtt/iot-mqtt-59b46996c-4ff77 with latency 0.002 seconds
Received message from mqtt/iot-mqtt-59b46996c-2hwsp with latency 0.002 seconds
Received message from mqtt/iot-mqtt-59b46996c-fhtdk with latency 0.002 seconds
Received message from mqtt/iot-mqtt-59b46996c-rb7x4 with latency 0.003 seconds
Received message from mqtt/iot-mqtt-59b46996c-wsmm7 with latency 0.004 seconds
Received message from mqtt/iot-mqtt-59b46996c-ghksm with latency 0.002 seconds
Received message from mqtt/iot-mqtt-59b46996c-4ff77 with latency 0.002 seconds
Received message from mqtt/iot-mqtt-59b46996c-2b9cw with latency 0.004 seconds
Received message from mqtt/iot-mqtt-59b46996c-2hwsp with latency 0.003 seconds
Received message from mqtt/iot-mqtt-59b46996c-fhtdk with latency 0.002 seconds
Received message from mqtt/iot-mqtt-59b46996c-wsmm7 with latency 0.001 seconds
Received message from mqtt/iot-mqtt-59b46996c-x5wlw with latency 0.003 seconds
Received message from mqtt/iot-mqtt-59b46996c-9fg69 with latency 0.001 seconds
Received message from mqtt/iot-mqtt-59b46996c-ghksm with latency 0.002 seconds
Received message from mqtt/iot-mqtt-59b46996c-4ff77 with latency 0.001 seconds
Received message from mqtt/iot-mqtt-59b46996c-2b9cw with latency 0.005 seconds
Received message from mqtt/iot-mqtt-59b46996c-2hwsp with latency 0.003 seconds
Received message from mqtt/iot-mqtt-59b46996c-78bcd with latency 0.004 seconds
Received message from mqtt/iot-mqtt-59b46996c-fhtdk with latency 0.003 seconds
Received message from mqtt/iot-mqtt-59b46996c-wsmm7 with latency 0.001 seconds
[FAILURE] iot-mqtt-59b46996c-9fg69 is simulating a device failure. Stopping MQTT network loop for 20.0 seconds.
[RECOVERY] iot-mqtt-59b46996c-9fg69 is back online and reconnecting to broker.
Connected to MQTT broker with result code 0
Received message from mqtt/iot-mqtt-59b46996c-x5wlw with latency 0.004 seconds
Received message from mqtt/iot-mqtt-59b46996c-ghksm with latency 0.003 seconds
Received message from mqtt/iot-mqtt-59b46996c-4ff77 with latency 0.003 seconds
Received message from mqtt/iot-mqtt-59b46996c-2hwsp with latency 0.003 seconds
Received message from mqtt/iot-mqtt-59b46996c-2b9cw with latency 0.001 seconds
Received message from mqtt/iot-mqtt-59b46996c-78bcd with latency 0.004 seconds
Received message from mqtt/iot-mqtt-59b46996c-fhtdk with latency 0.003 seconds
Received message from mqtt/iot-mqtt-59b46996c-rb7x4 with latency 0.004 seconds
Received message from mqtt/iot-mqtt-59b46996c-wsmm7 with latency 0.002 seconds
Received message from mqtt/iot-mqtt-59b46996c-9fg69 with latency 0.003 seconds
Received message from mqtt/iot-mqtt-59b46996c-x5wlw with latency 0.004 seconds
Received message from mqtt/iot-mqtt-59b46996c-ghksm with latency 0.002 seconds
Received message from mqtt/iot-mqtt-59b46996c-4ff77 with latency 0.005 seconds
Received message from mqtt/iot-mqtt-59b46996c-2b9cw with latency 0.001 seconds
Received message from mqtt/iot-mqtt-59b46996c-2hwsp with latency 0.003 seconds
Received message from mqtt/iot-mqtt-59b46996c-78bcd with latency 0.003 seconds
Received message from mqtt/iot-mqtt-59b46996c-fhtdk with latency 0.004 seconds
Received message from mqtt/iot-mqtt-59b46996c-rb7x4 with latency 0.006 seconds
Received message from mqtt/iot-mqtt-59b46996c-9fg69 with latency 0.004 seconds
Received message from mqtt/iot-mqtt-59b46996c-wsmm7 with latency 0.001 seconds
Received message from mqtt/iot-mqtt-59b46996c-x5wlw with latency 0.003 seconds
Received message from mqtt/iot-mqtt-59b46996c-ghksm with latency 0.004 seconds
Received message from mqtt/iot-mqtt-59b46996c-4ff77 with latency 0.003 seconds
Received message from mqtt/iot-mqtt-59b46996c-2b9cw with latency 0.004 seconds
Received message from mqtt/iot-mqtt-59b46996c-2hwsp with latency 0.001 seconds
Received message from mqtt/iot-mqtt-59b46996c-78bcd with latency 0.003 seconds
Received message from mqtt/iot-mqtt-59b46996c-fhtdk with latency 0.006 seconds
Received message from mqtt/iot-mqtt-59b46996c-rb7x4 with latency 0.004 seconds
Received message from mqtt/iot-mqtt-59b46996c-9fg69 with latency 0.003 seconds
Received message from mqtt/iot-mqtt-59b46996c-x5wlw with latency 0.005 seconds
Received message from mqtt/iot-mqtt-59b46996c-wsmm7 with latency 0.001 seconds
Received message from mqtt/iot-mqtt-59b46996c-ghksm with latency 0.004 seconds
Received message from mqtt/iot-mqtt-59b46996c-4ff77 with latency 0.003 seconds
Received message from mqtt/iot-mqtt-59b46996c-2b9cw with latency 0.003 seconds
Received message from mqtt/iot-mqtt-59b46996c-78bcd with latency 0.003 seconds
Received message from mqtt/iot-mqtt-59b46996c-fhtdk with latency 0.003 seconds
Received message from mqtt/iot-mqtt-59b46996c-rb7x4 with latency 0.003 seconds
Received message from mqtt/iot-mqtt-59b46996c-9fg69 with latency 0.003 seconds
Received message from mqtt/iot-mqtt-59b46996c-wsmm7 with latency 0.002 seconds
Received message from mqtt/iot-mqtt-59b46996c-x5wlw with latency 0.003 seconds
Received message from mqtt/iot-mqtt-59b46996c-ghksm with latency 0.003 seconds
Received message from mqtt/iot-mqtt-59b46996c-4ff77 with latency 0.003 seconds
Received message from mqtt/iot-mqtt-59b46996c-2b9cw with latency 0.003 seconds
Received message from mqtt/iot-mqtt-59b46996c-fhtdk with latency 0.002 seconds
Received message from mqtt/iot-mqtt-59b46996c-rb7x4 with latency 0.003 seconds
Received message from mqtt/iot-mqtt-59b46996c-wsmm7 with latency 0.003 seconds
Received message from mqtt/iot-mqtt-59b46996c-9fg69 with latency 0.003 seconds
Received message from mqtt/iot-mqtt-59b46996c-x5wlw with latency 0.001 seconds
Received message from mqtt/iot-mqtt-59b46996c-2b9cw with latency 0.003 seconds
Received message from mqtt/iot-mqtt-59b46996c-fhtdk with latency 0.004 seconds
Received message from mqtt/iot-mqtt-59b46996c-wsmm7 with latency 0.003 seconds
Received message from mqtt/iot-mqtt-59b46996c-9fg69 with latency 0.002 seconds
Received message from mqtt/iot-mqtt-59b46996c-ghksm with latency 0.002 seconds
Received message from mqtt/iot-mqtt-59b46996c-2hwsp with latency 0.003 seconds
Received message from mqtt/iot-mqtt-59b46996c-rb7x4 with latency 0.003 seconds
Received message from mqtt/iot-mqtt-59b46996c-wsmm7 with latency 0.003 seconds
Received message from mqtt/iot-mqtt-59b46996c-9fg69 with latency 0.002 seconds
Received message from mqtt/iot-mqtt-59b46996c-ghksm with latency 0.001 seconds
Received message from mqtt/iot-mqtt-59b46996c-4ff77 with latency 0.004 seconds
Received message from mqtt/iot-mqtt-59b46996c-2hwsp with latency 0.002 seconds
Received message from mqtt/iot-mqtt-59b46996c-78bcd with latency 0.003 seconds
Received message from mqtt/iot-mqtt-59b46996c-rb7x4 with latency 0.002 seconds
Received message from mqtt/iot-mqtt-59b46996c-wsmm7 with latency 0.002 seconds
Received message from mqtt/iot-mqtt-59b46996c-9fg69 with latency 0.003 seconds
Received message from mqtt/iot-mqtt-59b46996c-x5wlw with latency 0.004 seconds
Received message from mqtt/iot-mqtt-59b46996c-ghksm with latency 0.002 seconds
Received message from mqtt/iot-mqtt-59b46996c-4ff77 with latency 0.004 seconds
Received message from mqtt/iot-mqtt-59b46996c-2b9cw with latency 0.003 seconds
Received message from mqtt/iot-mqtt-59b46996c-2hwsp with latency 0.003 seconds
Received message from mqtt/iot-mqtt-59b46996c-78bcd with latency 0.002 seconds
Received message from mqtt/iot-mqtt-59b46996c-fhtdk with latency 0.001 seconds
Received message from mqtt/iot-mqtt-59b46996c-rb7x4 with latency 0.002 seconds
Received message from mqtt/iot-mqtt-59b46996c-wsmm7 with latency 0.003 seconds
Received message from mqtt/iot-mqtt-59b46996c-9fg69 with latency 0.003 seconds
Received message from mqtt/iot-mqtt-59b46996c-x5wlw with latency 0.003 seconds
Received message from mqtt/iot-mqtt-59b46996c-ghksm with latency 0.003 seconds
Received message from mqtt/iot-mqtt-59b46996c-4ff77 with latency 0.003 seconds
Received message from mqtt/iot-mqtt-59b46996c-2b9cw with latency 0.003 seconds
Received message from mqtt/iot-mqtt-59b46996c-2hwsp with latency 0.001 seconds
Received message from mqtt/iot-mqtt-59b46996c-78bcd with latency 0.003 seconds
Received message from mqtt/iot-mqtt-59b46996c-fhtdk with latency 0.003 seconds
Received message from mqtt/iot-mqtt-59b46996c-rb7x4 with latency 0.004 seconds
Received message from mqtt/iot-mqtt-59b46996c-wsmm7 with latency 0.003 seconds
Received message from mqtt/iot-mqtt-59b46996c-9fg69 with latency 0.002 seconds
Received message from mqtt/iot-mqtt-59b46996c-x5wlw with latency 0.001 seconds
Received message from mqtt/iot-mqtt-59b46996c-ghksm with latency 0.003 seconds
Received message from mqtt/iot-mqtt-59b46996c-4ff77 with latency 0.002 seconds
Received message from mqtt/iot-mqtt-59b46996c-2b9cw with latency 0.004 seconds
Received message from mqtt/iot-mqtt-59b46996c-2hwsp with latency 0.001 seconds
Received message from mqtt/iot-mqtt-59b46996c-78bcd with latency 0.004 seconds
Received message from mqtt/iot-mqtt-59b46996c-fhtdk with latency 0.003 seconds
Received message from mqtt/iot-mqtt-59b46996c-9fg69 with latency 0.003 seconds
Received message from mqtt/iot-mqtt-59b46996c-ghksm with latency 0.001 seconds
Received message from mqtt/iot-mqtt-59b46996c-4ff77 with latency 0.002 seconds
Received message from mqtt/iot-mqtt-59b46996c-2b9cw with latency 0.003 seconds
Received message from mqtt/iot-mqtt-59b46996c-2hwsp with latency 0.002 seconds
Received message from mqtt/iot-mqtt-59b46996c-78bcd with latency 0.003 seconds
Received message from mqtt/iot-mqtt-59b46996c-wsmm7 with latency 0.001 seconds
Received message from mqtt/iot-mqtt-59b46996c-9fg69 with latency 0.001 seconds
Received message from mqtt/iot-mqtt-59b46996c-ghksm with latency 0.002 seconds
Received message from mqtt/iot-mqtt-59b46996c-4ff77 with latency 0.005 seconds
Received message from mqtt/iot-mqtt-59b46996c-2b9cw with latency 0.004 seconds
Received message from mqtt/iot-mqtt-59b46996c-2hwsp with latency 0.002 seconds
Received message from mqtt/iot-mqtt-59b46996c-78bcd with latency 0.003 seconds
Received message from mqtt/iot-mqtt-59b46996c-fhtdk with latency 0.003 seconds
Received message from mqtt/iot-mqtt-59b46996c-rb7x4 with latency 0.001 seconds
Received message from mqtt/iot-mqtt-59b46996c-wsmm7 with latency 0.003 seconds
Received message from mqtt/iot-mqtt-59b46996c-x5wlw with latency 0.002 seconds
Received message from mqtt/iot-mqtt-59b46996c-9fg69 with latency 0.001 seconds
Received message from mqtt/iot-mqtt-59b46996c-ghksm with latency 0.003 seconds
Received message from mqtt/iot-mqtt-59b46996c-4ff77 with latency 0.002 seconds
Received message from mqtt/iot-mqtt-59b46996c-2b9cw with latency 0.003 seconds
Received message from mqtt/iot-mqtt-59b46996c-2hwsp with latency 0.003 seconds
Received message from mqtt/iot-mqtt-59b46996c-78bcd with latency 0.002 seconds
Received message from mqtt/iot-mqtt-59b46996c-fhtdk with latency 0.003 seconds
Received message from mqtt/iot-mqtt-59b46996c-rb7x4 with latency 0.002 seconds
Received message from mqtt/iot-mqtt-59b46996c-x5wlw with latency 0.003 seconds
Received message from mqtt/iot-mqtt-59b46996c-9fg69 with latency 0.002 seconds
Received message from mqtt/iot-mqtt-59b46996c-ghksm with latency 0.001 seconds
Received message from mqtt/iot-mqtt-59b46996c-4ff77 with latency 0.003 seconds
Received message from mqtt/iot-mqtt-59b46996c-2b9cw with latency 0.002 seconds
Received message from mqtt/iot-mqtt-59b46996c-78bcd with latency 0.002 seconds
Received message from mqtt/iot-mqtt-59b46996c-fhtdk with latency 0.003 seconds
Received message from mqtt/iot-mqtt-59b46996c-rb7x4 with latency 0.003 seconds
Received message from mqtt/iot-mqtt-59b46996c-x5wlw with latency 0.001 seconds
Received message from mqtt/iot-mqtt-59b46996c-wsmm7 with latency 0.002 seconds
Received message from mqtt/iot-mqtt-59b46996c-9fg69 with latency 0.002 seconds
Received message from mqtt/iot-mqtt-59b46996c-ghksm with latency 0.001 seconds
Received message from mqtt/iot-mqtt-59b46996c-4ff77 with latency 0.004 seconds
Received message from mqtt/iot-mqtt-59b46996c-2b9cw with latency 0.003 seconds
Received message from mqtt/iot-mqtt-59b46996c-78bcd with latency 0.004 seconds
Received message from mqtt/iot-mqtt-59b46996c-fhtdk with latency 0.001 seconds
Received message from mqtt/iot-mqtt-59b46996c-rb7x4 with latency 0.002 seconds
Received message from mqtt/iot-mqtt-59b46996c-x5wlw with latency 0.002 seconds
Received message from mqtt/iot-mqtt-59b46996c-wsmm7 with latency 0.002 seconds
Received message from mqtt/iot-mqtt-59b46996c-9fg69 with latency 0.001 seconds
Received message from mqtt/iot-mqtt-59b46996c-ghksm with latency 0.001 seconds
Received message from mqtt/iot-mqtt-59b46996c-4ff77 with latency 0.002 seconds
Received message from mqtt/iot-mqtt-59b46996c-2b9cw with latency 0.004 seconds
Received message from mqtt/iot-mqtt-59b46996c-2hwsp with latency 0.001 seconds
Received message from mqtt/iot-mqtt-59b46996c-78bcd with latency 0.002 seconds
Received message from mqtt/iot-mqtt-59b46996c-fhtdk with latency 0.003 seconds
Received message from mqtt/iot-mqtt-59b46996c-x5wlw with latency 0.003 seconds
Received message from mqtt/iot-mqtt-59b46996c-wsmm7 with latency 0.002 seconds
Received message from mqtt/iot-mqtt-59b46996c-9fg69 with latency 0.002 seconds
Received message from mqtt/iot-mqtt-59b46996c-ghksm with latency 0.002 seconds
Received message from mqtt/iot-mqtt-59b46996c-4ff77 with latency 0.001 seconds
Received message from mqtt/iot-mqtt-59b46996c-2hwsp with latency 0.003 seconds
Received message from mqtt/iot-mqtt-59b46996c-2b9cw with latency 0.003 seconds
Received message from mqtt/iot-mqtt-59b46996c-78bcd with latency 0.001 seconds
Received message from mqtt/iot-mqtt-59b46996c-fhtdk with latency 0.003 seconds
Received message from mqtt/iot-mqtt-59b46996c-x5wlw with latency 0.002 seconds
Received message from mqtt/iot-mqtt-59b46996c-wsmm7 with latency 0.001 seconds
Received message from mqtt/iot-mqtt-59b46996c-9fg69 with latency 0.001 seconds
Received message from mqtt/iot-mqtt-59b46996c-ghksm with latency 0.002 seconds
Received message from mqtt/iot-mqtt-59b46996c-4ff77 with latency 0.002 seconds
Received message from mqtt/iot-mqtt-59b46996c-2b9cw with latency 0.003 seconds
Received message from mqtt/iot-mqtt-59b46996c-78bcd with latency 0.002 seconds
Received message from mqtt/iot-mqtt-59b46996c-rb7x4 with latency 0.002 seconds
Received message from mqtt/iot-mqtt-59b46996c-x5wlw with latency 0.002 seconds
Received message from mqtt/iot-mqtt-59b46996c-wsmm7 with latency 0.003 seconds
Received message from mqtt/iot-mqtt-59b46996c-9fg69 with latency 0.002 seconds
Received message from mqtt/iot-mqtt-59b46996c-ghksm with latency 0.003 seconds
Received message from mqtt/iot-mqtt-59b46996c-4ff77 with latency 0.002 seconds
Received message from mqtt/iot-mqtt-59b46996c-2hwsp with latency 0.003 seconds
Received message from mqtt/iot-mqtt-59b46996c-2b9cw with latency 0.002 seconds
Received message from mqtt/iot-mqtt-59b46996c-78bcd with latency 0.003 seconds
Received message from mqtt/iot-mqtt-59b46996c-rb7x4 with latency 0.003 seconds
Received message from mqtt/iot-mqtt-59b46996c-x5wlw with latency 0.002 seconds
Received message from mqtt/iot-mqtt-59b46996c-9fg69 with latency 0.003 seconds
Received message from mqtt/iot-mqtt-59b46996c-4ff77 with latency 0.002 seconds
Received message from mqtt/iot-mqtt-59b46996c-2hwsp with latency 0.002 seconds
Received message from mqtt/iot-mqtt-59b46996c-2b9cw with latency 0.002 seconds
Received message from mqtt/iot-mqtt-59b46996c-78bcd with latency 0.002 seconds
Received message from mqtt/iot-mqtt-59b46996c-rb7x4 with latency 0.001 seconds
Received message from mqtt/iot-mqtt-59b46996c-x5wlw with latency 0.002 seconds
Received message from mqtt/iot-mqtt-59b46996c-wsmm7 with latency 0.003 seconds
Received message from mqtt/iot-mqtt-59b46996c-9fg69 with latency 0.003 seconds
Received message from mqtt/iot-mqtt-59b46996c-4ff77 with latency 0.002 seconds
Received message from mqtt/iot-mqtt-59b46996c-2hwsp with latency 0.002 seconds
Received message from mqtt/iot-mqtt-59b46996c-2b9cw with latency 0.002 seconds
Received message from mqtt/iot-mqtt-59b46996c-78bcd with latency 0.002 seconds
Received message from mqtt/iot-mqtt-59b46996c-fhtdk with latency 0.001 seconds
Received message from mqtt/iot-mqtt-59b46996c-rb7x4 with latency 0.001 seconds
Received message from mqtt/iot-mqtt-59b46996c-x5wlw with latency 0.002 seconds
Received message from mqtt/iot-mqtt-59b46996c-wsmm7 with latency 0.002 seconds
Received message from mqtt/iot-mqtt-59b46996c-9fg69 with latency 0.002 seconds
Received message from mqtt/iot-mqtt-59b46996c-ghksm with latency 0.002 seconds
Received message from mqtt/iot-mqtt-59b46996c-2b9cw with latency 0.002 seconds
Received message from mqtt/iot-mqtt-59b46996c-78bcd with latency 0.002 seconds
Received message from mqtt/iot-mqtt-59b46996c-fhtdk with latency 0.002 seconds
Received message from mqtt/iot-mqtt-59b46996c-rb7x4 with latency 0.001 seconds
Received message from mqtt/iot-mqtt-59b46996c-x5wlw with latency 0.002 seconds
Received message from mqtt/iot-mqtt-59b46996c-wsmm7 with latency 0.002 seconds
Received message from mqtt/iot-mqtt-59b46996c-9fg69 with latency 0.002 seconds
Received message from mqtt/iot-mqtt-59b46996c-ghksm with latency 0.001 seconds
Received message from mqtt/iot-mqtt-59b46996c-4ff77 with latency 0.001 seconds
Received message from mqtt/iot-mqtt-59b46996c-2b9cw with latency 0.002 seconds
Received message from mqtt/iot-mqtt-59b46996c-rb7x4 with latency 0.002 seconds
Received message from mqtt/iot-mqtt-59b46996c-x5wlw with latency 0.001 seconds
Received message from mqtt/iot-mqtt-59b46996c-wsmm7 with latency 0.002 seconds
Received message from mqtt/iot-mqtt-59b46996c-9fg69 with latency 0.003 seconds
Received message from mqtt/iot-mqtt-59b46996c-ghksm with latency 0.001 seconds
Received message from mqtt/iot-mqtt-59b46996c-4ff77 with latency 0.002 seconds
Received message from mqtt/iot-mqtt-59b46996c-2hwsp with latency 0.015 seconds
Received message from mqtt/iot-mqtt-59b46996c-2b9cw with latency 0.001 seconds
Received message from mqtt/iot-mqtt-59b46996c-fhtdk with latency 0.002 seconds
Received message from mqtt/iot-mqtt-59b46996c-rb7x4 with latency 0.002 seconds
Received message from mqtt/iot-mqtt-59b46996c-x5wlw with latency 0.001 seconds
Received message from mqtt/iot-mqtt-59b46996c-wsmm7 with latency 0.002 seconds
Received message from mqtt/iot-mqtt-59b46996c-9fg69 with latency 0.002 seconds
Received message from mqtt/iot-mqtt-59b46996c-ghksm with latency 0.001 seconds
Received message from mqtt/iot-mqtt-59b46996c-4ff77 with latency 0.002 seconds
Received message from mqtt/iot-mqtt-59b46996c-2hwsp with latency 0.002 seconds
Received message from mqtt/iot-mqtt-59b46996c-2b9cw with latency 0.003 seconds
Received message from mqtt/iot-mqtt-59b46996c-78bcd with latency 0.003 seconds
Received message from mqtt/iot-mqtt-59b46996c-fhtdk with latency 0.002 seconds
Received message from mqtt/iot-mqtt-59b46996c-rb7x4 with latency 0.001 seconds
Received message from mqtt/iot-mqtt-59b46996c-x5wlw with latency 0.008 seconds
Received message from mqtt/iot-mqtt-59b46996c-wsmm7 with latency 0.002 seconds
Received message from mqtt/iot-mqtt-59b46996c-ghksm with latency 0.003 seconds
Received message from mqtt/iot-mqtt-59b46996c-4ff77 with latency 0.002 seconds
Received message from mqtt/iot-mqtt-59b46996c-2hwsp with latency 0.001 seconds
Received message from mqtt/iot-mqtt-59b46996c-2b9cw with latency 0.003 seconds
Received message from mqtt/iot-mqtt-59b46996c-78bcd with latency 0.002 seconds
Received message from mqtt/iot-mqtt-59b46996c-fhtdk with latency 0.001 seconds
Received message from mqtt/iot-mqtt-59b46996c-rb7x4 with latency 0.001 seconds
Received message from mqtt/iot-mqtt-59b46996c-x5wlw with latency 0.001 seconds
Received message from mqtt/iot-mqtt-59b46996c-wsmm7 with latency 0.002 seconds
Received message from mqtt/iot-mqtt-59b46996c-9fg69 with latency 0.001 seconds
Received message from mqtt/iot-mqtt-59b46996c-ghksm with latency 0.002 seconds
Received message from mqtt/iot-mqtt-59b46996c-4ff77 with latency 0.003 seconds
Received message from mqtt/iot-mqtt-59b46996c-2hwsp with latency 0.001 seconds
Received message from mqtt/iot-mqtt-59b46996c-2b9cw with latency 0.001 seconds
Received message from mqtt/iot-mqtt-59b46996c-78bcd with latency 0.002 seconds
Received message from mqtt/iot-mqtt-59b46996c-fhtdk with latency 0.002 seconds
Received message from mqtt/iot-mqtt-59b46996c-rb7x4 with latency 0.001 seconds
Received message from mqtt/iot-mqtt-59b46996c-x5wlw with latency 0.004 seconds
Received message from mqtt/iot-mqtt-59b46996c-78bcd with latency 0.003 seconds
Received message from mqtt/iot-mqtt-59b46996c-fhtdk with latency 0.008 seconds
Received message from mqtt/iot-mqtt-59b46996c-rb7x4 with latency 0.003 seconds
Received message from mqtt/iot-mqtt-59b46996c-x5wlw with latency 0.003 seconds
Received message from mqtt/iot-mqtt-59b46996c-9fg69 with latency 0.003 seconds
Received message from mqtt/iot-mqtt-59b46996c-wsmm7 with latency 0.003 seconds
Received message from mqtt/iot-mqtt-59b46996c-4ff77 with latency 0.002 seconds
Received message from mqtt/iot-mqtt-59b46996c-2hwsp with latency 0.002 seconds
Received message from mqtt/iot-mqtt-59b46996c-2b9cw with latency 0.003 seconds
Received message from mqtt/iot-mqtt-59b46996c-78bcd with latency 0.001 seconds
Received message from mqtt/iot-mqtt-59b46996c-rb7x4 with latency 0.012 seconds
Received message from mqtt/iot-mqtt-59b46996c-9fg69 with latency 0.002 seconds
Received message from mqtt/iot-mqtt-59b46996c-wsmm7 with latency 0.002 seconds
Received message from mqtt/iot-mqtt-59b46996c-ghksm with latency 0.006 seconds
Received message from mqtt/iot-mqtt-59b46996c-4ff77 with latency 0.002 seconds
Received message from mqtt/iot-mqtt-59b46996c-2hwsp with latency 0.004 seconds
Received message from mqtt/iot-mqtt-59b46996c-fhtdk with latency 0.001 seconds
Received message from mqtt/iot-mqtt-59b46996c-rb7x4 with latency 0.001 seconds
Received message from mqtt/iot-mqtt-59b46996c-x5wlw with latency 0.002 seconds
Received message from mqtt/iot-mqtt-59b46996c-9fg69 with latency 0.003 seconds
Received message from mqtt/iot-mqtt-59b46996c-wsmm7 with latency 0.001 seconds
Received message from mqtt/iot-mqtt-59b46996c-4ff77 with latency 0.002 seconds
Received message from mqtt/iot-mqtt-59b46996c-x5wlw with latency 0.001 seconds
Received message from mqtt/iot-mqtt-59b46996c-9fg69 with latency 0.001 seconds
Received message from mqtt/iot-mqtt-59b46996c-wsmm7 with latency 0.001 seconds
Received message from mqtt/iot-mqtt-59b46996c-ghksm with latency 0.002 seconds
Received message from mqtt/iot-mqtt-59b46996c-4ff77 with latency 0.004 seconds
Received message from mqtt/iot-mqtt-59b46996c-2hwsp with latency 0.003 seconds
Received message from mqtt/iot-mqtt-59b46996c-2b9cw with latency 0.004 seconds
Received message from mqtt/iot-mqtt-59b46996c-78bcd with latency 0.002 seconds
Received message from mqtt/iot-mqtt-59b46996c-x5wlw with latency 0.001 seconds
Received message from mqtt/iot-mqtt-59b46996c-9fg69 with latency 0.001 seconds
Received message from mqtt/iot-mqtt-59b46996c-wsmm7 with latency 0.001 seconds
Received message from mqtt/iot-mqtt-59b46996c-ghksm with latency 0.002 seconds
Received message from mqtt/iot-mqtt-59b46996c-4ff77 with latency 0.001 seconds
Received message from mqtt/iot-mqtt-59b46996c-2hwsp with latency 0.003 seconds
Received message from mqtt/iot-mqtt-59b46996c-2b9cw with latency 0.001 seconds
Received message from mqtt/iot-mqtt-59b46996c-78bcd with latency 0.003 seconds
Received message from mqtt/iot-mqtt-59b46996c-fhtdk with latency 0.003 seconds
Received message from mqtt/iot-mqtt-59b46996c-x5wlw with latency 0.002 seconds
Received message from mqtt/iot-mqtt-59b46996c-9fg69 with latency 0.003 seconds
Received message from mqtt/iot-mqtt-59b46996c-wsmm7 with latency 0.002 seconds
Received message from mqtt/iot-mqtt-59b46996c-ghksm with latency 0.002 seconds
Received message from mqtt/iot-mqtt-59b46996c-4ff77 with latency 0.002 seconds
Received message from mqtt/iot-mqtt-59b46996c-2b9cw with latency 0.001 seconds
Received message from mqtt/iot-mqtt-59b46996c-fhtdk with latency 0.002 seconds
Received message from mqtt/iot-mqtt-59b46996c-rb7x4 with latency 0.001 seconds
Received message from mqtt/iot-mqtt-59b46996c-x5wlw with latency 0.002 seconds
Received message from mqtt/iot-mqtt-59b46996c-9fg69 with latency 0.001 seconds
Received message from mqtt/iot-mqtt-59b46996c-wsmm7 with latency 0.002 seconds
Received message from mqtt/iot-mqtt-59b46996c-ghksm with latency 0.002 seconds
Received message from mqtt/iot-mqtt-59b46996c-4ff77 with latency 0.002 seconds
Received message from mqtt/iot-mqtt-59b46996c-2b9cw with latency 0.002 seconds
Received message from mqtt/iot-mqtt-59b46996c-78bcd with latency 0.002 seconds
Received message from mqtt/iot-mqtt-59b46996c-rb7x4 with latency 0.002 seconds
Received message from mqtt/iot-mqtt-59b46996c-fhtdk with latency 0.001 seconds
Received message from mqtt/iot-mqtt-59b46996c-x5wlw with latency 0.001 seconds
Received message from mqtt/iot-mqtt-59b46996c-9fg69 with latency 0.002 seconds
Received message from mqtt/iot-mqtt-59b46996c-wsmm7 with latency 0.002 seconds
Received message from mqtt/iot-mqtt-59b46996c-ghksm with latency 0.001 seconds
Received message from mqtt/iot-mqtt-59b46996c-4ff77 with latency 0.001 seconds
Received message from mqtt/iot-mqtt-59b46996c-2hwsp with latency 0.003 seconds
Received message from mqtt/iot-mqtt-59b46996c-2b9cw with latency 0.002 seconds
Received message from mqtt/iot-mqtt-59b46996c-78bcd with latency 0.001 seconds
Received message from mqtt/iot-mqtt-59b46996c-fhtdk with latency 0.002 seconds
Received message from mqtt/iot-mqtt-59b46996c-rb7x4 with latency 0.002 seconds
Received message from mqtt/iot-mqtt-59b46996c-x5wlw with latency 0.001 seconds
Received message from mqtt/iot-mqtt-59b46996c-9fg69 with latency 0.001 seconds
Received message from mqtt/iot-mqtt-59b46996c-ghksm with latency 0.002 seconds
Received message from mqtt/iot-mqtt-59b46996c-4ff77 with latency 0.001 seconds
Received message from mqtt/iot-mqtt-59b46996c-2b9cw with latency 0.002 seconds
Received message from mqtt/iot-mqtt-59b46996c-78bcd with latency 0.002 seconds
Received message from mqtt/iot-mqtt-59b46996c-fhtdk with latency 0.002 seconds
Received message from mqtt/iot-mqtt-59b46996c-rb7x4 with latency 0.003 seconds
Received message from mqtt/iot-mqtt-59b46996c-x5wlw with latency 0.002 seconds
Received message from mqtt/iot-mqtt-59b46996c-9fg69 with latency 0.002 seconds
Received message from mqtt/iot-mqtt-59b46996c-wsmm7 with latency 0.002 seconds
Received message from mqtt/iot-mqtt-59b46996c-ghksm with latency 0.001 seconds
Received message from mqtt/iot-mqtt-59b46996c-4ff77 with latency 0.001 seconds
Received message from mqtt/iot-mqtt-59b46996c-2hwsp with latency 0.001 seconds
Received message from mqtt/iot-mqtt-59b46996c-2b9cw with latency 0.001 seconds
Received message from mqtt/iot-mqtt-59b46996c-78bcd with latency 0.002 seconds
Received message from mqtt/iot-mqtt-59b46996c-fhtdk with latency 0.002 seconds
Received message from mqtt/iot-mqtt-59b46996c-rb7x4 with latency 0.001 seconds
Received message from mqtt/iot-mqtt-59b46996c-9fg69 with latency 0.001 seconds
Received message from mqtt/iot-mqtt-59b46996c-ghksm with latency 0.001 seconds
Received message from mqtt/iot-mqtt-59b46996c-wsmm7 with latency 0.001 seconds
Received message from mqtt/iot-mqtt-59b46996c-4ff77 with latency 0.002 seconds
Received message from mqtt/iot-mqtt-59b46996c-2hwsp with latency 0.001 seconds
Received message from mqtt/iot-mqtt-59b46996c-2b9cw with latency 0.002 seconds
Received message from mqtt/iot-mqtt-59b46996c-rb7x4 with latency 0.005 seconds
Received message from mqtt/iot-mqtt-59b46996c-fhtdk with latency 0.001 seconds
Received message from mqtt/iot-mqtt-59b46996c-ghksm with latency 0.001 seconds
Received message from mqtt/iot-mqtt-59b46996c-wsmm7 with latency 0.002 seconds
Received message from mqtt/iot-mqtt-59b46996c-2hwsp with latency 0.001 seconds
Received message from mqtt/iot-mqtt-59b46996c-2b9cw with latency 0.002 seconds
Received message from mqtt/iot-mqtt-59b46996c-rb7x4 with latency 0.004 seconds
Received message from mqtt/iot-mqtt-59b46996c-fhtdk with latency 0.002 seconds
Received message from mqtt/iot-mqtt-59b46996c-x5wlw with latency 0.005 seconds
Received message from mqtt/iot-mqtt-59b46996c-9fg69 with latency 0.002 seconds
Received message from mqtt/iot-mqtt-59b46996c-ghksm with latency 0.002 seconds
Received message from mqtt/iot-mqtt-59b46996c-wsmm7 with latency 0.001 seconds
Received message from mqtt/iot-mqtt-59b46996c-4ff77 with latency 0.001 seconds
Received message from mqtt/iot-mqtt-59b46996c-2hwsp with latency 0.002 seconds
Received message from mqtt/iot-mqtt-59b46996c-2b9cw with latency 0.001 seconds
Received message from mqtt/iot-mqtt-59b46996c-78bcd with latency 0.001 seconds
Received message from mqtt/iot-mqtt-59b46996c-rb7x4 with latency 0.003 seconds
Received message from mqtt/iot-mqtt-59b46996c-fhtdk with latency 0.002 seconds
Received message from mqtt/iot-mqtt-59b46996c-x5wlw with latency 0.003 seconds
Received message from mqtt/iot-mqtt-59b46996c-9fg69 with latency 0.004 seconds
Received message from mqtt/iot-mqtt-59b46996c-ghksm with latency 0.002 seconds
Received message from mqtt/iot-mqtt-59b46996c-4ff77 with latency 0.002 seconds
Received message from mqtt/iot-mqtt-59b46996c-2hwsp with latency 0.005 seconds
Received message from mqtt/iot-mqtt-59b46996c-2b9cw with latency 0.001 seconds
Received message from mqtt/iot-mqtt-59b46996c-rb7x4 with latency 0.003 seconds
Received message from mqtt/iot-mqtt-59b46996c-fhtdk with latency 0.004 seconds
Received message from mqtt/iot-mqtt-59b46996c-x5wlw with latency 0.004 seconds
Received message from mqtt/iot-mqtt-59b46996c-9fg69 with latency 0.002 seconds
Received message from mqtt/iot-mqtt-59b46996c-ghksm with latency 0.001 seconds
Received message from mqtt/iot-mqtt-59b46996c-wsmm7 with latency 0.001 seconds
Received message from mqtt/iot-mqtt-59b46996c-4ff77 with latency 0.004 seconds
Received message from mqtt/iot-mqtt-59b46996c-2hwsp with latency 0.001 seconds
Received message from mqtt/iot-mqtt-59b46996c-2b9cw with latency 0.001 seconds
Received message from mqtt/iot-mqtt-59b46996c-rb7x4 with latency 0.002 seconds
Received message from mqtt/iot-mqtt-59b46996c-fhtdk with latency 0.001 seconds
Received message from mqtt/iot-mqtt-59b46996c-x5wlw with latency 0.002 seconds
Received message from mqtt/iot-mqtt-59b46996c-9fg69 with latency 0.001 seconds
Received message from mqtt/iot-mqtt-59b46996c-wsmm7 with latency 0.001 seconds
Received message from mqtt/iot-mqtt-59b46996c-4ff77 with latency 0.003 seconds
Received message from mqtt/iot-mqtt-59b46996c-78bcd with latency 0.002 seconds
Received message from mqtt/iot-mqtt-59b46996c-2b9cw with latency 0.001 seconds
Received message from mqtt/iot-mqtt-59b46996c-2hwsp with latency 0.001 seconds
Received message from mqtt/iot-mqtt-59b46996c-rb7x4 with latency 0.003 seconds
Received message from mqtt/iot-mqtt-59b46996c-fhtdk with latency 0.002 seconds
Received message from mqtt/iot-mqtt-59b46996c-9fg69 with latency 0.001 seconds
Received message from mqtt/iot-mqtt-59b46996c-wsmm7 with latency 0.002 seconds
Received message from mqtt/iot-mqtt-59b46996c-4ff77 with latency 0.002 seconds
Received message from mqtt/iot-mqtt-59b46996c-2hwsp with latency 0.003 seconds
Received message from mqtt/iot-mqtt-59b46996c-2b9cw with latency 0.002 seconds
Received message from mqtt/iot-mqtt-59b46996c-fhtdk with latency 0.002 seconds
Received message from mqtt/iot-mqtt-59b46996c-9fg69 with latency 0.001 seconds
Received message from mqtt/iot-mqtt-59b46996c-wsmm7 with latency 0.001 seconds
Received message from mqtt/iot-mqtt-59b46996c-ghksm with latency 0.002 seconds
Received message from mqtt/iot-mqtt-59b46996c-2hwsp with latency 0.002 seconds
Received message from mqtt/iot-mqtt-59b46996c-2b9cw with latency 0.001 seconds
Received message from mqtt/iot-mqtt-59b46996c-fhtdk with latency 0.002 seconds
Received message from mqtt/iot-mqtt-59b46996c-x5wlw with latency 0.002 seconds
Received message from mqtt/iot-mqtt-59b46996c-wsmm7 with latency 0.002 seconds
Received message from mqtt/iot-mqtt-59b46996c-9fg69 with latency 0.002 seconds
Received message from mqtt/iot-mqtt-59b46996c-ghksm with latency 0.002 seconds
Received message from mqtt/iot-mqtt-59b46996c-4ff77 with latency 0.002 seconds
Received message from mqtt/iot-mqtt-59b46996c-78bcd with latency 0.001 seconds
Received message from mqtt/iot-mqtt-59b46996c-2hwsp with latency 0.001 seconds
Received message from mqtt/iot-mqtt-59b46996c-2b9cw with latency 0.001 seconds
Received message from mqtt/iot-mqtt-59b46996c-rb7x4 with latency 0.002 seconds
Received message from mqtt/iot-mqtt-59b46996c-fhtdk with latency 0.003 seconds
Received message from mqtt/iot-mqtt-59b46996c-x5wlw with latency 0.002 seconds
Received message from mqtt/iot-mqtt-59b46996c-9fg69 with latency 0.002 seconds
Received message from mqtt/iot-mqtt-59b46996c-ghksm with latency 0.001 seconds
Received message from mqtt/iot-mqtt-59b46996c-wsmm7 with latency 0.001 seconds
Received message from mqtt/iot-mqtt-59b46996c-4ff77 with latency 0.002 seconds
Received message from mqtt/iot-mqtt-59b46996c-78bcd with latency 0.002 seconds
Received message from mqtt/iot-mqtt-59b46996c-2b9cw with latency 0.001 seconds
Received message from mqtt/iot-mqtt-59b46996c-2hwsp with latency 0.002 seconds
Received message from mqtt/iot-mqtt-59b46996c-rb7x4 with latency 0.002 seconds
Received message from mqtt/iot-mqtt-59b46996c-fhtdk with latency 0.002 seconds
Received message from mqtt/iot-mqtt-59b46996c-x5wlw with latency 0.001 seconds
Received message from mqtt/iot-mqtt-59b46996c-ghksm with latency 0.001 seconds
Received message from mqtt/iot-mqtt-59b46996c-wsmm7 with latency 0.001 seconds
Received message from mqtt/iot-mqtt-59b46996c-4ff77 with latency 0.001 seconds
Received message from mqtt/iot-mqtt-59b46996c-78bcd with latency 0.000 seconds
Received message from mqtt/iot-mqtt-59b46996c-2b9cw with latency 0.001 seconds
Received message from mqtt/iot-mqtt-59b46996c-2hwsp with latency 0.002 seconds
Received message from mqtt/iot-mqtt-59b46996c-rb7x4 with latency 0.001 seconds
Received message from mqtt/iot-mqtt-59b46996c-x5wlw with latency 0.002 seconds
Received message from mqtt/iot-mqtt-59b46996c-ghksm with latency 0.041 seconds
Received message from mqtt/iot-mqtt-59b46996c-9fg69 with latency 0.001 seconds
Received message from mqtt/iot-mqtt-59b46996c-4ff77 with latency 0.002 seconds
Received message from mqtt/iot-mqtt-59b46996c-78bcd with latency 0.012 seconds
Received message from mqtt/iot-mqtt-59b46996c-2b9cw with latency 0.002 seconds
Received message from mqtt/iot-mqtt-59b46996c-2hwsp with latency 0.001 seconds
Received message from mqtt/iot-mqtt-59b46996c-rb7x4 with latency 0.002 seconds
Received message from mqtt/iot-mqtt-59b46996c-fhtdk with latency 0.001 seconds
Received message from mqtt/iot-mqtt-59b46996c-ghksm with latency 0.001 seconds
Received message from mqtt/iot-mqtt-59b46996c-9fg69 with latency 0.001 seconds
Received message from mqtt/iot-mqtt-59b46996c-4ff77 with latency 0.002 seconds
Received message from mqtt/iot-mqtt-59b46996c-78bcd with latency 0.003 seconds
Received message from mqtt/iot-mqtt-59b46996c-2hwsp with latency 0.003 seconds
Received message from mqtt/iot-mqtt-59b46996c-2b9cw with latency 0.002 seconds
Received message from mqtt/iot-mqtt-59b46996c-rb7x4 with latency 0.002 seconds
Received message from mqtt/iot-mqtt-59b46996c-x5wlw with latency 0.001 seconds
Received message from mqtt/iot-mqtt-59b46996c-fhtdk with latency 0.001 seconds
Received message from mqtt/iot-mqtt-59b46996c-wsmm7 with latency 0.001 seconds
Received message from mqtt/iot-mqtt-59b46996c-ghksm with latency 0.002 seconds
Received message from mqtt/iot-mqtt-59b46996c-9fg69 with latency 0.001 seconds
Received message from mqtt/iot-mqtt-59b46996c-4ff77 with latency 0.001 seconds
Received message from mqtt/iot-mqtt-59b46996c-78bcd with latency 0.001 seconds
Received message from mqtt/iot-mqtt-59b46996c-2hwsp with latency 0.001 seconds
Received message from mqtt/iot-mqtt-59b46996c-2b9cw with latency 0.002 seconds
Received message from mqtt/iot-mqtt-59b46996c-rb7x4 with latency 0.001 seconds
Received message from mqtt/iot-mqtt-59b46996c-wsmm7 with latency 0.001 seconds
Received message from mqtt/iot-mqtt-59b46996c-ghksm with latency 0.002 seconds
Received message from mqtt/iot-mqtt-59b46996c-9fg69 with latency 0.002 seconds
Received message from mqtt/iot-mqtt-59b46996c-4ff77 with latency 0.002 seconds
Received message from mqtt/iot-mqtt-59b46996c-2hwsp with latency 0.002 seconds
Received message from mqtt/iot-mqtt-59b46996c-2b9cw with latency 0.001 seconds
Received message from mqtt/iot-mqtt-59b46996c-rb7x4 with latency 0.002 seconds
Received message from mqtt/iot-mqtt-59b46996c-wsmm7 with latency 0.002 seconds
Received message from mqtt/iot-mqtt-59b46996c-ghksm with latency 0.002 seconds
Received message from mqtt/iot-mqtt-59b46996c-4ff77 with latency 0.001 seconds
Received message from mqtt/iot-mqtt-59b46996c-78bcd with latency 0.002 seconds
Received message from mqtt/iot-mqtt-59b46996c-2hwsp with latency 0.002 seconds
Received message from mqtt/iot-mqtt-59b46996c-2b9cw with latency 0.002 seconds
Received message from mqtt/iot-mqtt-59b46996c-rb7x4 with latency 0.002 seconds
Received message from mqtt/iot-mqtt-59b46996c-x5wlw with latency 0.002 seconds
Received message from mqtt/iot-mqtt-59b46996c-fhtdk with latency 0.002 seconds
Received message from mqtt/iot-mqtt-59b46996c-wsmm7 with latency 0.001 seconds
Received message from mqtt/iot-mqtt-59b46996c-9fg69 with latency 0.001 seconds
Received message from mqtt/iot-mqtt-59b46996c-78bcd with latency 0.002 seconds
Received message from mqtt/iot-mqtt-59b46996c-2b9cw with latency 0.001 seconds
Received message from mqtt/iot-mqtt-59b46996c-rb7x4 with latency 0.001 seconds
Received message from mqtt/iot-mqtt-59b46996c-x5wlw with latency 0.001 seconds
Received message from mqtt/iot-mqtt-59b46996c-fhtdk with latency 0.002 seconds
Received message from mqtt/iot-mqtt-59b46996c-ghksm with latency 0.004 seconds
Received message from mqtt/iot-mqtt-59b46996c-wsmm7 with latency 0.001 seconds
Received message from mqtt/iot-mqtt-59b46996c-9fg69 with latency 0.074 seconds
Received message from mqtt/iot-mqtt-59b46996c-78bcd with latency 0.002 seconds
Received message from mqtt/iot-mqtt-59b46996c-2b9cw with latency 0.002 seconds
Received message from mqtt/iot-mqtt-59b46996c-rb7x4 with latency 0.002 seconds
Received message from mqtt/iot-mqtt-59b46996c-fhtdk with latency 0.001 seconds
Received message from mqtt/iot-mqtt-59b46996c-wsmm7 with latency 0.001 seconds
Received message from mqtt/iot-mqtt-59b46996c-4ff77 with latency 0.001 seconds
Received message from mqtt/iot-mqtt-59b46996c-9fg69 with latency 0.001 seconds
Received message from mqtt/iot-mqtt-59b46996c-78bcd with latency 0.002 seconds
Received message from mqtt/iot-mqtt-59b46996c-2hwsp with latency 0.001 seconds
Received message from mqtt/iot-mqtt-59b46996c-2b9cw with latency 0.002 seconds
Received message from mqtt/iot-mqtt-59b46996c-rb7x4 with latency 0.002 seconds
Received message from mqtt/iot-mqtt-59b46996c-fhtdk with latency 0.001 seconds
Received message from mqtt/iot-mqtt-59b46996c-wsmm7 with latency 0.001 seconds
Received message from mqtt/iot-mqtt-59b46996c-4ff77 with latency 0.002 seconds
Received message from mqtt/iot-mqtt-59b46996c-9fg69 with latency 0.001 seconds
Received message from mqtt/iot-mqtt-59b46996c-78bcd with latency 0.002 seconds
Received message from mqtt/iot-mqtt-59b46996c-2b9cw with latency 0.001 seconds
Received message from mqtt/iot-mqtt-59b46996c-rb7x4 with latency 0.002 seconds
Received message from mqtt/iot-mqtt-59b46996c-x5wlw with latency 0.003 seconds
Received message from mqtt/iot-mqtt-59b46996c-ghksm with latency 0.002 seconds
Received message from mqtt/iot-mqtt-59b46996c-4ff77 with latency 0.002 seconds
Received message from mqtt/iot-mqtt-59b46996c-9fg69 with latency 0.002 seconds
Received message from mqtt/iot-mqtt-59b46996c-78bcd with latency 0.002 seconds
Received message from mqtt/iot-mqtt-59b46996c-2hwsp with latency 0.002 seconds
Received message from mqtt/iot-mqtt-59b46996c-rb7x4 with latency 0.002 seconds
Received message from mqtt/iot-mqtt-59b46996c-x5wlw with latency 0.001 seconds
Received message from mqtt/iot-mqtt-59b46996c-wsmm7 with latency 0.001 seconds
Received message from mqtt/iot-mqtt-59b46996c-4ff77 with latency 0.002 seconds
Received message from mqtt/iot-mqtt-59b46996c-9fg69 with latency 0.001 seconds
Received message from mqtt/iot-mqtt-59b46996c-78bcd with latency 0.002 seconds
Received message from mqtt/iot-mqtt-59b46996c-2hwsp with latency 0.002 seconds
Received message from mqtt/iot-mqtt-59b46996c-2b9cw with latency 0.002 seconds
Received message from mqtt/iot-mqtt-59b46996c-rb7x4 with latency 0.002 seconds
Received message from mqtt/iot-mqtt-59b46996c-x5wlw with latency 0.004 seconds
Received message from mqtt/iot-mqtt-59b46996c-fhtdk with latency 0.003 seconds
Received message from mqtt/iot-mqtt-59b46996c-ghksm with latency 0.003 seconds
Received message from mqtt/iot-mqtt-59b46996c-wsmm7 with latency 0.002 seconds
Received message from mqtt/iot-mqtt-59b46996c-4ff77 with latency 0.001 seconds
Received message from mqtt/iot-mqtt-59b46996c-9fg69 with latency 0.002 seconds
Received message from mqtt/iot-mqtt-59b46996c-78bcd with latency 0.001 seconds
Received message from mqtt/iot-mqtt-59b46996c-2hwsp with latency 0.001 seconds
Received message from mqtt/iot-mqtt-59b46996c-2b9cw with latency 0.002 seconds
Received message from mqtt/iot-mqtt-59b46996c-rb7x4 with latency 0.001 seconds
Received message from mqtt/iot-mqtt-59b46996c-x5wlw with latency 0.002 seconds
Received message from mqtt/iot-mqtt-59b46996c-fhtdk with latency 0.002 seconds
Received message from mqtt/iot-mqtt-59b46996c-ghksm with latency 0.001 seconds
Received message from mqtt/iot-mqtt-59b46996c-wsmm7 with latency 0.001 seconds
Received message from mqtt/iot-mqtt-59b46996c-4ff77 with latency 0.001 seconds
Received message from mqtt/iot-mqtt-59b46996c-9fg69 with latency 0.001 seconds
Received message from mqtt/iot-mqtt-59b46996c-78bcd with latency 0.002 seconds
Received message from mqtt/iot-mqtt-59b46996c-2hwsp with latency 0.001 seconds
Received message from mqtt/iot-mqtt-59b46996c-2b9cw with latency 0.002 seconds
Received message from mqtt/iot-mqtt-59b46996c-rb7x4 with latency 0.001 seconds
Received message from mqtt/iot-mqtt-59b46996c-fhtdk with latency 0.002 seconds
Received message from mqtt/iot-mqtt-59b46996c-ghksm with latency 0.002 seconds
Received message from mqtt/iot-mqtt-59b46996c-4ff77 with latency 0.002 seconds
Received message from mqtt/iot-mqtt-59b46996c-wsmm7 with latency 0.002 seconds
Received message from mqtt/iot-mqtt-59b46996c-9fg69 with latency 0.001 seconds
Received message from mqtt/iot-mqtt-59b46996c-2hwsp with latency 0.002 seconds
Received message from mqtt/iot-mqtt-59b46996c-2b9cw with latency 0.003 seconds
Received message from mqtt/iot-mqtt-59b46996c-rb7x4 with latency 0.003 seconds
Received message from mqtt/iot-mqtt-59b46996c-ghksm with latency 0.000 seconds
Received message from mqtt/iot-mqtt-59b46996c-wsmm7 with latency 0.002 seconds
Received message from mqtt/iot-mqtt-59b46996c-9fg69 with latency 0.002 seconds
Received message from mqtt/iot-mqtt-59b46996c-78bcd with latency 0.002 seconds
Received message from mqtt/iot-mqtt-59b46996c-2hwsp with latency 0.001 seconds
Received message from mqtt/iot-mqtt-59b46996c-2b9cw with latency 0.002 seconds
Received message from mqtt/iot-mqtt-59b46996c-x5wlw with latency 0.002 seconds
Received message from mqtt/iot-mqtt-59b46996c-fhtdk with latency 0.001 seconds
Received message from mqtt/iot-mqtt-59b46996c-ghksm with latency 0.001 seconds
Received message from mqtt/iot-mqtt-59b46996c-wsmm7 with latency 0.001 seconds
Received message from mqtt/iot-mqtt-59b46996c-4ff77 with latency 0.002 seconds
Received message from mqtt/iot-mqtt-59b46996c-9fg69 with latency 0.002 seconds
Received message from mqtt/iot-mqtt-59b46996c-78bcd with latency 0.001 seconds
Received message from mqtt/iot-mqtt-59b46996c-2hwsp with latency 0.002 seconds
Received message from mqtt/iot-mqtt-59b46996c-2b9cw with latency 0.002 seconds
Received message from mqtt/iot-mqtt-59b46996c-fhtdk with latency 0.001 seconds
Received message from mqtt/iot-mqtt-59b46996c-ghksm with latency 0.004 seconds
Received message from mqtt/iot-mqtt-59b46996c-4ff77 with latency 0.001 seconds
Received message from mqtt/iot-mqtt-59b46996c-9fg69 with latency 0.002 seconds
Received message from mqtt/iot-mqtt-59b46996c-78bcd with latency 0.003 seconds
Received message from mqtt/iot-mqtt-59b46996c-2hwsp with latency 0.002 seconds
Received message from mqtt/iot-mqtt-59b46996c-2b9cw with latency 0.002 seconds
Received message from mqtt/iot-mqtt-59b46996c-rb7x4 with latency 0.004 seconds
Received message from mqtt/iot-mqtt-59b46996c-x5wlw with latency 0.002 seconds
Received message from mqtt/iot-mqtt-59b46996c-fhtdk with latency 0.002 seconds
