/app/mqtt_device.py:16: DeprecationWarning: Callback API version 1 is deprecated, update to latest version
  mqtt_client = mqtt.Client()
 * Serving Flask app 'mqtt_device'
 * Debug mode: off
[31m[1mWARNING: This is a development server. Do not use it in a production deployment. Use a production WSGI server instead.[0m
 * Running on all addresses (0.0.0.0)
 * Running on http://127.0.0.1:5000
 * Running on http://10.244.3.111:5000
[33mPress CTRL+C to quit[0m
Connected to MQTT broker with result code 0
Received message from mqtt/iot-mqtt-757f69fd8f-wbnh2 with latency 0.001 seconds
Received message from mqtt/iot-mqtt-57b6b645cd-vsnbw with latency 0.001 seconds
Received message from mqtt/iot-mqtt-757f69fd8f-lkrng with latency 0.001 seconds
Received message from mqtt/iot-mqtt-57b6b645cd-np9nq with latency 0.001 seconds
Received message from mqtt/iot-mqtt-57b6b645cd-svs56 with latency 0.002 seconds
Received message from mqtt/iot-mqtt-57b6b645cd-wfsmk with latency 0.001 seconds
Received message from mqtt/iot-mqtt-757f69fd8f-n45kk with latency 0.001 seconds
Received message from mqtt/iot-mqtt-57b6b645cd-mc8sc with latency 0.001 seconds
Received message from mqtt/iot-mqtt-757f69fd8f-6tx49 with latency 0.001 seconds
Received message from mqtt/iot-mqtt-757f69fd8f-gqzqb with latency 0.001 seconds
Received message from mqtt/iot-mqtt-57b6b645cd-g6rtr with latency 0.001 seconds
Received message from mqtt/iot-mqtt-57b6b645cd-c9cdg with latency 0.001 seconds
Received message from mqtt/iot-mqtt-757f69fd8f-zwl4z with latency 0.001 seconds
Received message from mqtt/iot-mqtt-757f69fd8f-j8xlv with latency 0.001 seconds
Received message from mqtt/iot-mqtt-757f69fd8f-jfrtj with latency 0.004 seconds
Received message from mqtt/iot-mqtt-57b6b645cd-s4ptd with latency 0.004 seconds
Received message from mqtt/iot-mqtt-57b6b645cd-h778d with latency 0.003 seconds
Received message from mqtt/iot-mqtt-757f69fd8f-wbnh2 with latency 0.004 seconds
Received message from mqtt/iot-mqtt-57b6b645cd-hlxpc with latency 0.002 seconds
Received message from mqtt/iot-mqtt-57b6b645cd-vsnbw with latency 0.004 seconds
Received message from mqtt/iot-mqtt-757f69fd8f-lkrng with latency 0.009 seconds
Received message from mqtt/iot-mqtt-57b6b645cd-np9nq with latency 0.003 seconds
Received message from mqtt/iot-mqtt-757f69fd8f-zdtf8 with latency 0.002 seconds
Received message from mqtt/iot-mqtt-57b6b645cd-svs56 with latency 0.004 seconds
Received message from mqtt/iot-mqtt-57b6b645cd-wfsmk with latency 0.003 seconds
Received message from mqtt/iot-mqtt-757f69fd8f-n45kk with latency 0.005 seconds
Received message from mqtt/iot-mqtt-57b6b645cd-mc8sc with latency 0.001 seconds
Received message from mqtt/iot-mqtt-757f69fd8f-6tx49 with latency 0.003 seconds
Received message from mqtt/iot-mqtt-757f69fd8f-gqzqb with latency 0.004 seconds
Received message from mqtt/iot-mqtt-57b6b645cd-g6rtr with latency 0.004 seconds
Received message from mqtt/iot-mqtt-57b6b645cd-c9cdg with latency 0.003 seconds
Received message from mqtt/iot-mqtt-757f69fd8f-zwl4z with latency 0.001 seconds
Received message from mqtt/iot-mqtt-757f69fd8f-j8xlv with latency 0.003 seconds
Received message from mqtt/iot-mqtt-757f69fd8f-jfrtj with latency 0.002 seconds
Received message from mqtt/iot-mqtt-57b6b645cd-s4ptd with latency 0.004 seconds
Received message from mqtt/iot-mqtt-57b6b645cd-h778d with latency 0.004 seconds
Received message from mqtt/iot-mqtt-757f69fd8f-7g2tf with latency 0.004 seconds
Received message from mqtt/iot-mqtt-57b6b645cd-hlxpc with latency 0.003 seconds
Received message from mqtt/iot-mqtt-757f69fd8f-wbnh2 with latency 0.003 seconds
Received message from mqtt/iot-mqtt-57b6b645cd-vsnbw with latency 0.002 seconds
Received message from mqtt/iot-mqtt-757f69fd8f-lkrng with latency 0.005 seconds
Received message from mqtt/iot-mqtt-57b6b645cd-np9nq with latency 0.002 seconds
Received message from mqtt/iot-mqtt-757f69fd8f-zdtf8 with latency 0.003 seconds
Received message from mqtt/iot-mqtt-57b6b645cd-svs56 with latency 0.004 seconds
Received message from mqtt/iot-mqtt-757f69fd8f-n45kk with latency 0.003 seconds
Received message from mqtt/iot-mqtt-57b6b645cd-wfsmk with latency 0.001 seconds
Received message from mqtt/iot-mqtt-57b6b645cd-mc8sc with latency 0.009 seconds
Received message from mqtt/iot-mqtt-757f69fd8f-6tx49 with latency 0.004 seconds
Received message from mqtt/iot-mqtt-757f69fd8f-gqzqb with latency 0.003 seconds
Received message from mqtt/iot-mqtt-57b6b645cd-c9cdg with latency 0.001 seconds
Received message from mqtt/iot-mqtt-57b6b645cd-g6rtr with latency 0.002 seconds
Received message from mqtt/iot-mqtt-757f69fd8f-zwl4z with latency 0.003 seconds
Received message from mqtt/iot-mqtt-757f69fd8f-jfrtj with latency 0.001 seconds
Received message from mqtt/iot-mqtt-57b6b645cd-s4ptd with latency 0.001 seconds
Received message from mqtt/iot-mqtt-757f69fd8f-7g2tf with latency 0.004 seconds
Received message from mqtt/iot-mqtt-757f69fd8f-wbnh2 with latency 0.001 seconds
Received message from mqtt/iot-mqtt-57b6b645cd-vsnbw with latency 0.001 seconds
Received message from mqtt/iot-mqtt-757f69fd8f-lkrng with latency 0.001 seconds
Received message from mqtt/iot-mqtt-757f69fd8f-zdtf8 with latency 0.001 seconds
Received message from mqtt/iot-mqtt-57b6b645cd-svs56 with latency 0.003 seconds
Received message from mqtt/iot-mqtt-757f69fd8f-n45kk with latency 0.001 seconds
Received message from mqtt/iot-mqtt-757f69fd8f-6tx49 with latency 0.003 seconds
Received message from mqtt/iot-mqtt-757f69fd8f-gqzqb with latency 0.004 seconds
Received message from mqtt/iot-mqtt-757f69fd8f-zwl4z with latency 0.001 seconds
Received message from mqtt/iot-mqtt-757f69fd8f-j8xlv with latency 0.003 seconds
Received message from mqtt/iot-mqtt-757f69fd8f-jfrtj with latency 0.002 seconds
Received message from mqtt/iot-mqtt-757f69fd8f-wbnh2 with latency 0.002 seconds
Received message from mqtt/iot-mqtt-757f69fd8f-lkrng with latency 0.002 seconds
Received message from mqtt/iot-mqtt-757f69fd8f-zdtf8 with latency 0.001 seconds
Received message from mqtt/iot-mqtt-757f69fd8f-n45kk with latency 0.002 seconds
Received message from mqtt/iot-mqtt-757f69fd8f-6tx49 with latency 0.002 seconds
Received message from mqtt/iot-mqtt-757f69fd8f-gqzqb with latency 0.001 seconds
Received message from mqtt/iot-mqtt-757f69fd8f-zwl4z with latency 0.002 seconds
Received message from mqtt/iot-mqtt-757f69fd8f-j8xlv with latency 0.001 seconds
Received message from mqtt/iot-mqtt-757f69fd8f-jfrtj with latency 0.001 seconds
Received message from mqtt/iot-mqtt-757f69fd8f-7g2tf with latency 0.002 seconds
Received message from mqtt/iot-mqtt-757f69fd8f-wbnh2 with latency 0.002 seconds
Received message from mqtt/iot-mqtt-757f69fd8f-lkrng with latency 0.002 seconds
Received message from mqtt/iot-mqtt-757f69fd8f-zdtf8 with latency 0.002 seconds
Received message from mqtt/iot-mqtt-757f69fd8f-n45kk with latency 0.001 seconds
Received message from mqtt/iot-mqtt-757f69fd8f-6tx49 with latency 0.002 seconds
Received message from mqtt/iot-mqtt-757f69fd8f-gqzqb with latency 0.002 seconds
Received message from mqtt/iot-mqtt-757f69fd8f-zwl4z with latency 0.001 seconds
Received message from mqtt/iot-mqtt-757f69fd8f-j8xlv with latency 0.004 seconds
Received message from mqtt/iot-mqtt-757f69fd8f-jfrtj with latency 0.001 seconds
Received message from mqtt/iot-mqtt-757f69fd8f-7g2tf with latency 0.002 seconds
Received message from mqtt/iot-mqtt-757f69fd8f-zdtf8 with latency 0.002 seconds
Received message from mqtt/iot-mqtt-757f69fd8f-lkrng with latency 0.001 seconds
Received message from mqtt/iot-mqtt-757f69fd8f-n45kk with latency 0.002 seconds
Received message from mqtt/iot-mqtt-757f69fd8f-6tx49 with latency 0.001 seconds
Received message from mqtt/iot-mqtt-757f69fd8f-gqzqb with latency 0.002 seconds
Received message from mqtt/iot-mqtt-757f69fd8f-zwl4z with latency 0.001 seconds
Received message from mqtt/iot-mqtt-757f69fd8f-j8xlv with latency 0.002 seconds
Received message from mqtt/iot-mqtt-757f69fd8f-jfrtj with latency 0.002 seconds
Received message from mqtt/iot-mqtt-757f69fd8f-7g2tf with latency 0.005 seconds
Received message from mqtt/iot-mqtt-757f69fd8f-zdtf8 with latency 0.003 seconds
Received message from mqtt/iot-mqtt-757f69fd8f-6tx49 with latency 0.003 seconds
Received message from mqtt/iot-mqtt-757f69fd8f-gqzqb with latency 0.002 seconds
Received message from mqtt/iot-mqtt-757f69fd8f-zwl4z with latency 0.001 seconds
Received message from mqtt/iot-mqtt-757f69fd8f-j8xlv with latency 0.002 seconds
Received message from mqtt/iot-mqtt-757f69fd8f-jfrtj with latency 0.001 seconds
Received message from mqtt/iot-mqtt-757f69fd8f-zdtf8 with latency 0.002 seconds
Received message from mqtt/iot-mqtt-757f69fd8f-n45kk with latency 0.002 seconds
Received message from mqtt/iot-mqtt-757f69fd8f-6tx49 with latency 0.002 seconds
Received message from mqtt/iot-mqtt-757f69fd8f-zwl4z with latency 0.002 seconds
Received message from mqtt/iot-mqtt-757f69fd8f-jfrtj with latency 0.002 seconds
Received message from mqtt/iot-mqtt-757f69fd8f-7g2tf with latency 0.003 seconds
Received message from mqtt/iot-mqtt-757f69fd8f-6tx49 with latency 0.004 seconds
Received message from mqtt/iot-mqtt-757f69fd8f-gqzqb with latency 0.004 seconds
Received message from mqtt/iot-mqtt-757f69fd8f-j8xlv with latency 0.002 seconds
Received message from mqtt/iot-mqtt-757f69fd8f-jfrtj with latency 0.001 seconds
Received message from mqtt/iot-mqtt-757f69fd8f-zdtf8 with latency 0.002 seconds
Received message from mqtt/iot-mqtt-757f69fd8f-gqzqb with latency 0.005 seconds
Received message from mqtt/iot-mqtt-757f69fd8f-6tx49 with latency 0.002 seconds
Received message from mqtt/iot-mqtt-757f69fd8f-zwl4z with latency 0.002 seconds
[FAILURE] iot-mqtt-757f69fd8f-7g2tf is simulating a device failure. Stopping MQTT network loop for 40.0 seconds.
Received message from mqtt/iot-mqtt-757f69fd8f-wbnh2 with latency 0.002 seconds
[RECOVERY] iot-mqtt-757f69fd8f-7g2tf is back online and reconnecting to broker.
Connected to MQTT broker with result code 0
Received message from mqtt/iot-mqtt-757f69fd8f-7g2tf with latency 0.005 seconds
Received message from mqtt/iot-mqtt-757f69fd8f-n45kk with latency 0.003 seconds
Received message from mqtt/iot-mqtt-757f69fd8f-6tx49 with latency 0.001 seconds
Received message from mqtt/iot-mqtt-757f69fd8f-zwl4z with latency 0.001 seconds
Received message from mqtt/iot-mqtt-757f69fd8f-lkrng with latency 0.002 seconds
Received message from mqtt/iot-mqtt-757f69fd8f-n45kk with latency 0.003 seconds
Received message from mqtt/iot-mqtt-757f69fd8f-zwl4z with latency 0.001 seconds
Received message from mqtt/iot-mqtt-757f69fd8f-gqzqb with latency 0.001 seconds
Received message from mqtt/iot-mqtt-757f69fd8f-6tx49 with latency 0.001 seconds
Received message from mqtt/iot-mqtt-757f69fd8f-j8xlv with latency 0.003 seconds
Received message from mqtt/iot-mqtt-757f69fd8f-7g2tf with latency 0.003 seconds
Received message from mqtt/iot-mqtt-757f69fd8f-zdtf8 with latency 0.004 seconds
Received message from mqtt/iot-mqtt-757f69fd8f-lkrng with latency 0.002 seconds
Received message from mqtt/iot-mqtt-757f69fd8f-n45kk with latency 0.003 seconds
Received message from mqtt/iot-mqtt-757f69fd8f-zwl4z with latency 0.003 seconds
Received message from mqtt/iot-mqtt-757f69fd8f-6tx49 with latency 0.001 seconds
Received message from mqtt/iot-mqtt-757f69fd8f-gqzqb with latency 0.001 seconds
Received message from mqtt/iot-mqtt-757f69fd8f-j8xlv with latency 0.003 seconds
Received message from mqtt/iot-mqtt-757f69fd8f-wbnh2 with latency 0.002 seconds
Received message from mqtt/iot-mqtt-757f69fd8f-lkrng with latency 0.003 seconds
Received message from mqtt/iot-mqtt-757f69fd8f-n45kk with latency 0.001 seconds
Received message from mqtt/iot-mqtt-757f69fd8f-gqzqb with latency 0.003 seconds
Received message from mqtt/iot-mqtt-757f69fd8f-6tx49 with latency 0.001 seconds
Received message from mqtt/iot-mqtt-757f69fd8f-zwl4z with latency 0.001 seconds
Received message from mqtt/iot-mqtt-757f69fd8f-j8xlv with latency 0.001 seconds
Received message from mqtt/iot-mqtt-757f69fd8f-wbnh2 with latency 0.003 seconds
Received message from mqtt/iot-mqtt-757f69fd8f-7g2tf with latency 0.003 seconds
Received message from mqtt/iot-mqtt-757f69fd8f-lkrng with latency 0.003 seconds
Received message from mqtt/iot-mqtt-757f69fd8f-gqzqb with latency 0.002 seconds
Received message from mqtt/iot-mqtt-757f69fd8f-zwl4z with latency 0.001 seconds
Received message from mqtt/iot-mqtt-757f69fd8f-6tx49 with latency 0.002 seconds
Received message from mqtt/iot-mqtt-757f69fd8f-jfrtj with latency 0.004 seconds
Received message from mqtt/iot-mqtt-757f69fd8f-wbnh2 with latency 0.003 seconds
Received message from mqtt/iot-mqtt-757f69fd8f-7g2tf with latency 0.003 seconds
Received message from mqtt/iot-mqtt-757f69fd8f-lkrng with latency 0.003 seconds
Received message from mqtt/iot-mqtt-757f69fd8f-zwl4z with latency 0.002 seconds
Received message from mqtt/iot-mqtt-757f69fd8f-6tx49 with latency 0.003 seconds
Received message from mqtt/iot-mqtt-757f69fd8f-gqzqb with latency 0.002 seconds
Received message from mqtt/iot-mqtt-757f69fd8f-j8xlv with latency 0.004 seconds
Received message from mqtt/iot-mqtt-757f69fd8f-jfrtj with latency 0.002 seconds
Received message from mqtt/iot-mqtt-757f69fd8f-wbnh2 with latency 0.002 seconds
Received message from mqtt/iot-mqtt-757f69fd8f-7g2tf with latency 0.003 seconds
Received message from mqtt/iot-mqtt-757f69fd8f-lkrng with latency 0.003 seconds
Received message from mqtt/iot-mqtt-757f69fd8f-6tx49 with latency 0.004 seconds
Received message from mqtt/iot-mqtt-757f69fd8f-zwl4z with latency 0.004 seconds
Received message from mqtt/iot-mqtt-757f69fd8f-j8xlv with latency 0.002 seconds
Received message from mqtt/iot-mqtt-757f69fd8f-gqzqb with latency 0.001 seconds
Received message from mqtt/iot-mqtt-757f69fd8f-jfrtj with latency 0.003 seconds
Received message from mqtt/iot-mqtt-757f69fd8f-7g2tf with latency 0.002 seconds
Received message from mqtt/iot-mqtt-757f69fd8f-wbnh2 with latency 0.003 seconds
Received message from mqtt/iot-mqtt-757f69fd8f-lkrng with latency 0.001 seconds
Received message from mqtt/iot-mqtt-757f69fd8f-6tx49 with latency 0.002 seconds
Received message from mqtt/iot-mqtt-757f69fd8f-gqzqb with latency 0.001 seconds
Received message from mqtt/iot-mqtt-757f69fd8f-zwl4z with latency 0.002 seconds
Received message from mqtt/iot-mqtt-757f69fd8f-j8xlv with latency 0.002 seconds
Received message from mqtt/iot-mqtt-757f69fd8f-jfrtj with latency 0.002 seconds
Received message from mqtt/iot-mqtt-757f69fd8f-7g2tf with latency 0.003 seconds
Received message from mqtt/iot-mqtt-757f69fd8f-wbnh2 with latency 0.005 seconds
Received message from mqtt/iot-mqtt-757f69fd8f-lkrng with latency 0.001 seconds
Received message from mqtt/iot-mqtt-757f69fd8f-6tx49 with latency 0.003 seconds
Received message from mqtt/iot-mqtt-757f69fd8f-zwl4z with latency 0.002 seconds
Received message from mqtt/iot-mqtt-757f69fd8f-gqzqb with latency 0.002 seconds
Received message from mqtt/iot-mqtt-757f69fd8f-j8xlv with latency 0.003 seconds
Received message from mqtt/iot-mqtt-757f69fd8f-jfrtj with latency 0.004 seconds
Received message from mqtt/iot-mqtt-757f69fd8f-7g2tf with latency 0.003 seconds
Received message from mqtt/iot-mqtt-757f69fd8f-wbnh2 with latency 0.003 seconds
Received message from mqtt/iot-mqtt-757f69fd8f-lkrng with latency 0.003 seconds
Received message from mqtt/iot-mqtt-757f69fd8f-6tx49 with latency 0.002 seconds
Received message from mqtt/iot-mqtt-757f69fd8f-zwl4z with latency 0.003 seconds
Received message from mqtt/iot-mqtt-757f69fd8f-j8xlv with latency 0.001 seconds
Received message from mqtt/iot-mqtt-757f69fd8f-gqzqb with latency 0.003 seconds
Received message from mqtt/iot-mqtt-757f69fd8f-jfrtj with latency 0.005 seconds
Received message from mqtt/iot-mqtt-757f69fd8f-7g2tf with latency 0.003 seconds
Received message from mqtt/iot-mqtt-757f69fd8f-zdtf8 with latency 0.002 seconds
Received message from mqtt/iot-mqtt-757f69fd8f-n45kk with latency 0.003 seconds
Received message from mqtt/iot-mqtt-757f69fd8f-lkrng with latency 0.004 seconds
Received message from mqtt/iot-mqtt-757f69fd8f-6tx49 with latency 0.003 seconds
Received message from mqtt/iot-mqtt-757f69fd8f-j8xlv with latency 0.002 seconds
Received message from mqtt/iot-mqtt-757f69fd8f-gqzqb with latency 0.005 seconds
Received message from mqtt/iot-mqtt-757f69fd8f-jfrtj with latency 0.002 seconds
Received message from mqtt/iot-mqtt-757f69fd8f-7g2tf with latency 0.004 seconds
Received message from mqtt/iot-mqtt-757f69fd8f-j8xlv with latency 0.004 seconds
Received message from mqtt/iot-mqtt-757f69fd8f-gqzqb with latency 0.003 seconds
Received message from mqtt/iot-mqtt-757f69fd8f-jfrtj with latency 0.001 seconds
Received message from mqtt/iot-mqtt-757f69fd8f-7g2tf with latency 0.001 seconds
Received message from mqtt/iot-mqtt-757f69fd8f-j8xlv with latency 0.001 seconds
Received message from mqtt/iot-mqtt-757f69fd8f-6tx49 with latency 0.003 seconds
Received message from mqtt/iot-mqtt-757f69fd8f-gqzqb with latency 0.002 seconds
Received message from mqtt/iot-mqtt-757f69fd8f-7g2tf with latency 0.003 seconds
Received message from mqtt/iot-mqtt-757f69fd8f-zdtf8 with latency 0.002 seconds
Received message from mqtt/iot-mqtt-757f69fd8f-j8xlv with latency 0.002 seconds
Received message from mqtt/iot-mqtt-757f69fd8f-6tx49 with latency 0.003 seconds
Received message from mqtt/iot-mqtt-757f69fd8f-gqzqb with latency 0.003 seconds
Received message from mqtt/iot-mqtt-757f69fd8f-jfrtj with latency 0.003 seconds
Received message from mqtt/iot-mqtt-757f69fd8f-wbnh2 with latency 0.001 seconds
Received message from mqtt/iot-mqtt-757f69fd8f-7g2tf with latency 0.003 seconds
Received message from mqtt/iot-mqtt-757f69fd8f-zdtf8 with latency 0.004 seconds
Received message from mqtt/iot-mqtt-757f69fd8f-zwl4z with latency 0.003 seconds
Received message from mqtt/iot-mqtt-757f69fd8f-j8xlv with latency 0.006 seconds
Received message from mqtt/iot-mqtt-757f69fd8f-6tx49 with latency 0.005 seconds
Received message from mqtt/iot-mqtt-757f69fd8f-wbnh2 with latency 0.002 seconds
Received message from mqtt/iot-mqtt-757f69fd8f-7g2tf with latency 0.003 seconds
Received message from mqtt/iot-mqtt-757f69fd8f-zdtf8 with latency 0.003 seconds
Received message from mqtt/iot-mqtt-757f69fd8f-zwl4z with latency 0.002 seconds
Received message from mqtt/iot-mqtt-757f69fd8f-j8xlv with latency 0.001 seconds
Received message from mqtt/iot-mqtt-757f69fd8f-6tx49 with latency 0.002 seconds
Received message from mqtt/iot-mqtt-757f69fd8f-jfrtj with latency 0.004 seconds
Received message from mqtt/iot-mqtt-757f69fd8f-wbnh2 with latency 0.001 seconds
Received message from mqtt/iot-mqtt-757f69fd8f-7g2tf with latency 0.001 seconds
Received message from mqtt/iot-mqtt-757f69fd8f-n45kk with latency 0.001 seconds
Received message from mqtt/iot-mqtt-757f69fd8f-zdtf8 with latency 0.001 seconds
Received message from mqtt/iot-mqtt-757f69fd8f-zwl4z with latency 0.003 seconds
Received message from mqtt/iot-mqtt-757f69fd8f-6tx49 with latency 0.002 seconds
Received message from mqtt/iot-mqtt-757f69fd8f-j8xlv with latency 0.001 seconds
Received message from mqtt/iot-mqtt-757f69fd8f-jfrtj with latency 0.002 seconds
Received message from mqtt/iot-mqtt-757f69fd8f-wbnh2 with latency 0.002 seconds
Received message from mqtt/iot-mqtt-757f69fd8f-7g2tf with latency 0.002 seconds
Received message from mqtt/iot-mqtt-757f69fd8f-zdtf8 with latency 0.001 seconds
Received message from mqtt/iot-mqtt-757f69fd8f-n45kk with latency 0.002 seconds
Received message from mqtt/iot-mqtt-757f69fd8f-lkrng with latency 0.002 seconds
Received message from mqtt/iot-mqtt-757f69fd8f-zwl4z with latency 0.004 seconds
Received message from mqtt/iot-mqtt-757f69fd8f-j8xlv with latency 0.002 seconds
Received message from mqtt/iot-mqtt-757f69fd8f-6tx49 with latency 0.001 seconds
Received message from mqtt/iot-mqtt-757f69fd8f-jfrtj with latency 0.003 seconds
Received message from mqtt/iot-mqtt-757f69fd8f-wbnh2 with latency 0.003 seconds
Received message from mqtt/iot-mqtt-757f69fd8f-7g2tf with latency 0.002 seconds
Received message from mqtt/iot-mqtt-757f69fd8f-n45kk with latency 0.002 seconds
Received message from mqtt/iot-mqtt-757f69fd8f-zdtf8 with latency 0.004 seconds
Received message from mqtt/iot-mqtt-757f69fd8f-lkrng with latency 0.001 seconds
Received message from mqtt/iot-mqtt-757f69fd8f-zwl4z with latency 0.003 seconds
Received message from mqtt/iot-mqtt-757f69fd8f-gqzqb with latency 0.001 seconds
Received message from mqtt/iot-mqtt-757f69fd8f-j8xlv with latency 0.003 seconds
Received message from mqtt/iot-mqtt-757f69fd8f-jfrtj with latency 0.002 seconds
Received message from mqtt/iot-mqtt-757f69fd8f-7g2tf with latency 0.002 seconds
Received message from mqtt/iot-mqtt-757f69fd8f-wbnh2 with latency 0.002 seconds
Received message from mqtt/iot-mqtt-757f69fd8f-n45kk with latency 0.001 seconds
Received message from mqtt/iot-mqtt-757f69fd8f-zdtf8 with latency 0.001 seconds
Received message from mqtt/iot-mqtt-757f69fd8f-lkrng with latency 0.002 seconds
Received message from mqtt/iot-mqtt-757f69fd8f-zwl4z with latency 0.003 seconds
Received message from mqtt/iot-mqtt-757f69fd8f-j8xlv with latency 0.003 seconds
Received message from mqtt/iot-mqtt-757f69fd8f-jfrtj with latency 0.002 seconds
Received message from mqtt/iot-mqtt-757f69fd8f-wbnh2 with latency 0.001 seconds
Received message from mqtt/iot-mqtt-757f69fd8f-7g2tf with latency 0.001 seconds
Received message from mqtt/iot-mqtt-757f69fd8f-zdtf8 with latency 0.001 seconds
Received message from mqtt/iot-mqtt-757f69fd8f-n45kk with latency 0.003 seconds
Received message from mqtt/iot-mqtt-757f69fd8f-lkrng with latency 0.002 seconds
Received message from mqtt/iot-mqtt-757f69fd8f-zwl4z with latency 0.002 seconds
Received message from mqtt/iot-mqtt-757f69fd8f-j8xlv with latency 0.002 seconds
Received message from mqtt/iot-mqtt-757f69fd8f-jfrtj with latency 0.002 seconds
Received message from mqtt/iot-mqtt-757f69fd8f-wbnh2 with latency 0.003 seconds
Received message from mqtt/iot-mqtt-757f69fd8f-7g2tf with latency 0.001 seconds
Received message from mqtt/iot-mqtt-757f69fd8f-zdtf8 with latency 0.001 seconds
Received message from mqtt/iot-mqtt-757f69fd8f-n45kk with latency 0.003 seconds
Received message from mqtt/iot-mqtt-757f69fd8f-lkrng with latency 0.003 seconds
Received message from mqtt/iot-mqtt-757f69fd8f-zwl4z with latency 0.003 seconds
Received message from mqtt/iot-mqtt-757f69fd8f-j8xlv with latency 0.001 seconds
Received message from mqtt/iot-mqtt-757f69fd8f-jfrtj with latency 0.002 seconds
Received message from mqtt/iot-mqtt-757f69fd8f-wbnh2 with latency 0.002 seconds
Received message from mqtt/iot-mqtt-757f69fd8f-7g2tf with latency 0.001 seconds
Received message from mqtt/iot-mqtt-757f69fd8f-zdtf8 with latency 0.004 seconds
Received message from mqtt/iot-mqtt-757f69fd8f-n45kk with latency 0.002 seconds
Received message from mqtt/iot-mqtt-757f69fd8f-lkrng with latency 0.002 seconds
Received message from mqtt/iot-mqtt-757f69fd8f-zwl4z with latency 0.003 seconds
Received message from mqtt/iot-mqtt-757f69fd8f-jfrtj with latency 0.002 seconds
Received message from mqtt/iot-mqtt-757f69fd8f-wbnh2 with latency 0.003 seconds
Received message from mqtt/iot-mqtt-757f69fd8f-7g2tf with latency 0.001 seconds
Received message from mqtt/iot-mqtt-757f69fd8f-zdtf8 with latency 0.002 seconds
Received message from mqtt/iot-mqtt-757f69fd8f-n45kk with latency 0.001 seconds
Received message from mqtt/iot-mqtt-757f69fd8f-lkrng with latency 0.003 seconds
Received message from mqtt/iot-mqtt-757f69fd8f-6tx49 with latency 0.002 seconds
Received message from mqtt/iot-mqtt-757f69fd8f-jfrtj with latency 0.003 seconds
Received message from mqtt/iot-mqtt-757f69fd8f-wbnh2 with latency 0.002 seconds
Received message from mqtt/iot-mqtt-757f69fd8f-7g2tf with latency 0.003 seconds
Received message from mqtt/iot-mqtt-757f69fd8f-n45kk with latency 0.003 seconds
Received message from mqtt/iot-mqtt-757f69fd8f-zdtf8 with latency 0.002 seconds
Received message from mqtt/iot-mqtt-757f69fd8f-lkrng with latency 0.003 seconds
Received message from mqtt/iot-mqtt-757f69fd8f-gqzqb with latency 0.002 seconds
Received message from mqtt/iot-mqtt-757f69fd8f-zwl4z with latency 0.002 seconds
Received message from mqtt/iot-mqtt-757f69fd8f-6tx49 with latency 0.002 seconds
Received message from mqtt/iot-mqtt-757f69fd8f-jfrtj with latency 0.002 seconds
Received message from mqtt/iot-mqtt-757f69fd8f-wbnh2 with latency 0.003 seconds
Received message from mqtt/iot-mqtt-757f69fd8f-7g2tf with latency 0.002 seconds
Received message from mqtt/iot-mqtt-757f69fd8f-zdtf8 with latency 0.003 seconds
Received message from mqtt/iot-mqtt-757f69fd8f-lkrng with latency 0.002 seconds
Received message from mqtt/iot-mqtt-757f69fd8f-gqzqb with latency 0.002 seconds
Received message from mqtt/iot-mqtt-757f69fd8f-zwl4z with latency 0.002 seconds
Received message from mqtt/iot-mqtt-757f69fd8f-6tx49 with latency 0.003 seconds
Received message from mqtt/iot-mqtt-757f69fd8f-jfrtj with latency 0.002 seconds
Received message from mqtt/iot-mqtt-757f69fd8f-wbnh2 with latency 0.003 seconds
[FAILURE] iot-mqtt-757f69fd8f-7g2tf is simulating a device failure. Stopping MQTT network loop for 40.0 seconds.
[RECOVERY] iot-mqtt-757f69fd8f-7g2tf is back online and reconnecting to broker.
Connected to MQTT broker with result code 0
Received message from mqtt/iot-mqtt-757f69fd8f-n45kk with latency 0.003 seconds
Received message from mqtt/iot-mqtt-757f69fd8f-lkrng with latency 0.004 seconds
Received message from mqtt/iot-mqtt-757f69fd8f-gqzqb with latency 0.001 seconds
Received message from mqtt/iot-mqtt-757f69fd8f-j8xlv with latency 0.004 seconds
Received message from mqtt/iot-mqtt-757f69fd8f-zwl4z with latency 0.003 seconds
Received message from mqtt/iot-mqtt-757f69fd8f-jfrtj with latency 0.001 seconds
Received message from mqtt/iot-mqtt-757f69fd8f-7g2tf with latency 0.003 seconds
Received message from mqtt/iot-mqtt-757f69fd8f-wbnh2 with latency 0.002 seconds
Received message from mqtt/iot-mqtt-757f69fd8f-lkrng with latency 0.002 seconds
Received message from mqtt/iot-mqtt-757f69fd8f-gqzqb with latency 0.004 seconds
Received message from mqtt/iot-mqtt-757f69fd8f-j8xlv with latency 0.003 seconds
Received message from mqtt/iot-mqtt-757f69fd8f-zwl4z with latency 0.001 seconds
Received message from mqtt/iot-mqtt-757f69fd8f-jfrtj with latency 0.001 seconds
Received message from mqtt/iot-mqtt-757f69fd8f-7g2tf with latency 0.001 seconds
Received message from mqtt/iot-mqtt-757f69fd8f-wbnh2 with latency 0.003 seconds
Received message from mqtt/iot-mqtt-757f69fd8f-6tx49 with latency 0.004 seconds
Received message from mqtt/iot-mqtt-757f69fd8f-gqzqb with latency 0.004 seconds
Received message from mqtt/iot-mqtt-757f69fd8f-zwl4z with latency 0.003 seconds
Received message from mqtt/iot-mqtt-757f69fd8f-j8xlv with latency 0.002 seconds
Received message from mqtt/iot-mqtt-757f69fd8f-7g2tf with latency 0.003 seconds
Received message from mqtt/iot-mqtt-757f69fd8f-wbnh2 with latency 0.002 seconds
Received message from mqtt/iot-mqtt-757f69fd8f-zdtf8 with latency 0.004 seconds
Received message from mqtt/iot-mqtt-757f69fd8f-6tx49 with latency 0.001 seconds
Received message from mqtt/iot-mqtt-757f69fd8f-gqzqb with latency 0.003 seconds
Received message from mqtt/iot-mqtt-757f69fd8f-j8xlv with latency 0.002 seconds
Received message from mqtt/iot-mqtt-757f69fd8f-zwl4z with latency 0.003 seconds
Received message from mqtt/iot-mqtt-757f69fd8f-jfrtj with latency 0.004 seconds
Received message from mqtt/iot-mqtt-757f69fd8f-7g2tf with latency 0.002 seconds
Received message from mqtt/iot-mqtt-757f69fd8f-wbnh2 with latency 0.002 seconds
Received message from mqtt/iot-mqtt-757f69fd8f-6tx49 with latency 0.004 seconds
Received message from mqtt/iot-mqtt-757f69fd8f-gqzqb with latency 0.003 seconds
Received message from mqtt/iot-mqtt-757f69fd8f-j8xlv with latency 0.003 seconds
Received message from mqtt/iot-mqtt-757f69fd8f-zwl4z with latency 0.001 seconds
Received message from mqtt/iot-mqtt-757f69fd8f-7g2tf with latency 0.005 seconds
Received message from mqtt/iot-mqtt-757f69fd8f-n45kk with latency 0.013 seconds
Received message from mqtt/iot-mqtt-757f69fd8f-6tx49 with latency 0.002 seconds
Received message from mqtt/iot-mqtt-757f69fd8f-gqzqb with latency 0.004 seconds
Received message from mqtt/iot-mqtt-757f69fd8f-j8xlv with latency 0.004 seconds
Received message from mqtt/iot-mqtt-757f69fd8f-zwl4z with latency 0.002 seconds
Received message from mqtt/iot-mqtt-757f69fd8f-7g2tf with latency 0.003 seconds
Received message from mqtt/iot-mqtt-757f69fd8f-n45kk with latency 0.003 seconds
Received message from mqtt/iot-mqtt-757f69fd8f-wbnh2 with latency 0.002 seconds
Received message from mqtt/iot-mqtt-757f69fd8f-6tx49 with latency 0.004 seconds
Received message from mqtt/iot-mqtt-757f69fd8f-j8xlv with latency 0.004 seconds
Received message from mqtt/iot-mqtt-757f69fd8f-zwl4z with latency 0.002 seconds
Received message from mqtt/iot-mqtt-757f69fd8f-7g2tf with latency 0.004 seconds
Received message from mqtt/iot-mqtt-757f69fd8f-n45kk with latency 0.001 seconds
Received message from mqtt/iot-mqtt-757f69fd8f-lkrng with latency 0.003 seconds
Received message from mqtt/iot-mqtt-757f69fd8f-6tx49 with latency 0.002 seconds
Received message from mqtt/iot-mqtt-757f69fd8f-j8xlv with latency 0.001 seconds
Received message from mqtt/iot-mqtt-757f69fd8f-zwl4z with latency 0.003 seconds
Received message from mqtt/iot-mqtt-757f69fd8f-n45kk with latency 0.002 seconds
Received message from mqtt/iot-mqtt-757f69fd8f-wbnh2 with latency 0.001 seconds
Received message from mqtt/iot-mqtt-757f69fd8f-6tx49 with latency 0.002 seconds
Received message from mqtt/iot-mqtt-757f69fd8f-j8xlv with latency 0.002 seconds
Received message from mqtt/iot-mqtt-757f69fd8f-zwl4z with latency 0.001 seconds
Received message from mqtt/iot-mqtt-757f69fd8f-7g2tf with latency 0.003 seconds
Received message from mqtt/iot-mqtt-757f69fd8f-n45kk with latency 0.003 seconds
Received message from mqtt/iot-mqtt-757f69fd8f-wbnh2 with latency 0.002 seconds
Received message from mqtt/iot-mqtt-757f69fd8f-6tx49 with latency 0.001 seconds
Received message from mqtt/iot-mqtt-757f69fd8f-zwl4z with latency 0.003 seconds
Received message from mqtt/iot-mqtt-757f69fd8f-j8xlv with latency 0.001 seconds
Received message from mqtt/iot-mqtt-757f69fd8f-wbnh2 with latency 0.002 seconds
Received message from mqtt/iot-mqtt-757f69fd8f-zdtf8 with latency 0.002 seconds
Received message from mqtt/iot-mqtt-757f69fd8f-gqzqb with latency 0.003 seconds
Received message from mqtt/iot-mqtt-757f69fd8f-6tx49 with latency 0.001 seconds
Received message from mqtt/iot-mqtt-757f69fd8f-zwl4z with latency 0.001 seconds
Received message from mqtt/iot-mqtt-757f69fd8f-j8xlv with latency 0.002 seconds
Received message from mqtt/iot-mqtt-757f69fd8f-jfrtj with latency 0.003 seconds
Received message from mqtt/iot-mqtt-757f69fd8f-7g2tf with latency 0.002 seconds
Received message from mqtt/iot-mqtt-757f69fd8f-n45kk with latency 0.003 seconds
Received message from mqtt/iot-mqtt-757f69fd8f-wbnh2 with latency 0.002 seconds
Received message from mqtt/iot-mqtt-757f69fd8f-zdtf8 with latency 0.002 seconds
Received message from mqtt/iot-mqtt-757f69fd8f-gqzqb with latency 0.003 seconds
Received message from mqtt/iot-mqtt-757f69fd8f-6tx49 with latency 0.003 seconds
Received message from mqtt/iot-mqtt-757f69fd8f-zwl4z with latency 0.002 seconds
Received message from mqtt/iot-mqtt-757f69fd8f-j8xlv with latency 0.002 seconds
Received message from mqtt/iot-mqtt-757f69fd8f-7g2tf with latency 0.003 seconds
Received message from mqtt/iot-mqtt-757f69fd8f-wbnh2 with latency 0.003 seconds
Received message from mqtt/iot-mqtt-757f69fd8f-gqzqb with latency 0.001 seconds
Received message from mqtt/iot-mqtt-757f69fd8f-6tx49 with latency 0.001 seconds
Received message from mqtt/iot-mqtt-757f69fd8f-zwl4z with latency 0.003 seconds
Received message from mqtt/iot-mqtt-757f69fd8f-j8xlv with latency 0.003 seconds
Received message from mqtt/iot-mqtt-757f69fd8f-7g2tf with latency 0.002 seconds
Received message from mqtt/iot-mqtt-757f69fd8f-wbnh2 with latency 0.003 seconds
Received message from mqtt/iot-mqtt-757f69fd8f-zdtf8 with latency 0.002 seconds
Received message from mqtt/iot-mqtt-757f69fd8f-lkrng with latency 0.001 seconds
Received message from mqtt/iot-mqtt-757f69fd8f-6tx49 with latency 0.002 seconds
Received message from mqtt/iot-mqtt-757f69fd8f-zwl4z with latency 0.003 seconds
Received message from mqtt/iot-mqtt-757f69fd8f-j8xlv with latency 0.002 seconds
Received message from mqtt/iot-mqtt-757f69fd8f-7g2tf with latency 0.001 seconds
Received message from mqtt/iot-mqtt-757f69fd8f-zdtf8 with latency 0.003 seconds
Received message from mqtt/iot-mqtt-757f69fd8f-wbnh2 with latency 0.002 seconds
Received message from mqtt/iot-mqtt-757f69fd8f-gqzqb with latency 0.002 seconds
Received message from mqtt/iot-mqtt-757f69fd8f-6tx49 with latency 0.001 seconds
Received message from mqtt/iot-mqtt-757f69fd8f-j8xlv with latency 0.001 seconds
Received message from mqtt/iot-mqtt-757f69fd8f-7g2tf with latency 0.003 seconds
Received message from mqtt/iot-mqtt-757f69fd8f-zdtf8 with latency 0.003 seconds
Received message from mqtt/iot-mqtt-757f69fd8f-wbnh2 with latency 0.002 seconds
Received message from mqtt/iot-mqtt-757f69fd8f-lkrng with latency 0.003 seconds
Received message from mqtt/iot-mqtt-757f69fd8f-gqzqb with latency 0.004 seconds
Received message from mqtt/iot-mqtt-757f69fd8f-6tx49 with latency 0.001 seconds
Received message from mqtt/iot-mqtt-757f69fd8f-j8xlv with latency 0.001 seconds
Received message from mqtt/iot-mqtt-757f69fd8f-7g2tf with latency 0.003 seconds
Received message from mqtt/iot-mqtt-757f69fd8f-wbnh2 with latency 0.002 seconds
Received message from mqtt/iot-mqtt-757f69fd8f-lkrng with latency 0.001 seconds
Received message from mqtt/iot-mqtt-757f69fd8f-gqzqb with latency 0.001 seconds
Received message from mqtt/iot-mqtt-757f69fd8f-6tx49 with latency 0.003 seconds
Received message from mqtt/iot-mqtt-757f69fd8f-j8xlv with latency 0.001 seconds
Received message from mqtt/iot-mqtt-757f69fd8f-jfrtj with latency 0.004 seconds
Received message from mqtt/iot-mqtt-757f69fd8f-n45kk with latency 0.004 seconds
Received message from mqtt/iot-mqtt-757f69fd8f-7g2tf with latency 0.002 seconds
Received message from mqtt/iot-mqtt-757f69fd8f-wbnh2 with latency 0.003 seconds
Received message from mqtt/iot-mqtt-757f69fd8f-lkrng with latency 0.003 seconds
Received message from mqtt/iot-mqtt-757f69fd8f-6tx49 with latency 0.003 seconds
Received message from mqtt/iot-mqtt-757f69fd8f-j8xlv with latency 0.004 seconds
Received message from mqtt/iot-mqtt-757f69fd8f-jfrtj with latency 0.002 seconds
Received message from mqtt/iot-mqtt-757f69fd8f-n45kk with latency 0.001 seconds
Received message from mqtt/iot-mqtt-757f69fd8f-7g2tf with latency 0.002 seconds
Received message from mqtt/iot-mqtt-757f69fd8f-wbnh2 with latency 0.003 seconds
Received message from mqtt/iot-mqtt-757f69fd8f-lkrng with latency 0.002 seconds
Received message from mqtt/iot-mqtt-757f69fd8f-jfrtj with latency 0.003 seconds
[FAILURE] iot-mqtt-757f69fd8f-7g2tf is simulating a device failure. Stopping MQTT network loop for 40.0 seconds.
Received message from mqtt/iot-mqtt-757f69fd8f-n45kk with latency 0.002 seconds
[RECOVERY] iot-mqtt-757f69fd8f-7g2tf is back online and reconnecting to broker.
Connected to MQTT broker with result code 0
Received message from mqtt/iot-mqtt-757f69fd8f-7g2tf with latency 0.003 seconds
Received message from mqtt/iot-mqtt-757f69fd8f-n45kk with latency 0.003 seconds
Received message from mqtt/iot-mqtt-757f69fd8f-zdtf8 with latency 0.004 seconds
Received message from mqtt/iot-mqtt-757f69fd8f-lkrng with latency 0.004 seconds
Received message from mqtt/iot-mqtt-757f69fd8f-gqzqb with latency 0.003 seconds
Received message from mqtt/iot-mqtt-757f69fd8f-6tx49 with latency 0.004 seconds
Received message from mqtt/iot-mqtt-757f69fd8f-jfrtj with latency 0.004 seconds
Received message from mqtt/iot-mqtt-757f69fd8f-wbnh2 with latency 0.001 seconds
Received message from mqtt/iot-mqtt-757f69fd8f-zdtf8 with latency 0.001 seconds
Received message from mqtt/iot-mqtt-757f69fd8f-lkrng with latency 0.003 seconds
Received message from mqtt/iot-mqtt-757f69fd8f-gqzqb with latency 0.001 seconds
Received message from mqtt/iot-mqtt-757f69fd8f-6tx49 with latency 0.004 seconds
Received message from mqtt/iot-mqtt-757f69fd8f-j8xlv with latency 0.002 seconds
Received message from mqtt/iot-mqtt-757f69fd8f-jfrtj with latency 0.004 seconds
Received message from mqtt/iot-mqtt-757f69fd8f-7g2tf with latency 0.004 seconds
Received message from mqtt/iot-mqtt-757f69fd8f-zdtf8 with latency 0.003 seconds
Received message from mqtt/iot-mqtt-757f69fd8f-wbnh2 with latency 0.004 seconds
Received message from mqtt/iot-mqtt-757f69fd8f-lkrng with latency 0.003 seconds
Received message from mqtt/iot-mqtt-757f69fd8f-zwl4z with latency 0.002 seconds
Received message from mqtt/iot-mqtt-757f69fd8f-gqzqb with latency 0.001 seconds
Received message from mqtt/iot-mqtt-757f69fd8f-6tx49 with latency 0.003 seconds
Received message from mqtt/iot-mqtt-757f69fd8f-j8xlv with latency 0.003 seconds
Received message from mqtt/iot-mqtt-757f69fd8f-jfrtj with latency 0.003 seconds
Received message from mqtt/iot-mqtt-757f69fd8f-7g2tf with latency 0.003 seconds
Received message from mqtt/iot-mqtt-757f69fd8f-n45kk with latency 0.003 seconds
Received message from mqtt/iot-mqtt-757f69fd8f-zdtf8 with latency 0.004 seconds
Received message from mqtt/iot-mqtt-757f69fd8f-wbnh2 with latency 0.002 seconds
Received message from mqtt/iot-mqtt-757f69fd8f-lkrng with latency 0.001 seconds
Received message from mqtt/iot-mqtt-757f69fd8f-zwl4z with latency 0.002 seconds
Received message from mqtt/iot-mqtt-757f69fd8f-gqzqb with latency 0.002 seconds
Received message from mqtt/iot-mqtt-757f69fd8f-6tx49 with latency 0.002 seconds
Received message from mqtt/iot-mqtt-757f69fd8f-j8xlv with latency 0.005 seconds
Received message from mqtt/iot-mqtt-757f69fd8f-jfrtj with latency 0.004 seconds
Received message from mqtt/iot-mqtt-757f69fd8f-7g2tf with latency 0.002 seconds
Received message from mqtt/iot-mqtt-757f69fd8f-n45kk with latency 0.003 seconds
Received message from mqtt/iot-mqtt-757f69fd8f-zdtf8 with latency 0.003 seconds
Received message from mqtt/iot-mqtt-757f69fd8f-wbnh2 with latency 0.003 seconds
Received message from mqtt/iot-mqtt-757f69fd8f-lkrng with latency 0.004 seconds
Received message from mqtt/iot-mqtt-757f69fd8f-zwl4z with latency 0.003 seconds
Received message from mqtt/iot-mqtt-757f69fd8f-gqzqb with latency 0.003 seconds
Received message from mqtt/iot-mqtt-757f69fd8f-j8xlv with latency 0.002 seconds
Received message from mqtt/iot-mqtt-757f69fd8f-jfrtj with latency 0.002 seconds
Received message from mqtt/iot-mqtt-757f69fd8f-n45kk with latency 0.003 seconds
Received message from mqtt/iot-mqtt-757f69fd8f-7g2tf with latency 0.003 seconds
Received message from mqtt/iot-mqtt-757f69fd8f-zdtf8 with latency 0.001 seconds
Received message from mqtt/iot-mqtt-757f69fd8f-lkrng with latency 0.004 seconds
Received message from mqtt/iot-mqtt-757f69fd8f-zwl4z with latency 0.004 seconds
Received message from mqtt/iot-mqtt-757f69fd8f-gqzqb with latency 0.004 seconds
Received message from mqtt/iot-mqtt-757f69fd8f-j8xlv with latency 0.003 seconds
Received message from mqtt/iot-mqtt-757f69fd8f-7g2tf with latency 0.006 seconds
Received message from mqtt/iot-mqtt-757f69fd8f-n45kk with latency 0.002 seconds
Received message from mqtt/iot-mqtt-757f69fd8f-zdtf8 with latency 0.003 seconds
Received message from mqtt/iot-mqtt-757f69fd8f-lkrng with latency 0.002 seconds
Received message from mqtt/iot-mqtt-757f69fd8f-zwl4z with latency 0.002 seconds
Received message from mqtt/iot-mqtt-757f69fd8f-j8xlv with latency 0.003 seconds
Received message from mqtt/iot-mqtt-757f69fd8f-jfrtj with latency 0.004 seconds
Received message from mqtt/iot-mqtt-757f69fd8f-7g2tf with latency 0.001 seconds
Received message from mqtt/iot-mqtt-757f69fd8f-n45kk with latency 0.003 seconds
Received message from mqtt/iot-mqtt-757f69fd8f-wbnh2 with latency 0.004 seconds
Received message from mqtt/iot-mqtt-757f69fd8f-zdtf8 with latency 0.005 seconds
Received message from mqtt/iot-mqtt-757f69fd8f-gqzqb with latency 0.002 seconds
Received message from mqtt/iot-mqtt-757f69fd8f-j8xlv with latency 0.002 seconds
Received message from mqtt/iot-mqtt-757f69fd8f-n45kk with latency 0.003 seconds
Received message from mqtt/iot-mqtt-757f69fd8f-7g2tf with latency 0.002 seconds
Received message from mqtt/iot-mqtt-757f69fd8f-wbnh2 with latency 0.002 seconds
Received message from mqtt/iot-mqtt-757f69fd8f-zdtf8 with latency 0.003 seconds
Received message from mqtt/iot-mqtt-757f69fd8f-zwl4z with latency 0.002 seconds
Received message from mqtt/iot-mqtt-757f69fd8f-gqzqb with latency 0.003 seconds
Received message from mqtt/iot-mqtt-757f69fd8f-n45kk with latency 0.004 seconds
Received message from mqtt/iot-mqtt-757f69fd8f-7g2tf with latency 0.004 seconds
Received message from mqtt/iot-mqtt-757f69fd8f-wbnh2 with latency 0.001 seconds
Received message from mqtt/iot-mqtt-757f69fd8f-zdtf8 with latency 0.001 seconds
Received message from mqtt/iot-mqtt-757f69fd8f-zwl4z with latency 0.003 seconds
Received message from mqtt/iot-mqtt-757f69fd8f-6tx49 with latency 0.002 seconds
Received message from mqtt/iot-mqtt-757f69fd8f-gqzqb with latency 0.003 seconds
Received message from mqtt/iot-mqtt-757f69fd8f-j8xlv with latency 0.004 seconds
Received message from mqtt/iot-mqtt-757f69fd8f-7g2tf with latency 0.003 seconds
Received message from mqtt/iot-mqtt-757f69fd8f-wbnh2 with latency 0.003 seconds
Received message from mqtt/iot-mqtt-757f69fd8f-zdtf8 with latency 0.002 seconds
Received message from mqtt/iot-mqtt-757f69fd8f-zwl4z with latency 0.003 seconds
Received message from mqtt/iot-mqtt-757f69fd8f-6tx49 with latency 0.003 seconds
Received message from mqtt/iot-mqtt-757f69fd8f-gqzqb with latency 0.003 seconds
Received message from mqtt/iot-mqtt-757f69fd8f-j8xlv with latency 0.003 seconds
Received message from mqtt/iot-mqtt-757f69fd8f-7g2tf with latency 0.002 seconds
Received message from mqtt/iot-mqtt-757f69fd8f-n45kk with latency 0.001 seconds
Received message from mqtt/iot-mqtt-757f69fd8f-wbnh2 with latency 0.003 seconds
Received message from mqtt/iot-mqtt-757f69fd8f-zdtf8 with latency 0.001 seconds
Received message from mqtt/iot-mqtt-757f69fd8f-zwl4z with latency 0.004 seconds
Received message from mqtt/iot-mqtt-757f69fd8f-6tx49 with latency 0.002 seconds
Received message from mqtt/iot-mqtt-757f69fd8f-gqzqb with latency 0.002 seconds
Received message from mqtt/iot-mqtt-757f69fd8f-j8xlv with latency 0.003 seconds
Received message from mqtt/iot-mqtt-757f69fd8f-7g2tf with latency 0.002 seconds
Received message from mqtt/iot-mqtt-757f69fd8f-n45kk with latency 0.002 seconds
Received message from mqtt/iot-mqtt-757f69fd8f-wbnh2 with latency 0.001 seconds
Received message from mqtt/iot-mqtt-757f69fd8f-zdtf8 with latency 0.001 seconds
Received message from mqtt/iot-mqtt-757f69fd8f-lkrng with latency 0.001 seconds
Received message from mqtt/iot-mqtt-757f69fd8f-zwl4z with latency 0.001 seconds
Received message from mqtt/iot-mqtt-757f69fd8f-6tx49 with latency 0.002 seconds
Received message from mqtt/iot-mqtt-757f69fd8f-gqzqb with latency 0.003 seconds
Received message from mqtt/iot-mqtt-757f69fd8f-jfrtj with latency 0.002 seconds
Received message from mqtt/iot-mqtt-757f69fd8f-7g2tf with latency 0.003 seconds
Received message from mqtt/iot-mqtt-757f69fd8f-n45kk with latency 0.002 seconds
Received message from mqtt/iot-mqtt-757f69fd8f-wbnh2 with latency 0.004 seconds
Received message from mqtt/iot-mqtt-757f69fd8f-zdtf8 with latency 0.001 seconds
Received message from mqtt/iot-mqtt-757f69fd8f-zwl4z with latency 0.003 seconds
Received message from mqtt/iot-mqtt-757f69fd8f-6tx49 with latency 0.004 seconds
Received message from mqtt/iot-mqtt-757f69fd8f-gqzqb with latency 0.004 seconds
Received message from mqtt/iot-mqtt-757f69fd8f-jfrtj with latency 0.004 seconds
[FAILURE] iot-mqtt-757f69fd8f-7g2tf is simulating a device failure. Stopping MQTT network loop for 40.0 seconds.
Received message from mqtt/iot-mqtt-757f69fd8f-n45kk with latency 0.001 seconds
[RECOVERY] iot-mqtt-757f69fd8f-7g2tf is back online and reconnecting to broker.
Connected to MQTT broker with result code 0
Received message from mqtt/iot-mqtt-757f69fd8f-n45kk with latency 0.003 seconds
Received message from mqtt/iot-mqtt-757f69fd8f-lkrng with latency 0.002 seconds
Received message from mqtt/iot-mqtt-757f69fd8f-zdtf8 with latency 0.002 seconds
Received message from mqtt/iot-mqtt-757f69fd8f-zwl4z with latency 0.001 seconds
Received message from mqtt/iot-mqtt-757f69fd8f-6tx49 with latency 0.001 seconds
Received message from mqtt/iot-mqtt-757f69fd8f-j8xlv with latency 0.003 seconds
Received message from mqtt/iot-mqtt-757f69fd8f-jfrtj with latency 0.004 seconds
Received message from mqtt/iot-mqtt-757f69fd8f-7g2tf with latency 0.001 seconds
Received message from mqtt/iot-mqtt-757f69fd8f-lkrng with latency 0.003 seconds
Received message from mqtt/iot-mqtt-757f69fd8f-zdtf8 with latency 0.003 seconds
Received message from mqtt/iot-mqtt-757f69fd8f-gqzqb with latency 0.003 seconds
Received message from mqtt/iot-mqtt-757f69fd8f-zwl4z with latency 0.002 seconds
Received message from mqtt/iot-mqtt-757f69fd8f-6tx49 with latency 0.003 seconds
Received message from mqtt/iot-mqtt-757f69fd8f-j8xlv with latency 0.002 seconds
Received message from mqtt/iot-mqtt-757f69fd8f-jfrtj with latency 0.003 seconds
Received message from mqtt/iot-mqtt-757f69fd8f-7g2tf with latency 0.002 seconds
Received message from mqtt/iot-mqtt-757f69fd8f-n45kk with latency 0.001 seconds
Received message from mqtt/iot-mqtt-757f69fd8f-lkrng with latency 0.003 seconds
Received message from mqtt/iot-mqtt-757f69fd8f-zdtf8 with latency 0.002 seconds
Received message from mqtt/iot-mqtt-757f69fd8f-gqzqb with latency 0.005 seconds
Received message from mqtt/iot-mqtt-757f69fd8f-zwl4z with latency 0.002 seconds
Received message from mqtt/iot-mqtt-757f69fd8f-j8xlv with latency 0.004 seconds
Received message from mqtt/iot-mqtt-757f69fd8f-6tx49 with latency 0.003 seconds
Received message from mqtt/iot-mqtt-757f69fd8f-jfrtj with latency 0.005 seconds
Received message from mqtt/iot-mqtt-757f69fd8f-7g2tf with latency 0.002 seconds
Received message from mqtt/iot-mqtt-757f69fd8f-wbnh2 with latency 0.004 seconds
Received message from mqtt/iot-mqtt-757f69fd8f-n45kk with latency 0.002 seconds
Received message from mqtt/iot-mqtt-757f69fd8f-zdtf8 with latency 0.003 seconds
Received message from mqtt/iot-mqtt-757f69fd8f-lkrng with latency 0.001 seconds
Received message from mqtt/iot-mqtt-757f69fd8f-gqzqb with latency 0.005 seconds
Received message from mqtt/iot-mqtt-757f69fd8f-zwl4z with latency 0.004 seconds
Received message from mqtt/iot-mqtt-757f69fd8f-j8xlv with latency 0.003 seconds
Received message from mqtt/iot-mqtt-757f69fd8f-6tx49 with latency 0.002 seconds
Received message from mqtt/iot-mqtt-757f69fd8f-wbnh2 with latency 0.004 seconds
Received message from mqtt/iot-mqtt-757f69fd8f-n45kk with latency 0.003 seconds
Received message from mqtt/iot-mqtt-757f69fd8f-zdtf8 with latency 0.004 seconds
Received message from mqtt/iot-mqtt-757f69fd8f-gqzqb with latency 0.004 seconds
Received message from mqtt/iot-mqtt-757f69fd8f-6tx49 with latency 0.002 seconds
Received message from mqtt/iot-mqtt-757f69fd8f-jfrtj with latency 0.000 seconds
Received message from mqtt/iot-mqtt-757f69fd8f-7g2tf with latency 0.002 seconds
Received message from mqtt/iot-mqtt-757f69fd8f-n45kk with latency 0.002 seconds
Received message from mqtt/iot-mqtt-757f69fd8f-wbnh2 with latency 0.002 seconds
Received message from mqtt/iot-mqtt-757f69fd8f-zdtf8 with latency 0.003 seconds
Received message from mqtt/iot-mqtt-757f69fd8f-gqzqb with latency 0.002 seconds
Received message from mqtt/iot-mqtt-757f69fd8f-jfrtj with latency 0.001 seconds
Received message from mqtt/iot-mqtt-757f69fd8f-7g2tf with latency 0.003 seconds
Received message from mqtt/iot-mqtt-757f69fd8f-n45kk with latency 0.010 seconds
Received message from mqtt/iot-mqtt-757f69fd8f-wbnh2 with latency 0.003 seconds
Received message from mqtt/iot-mqtt-757f69fd8f-zdtf8 with latency 0.002 seconds
Received message from mqtt/iot-mqtt-757f69fd8f-6tx49 with latency 0.002 seconds
Received message from mqtt/iot-mqtt-757f69fd8f-7g2tf with latency 0.003 seconds
Received message from mqtt/iot-mqtt-757f69fd8f-n45kk with latency 0.002 seconds
Received message from mqtt/iot-mqtt-757f69fd8f-wbnh2 with latency 0.002 seconds
Received message from mqtt/iot-mqtt-757f69fd8f-zdtf8 with latency 0.002 seconds
Received message from mqtt/iot-mqtt-757f69fd8f-jfrtj with latency 0.002 seconds
Received message from mqtt/iot-mqtt-757f69fd8f-7g2tf with latency 0.002 seconds
Received message from mqtt/iot-mqtt-757f69fd8f-n45kk with latency 0.004 seconds
Received message from mqtt/iot-mqtt-757f69fd8f-wbnh2 with latency 0.002 seconds
Received message from mqtt/iot-mqtt-757f69fd8f-zdtf8 with latency 0.002 seconds
Received message from mqtt/iot-mqtt-757f69fd8f-6tx49 with latency 0.001 seconds
Received message from mqtt/iot-mqtt-757f69fd8f-jfrtj with latency 0.003 seconds
Received message from mqtt/iot-mqtt-757f69fd8f-7g2tf with latency 0.002 seconds
Received message from mqtt/iot-mqtt-757f69fd8f-n45kk with latency 0.002 seconds
Received message from mqtt/iot-mqtt-757f69fd8f-wbnh2 with latency 0.004 seconds
Received message from mqtt/iot-mqtt-757f69fd8f-lkrng with latency 0.002 seconds
Received message from mqtt/iot-mqtt-757f69fd8f-zdtf8 with latency 0.002 seconds
Received message from mqtt/iot-mqtt-757f69fd8f-zwl4z with latency 0.002 seconds
Received message from mqtt/iot-mqtt-757f69fd8f-jfrtj with latency 0.002 seconds
Received message from mqtt/iot-mqtt-757f69fd8f-7g2tf with latency 0.001 seconds
Received message from mqtt/iot-mqtt-757f69fd8f-n45kk with latency 0.001 seconds
Received message from mqtt/iot-mqtt-757f69fd8f-wbnh2 with latency 0.001 seconds
Received message from mqtt/iot-mqtt-757f69fd8f-lkrng with latency 0.002 seconds
Received message from mqtt/iot-mqtt-757f69fd8f-zdtf8 with latency 0.002 seconds
Received message from mqtt/iot-mqtt-757f69fd8f-zwl4z with latency 0.002 seconds
Received message from mqtt/iot-mqtt-757f69fd8f-7g2tf with latency 0.002 seconds
Received message from mqtt/iot-mqtt-757f69fd8f-jfrtj with latency 0.002 seconds
Received message from mqtt/iot-mqtt-757f69fd8f-n45kk with latency 0.003 seconds
Received message from mqtt/iot-mqtt-757f69fd8f-wbnh2 with latency 0.002 seconds
Received message from mqtt/iot-mqtt-757f69fd8f-lkrng with latency 0.002 seconds
Received message from mqtt/iot-mqtt-757f69fd8f-zdtf8 with latency 0.002 seconds
Received message from mqtt/iot-mqtt-757f69fd8f-gqzqb with latency 0.002 seconds
Received message from mqtt/iot-mqtt-757f69fd8f-zwl4z with latency 0.002 seconds
Received message from mqtt/iot-mqtt-757f69fd8f-7g2tf with latency 0.002 seconds
Received message from mqtt/iot-mqtt-757f69fd8f-jfrtj with latency 0.001 seconds
Received message from mqtt/iot-mqtt-757f69fd8f-lkrng with latency 0.002 seconds
Received message from mqtt/iot-mqtt-757f69fd8f-wbnh2 with latency 0.002 seconds
Received message from mqtt/iot-mqtt-757f69fd8f-zdtf8 with latency 0.001 seconds
Received message from mqtt/iot-mqtt-757f69fd8f-zwl4z with latency 0.002 seconds
Received message from mqtt/iot-mqtt-757f69fd8f-7g2tf with latency 0.002 seconds
Received message from mqtt/iot-mqtt-757f69fd8f-jfrtj with latency 0.001 seconds
Received message from mqtt/iot-mqtt-757f69fd8f-lkrng with latency 0.001 seconds
Received message from mqtt/iot-mqtt-757f69fd8f-wbnh2 with latency 0.002 seconds
Received message from mqtt/iot-mqtt-757f69fd8f-zdtf8 with latency 0.001 seconds
Received message from mqtt/iot-mqtt-757f69fd8f-j8xlv with latency 0.002 seconds
Received message from mqtt/iot-mqtt-757f69fd8f-gqzqb with latency 0.001 seconds
Received message from mqtt/iot-mqtt-757f69fd8f-zwl4z with latency 0.001 seconds
Received message from mqtt/iot-mqtt-757f69fd8f-7g2tf with latency 0.002 seconds
Received message from mqtt/iot-mqtt-757f69fd8f-jfrtj with latency 0.001 seconds
Received message from mqtt/iot-mqtt-757f69fd8f-lkrng with latency 0.002 seconds
Received message from mqtt/iot-mqtt-757f69fd8f-zdtf8 with latency 0.002 seconds
Received message from mqtt/iot-mqtt-757f69fd8f-j8xlv with latency 0.002 seconds
Received message from mqtt/iot-mqtt-757f69fd8f-gqzqb with latency 0.002 seconds
Received message from mqtt/iot-mqtt-757f69fd8f-zwl4z with latency 0.001 seconds
Received message from mqtt/iot-mqtt-757f69fd8f-6tx49 with latency 0.001 seconds
Received message from mqtt/iot-mqtt-757f69fd8f-7g2tf with latency 0.001 seconds
Received message from mqtt/iot-mqtt-757f69fd8f-jfrtj with latency 0.001 seconds
Received message from mqtt/iot-mqtt-757f69fd8f-wbnh2 with latency 0.002 seconds
Received message from mqtt/iot-mqtt-757f69fd8f-lkrng with latency 0.001 seconds
Received message from mqtt/iot-mqtt-757f69fd8f-j8xlv with latency 0.001 seconds
Received message from mqtt/iot-mqtt-757f69fd8f-gqzqb with latency 0.003 seconds
Received message from mqtt/iot-mqtt-757f69fd8f-zwl4z with latency 0.001 seconds
Received message from mqtt/iot-mqtt-757f69fd8f-6tx49 with latency 0.003 seconds
Received message from mqtt/iot-mqtt-757f69fd8f-7g2tf with latency 0.002 seconds
Received message from mqtt/iot-mqtt-757f69fd8f-lkrng with latency 0.003 seconds
Received message from mqtt/iot-mqtt-757f69fd8f-j8xlv with latency 0.002 seconds
Received message from mqtt/iot-mqtt-757f69fd8f-gqzqb with latency 0.001 seconds
Received message from mqtt/iot-mqtt-757f69fd8f-zwl4z with latency 0.003 seconds
Received message from mqtt/iot-mqtt-757f69fd8f-6tx49 with latency 0.002 seconds
Received message from mqtt/iot-mqtt-757f69fd8f-7g2tf with latency 0.003 seconds
Received message from mqtt/iot-mqtt-757f69fd8f-jfrtj with latency 0.002 seconds
Received message from mqtt/iot-mqtt-757f69fd8f-n45kk with latency 0.002 seconds
Received message from mqtt/iot-mqtt-757f69fd8f-wbnh2 with latency 0.003 seconds
Received message from mqtt/iot-mqtt-757f69fd8f-lkrng with latency 0.002 seconds
Received message from mqtt/iot-mqtt-757f69fd8f-zdtf8 with latency 0.002 seconds
Received message from mqtt/iot-mqtt-757f69fd8f-j8xlv with latency 0.001 seconds
Received message from mqtt/iot-mqtt-757f69fd8f-zwl4z with latency 0.003 seconds
Received message from mqtt/iot-mqtt-757f69fd8f-gqzqb with latency 0.002 seconds
Received message from mqtt/iot-mqtt-757f69fd8f-6tx49 with latency 0.002 seconds
Received message from mqtt/iot-mqtt-757f69fd8f-n45kk with latency 0.002 seconds
Received message from mqtt/iot-mqtt-757f69fd8f-wbnh2 with latency 0.002 seconds
Received message from mqtt/iot-mqtt-757f69fd8f-lkrng with latency 0.001 seconds
Received message from mqtt/iot-mqtt-757f69fd8f-j8xlv with latency 0.002 seconds
Received message from mqtt/iot-mqtt-757f69fd8f-zdtf8 with latency 0.001 seconds
Received message from mqtt/iot-mqtt-757f69fd8f-gqzqb with latency 0.001 seconds
Received message from mqtt/iot-mqtt-757f69fd8f-jfrtj with latency 0.002 seconds
Received message from mqtt/iot-mqtt-757f69fd8f-7g2tf with latency 0.001 seconds
Received message from mqtt/iot-mqtt-757f69fd8f-n45kk with latency 0.001 seconds
Received message from mqtt/iot-mqtt-757f69fd8f-wbnh2 with latency 0.002 seconds
Received message from mqtt/iot-mqtt-757f69fd8f-lkrng with latency 0.002 seconds
Received message from mqtt/iot-mqtt-757f69fd8f-zdtf8 with latency 0.002 seconds
Received message from mqtt/iot-mqtt-757f69fd8f-j8xlv with latency 0.002 seconds
Received message from mqtt/iot-mqtt-757f69fd8f-zwl4z with latency 0.002 seconds
Received message from mqtt/iot-mqtt-757f69fd8f-gqzqb with latency 0.001 seconds
Received message from mqtt/iot-mqtt-757f69fd8f-6tx49 with latency 0.002 seconds
Received message from mqtt/iot-mqtt-757f69fd8f-jfrtj with latency 0.003 seconds
Received message from mqtt/iot-mqtt-757f69fd8f-7g2tf with latency 0.001 seconds
Received message from mqtt/iot-mqtt-757f69fd8f-n45kk with latency 0.002 seconds
Received message from mqtt/iot-mqtt-757f69fd8f-wbnh2 with latency 0.001 seconds
Received message from mqtt/iot-mqtt-757f69fd8f-zdtf8 with latency 0.001 seconds
Received message from mqtt/iot-mqtt-757f69fd8f-j8xlv with latency 0.001 seconds
Received message from mqtt/iot-mqtt-757f69fd8f-zwl4z with latency 0.002 seconds
Received message from mqtt/iot-mqtt-757f69fd8f-gqzqb with latency 0.002 seconds
Received message from mqtt/iot-mqtt-757f69fd8f-6tx49 with latency 0.002 seconds
Received message from mqtt/iot-mqtt-757f69fd8f-7g2tf with latency 0.002 seconds
Received message from mqtt/iot-mqtt-757f69fd8f-jfrtj with latency 0.002 seconds
Received message from mqtt/iot-mqtt-757f69fd8f-wbnh2 with latency 0.001 seconds
Received message from mqtt/iot-mqtt-757f69fd8f-zdtf8 with latency 0.001 seconds
Received message from mqtt/iot-mqtt-757f69fd8f-j8xlv with latency 0.001 seconds
Received message from mqtt/iot-mqtt-757f69fd8f-gqzqb with latency 0.001 seconds
Received message from mqtt/iot-mqtt-757f69fd8f-6tx49 with latency 0.003 seconds
Received message from mqtt/iot-mqtt-757f69fd8f-7g2tf with latency 0.002 seconds
Received message from mqtt/iot-mqtt-757f69fd8f-n45kk with latency 0.002 seconds
Received message from mqtt/iot-mqtt-757f69fd8f-wbnh2 with latency 0.002 seconds
Received message from mqtt/iot-mqtt-757f69fd8f-zdtf8 with latency 0.002 seconds
Received message from mqtt/iot-mqtt-757f69fd8f-j8xlv with latency 0.002 seconds
Received message from mqtt/iot-mqtt-757f69fd8f-gqzqb with latency 0.003 seconds
Received message from mqtt/iot-mqtt-757f69fd8f-6tx49 with latency 0.001 seconds
Received message from mqtt/iot-mqtt-757f69fd8f-jfrtj with latency 0.003 seconds
Received message from mqtt/iot-mqtt-757f69fd8f-7g2tf with latency 0.002 seconds
Received message from mqtt/iot-mqtt-757f69fd8f-n45kk with latency 0.004 seconds
