/app/mqtt_device.py:16: DeprecationWarning: Callback API version 1 is deprecated, update to latest version
  mqtt_client = mqtt.Client()
 * Serving Flask app 'mqtt_device'
 * Debug mode: off
[31m[1mWARNING: This is a development server. Do not use it in a production deployment. Use a production WSGI server instead.[0m
 * Running on all addresses (0.0.0.0)
 * Running on http://127.0.0.1:5000
 * Running on http://10.244.2.240:5000
[33mPress CTRL+C to quit[0m
Connected to MQTT broker with result code 0
Received message from mqtt/iot-mqtt-757f69fd8f-5nbgr with latency 0.000 seconds
Received message from mqtt/iot-mqtt-757f69fd8f-z77vm with latency 0.003 seconds
Received message from mqtt/iot-mqtt-757f69fd8f-cntcp with latency 0.002 seconds
Received message from mqtt/iot-mqtt-757f69fd8f-pk6sl with latency 0.002 seconds
Received message from mqtt/iot-mqtt-757f69fd8f-5nbgr with latency 0.007 seconds
Received message from mqtt/iot-mqtt-757f69fd8f-z77vm with latency 0.003 seconds
Received message from mqtt/iot-mqtt-757f69fd8f-cntcp with latency 0.002 seconds
Received message from mqtt/iot-mqtt-757f69fd8f-pk6sl with latency 0.001 seconds
Received message from mqtt/iot-mqtt-757f69fd8f-5nbgr with latency 0.003 seconds
Received message from mqtt/iot-mqtt-757f69fd8f-z77vm with latency 0.002 seconds
Received message from mqtt/iot-mqtt-757f69fd8f-cntcp with latency 0.003 seconds
Received message from mqtt/iot-mqtt-757f69fd8f-5nbgr with latency 0.003 seconds
Received message from mqtt/iot-mqtt-757f69fd8f-z77vm with latency 0.002 seconds
Received message from mqtt/iot-mqtt-757f69fd8f-cntcp with latency 0.002 seconds
Received message from mqtt/iot-mqtt-757f69fd8f-pk6sl with latency 0.003 seconds
Received message from mqtt/iot-mqtt-757f69fd8f-5nbgr with latency 0.002 seconds
Received message from mqtt/iot-mqtt-757f69fd8f-pwx6d with latency 0.002 seconds
Received message from mqtt/iot-mqtt-757f69fd8f-cntcp with latency 0.001 seconds
Received message from mqtt/iot-mqtt-757f69fd8f-pk6sl with latency 0.003 seconds
Received message from mqtt/iot-mqtt-757f69fd8f-z77vm with latency 0.002 seconds
Received message from mqtt/iot-mqtt-757f69fd8f-pwx6d with latency 0.003 seconds
Received message from mqtt/iot-mqtt-757f69fd8f-cntcp with latency 0.002 seconds
Received message from mqtt/iot-mqtt-757f69fd8f-pk6sl with latency 0.001 seconds
Received message from mqtt/iot-mqtt-757f69fd8f-5nbgr with latency 0.002 seconds
Received message from mqtt/iot-mqtt-757f69fd8f-z77vm with latency 0.001 seconds
Received message from mqtt/iot-mqtt-757f69fd8f-pwx6d with latency 0.002 seconds
Received message from mqtt/iot-mqtt-757f69fd8f-cntcp with latency 0.002 seconds
Received message from mqtt/iot-mqtt-757f69fd8f-pk6sl with latency 0.003 seconds
Received message from mqtt/iot-mqtt-757f69fd8f-5nbgr with latency 0.002 seconds
Received message from mqtt/iot-mqtt-757f69fd8f-z77vm with latency 0.002 seconds
Received message from mqtt/iot-mqtt-757f69fd8f-pwx6d with latency 0.002 seconds
Received message from mqtt/iot-mqtt-757f69fd8f-cntcp with latency 0.001 seconds
Received message from mqtt/iot-mqtt-757f69fd8f-pk6sl with latency 0.002 seconds
Received message from mqtt/iot-mqtt-757f69fd8f-5nbgr with latency 0.002 seconds
Received message from mqtt/iot-mqtt-757f69fd8f-z77vm with latency 0.002 seconds
Received message from mqtt/iot-mqtt-757f69fd8f-pwx6d with latency 0.002 seconds
Received message from mqtt/iot-mqtt-757f69fd8f-pk6sl with latency 0.002 seconds
Received message from mqtt/iot-mqtt-757f69fd8f-5nbgr with latency 0.002 seconds
Received message from mqtt/iot-mqtt-757f69fd8f-z77vm with latency 0.002 seconds
Received message from mqtt/iot-mqtt-757f69fd8f-pwx6d with latency 0.005 seconds
Received message from mqtt/iot-mqtt-757f69fd8f-pk6sl with latency 0.002 seconds
Received message from mqtt/iot-mqtt-757f69fd8f-5nbgr with latency 0.002 seconds
Received message from mqtt/iot-mqtt-757f69fd8f-z77vm with latency 0.002 seconds
Received message from mqtt/iot-mqtt-757f69fd8f-pwx6d with latency 0.001 seconds
Received message from mqtt/iot-mqtt-757f69fd8f-pk6sl with latency 0.002 seconds
Received message from mqtt/iot-mqtt-757f69fd8f-5nbgr with latency 0.002 seconds
Received message from mqtt/iot-mqtt-757f69fd8f-z77vm with latency 0.003 seconds
Received message from mqtt/iot-mqtt-757f69fd8f-pwx6d with latency 0.002 seconds
Received message from mqtt/iot-mqtt-757f69fd8f-pk6sl with latency 0.001 seconds
Received message from mqtt/iot-mqtt-757f69fd8f-5nbgr with latency 0.002 seconds
Received message from mqtt/iot-mqtt-757f69fd8f-z77vm with latency 0.002 seconds
Received message from mqtt/iot-mqtt-757f69fd8f-pwx6d with latency 0.002 seconds
Received message from mqtt/iot-mqtt-757f69fd8f-pk6sl with latency 0.003 seconds
Received message from mqtt/iot-mqtt-757f69fd8f-5nbgr with latency 0.002 seconds
Received message from mqtt/iot-mqtt-757f69fd8f-z77vm with latency 0.002 seconds
Received message from mqtt/iot-mqtt-757f69fd8f-pwx6d with latency 0.001 seconds
Received message from mqtt/iot-mqtt-757f69fd8f-pk6sl with latency 0.002 seconds
Received message from mqtt/iot-mqtt-757f69fd8f-z77vm with latency 0.005 seconds
Received message from mqtt/iot-mqtt-757f69fd8f-pwx6d with latency 0.002 seconds
Received message from mqtt/iot-mqtt-757f69fd8f-cntcp with latency 0.002 seconds
Received message from mqtt/iot-mqtt-757f69fd8f-pk6sl with latency 0.002 seconds
Received message from mqtt/iot-mqtt-757f69fd8f-5nbgr with latency 0.002 seconds
Received message from mqtt/iot-mqtt-757f69fd8f-z77vm with latency 0.002 seconds
Received message from mqtt/iot-mqtt-757f69fd8f-pwx6d with latency 0.002 seconds
Received message from mqtt/iot-mqtt-757f69fd8f-cntcp with latency 0.002 seconds
Received message from mqtt/iot-mqtt-757f69fd8f-pk6sl with latency 0.001 seconds
[FAILURE] iot-mqtt-757f69fd8f-5nbgr is simulating a device failure. Stopping MQTT network loop for 40.0 seconds.
[RECOVERY] iot-mqtt-757f69fd8f-5nbgr is back online and reconnecting to broker.
Connected to MQTT broker with result code 0
Received message from mqtt/iot-mqtt-757f69fd8f-z77vm with latency 0.002 seconds
Received message from mqtt/iot-mqtt-757f69fd8f-cntcp with latency 0.004 seconds
Received message from mqtt/iot-mqtt-757f69fd8f-pwx6d with latency 0.001 seconds
Received message from mqtt/iot-mqtt-757f69fd8f-pk6sl with latency 0.001 seconds
Received message from mqtt/iot-mqtt-757f69fd8f-5nbgr with latency 0.002 seconds
Received message from mqtt/iot-mqtt-757f69fd8f-z77vm with latency 0.001 seconds
Received message from mqtt/iot-mqtt-757f69fd8f-cntcp with latency 0.001 seconds
Received message from mqtt/iot-mqtt-757f69fd8f-pwx6d with latency 0.002 seconds
Received message from mqtt/iot-mqtt-757f69fd8f-pk6sl with latency 0.003 seconds
Received message from mqtt/iot-mqtt-757f69fd8f-5nbgr with latency 0.001 seconds
Received message from mqtt/iot-mqtt-757f69fd8f-z77vm with latency 0.003 seconds
Received message from mqtt/iot-mqtt-757f69fd8f-cntcp with latency 0.003 seconds
Received message from mqtt/iot-mqtt-757f69fd8f-pwx6d with latency 0.003 seconds
Received message from mqtt/iot-mqtt-757f69fd8f-pk6sl with latency 0.001 seconds
Received message from mqtt/iot-mqtt-757f69fd8f-5nbgr with latency 0.003 seconds
Received message from mqtt/iot-mqtt-757f69fd8f-cntcp with latency 0.003 seconds
Received message from mqtt/iot-mqtt-757f69fd8f-pwx6d with latency 0.002 seconds
Received message from mqtt/iot-mqtt-757f69fd8f-pk6sl with latency 0.001 seconds
Received message from mqtt/iot-mqtt-757f69fd8f-5nbgr with latency 0.002 seconds
Received message from mqtt/iot-mqtt-757f69fd8f-z77vm with latency 0.002 seconds
Received message from mqtt/iot-mqtt-757f69fd8f-cntcp with latency 0.011 seconds
Received message from mqtt/iot-mqtt-757f69fd8f-pwx6d with latency 0.002 seconds
Received message from mqtt/iot-mqtt-757f69fd8f-pk6sl with latency 0.003 seconds
Received message from mqtt/iot-mqtt-757f69fd8f-z77vm with latency 0.003 seconds
Received message from mqtt/iot-mqtt-757f69fd8f-pwx6d with latency 0.003 seconds
Received message from mqtt/iot-mqtt-757f69fd8f-pk6sl with latency 0.002 seconds
Received message from mqtt/iot-mqtt-757f69fd8f-5nbgr with latency 0.003 seconds
Received message from mqtt/iot-mqtt-757f69fd8f-z77vm with latency 0.002 seconds
Received message from mqtt/iot-mqtt-757f69fd8f-pwx6d with latency 0.002 seconds
Received message from mqtt/iot-mqtt-757f69fd8f-5nbgr with latency 0.002 seconds
Received message from mqtt/iot-mqtt-757f69fd8f-z77vm with latency 0.002 seconds
Received message from mqtt/iot-mqtt-757f69fd8f-pk6sl with latency 0.002 seconds
Received message from mqtt/iot-mqtt-757f69fd8f-5nbgr with latency 0.002 seconds
Received message from mqtt/iot-mqtt-757f69fd8f-z77vm with latency 0.002 seconds
Received message from mqtt/iot-mqtt-757f69fd8f-pk6sl with latency 0.003 seconds
Received message from mqtt/iot-mqtt-757f69fd8f-5nbgr with latency 0.002 seconds
Received message from mqtt/iot-mqtt-757f69fd8f-z77vm with latency 0.003 seconds
Received message from mqtt/iot-mqtt-757f69fd8f-pk6sl with latency 0.002 seconds
Received message from mqtt/iot-mqtt-757f69fd8f-5nbgr with latency 0.002 seconds
Received message from mqtt/iot-mqtt-757f69fd8f-z77vm with latency 0.001 seconds
Received message from mqtt/iot-mqtt-757f69fd8f-cntcp with latency 0.001 seconds
Received message from mqtt/iot-mqtt-757f69fd8f-5nbgr with latency 0.002 seconds
Received message from mqtt/iot-mqtt-757f69fd8f-z77vm with latency 0.001 seconds
Received message from mqtt/iot-mqtt-757f69fd8f-cntcp with latency 0.002 seconds
Received message from mqtt/iot-mqtt-757f69fd8f-5nbgr with latency 0.001 seconds
Received message from mqtt/iot-mqtt-757f69fd8f-z77vm with latency 0.096 seconds
Received message from mqtt/iot-mqtt-757f69fd8f-pwx6d with latency 0.002 seconds
Received message from mqtt/iot-mqtt-757f69fd8f-5nbgr with latency 0.003 seconds
Received message from mqtt/iot-mqtt-757f69fd8f-z77vm with latency 0.002 seconds
Received message from mqtt/iot-mqtt-757f69fd8f-cntcp with latency 0.003 seconds
Received message from mqtt/iot-mqtt-757f69fd8f-pwx6d with latency 0.002 seconds
Received message from mqtt/iot-mqtt-757f69fd8f-5nbgr with latency 0.001 seconds
Received message from mqtt/iot-mqtt-757f69fd8f-z77vm with latency 0.002 seconds
Received message from mqtt/iot-mqtt-757f69fd8f-cntcp with latency 0.002 seconds
Received message from mqtt/iot-mqtt-757f69fd8f-pwx6d with latency 0.002 seconds
Received message from mqtt/iot-mqtt-757f69fd8f-5nbgr with latency 0.001 seconds
Received message from mqtt/iot-mqtt-757f69fd8f-z77vm with latency 0.001 seconds
Received message from mqtt/iot-mqtt-757f69fd8f-cntcp with latency 0.002 seconds
Received message from mqtt/iot-mqtt-757f69fd8f-pwx6d with latency 0.002 seconds
Received message from mqtt/iot-mqtt-757f69fd8f-5nbgr with latency 0.001 seconds
Received message from mqtt/iot-mqtt-757f69fd8f-z77vm with latency 0.004 seconds
Received message from mqtt/iot-mqtt-757f69fd8f-cntcp with latency 0.002 seconds
Received message from mqtt/iot-mqtt-757f69fd8f-5nbgr with latency 0.002 seconds
Received message from mqtt/iot-mqtt-757f69fd8f-z77vm with latency 0.002 seconds
Received message from mqtt/iot-mqtt-757f69fd8f-cntcp with latency 0.002 seconds
Received message from mqtt/iot-mqtt-757f69fd8f-pwx6d with latency 0.001 seconds
Received message from mqtt/iot-mqtt-757f69fd8f-5nbgr with latency 0.001 seconds
Received message from mqtt/iot-mqtt-757f69fd8f-z77vm with latency 0.001 seconds
Received message from mqtt/iot-mqtt-757f69fd8f-cntcp with latency 0.002 seconds
Received message from mqtt/iot-mqtt-757f69fd8f-pwx6d with latency 0.002 seconds
Received message from mqtt/iot-mqtt-757f69fd8f-5nbgr with latency 0.001 seconds
Received message from mqtt/iot-mqtt-757f69fd8f-z77vm with latency 0.001 seconds
Received message from mqtt/iot-mqtt-757f69fd8f-pwx6d with latency 0.001 seconds
Received message from mqtt/iot-mqtt-757f69fd8f-5nbgr with latency 0.001 seconds
Received message from mqtt/iot-mqtt-757f69fd8f-z77vm with latency 0.002 seconds
Received message from mqtt/iot-mqtt-757f69fd8f-cntcp with latency 0.002 seconds
Received message from mqtt/iot-mqtt-757f69fd8f-pwx6d with latency 0.002 seconds
Received message from mqtt/iot-mqtt-757f69fd8f-pk6sl with latency 0.001 seconds
Received message from mqtt/iot-mqtt-757f69fd8f-5nbgr with latency 0.001 seconds
Received message from mqtt/iot-mqtt-757f69fd8f-z77vm with latency 0.001 seconds
Received message from mqtt/iot-mqtt-757f69fd8f-cntcp with latency 0.002 seconds
Received message from mqtt/iot-mqtt-757f69fd8f-pwx6d with latency 0.001 seconds
Received message from mqtt/iot-mqtt-757f69fd8f-pk6sl with latency 0.001 seconds
Received message from mqtt/iot-mqtt-757f69fd8f-z77vm with latency 0.001 seconds
Received message from mqtt/iot-mqtt-757f69fd8f-cntcp with latency 0.002 seconds
Received message from mqtt/iot-mqtt-757f69fd8f-pwx6d with latency 0.001 seconds
Received message from mqtt/iot-mqtt-757f69fd8f-pk6sl with latency 0.001 seconds
Received message from mqtt/iot-mqtt-757f69fd8f-5nbgr with latency 0.002 seconds
Received message from mqtt/iot-mqtt-757f69fd8f-z77vm with latency 0.002 seconds
Received message from mqtt/iot-mqtt-757f69fd8f-cntcp with latency 0.002 seconds
Received message from mqtt/iot-mqtt-757f69fd8f-pwx6d with latency 0.002 seconds
Received message from mqtt/iot-mqtt-757f69fd8f-pk6sl with latency 0.001 seconds
Received message from mqtt/iot-mqtt-757f69fd8f-5nbgr with latency 0.009 seconds
Received message from mqtt/iot-mqtt-757f69fd8f-z77vm with latency 0.002 seconds
Received message from mqtt/iot-mqtt-757f69fd8f-cntcp with latency 0.002 seconds
Received message from mqtt/iot-mqtt-757f69fd8f-pwx6d with latency 0.002 seconds
Received message from mqtt/iot-mqtt-757f69fd8f-pk6sl with latency 0.002 seconds
Received message from mqtt/iot-mqtt-757f69fd8f-5nbgr with latency 0.001 seconds
Received message from mqtt/iot-mqtt-757f69fd8f-z77vm with latency 0.002 seconds
Received message from mqtt/iot-mqtt-757f69fd8f-pwx6d with latency 0.001 seconds
Received message from mqtt/iot-mqtt-757f69fd8f-cntcp with latency 0.001 seconds
Received message from mqtt/iot-mqtt-757f69fd8f-pk6sl with latency 0.001 seconds
Received message from mqtt/iot-mqtt-757f69fd8f-5nbgr with latency 0.001 seconds
Received message from mqtt/iot-mqtt-757f69fd8f-z77vm with latency 0.002 seconds
Received message from mqtt/iot-mqtt-757f69fd8f-cntcp with latency 0.001 seconds
Received message from mqtt/iot-mqtt-757f69fd8f-pwx6d with latency 0.001 seconds
Received message from mqtt/iot-mqtt-757f69fd8f-pk6sl with latency 0.002 seconds
Received message from mqtt/iot-mqtt-757f69fd8f-5nbgr with latency 0.002 seconds
Received message from mqtt/iot-mqtt-757f69fd8f-z77vm with latency 0.001 seconds
Received message from mqtt/iot-mqtt-757f69fd8f-cntcp with latency 0.001 seconds
Received message from mqtt/iot-mqtt-757f69fd8f-pwx6d with latency 0.002 seconds
Received message from mqtt/iot-mqtt-757f69fd8f-pk6sl with latency 0.002 seconds
Received message from mqtt/iot-mqtt-757f69fd8f-5nbgr with latency 0.004 seconds
Received message from mqtt/iot-mqtt-757f69fd8f-z77vm with latency 0.002 seconds
Received message from mqtt/iot-mqtt-757f69fd8f-pk6sl with latency 0.002 seconds
Received message from mqtt/iot-mqtt-757f69fd8f-z77vm with latency 0.002 seconds
Received message from mqtt/iot-mqtt-757f69fd8f-cntcp with latency 0.002 seconds
Received message from mqtt/iot-mqtt-757f69fd8f-pwx6d with latency 0.002 seconds
Received message from mqtt/iot-mqtt-757f69fd8f-pk6sl with latency 0.002 seconds
Received message from mqtt/iot-mqtt-757f69fd8f-5nbgr with latency 0.002 seconds
Received message from mqtt/iot-mqtt-757f69fd8f-z77vm with latency 0.001 seconds
Received message from mqtt/iot-mqtt-757f69fd8f-cntcp with latency 0.001 seconds
Received message from mqtt/iot-mqtt-757f69fd8f-pk6sl with latency 0.001 seconds
Received message from mqtt/iot-mqtt-757f69fd8f-5nbgr with latency 0.001 seconds
Received message from mqtt/iot-mqtt-757f69fd8f-z77vm with latency 0.002 seconds
Received message from mqtt/iot-mqtt-757f69fd8f-cntcp with latency 0.001 seconds
Received message from mqtt/iot-mqtt-757f69fd8f-pk6sl with latency 0.002 seconds
Received message from mqtt/iot-mqtt-757f69fd8f-5nbgr with latency 0.002 seconds
Received message from mqtt/iot-mqtt-757f69fd8f-cntcp with latency 0.002 seconds
Received message from mqtt/iot-mqtt-757f69fd8f-pk6sl with latency 0.000 seconds
Received message from mqtt/iot-mqtt-757f69fd8f-5nbgr with latency 0.001 seconds
Received message from mqtt/iot-mqtt-757f69fd8f-z77vm with latency 0.002 seconds
Received message from mqtt/iot-mqtt-757f69fd8f-cntcp with latency 0.002 seconds
Received message from mqtt/iot-mqtt-757f69fd8f-pk6sl with latency 0.002 seconds
Received message from mqtt/iot-mqtt-757f69fd8f-5nbgr with latency 0.001 seconds
Received message from mqtt/iot-mqtt-757f69fd8f-cntcp with latency 0.002 seconds
Received message from mqtt/iot-mqtt-757f69fd8f-pk6sl with latency 0.002 seconds
Received message from mqtt/iot-mqtt-757f69fd8f-5nbgr with latency 0.001 seconds
Received message from mqtt/iot-mqtt-757f69fd8f-cntcp with latency 0.001 seconds
Received message from mqtt/iot-mqtt-757f69fd8f-pk6sl with latency 0.002 seconds
Received message from mqtt/iot-mqtt-757f69fd8f-5nbgr with latency 0.003 seconds
Received message from mqtt/iot-mqtt-757f69fd8f-pwx6d with latency 0.002 seconds
Received message from mqtt/iot-mqtt-757f69fd8f-pk6sl with latency 0.002 seconds
Received message from mqtt/iot-mqtt-757f69fd8f-5nbgr with latency 0.001 seconds
Received message from mqtt/iot-mqtt-757f69fd8f-pwx6d with latency 0.001 seconds
Received message from mqtt/iot-mqtt-757f69fd8f-pk6sl with latency 0.001 seconds
Received message from mqtt/iot-mqtt-757f69fd8f-5nbgr with latency 0.001 seconds
Received message from mqtt/iot-mqtt-757f69fd8f-pwx6d with latency 0.001 seconds
Received message from mqtt/iot-mqtt-757f69fd8f-5nbgr with latency 0.001 seconds
Received message from mqtt/iot-mqtt-757f69fd8f-z77vm with latency 0.002 seconds
Received message from mqtt/iot-mqtt-757f69fd8f-pwx6d with latency 0.001 seconds
Received message from mqtt/iot-mqtt-757f69fd8f-5nbgr with latency 0.005 seconds
Received message from mqtt/iot-mqtt-757f69fd8f-z77vm with latency 0.002 seconds
Received message from mqtt/iot-mqtt-757f69fd8f-pwx6d with latency 0.002 seconds
Received message from mqtt/iot-mqtt-757f69fd8f-z77vm with latency 0.002 seconds
Received message from mqtt/iot-mqtt-757f69fd8f-pwx6d with latency 0.002 seconds
Received message from mqtt/iot-mqtt-757f69fd8f-cntcp with latency 0.001 seconds
Received message from mqtt/iot-mqtt-757f69fd8f-5nbgr with latency 0.001 seconds
Received message from mqtt/iot-mqtt-757f69fd8f-z77vm with latency 0.002 seconds
Received message from mqtt/iot-mqtt-757f69fd8f-cntcp with latency 0.001 seconds
Received message from mqtt/iot-mqtt-757f69fd8f-5nbgr with latency 0.001 seconds
Received message from mqtt/iot-mqtt-757f69fd8f-cntcp with latency 0.001 seconds
Received message from mqtt/iot-mqtt-757f69fd8f-pk6sl with latency 0.003 seconds
Received message from mqtt/iot-mqtt-757f69fd8f-5nbgr with latency 0.002 seconds
Received message from mqtt/iot-mqtt-757f69fd8f-z77vm with latency 0.002 seconds
Received message from mqtt/iot-mqtt-757f69fd8f-cntcp with latency 0.003 seconds
Received message from mqtt/iot-mqtt-757f69fd8f-5nbgr with latency 0.002 seconds
Received message from mqtt/iot-mqtt-757f69fd8f-z77vm with latency 0.002 seconds
Received message from mqtt/iot-mqtt-757f69fd8f-cntcp with latency 0.002 seconds
[FAILURE] iot-mqtt-757f69fd8f-5nbgr is simulating a device failure. Stopping MQTT network loop for 40.0 seconds.
[RECOVERY] iot-mqtt-757f69fd8f-5nbgr is back online and reconnecting to broker.
Connected to MQTT broker with result code 0
Received message from mqtt/iot-mqtt-757f69fd8f-z77vm with latency 0.001 seconds
Received message from mqtt/iot-mqtt-757f69fd8f-pwx6d with latency 0.002 seconds
Received message from mqtt/iot-mqtt-757f69fd8f-cntcp with latency 0.001 seconds
Received message from mqtt/iot-mqtt-757f69fd8f-pk6sl with latency 0.001 seconds
Received message from mqtt/iot-mqtt-757f69fd8f-5nbgr with latency 0.003 seconds
Received message from mqtt/iot-mqtt-757f69fd8f-z77vm with latency 0.004 seconds
Received message from mqtt/iot-mqtt-757f69fd8f-cntcp with latency 0.003 seconds
Received message from mqtt/iot-mqtt-757f69fd8f-pk6sl with latency 0.001 seconds
Received message from mqtt/iot-mqtt-757f69fd8f-5nbgr with latency 0.002 seconds
Received message from mqtt/iot-mqtt-757f69fd8f-z77vm with latency 0.003 seconds
Received message from mqtt/iot-mqtt-757f69fd8f-pwx6d with latency 0.002 seconds
Received message from mqtt/iot-mqtt-757f69fd8f-cntcp with latency 0.004 seconds
Received message from mqtt/iot-mqtt-757f69fd8f-pk6sl with latency 0.001 seconds
Received message from mqtt/iot-mqtt-757f69fd8f-5nbgr with latency 0.002 seconds
Received message from mqtt/iot-mqtt-757f69fd8f-z77vm with latency 0.003 seconds
Received message from mqtt/iot-mqtt-757f69fd8f-pwx6d with latency 0.002 seconds
Received message from mqtt/iot-mqtt-757f69fd8f-cntcp with latency 0.002 seconds
Received message from mqtt/iot-mqtt-757f69fd8f-pk6sl with latency 0.002 seconds
Received message from mqtt/iot-mqtt-757f69fd8f-5nbgr with latency 0.002 seconds
Received message from mqtt/iot-mqtt-757f69fd8f-z77vm with latency 0.002 seconds
Received message from mqtt/iot-mqtt-757f69fd8f-pwx6d with latency 0.002 seconds
Received message from mqtt/iot-mqtt-757f69fd8f-cntcp with latency 0.003 seconds
Received message from mqtt/iot-mqtt-757f69fd8f-pk6sl with latency 0.002 seconds
Received message from mqtt/iot-mqtt-757f69fd8f-5nbgr with latency 0.002 seconds
Received message from mqtt/iot-mqtt-757f69fd8f-z77vm with latency 0.005 seconds
Received message from mqtt/iot-mqtt-757f69fd8f-cntcp with latency 0.002 seconds
Received message from mqtt/iot-mqtt-757f69fd8f-pk6sl with latency 0.002 seconds
Received message from mqtt/iot-mqtt-757f69fd8f-z77vm with latency 0.002 seconds
Received message from mqtt/iot-mqtt-757f69fd8f-cntcp with latency 0.002 seconds
Received message from mqtt/iot-mqtt-757f69fd8f-pk6sl with latency 0.002 seconds
Received message from mqtt/iot-mqtt-757f69fd8f-5nbgr with latency 0.003 seconds
Received message from mqtt/iot-mqtt-757f69fd8f-z77vm with latency 0.002 seconds
Received message from mqtt/iot-mqtt-757f69fd8f-cntcp with latency 0.002 seconds
Received message from mqtt/iot-mqtt-757f69fd8f-pk6sl with latency 0.002 seconds
Received message from mqtt/iot-mqtt-757f69fd8f-5nbgr with latency 0.002 seconds
Received message from mqtt/iot-mqtt-757f69fd8f-z77vm with latency 0.002 seconds
Received message from mqtt/iot-mqtt-757f69fd8f-cntcp with latency 0.001 seconds
Received message from mqtt/iot-mqtt-757f69fd8f-pk6sl with latency 0.002 seconds
[FAILURE] iot-mqtt-757f69fd8f-5nbgr is simulating a device failure. Stopping MQTT network loop for 40.0 seconds.
[RECOVERY] iot-mqtt-757f69fd8f-5nbgr is back online and reconnecting to broker.
Connected to MQTT broker with result code 0
Received message from mqtt/iot-mqtt-757f69fd8f-pwx6d with latency 0.006 seconds
Received message from mqtt/iot-mqtt-757f69fd8f-pk6sl with latency 0.003 seconds
Received message from mqtt/iot-mqtt-757f69fd8f-5nbgr with latency 0.001 seconds
Received message from mqtt/iot-mqtt-757f69fd8f-pwx6d with latency 0.002 seconds
Received message from mqtt/iot-mqtt-757f69fd8f-z77vm with latency 0.003 seconds
Received message from mqtt/iot-mqtt-757f69fd8f-5nbgr with latency 0.002 seconds
Received message from mqtt/iot-mqtt-757f69fd8f-pwx6d with latency 0.001 seconds
Received message from mqtt/iot-mqtt-757f69fd8f-cntcp with latency 0.002 seconds
Received message from mqtt/iot-mqtt-757f69fd8f-pk6sl with latency 0.002 seconds
Received message from mqtt/iot-mqtt-757f69fd8f-5nbgr with latency 0.001 seconds
Received message from mqtt/iot-mqtt-757f69fd8f-pwx6d with latency 0.002 seconds
Received message from mqtt/iot-mqtt-757f69fd8f-cntcp with latency 0.002 seconds
Received message from mqtt/iot-mqtt-757f69fd8f-pk6sl with latency 0.002 seconds
Received message from mqtt/iot-mqtt-757f69fd8f-5nbgr with latency 0.005 seconds
Received message from mqtt/iot-mqtt-757f69fd8f-pwx6d with latency 0.002 seconds
Received message from mqtt/iot-mqtt-757f69fd8f-cntcp with latency 0.002 seconds
Received message from mqtt/iot-mqtt-757f69fd8f-pk6sl with latency 0.003 seconds
Received message from mqtt/iot-mqtt-757f69fd8f-5nbgr with latency 0.002 seconds
Received message from mqtt/iot-mqtt-757f69fd8f-pwx6d with latency 0.002 seconds
Received message from mqtt/iot-mqtt-757f69fd8f-cntcp with latency 0.002 seconds
Received message from mqtt/iot-mqtt-757f69fd8f-pk6sl with latency 0.002 seconds
Received message from mqtt/iot-mqtt-757f69fd8f-5nbgr with latency 0.001 seconds
Received message from mqtt/iot-mqtt-757f69fd8f-z77vm with latency 0.002 seconds
Received message from mqtt/iot-mqtt-757f69fd8f-pwx6d with latency 0.001 seconds
Received message from mqtt/iot-mqtt-757f69fd8f-cntcp with latency 0.002 seconds
Received message from mqtt/iot-mqtt-757f69fd8f-pk6sl with latency 0.002 seconds
Received message from mqtt/iot-mqtt-757f69fd8f-5nbgr with latency 0.002 seconds
Received message from mqtt/iot-mqtt-757f69fd8f-z77vm with latency 0.002 seconds
Received message from mqtt/iot-mqtt-757f69fd8f-pwx6d with latency 0.001 seconds
Received message from mqtt/iot-mqtt-757f69fd8f-cntcp with latency 0.002 seconds
Received message from mqtt/iot-mqtt-757f69fd8f-pk6sl with latency 0.001 seconds
Received message from mqtt/iot-mqtt-757f69fd8f-5nbgr with latency 0.001 seconds
Received message from mqtt/iot-mqtt-757f69fd8f-z77vm with latency 0.002 seconds
Received message from mqtt/iot-mqtt-757f69fd8f-pwx6d with latency 0.002 seconds
Received message from mqtt/iot-mqtt-757f69fd8f-cntcp with latency 0.002 seconds
Received message from mqtt/iot-mqtt-757f69fd8f-pk6sl with latency 0.002 seconds
Received message from mqtt/iot-mqtt-757f69fd8f-5nbgr with latency 0.002 seconds
Received message from mqtt/iot-mqtt-757f69fd8f-z77vm with latency 0.001 seconds
Received message from mqtt/iot-mqtt-757f69fd8f-pwx6d with latency 0.002 seconds
Received message from mqtt/iot-mqtt-757f69fd8f-cntcp with latency 0.002 seconds
Received message from mqtt/iot-mqtt-757f69fd8f-pk6sl with latency 0.001 seconds
Received message from mqtt/iot-mqtt-757f69fd8f-5nbgr with latency 0.002 seconds
Received message from mqtt/iot-mqtt-757f69fd8f-pwx6d with latency 0.001 seconds
Received message from mqtt/iot-mqtt-757f69fd8f-cntcp with latency 0.002 seconds
Received message from mqtt/iot-mqtt-757f69fd8f-pk6sl with latency 0.002 seconds
Received message from mqtt/iot-mqtt-757f69fd8f-5nbgr with latency 0.002 seconds
Received message from mqtt/iot-mqtt-757f69fd8f-z77vm with latency 0.002 seconds
Received message from mqtt/iot-mqtt-757f69fd8f-pwx6d with latency 0.002 seconds
Received message from mqtt/iot-mqtt-757f69fd8f-cntcp with latency 0.001 seconds
Received message from mqtt/iot-mqtt-757f69fd8f-pk6sl with latency 0.002 seconds
Received message from mqtt/iot-mqtt-757f69fd8f-z77vm with latency 0.005 seconds
Received message from mqtt/iot-mqtt-757f69fd8f-pwx6d with latency 0.002 seconds
Received message from mqtt/iot-mqtt-757f69fd8f-cntcp with latency 0.003 seconds
Received message from mqtt/iot-mqtt-757f69fd8f-pk6sl with latency 0.001 seconds
Received message from mqtt/iot-mqtt-757f69fd8f-5nbgr with latency 0.002 seconds
Received message from mqtt/iot-mqtt-757f69fd8f-z77vm with latency 0.003 seconds
Received message from mqtt/iot-mqtt-757f69fd8f-pwx6d with latency 0.002 seconds
Received message from mqtt/iot-mqtt-757f69fd8f-cntcp with latency 0.001 seconds
Received message from mqtt/iot-mqtt-757f69fd8f-pk6sl with latency 0.001 seconds
Received message from mqtt/iot-mqtt-757f69fd8f-5nbgr with latency 0.002 seconds
Received message from mqtt/iot-mqtt-757f69fd8f-z77vm with latency 0.002 seconds
Received message from mqtt/iot-mqtt-757f69fd8f-pwx6d with latency 0.002 seconds
Received message from mqtt/iot-mqtt-757f69fd8f-cntcp with latency 0.002 seconds
Received message from mqtt/iot-mqtt-757f69fd8f-pk6sl with latency 0.002 seconds
Received message from mqtt/iot-mqtt-757f69fd8f-5nbgr with latency 0.001 seconds
Received message from mqtt/iot-mqtt-757f69fd8f-z77vm with latency 0.003 seconds
Received message from mqtt/iot-mqtt-757f69fd8f-pwx6d with latency 0.002 seconds
Received message from mqtt/iot-mqtt-757f69fd8f-cntcp with latency 0.002 seconds
Received message from mqtt/iot-mqtt-757f69fd8f-pk6sl with latency 0.004 seconds
Received message from mqtt/iot-mqtt-757f69fd8f-5nbgr with latency 0.002 seconds
Received message from mqtt/iot-mqtt-757f69fd8f-z77vm with latency 0.001 seconds
Received message from mqtt/iot-mqtt-757f69fd8f-pwx6d with latency 0.002 seconds
Received message from mqtt/iot-mqtt-757f69fd8f-cntcp with latency 0.002 seconds
Received message from mqtt/iot-mqtt-757f69fd8f-pk6sl with latency 0.002 seconds
Received message from mqtt/iot-mqtt-757f69fd8f-5nbgr with latency 0.002 seconds
Received message from mqtt/iot-mqtt-757f69fd8f-z77vm with latency 0.002 seconds
Received message from mqtt/iot-mqtt-757f69fd8f-cntcp with latency 0.002 seconds
Received message from mqtt/iot-mqtt-757f69fd8f-pk6sl with latency 0.002 seconds
[FAILURE] iot-mqtt-757f69fd8f-5nbgr is simulating a device failure. Stopping MQTT network loop for 40.0 seconds.
[RECOVERY] iot-mqtt-757f69fd8f-5nbgr is back online and reconnecting to broker.
Connected to MQTT broker with result code 0
Received message from mqtt/iot-mqtt-757f69fd8f-5nbgr with latency 0.002 seconds
Received message from mqtt/iot-mqtt-757f69fd8f-z77vm with latency 0.001 seconds
Received message from mqtt/iot-mqtt-757f69fd8f-5nbgr with latency 0.002 seconds
Received message from mqtt/iot-mqtt-757f69fd8f-z77vm with latency 0.002 seconds
Received message from mqtt/iot-mqtt-757f69fd8f-5nbgr with latency 0.002 seconds
Received message from mqtt/iot-mqtt-757f69fd8f-z77vm with latency 0.002 seconds
Received message from mqtt/iot-mqtt-757f69fd8f-5nbgr with latency 0.001 seconds
Received message from mqtt/iot-mqtt-757f69fd8f-z77vm with latency 0.002 seconds
Received message from mqtt/iot-mqtt-757f69fd8f-5nbgr with latency 0.001 seconds
Received message from mqtt/iot-mqtt-757f69fd8f-pwx6d with latency 0.002 seconds
Received message from mqtt/iot-mqtt-757f69fd8f-cntcp with latency 0.002 seconds
Received message from mqtt/iot-mqtt-757f69fd8f-z77vm with latency 0.002 seconds
Received message from mqtt/iot-mqtt-757f69fd8f-pk6sl with latency 0.002 seconds
Received message from mqtt/iot-mqtt-757f69fd8f-5nbgr with latency 0.002 seconds
Received message from mqtt/iot-mqtt-757f69fd8f-pwx6d with latency 0.001 seconds
Received message from mqtt/iot-mqtt-757f69fd8f-cntcp with latency 0.001 seconds
Received message from mqtt/iot-mqtt-757f69fd8f-z77vm with latency 0.001 seconds
Received message from mqtt/iot-mqtt-757f69fd8f-pk6sl with latency 0.002 seconds
Received message from mqtt/iot-mqtt-757f69fd8f-5nbgr with latency 0.002 seconds
Received message from mqtt/iot-mqtt-757f69fd8f-pwx6d with latency 0.002 seconds
Received message from mqtt/iot-mqtt-757f69fd8f-cntcp with latency 0.001 seconds
Received message from mqtt/iot-mqtt-757f69fd8f-z77vm with latency 0.002 seconds
Received message from mqtt/iot-mqtt-757f69fd8f-5nbgr with latency 0.002 seconds
Received message from mqtt/iot-mqtt-757f69fd8f-cntcp with latency 0.002 seconds
Received message from mqtt/iot-mqtt-757f69fd8f-z77vm with latency 0.000 seconds
Received message from mqtt/iot-mqtt-757f69fd8f-pk6sl with latency 0.001 seconds
Received message from mqtt/iot-mqtt-757f69fd8f-5nbgr with latency 0.002 seconds
Received message from mqtt/iot-mqtt-757f69fd8f-pwx6d with latency 0.002 seconds
Received message from mqtt/iot-mqtt-757f69fd8f-cntcp with latency 0.002 seconds
Received message from mqtt/iot-mqtt-757f69fd8f-z77vm with latency 0.002 seconds
Received message from mqtt/iot-mqtt-757f69fd8f-pk6sl with latency 0.001 seconds
Received message from mqtt/iot-mqtt-757f69fd8f-5nbgr with latency 0.002 seconds
Received message from mqtt/iot-mqtt-757f69fd8f-cntcp with latency 0.006 seconds
Received message from mqtt/iot-mqtt-757f69fd8f-z77vm with latency 0.004 seconds
Received message from mqtt/iot-mqtt-757f69fd8f-pk6sl with latency 0.001 seconds
Received message from mqtt/iot-mqtt-757f69fd8f-5nbgr with latency 0.002 seconds
Received message from mqtt/iot-mqtt-757f69fd8f-pwx6d with latency 0.002 seconds
Received message from mqtt/iot-mqtt-757f69fd8f-z77vm with latency 0.003 seconds
Received message from mqtt/iot-mqtt-757f69fd8f-pk6sl with latency 0.001 seconds
Received message from mqtt/iot-mqtt-757f69fd8f-5nbgr with latency 0.001 seconds
Received message from mqtt/iot-mqtt-757f69fd8f-pwx6d with latency 0.000 seconds
Received message from mqtt/iot-mqtt-757f69fd8f-cntcp with latency 0.001 seconds
Received message from mqtt/iot-mqtt-757f69fd8f-z77vm with latency 0.002 seconds
Connected to MQTT broker with result code 0
Received message from mqtt/iot-mqtt-757f69fd8f-qvqfg with latency 0.000 seconds
Received message from mqtt/iot-mqtt-757f69fd8f-cntcp with latency 0.000 seconds
Received message from mqtt/iot-mqtt-757f69fd8f-z77vm with latency 0.001 seconds
Received message from mqtt/iot-mqtt-757f69fd8f-cmqp9 with latency 0.000 seconds
Received message from mqtt/iot-mqtt-757f69fd8f-lf657 with latency 0.001 seconds
Received message from mqtt/iot-mqtt-757f69fd8f-pk6sl with latency 0.002 seconds
Received message from mqtt/iot-mqtt-757f69fd8f-rkrdb with latency 0.002 seconds
Received message from mqtt/iot-mqtt-757f69fd8f-5nbgr with latency 0.002 seconds
Received message from mqtt/iot-mqtt-757f69fd8f-pwx6d with latency 0.007 seconds
Received message from mqtt/iot-mqtt-757f69fd8f-qvqfg with latency 0.002 seconds
Received message from mqtt/iot-mqtt-757f69fd8f-cntcp with latency 0.002 seconds
Received message from mqtt/iot-mqtt-757f69fd8f-cmqp9 with latency 0.003 seconds
Received message from mqtt/iot-mqtt-757f69fd8f-z77vm with latency 0.002 seconds
Received message from mqtt/iot-mqtt-757f69fd8f-6zkj7 with latency 0.004 seconds
Received message from mqtt/iot-mqtt-757f69fd8f-lf657 with latency 0.003 seconds
Received message from mqtt/iot-mqtt-757f69fd8f-pk6sl with latency 0.001 seconds
Received message from mqtt/iot-mqtt-757f69fd8f-rkrdb with latency 0.002 seconds
Received message from mqtt/iot-mqtt-757f69fd8f-5nbgr with latency 0.002 seconds
Received message from mqtt/iot-mqtt-757f69fd8f-cntcp with latency 0.001 seconds
Received message from mqtt/iot-mqtt-757f69fd8f-cmqp9 with latency 0.002 seconds
Received message from mqtt/iot-mqtt-757f69fd8f-z77vm with latency 0.001 seconds
Received message from mqtt/iot-mqtt-757f69fd8f-pk6sl with latency 0.002 seconds
Received message from mqtt/iot-mqtt-757f69fd8f-rkrdb with latency 0.001 seconds
Received message from mqtt/iot-mqtt-757f69fd8f-5nbgr with latency 0.002 seconds
Received message from mqtt/iot-mqtt-757f69fd8f-qvqfg with latency 0.002 seconds
Received message from mqtt/iot-mqtt-757f69fd8f-cntcp with latency 0.001 seconds
Received message from mqtt/iot-mqtt-757f69fd8f-cmqp9 with latency 0.002 seconds
Received message from mqtt/iot-mqtt-757f69fd8f-z77vm with latency 0.002 seconds
Received message from mqtt/iot-mqtt-757f69fd8f-lf657 with latency 0.001 seconds
Received message from mqtt/iot-mqtt-757f69fd8f-pk6sl with latency 0.001 seconds
Received message from mqtt/iot-mqtt-757f69fd8f-rkrdb with latency 0.001 seconds
Received message from mqtt/iot-mqtt-757f69fd8f-5nbgr with latency 0.002 seconds
Received message from mqtt/iot-mqtt-757f69fd8f-qvqfg with latency 0.001 seconds
Received message from mqtt/iot-mqtt-757f69fd8f-cntcp with latency 0.002 seconds
Received message from mqtt/iot-mqtt-757f69fd8f-cmqp9 with latency 0.002 seconds
Received message from mqtt/iot-mqtt-757f69fd8f-z77vm with latency 0.002 seconds
Received message from mqtt/iot-mqtt-757f69fd8f-6zkj7 with latency 0.001 seconds
Received message from mqtt/iot-mqtt-757f69fd8f-lf657 with latency 0.002 seconds
Received message from mqtt/iot-mqtt-757f69fd8f-pk6sl with latency 0.001 seconds
Received message from mqtt/iot-mqtt-757f69fd8f-5nbgr with latency 0.003 seconds
Received message from mqtt/iot-mqtt-757f69fd8f-qvqfg with latency 0.002 seconds
Received message from mqtt/iot-mqtt-757f69fd8f-cmqp9 with latency 0.003 seconds
Received message from mqtt/iot-mqtt-757f69fd8f-z77vm with latency 0.002 seconds
Received message from mqtt/iot-mqtt-757f69fd8f-6zkj7 with latency 0.003 seconds
Received message from mqtt/iot-mqtt-757f69fd8f-lf657 with latency 0.001 seconds
Received message from mqtt/iot-mqtt-757f69fd8f-pk6sl with latency 0.003 seconds
Received message from mqtt/iot-mqtt-757f69fd8f-5nbgr with latency 0.003 seconds
Received message from mqtt/iot-mqtt-757f69fd8f-cmqp9 with latency 0.001 seconds
Received message from mqtt/iot-mqtt-757f69fd8f-cntcp with latency 0.001 seconds
Received message from mqtt/iot-mqtt-757f69fd8f-lf657 with latency 0.002 seconds
Received message from mqtt/iot-mqtt-757f69fd8f-pk6sl with latency 0.002 seconds
Received message from mqtt/iot-mqtt-757f69fd8f-5nbgr with latency 0.002 seconds
Received message from mqtt/iot-mqtt-757f69fd8f-cntcp with latency 0.002 seconds
Received message from mqtt/iot-mqtt-757f69fd8f-cmqp9 with latency 0.001 seconds
Received message from mqtt/iot-mqtt-757f69fd8f-6zkj7 with latency 0.001 seconds
Received message from mqtt/iot-mqtt-757f69fd8f-lf657 with latency 0.002 seconds
Received message from mqtt/iot-mqtt-757f69fd8f-pk6sl with latency 0.001 seconds
Received message from mqtt/iot-mqtt-757f69fd8f-5nbgr with latency 0.001 seconds
Received message from mqtt/iot-mqtt-757f69fd8f-pwx6d with latency 0.001 seconds
Received message from mqtt/iot-mqtt-757f69fd8f-cmqp9 with latency 0.003 seconds
Received message from mqtt/iot-mqtt-757f69fd8f-6zkj7 with latency 0.000 seconds
Received message from mqtt/iot-mqtt-757f69fd8f-lf657 with latency 0.001 seconds
Received message from mqtt/iot-mqtt-757f69fd8f-pk6sl with latency 0.002 seconds
Received message from mqtt/iot-mqtt-757f69fd8f-rkrdb with latency 0.001 seconds
Received message from mqtt/iot-mqtt-757f69fd8f-5nbgr with latency 0.003 seconds
Received message from mqtt/iot-mqtt-757f69fd8f-pwx6d with latency 0.001 seconds
Received message from mqtt/iot-mqtt-757f69fd8f-cmqp9 with latency 0.001 seconds
Received message from mqtt/iot-mqtt-757f69fd8f-6zkj7 with latency 0.002 seconds
Received message from mqtt/iot-mqtt-757f69fd8f-lf657 with latency 0.002 seconds
Received message from mqtt/iot-mqtt-757f69fd8f-pk6sl with latency 0.003 seconds
Received message from mqtt/iot-mqtt-757f69fd8f-rkrdb with latency 0.002 seconds
Received message from mqtt/iot-mqtt-757f69fd8f-pwx6d with latency 0.002 seconds
Received message from mqtt/iot-mqtt-757f69fd8f-z77vm with latency 0.002 seconds
Received message from mqtt/iot-mqtt-757f69fd8f-lf657 with latency 0.002 seconds
Received message from mqtt/iot-mqtt-757f69fd8f-pk6sl with latency 0.002 seconds
Received message from mqtt/iot-mqtt-757f69fd8f-rkrdb with latency 0.003 seconds
Received message from mqtt/iot-mqtt-757f69fd8f-5nbgr with latency 0.003 seconds
Received message from mqtt/iot-mqtt-757f69fd8f-pwx6d with latency 0.001 seconds
Received message from mqtt/iot-mqtt-757f69fd8f-z77vm with latency 0.002 seconds
Received message from mqtt/iot-mqtt-757f69fd8f-cmqp9 with latency 0.002 seconds
Received message from mqtt/iot-mqtt-757f69fd8f-lf657 with latency 0.001 seconds
Received message from mqtt/iot-mqtt-757f69fd8f-pk6sl with latency 0.002 seconds
Received message from mqtt/iot-mqtt-757f69fd8f-5nbgr with latency 0.001 seconds
Received message from mqtt/iot-mqtt-757f69fd8f-pwx6d with latency 0.001 seconds
Received message from mqtt/iot-mqtt-757f69fd8f-qvqfg with latency 0.001 seconds
Received message from mqtt/iot-mqtt-757f69fd8f-z77vm with latency 0.002 seconds
Received message from mqtt/iot-mqtt-757f69fd8f-cmqp9 with latency 0.001 seconds
Received message from mqtt/iot-mqtt-757f69fd8f-lf657 with latency 0.002 seconds
Received message from mqtt/iot-mqtt-757f69fd8f-pk6sl with latency 0.003 seconds
Received message from mqtt/iot-mqtt-757f69fd8f-rkrdb with latency 0.001 seconds
Received message from mqtt/iot-mqtt-757f69fd8f-qvqfg with latency 0.002 seconds
Received message from mqtt/iot-mqtt-757f69fd8f-pwx6d with latency 0.002 seconds
Received message from mqtt/iot-mqtt-757f69fd8f-cntcp with latency 0.002 seconds
Received message from mqtt/iot-mqtt-757f69fd8f-z77vm with latency 0.001 seconds
Received message from mqtt/iot-mqtt-757f69fd8f-cmqp9 with latency 0.002 seconds
Received message from mqtt/iot-mqtt-757f69fd8f-lf657 with latency 0.003 seconds
Received message from mqtt/iot-mqtt-757f69fd8f-pk6sl with latency 0.003 seconds
Received message from mqtt/iot-mqtt-757f69fd8f-rkrdb with latency 0.003 seconds
Received message from mqtt/iot-mqtt-757f69fd8f-5nbgr with latency 0.000 seconds
Received message from mqtt/iot-mqtt-757f69fd8f-qvqfg with latency 0.002 seconds
Received message from mqtt/iot-mqtt-757f69fd8f-pwx6d with latency 0.000 seconds
Received message from mqtt/iot-mqtt-757f69fd8f-cmqp9 with latency 0.002 seconds
Received message from mqtt/iot-mqtt-757f69fd8f-lf657 with latency 0.003 seconds
Received message from mqtt/iot-mqtt-757f69fd8f-pk6sl with latency 0.002 seconds
Received message from mqtt/iot-mqtt-757f69fd8f-rkrdb with latency 0.002 seconds
Received message from mqtt/iot-mqtt-757f69fd8f-5nbgr with latency 0.003 seconds
Received message from mqtt/iot-mqtt-757f69fd8f-pwx6d with latency 0.002 seconds
Received message from mqtt/iot-mqtt-757f69fd8f-qvqfg with latency 0.002 seconds
Received message from mqtt/iot-mqtt-757f69fd8f-cntcp with latency 0.004 seconds
Received message from mqtt/iot-mqtt-757f69fd8f-cmqp9 with latency 0.001 seconds
Received message from mqtt/iot-mqtt-757f69fd8f-6zkj7 with latency 0.001 seconds
Received message from mqtt/iot-mqtt-757f69fd8f-lf657 with latency 0.001 seconds
Received message from mqtt/iot-mqtt-757f69fd8f-pk6sl with latency 0.001 seconds
Received message from mqtt/iot-mqtt-757f69fd8f-qvqfg with latency 0.002 seconds
Received message from mqtt/iot-mqtt-757f69fd8f-pwx6d with latency 0.001 seconds
Received message from mqtt/iot-mqtt-757f69fd8f-cntcp with latency 0.001 seconds
Received message from mqtt/iot-mqtt-757f69fd8f-6zkj7 with latency 0.002 seconds
Received message from mqtt/iot-mqtt-757f69fd8f-lf657 with latency 0.002 seconds
Received message from mqtt/iot-mqtt-757f69fd8f-pk6sl with latency 0.001 seconds
Received message from mqtt/iot-mqtt-757f69fd8f-qvqfg with latency 0.005 seconds
Received message from mqtt/iot-mqtt-757f69fd8f-pwx6d with latency 0.001 seconds
Received message from mqtt/iot-mqtt-757f69fd8f-5nbgr with latency 0.001 seconds
Received message from mqtt/iot-mqtt-757f69fd8f-cntcp with latency 0.002 seconds
Received message from mqtt/iot-mqtt-757f69fd8f-6zkj7 with latency 0.004 seconds
Received message from mqtt/iot-mqtt-757f69fd8f-cmqp9 with latency 0.003 seconds
Received message from mqtt/iot-mqtt-757f69fd8f-pk6sl with latency 0.001 seconds
Received message from mqtt/iot-mqtt-757f69fd8f-pwx6d with latency 0.002 seconds
Received message from mqtt/iot-mqtt-757f69fd8f-qvqfg with latency 0.001 seconds
Received message from mqtt/iot-mqtt-757f69fd8f-5nbgr with latency 0.001 seconds
Received message from mqtt/iot-mqtt-757f69fd8f-z77vm with latency 0.003 seconds
Received message from mqtt/iot-mqtt-757f69fd8f-cntcp with latency 0.002 seconds
Received message from mqtt/iot-mqtt-757f69fd8f-6zkj7 with latency 0.001 seconds
Received message from mqtt/iot-mqtt-757f69fd8f-cmqp9 with latency 0.002 seconds
Received message from mqtt/iot-mqtt-757f69fd8f-lf657 with latency 0.002 seconds
Received message from mqtt/iot-mqtt-757f69fd8f-pk6sl with latency 0.001 seconds
Received message from mqtt/iot-mqtt-757f69fd8f-pwx6d with latency 0.001 seconds
Received message from mqtt/iot-mqtt-757f69fd8f-5nbgr with latency 0.001 seconds
Received message from mqtt/iot-mqtt-757f69fd8f-qvqfg with latency 0.002 seconds
Received message from mqtt/iot-mqtt-757f69fd8f-cntcp with latency 0.002 seconds
Received message from mqtt/iot-mqtt-757f69fd8f-6zkj7 with latency 0.002 seconds
Received message from mqtt/iot-mqtt-757f69fd8f-cmqp9 with latency 0.001 seconds
Received message from mqtt/iot-mqtt-757f69fd8f-lf657 with latency 0.002 seconds
Received message from mqtt/iot-mqtt-757f69fd8f-pk6sl with latency 0.002 seconds
Received message from mqtt/iot-mqtt-757f69fd8f-pwx6d with latency 0.002 seconds
Received message from mqtt/iot-mqtt-757f69fd8f-5nbgr with latency 0.002 seconds
Received message from mqtt/iot-mqtt-757f69fd8f-cntcp with latency 0.002 seconds
Received message from mqtt/iot-mqtt-757f69fd8f-6zkj7 with latency 0.002 seconds
Received message from mqtt/iot-mqtt-757f69fd8f-cmqp9 with latency 0.002 seconds
Received message from mqtt/iot-mqtt-757f69fd8f-lf657 with latency 0.001 seconds
Received message from mqtt/iot-mqtt-757f69fd8f-pwx6d with latency 0.001 seconds
Received message from mqtt/iot-mqtt-757f69fd8f-cntcp with latency 0.000 seconds
Received message from mqtt/iot-mqtt-757f69fd8f-6zkj7 with latency 0.001 seconds
Received message from mqtt/iot-mqtt-757f69fd8f-cmqp9 with latency 0.002 seconds
Received message from mqtt/iot-mqtt-757f69fd8f-lf657 with latency 0.001 seconds
Received message from mqtt/iot-mqtt-757f69fd8f-rkrdb with latency 0.001 seconds
Received message from mqtt/iot-mqtt-757f69fd8f-pk6sl with latency 0.001 seconds
Received message from mqtt/iot-mqtt-757f69fd8f-pwx6d with latency 0.002 seconds
Received message from mqtt/iot-mqtt-757f69fd8f-5nbgr with latency 0.002 seconds
Received message from mqtt/iot-mqtt-757f69fd8f-cntcp with latency 0.002 seconds
Received message from mqtt/iot-mqtt-757f69fd8f-6zkj7 with latency 0.002 seconds
Received message from mqtt/iot-mqtt-757f69fd8f-cmqp9 with latency 0.002 seconds
Received message from mqtt/iot-mqtt-757f69fd8f-lf657 with latency 0.002 seconds
Received message from mqtt/iot-mqtt-757f69fd8f-pk6sl with latency 0.001 seconds
Received message from mqtt/iot-mqtt-757f69fd8f-rkrdb with latency 0.002 seconds
Received message from mqtt/iot-mqtt-757f69fd8f-pwx6d with latency 0.001 seconds
Received message from mqtt/iot-mqtt-757f69fd8f-5nbgr with latency 0.001 seconds
Received message from mqtt/iot-mqtt-757f69fd8f-cmqp9 with latency 0.001 seconds
Received message from mqtt/iot-mqtt-757f69fd8f-lf657 with latency 0.001 seconds
Received message from mqtt/iot-mqtt-757f69fd8f-rkrdb with latency 0.001 seconds
Received message from mqtt/iot-mqtt-757f69fd8f-z77vm with latency 0.002 seconds
Received message from mqtt/iot-mqtt-757f69fd8f-pwx6d with latency 0.001 seconds
Received message from mqtt/iot-mqtt-757f69fd8f-qvqfg with latency 0.001 seconds
Received message from mqtt/iot-mqtt-757f69fd8f-5nbgr with latency 0.001 seconds
Received message from mqtt/iot-mqtt-757f69fd8f-cntcp with latency 0.001 seconds
Received message from mqtt/iot-mqtt-757f69fd8f-cmqp9 with latency 0.002 seconds
Received message from mqtt/iot-mqtt-757f69fd8f-lf657 with latency 0.007 seconds
Received message from mqtt/iot-mqtt-757f69fd8f-pk6sl with latency 0.001 seconds
Received message from mqtt/iot-mqtt-757f69fd8f-rkrdb with latency 0.002 seconds
Received message from mqtt/iot-mqtt-757f69fd8f-z77vm with latency 0.002 seconds
Received message from mqtt/iot-mqtt-757f69fd8f-pwx6d with latency 0.003 seconds
Received message from mqtt/iot-mqtt-757f69fd8f-qvqfg with latency 0.002 seconds
Received message from mqtt/iot-mqtt-757f69fd8f-5nbgr with latency 0.001 seconds
Received message from mqtt/iot-mqtt-757f69fd8f-cntcp with latency 0.001 seconds
Received message from mqtt/iot-mqtt-757f69fd8f-cmqp9 with latency 0.001 seconds
Received message from mqtt/iot-mqtt-757f69fd8f-lf657 with latency 0.002 seconds
Received message from mqtt/iot-mqtt-757f69fd8f-rkrdb with latency 0.002 seconds
Received message from mqtt/iot-mqtt-757f69fd8f-pk6sl with latency 0.002 seconds
Received message from mqtt/iot-mqtt-757f69fd8f-z77vm with latency 0.001 seconds
Received message from mqtt/iot-mqtt-757f69fd8f-5nbgr with latency 0.002 seconds
Received message from mqtt/iot-mqtt-757f69fd8f-cmqp9 with latency 0.012 seconds
Received message from mqtt/iot-mqtt-757f69fd8f-lf657 with latency 0.002 seconds
Received message from mqtt/iot-mqtt-757f69fd8f-rkrdb with latency 0.002 seconds
Received message from mqtt/iot-mqtt-757f69fd8f-pk6sl with latency 0.002 seconds
Received message from mqtt/iot-mqtt-757f69fd8f-z77vm with latency 0.002 seconds
Received message from mqtt/iot-mqtt-757f69fd8f-pwx6d with latency 0.001 seconds
Received message from mqtt/iot-mqtt-757f69fd8f-5nbgr with latency 0.001 seconds
Received message from mqtt/iot-mqtt-757f69fd8f-cntcp with latency 0.001 seconds
Received message from mqtt/iot-mqtt-757f69fd8f-lf657 with latency 0.001 seconds
Received message from mqtt/iot-mqtt-757f69fd8f-rkrdb with latency 0.002 seconds
Received message from mqtt/iot-mqtt-757f69fd8f-pk6sl with latency 0.002 seconds
Received message from mqtt/iot-mqtt-757f69fd8f-pwx6d with latency 0.001 seconds
Received message from mqtt/iot-mqtt-757f69fd8f-5nbgr with latency 0.002 seconds
Received message from mqtt/iot-mqtt-757f69fd8f-cntcp with latency 0.002 seconds
Received message from mqtt/iot-mqtt-757f69fd8f-6zkj7 with latency 0.001 seconds
Received message from mqtt/iot-mqtt-757f69fd8f-lf657 with latency 0.004 seconds
Received message from mqtt/iot-mqtt-757f69fd8f-rkrdb with latency 0.003 seconds
Received message from mqtt/iot-mqtt-757f69fd8f-pwx6d with latency 0.006 seconds
Received message from mqtt/iot-mqtt-757f69fd8f-5nbgr with latency 0.002 seconds
Received message from mqtt/iot-mqtt-757f69fd8f-6zkj7 with latency 0.003 seconds
Received message from mqtt/iot-mqtt-757f69fd8f-lf657 with latency 0.002 seconds
Received message from mqtt/iot-mqtt-757f69fd8f-pk6sl with latency 0.001 seconds
Received message from mqtt/iot-mqtt-757f69fd8f-rkrdb with latency 0.001 seconds
Received message from mqtt/iot-mqtt-757f69fd8f-z77vm with latency 0.002 seconds
Received message from mqtt/iot-mqtt-757f69fd8f-pwx6d with latency 0.001 seconds
Received message from mqtt/iot-mqtt-757f69fd8f-5nbgr with latency 0.001 seconds
Received message from mqtt/iot-mqtt-757f69fd8f-6zkj7 with latency 0.002 seconds
Received message from mqtt/iot-mqtt-757f69fd8f-cntcp with latency 0.001 seconds
Received message from mqtt/iot-mqtt-757f69fd8f-lf657 with latency 0.002 seconds
Received message from mqtt/iot-mqtt-757f69fd8f-pk6sl with latency 0.002 seconds
Received message from mqtt/iot-mqtt-757f69fd8f-rkrdb with latency 0.003 seconds
Received message from mqtt/iot-mqtt-757f69fd8f-qvqfg with latency 0.002 seconds
Received message from mqtt/iot-mqtt-757f69fd8f-z77vm with latency 0.002 seconds
Received message from mqtt/iot-mqtt-757f69fd8f-pwx6d with latency 0.002 seconds
Received message from mqtt/iot-mqtt-757f69fd8f-5nbgr with latency 0.002 seconds
Received message from mqtt/iot-mqtt-757f69fd8f-pk6sl with latency 0.001 seconds
Received message from mqtt/iot-mqtt-757f69fd8f-rkrdb with latency 0.002 seconds
Received message from mqtt/iot-mqtt-757f69fd8f-qvqfg with latency 0.001 seconds
Received message from mqtt/iot-mqtt-757f69fd8f-z77vm with latency 0.002 seconds
Received message from mqtt/iot-mqtt-757f69fd8f-pwx6d with latency 0.001 seconds
Received message from mqtt/iot-mqtt-757f69fd8f-5nbgr with latency 0.002 seconds
Received message from mqtt/iot-mqtt-757f69fd8f-6zkj7 with latency 0.003 seconds
Received message from mqtt/iot-mqtt-757f69fd8f-cmqp9 with latency 0.003 seconds
Received message from mqtt/iot-mqtt-757f69fd8f-pk6sl with latency 0.005 seconds
Received message from mqtt/iot-mqtt-757f69fd8f-rkrdb with latency 0.003 seconds
Received message from mqtt/iot-mqtt-757f69fd8f-qvqfg with latency 0.002 seconds
Received message from mqtt/iot-mqtt-757f69fd8f-z77vm with latency 0.003 seconds
Received message from mqtt/iot-mqtt-757f69fd8f-pwx6d with latency 0.001 seconds
Received message from mqtt/iot-mqtt-757f69fd8f-5nbgr with latency 0.001 seconds
Received message from mqtt/iot-mqtt-757f69fd8f-6zkj7 with latency 0.003 seconds
Received message from mqtt/iot-mqtt-757f69fd8f-cmqp9 with latency 0.001 seconds
Received message from mqtt/iot-mqtt-757f69fd8f-pk6sl with latency 0.002 seconds
Received message from mqtt/iot-mqtt-757f69fd8f-rkrdb with latency 0.003 seconds
Received message from mqtt/iot-mqtt-757f69fd8f-qvqfg with latency 0.002 seconds
Received message from mqtt/iot-mqtt-757f69fd8f-z77vm with latency 0.002 seconds
Received message from mqtt/iot-mqtt-757f69fd8f-pwx6d with latency 0.001 seconds
Received message from mqtt/iot-mqtt-757f69fd8f-5nbgr with latency 0.002 seconds
Received message from mqtt/iot-mqtt-757f69fd8f-6zkj7 with latency 0.002 seconds
Received message from mqtt/iot-mqtt-757f69fd8f-cmqp9 with latency 0.001 seconds
Received message from mqtt/iot-mqtt-757f69fd8f-pk6sl with latency 0.002 seconds
Received message from mqtt/iot-mqtt-757f69fd8f-qvqfg with latency 0.003 seconds
Received message from mqtt/iot-mqtt-757f69fd8f-pwx6d with latency 0.001 seconds
Received message from mqtt/iot-mqtt-757f69fd8f-cmqp9 with latency 0.002 seconds
Received message from mqtt/iot-mqtt-757f69fd8f-pk6sl with latency 0.002 seconds
Received message from mqtt/iot-mqtt-757f69fd8f-rkrdb with latency 0.002 seconds
Received message from mqtt/iot-mqtt-757f69fd8f-z77vm with latency 0.002 seconds
Received message from mqtt/iot-mqtt-757f69fd8f-pwx6d with latency 0.002 seconds
Received message from mqtt/iot-mqtt-757f69fd8f-cntcp with latency 0.002 seconds
Received message from mqtt/iot-mqtt-757f69fd8f-6zkj7 with latency 0.002 seconds
Received message from mqtt/iot-mqtt-757f69fd8f-5nbgr with latency 0.001 seconds
Received message from mqtt/iot-mqtt-757f69fd8f-pk6sl with latency 0.009 seconds
Received message from mqtt/iot-mqtt-757f69fd8f-rkrdb with latency 0.003 seconds
Received message from mqtt/iot-mqtt-757f69fd8f-qvqfg with latency 0.001 seconds
Received message from mqtt/iot-mqtt-757f69fd8f-pwx6d with latency 0.002 seconds
Received message from mqtt/iot-mqtt-757f69fd8f-5nbgr with latency 0.002 seconds
Received message from mqtt/iot-mqtt-757f69fd8f-6zkj7 with latency 0.001 seconds
Received message from mqtt/iot-mqtt-757f69fd8f-cmqp9 with latency 0.003 seconds
Received message from mqtt/iot-mqtt-757f69fd8f-pk6sl with latency 0.002 seconds
Received message from mqtt/iot-mqtt-757f69fd8f-rkrdb with latency 0.001 seconds
Received message from mqtt/iot-mqtt-757f69fd8f-qvqfg with latency 0.003 seconds
Received message from mqtt/iot-mqtt-757f69fd8f-z77vm with latency 0.002 seconds
Received message from mqtt/iot-mqtt-757f69fd8f-pwx6d with latency 0.002 seconds
Received message from mqtt/iot-mqtt-757f69fd8f-5nbgr with latency 0.001 seconds
Received message from mqtt/iot-mqtt-757f69fd8f-6zkj7 with latency 0.000 seconds
Received message from mqtt/iot-mqtt-757f69fd8f-lf657 with latency 0.002 seconds
Received message from mqtt/iot-mqtt-757f69fd8f-pk6sl with latency 0.002 seconds
Received message from mqtt/iot-mqtt-757f69fd8f-rkrdb with latency 0.002 seconds
Received message from mqtt/iot-mqtt-757f69fd8f-qvqfg with latency 0.002 seconds
Received message from mqtt/iot-mqtt-757f69fd8f-z77vm with latency 0.002 seconds
Received message from mqtt/iot-mqtt-757f69fd8f-pwx6d with latency 0.002 seconds
Received message from mqtt/iot-mqtt-757f69fd8f-cntcp with latency 0.001 seconds
Received message from mqtt/iot-mqtt-757f69fd8f-cmqp9 with latency 0.001 seconds
Received message from mqtt/iot-mqtt-757f69fd8f-5nbgr with latency 0.001 seconds
Received message from mqtt/iot-mqtt-757f69fd8f-6zkj7 with latency 0.003 seconds
Received message from mqtt/iot-mqtt-757f69fd8f-pk6sl with latency 0.002 seconds
Received message from mqtt/iot-mqtt-757f69fd8f-rkrdb with latency 0.001 seconds
Received message from mqtt/iot-mqtt-757f69fd8f-qvqfg with latency 0.003 seconds
Received message from mqtt/iot-mqtt-757f69fd8f-pwx6d with latency 0.002 seconds
Received message from mqtt/iot-mqtt-757f69fd8f-cntcp with latency 0.002 seconds
Received message from mqtt/iot-mqtt-757f69fd8f-cmqp9 with latency 0.005 seconds
Received message from mqtt/iot-mqtt-757f69fd8f-5nbgr with latency 0.001 seconds
Received message from mqtt/iot-mqtt-757f69fd8f-pk6sl with latency 0.003 seconds
Received message from mqtt/iot-mqtt-757f69fd8f-rkrdb with latency 0.001 seconds
Received message from mqtt/iot-mqtt-757f69fd8f-qvqfg with latency 0.003 seconds
Received message from mqtt/iot-mqtt-757f69fd8f-pwx6d with latency 0.002 seconds
Received message from mqtt/iot-mqtt-757f69fd8f-z77vm with latency 0.003 seconds
Received message from mqtt/iot-mqtt-757f69fd8f-cntcp with latency 0.001 seconds
Received message from mqtt/iot-mqtt-757f69fd8f-cmqp9 with latency 0.002 seconds
Received message from mqtt/iot-mqtt-757f69fd8f-5nbgr with latency 0.002 seconds
Received message from mqtt/iot-mqtt-757f69fd8f-6zkj7 with latency 0.002 seconds
Received message from mqtt/iot-mqtt-757f69fd8f-pk6sl with latency 0.002 seconds
Received message from mqtt/iot-mqtt-757f69fd8f-qvqfg with latency 0.002 seconds
Received message from mqtt/iot-mqtt-757f69fd8f-z77vm with latency 0.001 seconds
Received message from mqtt/iot-mqtt-757f69fd8f-pwx6d with latency 0.000 seconds
Received message from mqtt/iot-mqtt-757f69fd8f-cntcp with latency 0.001 seconds
Received message from mqtt/iot-mqtt-757f69fd8f-cmqp9 with latency 0.002 seconds
Received message from mqtt/iot-mqtt-757f69fd8f-5nbgr with latency 0.002 seconds
Received message from mqtt/iot-mqtt-757f69fd8f-pk6sl with latency 0.001 seconds
Received message from mqtt/iot-mqtt-757f69fd8f-rkrdb with latency 0.002 seconds
Received message from mqtt/iot-mqtt-757f69fd8f-qvqfg with latency 0.002 seconds
Received message from mqtt/iot-mqtt-757f69fd8f-pwx6d with latency 0.001 seconds
Received message from mqtt/iot-mqtt-757f69fd8f-cntcp with latency 0.002 seconds
Received message from mqtt/iot-mqtt-757f69fd8f-5nbgr with latency 0.002 seconds
Received message from mqtt/iot-mqtt-757f69fd8f-6zkj7 with latency 0.002 seconds
Received message from mqtt/iot-mqtt-757f69fd8f-pk6sl with latency 0.001 seconds
Received message from mqtt/iot-mqtt-757f69fd8f-qvqfg with latency 0.002 seconds
Received message from mqtt/iot-mqtt-757f69fd8f-z77vm with latency 0.001 seconds
Received message from mqtt/iot-mqtt-757f69fd8f-cntcp with latency 0.006 seconds
Received message from mqtt/iot-mqtt-757f69fd8f-5nbgr with latency 0.002 seconds
Received message from mqtt/iot-mqtt-757f69fd8f-6zkj7 with latency 0.003 seconds
Received message from mqtt/iot-mqtt-757f69fd8f-lf657 with latency 0.001 seconds
Received message from mqtt/iot-mqtt-757f69fd8f-qvqfg with latency 0.001 seconds
Received message from mqtt/iot-mqtt-757f69fd8f-z77vm with latency 0.002 seconds
Received message from mqtt/iot-mqtt-757f69fd8f-5nbgr with latency 0.002 seconds
Received message from mqtt/iot-mqtt-757f69fd8f-6zkj7 with latency 0.003 seconds
Received message from mqtt/iot-mqtt-757f69fd8f-lf657 with latency 0.002 seconds
Received message from mqtt/iot-mqtt-757f69fd8f-qvqfg with latency 0.001 seconds
Received message from mqtt/iot-mqtt-757f69fd8f-z77vm with latency 0.001 seconds
Received message from mqtt/iot-mqtt-757f69fd8f-cntcp with latency 0.001 seconds
Received message from mqtt/iot-mqtt-757f69fd8f-5nbgr with latency 0.001 seconds
Received message from mqtt/iot-mqtt-757f69fd8f-6zkj7 with latency 0.002 seconds
Received message from mqtt/iot-mqtt-757f69fd8f-lf657 with latency 0.002 seconds
Received message from mqtt/iot-mqtt-757f69fd8f-qvqfg with latency 0.002 seconds
Received message from mqtt/iot-mqtt-757f69fd8f-z77vm with latency 0.002 seconds
Received message from mqtt/iot-mqtt-757f69fd8f-cntcp with latency 0.002 seconds
Received message from mqtt/iot-mqtt-757f69fd8f-5nbgr with latency 0.001 seconds
Received message from mqtt/iot-mqtt-757f69fd8f-6zkj7 with latency 0.002 seconds
Received message from mqtt/iot-mqtt-757f69fd8f-lf657 with latency 0.002 seconds
Received message from mqtt/iot-mqtt-757f69fd8f-z77vm with latency 0.006 seconds
Received message from mqtt/iot-mqtt-757f69fd8f-cmqp9 with latency 0.001 seconds
Received message from mqtt/iot-mqtt-757f69fd8f-cntcp with latency 0.004 seconds
[FAILURE] iot-mqtt-757f69fd8f-5nbgr is simulating a device failure. Stopping MQTT network loop for 40.0 seconds.
Received message from mqtt/iot-mqtt-757f69fd8f-6zkj7 with latency 0.003 seconds
[RECOVERY] iot-mqtt-757f69fd8f-5nbgr is back online and reconnecting to broker.
Connected to MQTT broker with result code 0
Received message from mqtt/iot-mqtt-757f69fd8f-pk6sl with latency 0.001 seconds
Received message from mqtt/iot-mqtt-757f69fd8f-lf657 with latency 0.003 seconds
Received message from mqtt/iot-mqtt-757f69fd8f-rkrdb with latency 0.003 seconds
Received message from mqtt/iot-mqtt-757f69fd8f-z77vm with latency 0.003 seconds
Received message from mqtt/iot-mqtt-757f69fd8f-5nbgr with latency 0.002 seconds
Received message from mqtt/iot-mqtt-757f69fd8f-cntcp with latency 0.002 seconds
Received message from mqtt/iot-mqtt-757f69fd8f-6zkj7 with latency 0.002 seconds
Received message from mqtt/iot-mqtt-757f69fd8f-pk6sl with latency 0.001 seconds
Received message from mqtt/iot-mqtt-757f69fd8f-lf657 with latency 0.001 seconds
Received message from mqtt/iot-mqtt-757f69fd8f-rkrdb with latency 0.002 seconds
Received message from mqtt/iot-mqtt-757f69fd8f-pwx6d with latency 0.005 seconds
Received message from mqtt/iot-mqtt-757f69fd8f-z77vm with latency 0.003 seconds
Received message from mqtt/iot-mqtt-757f69fd8f-5nbgr with latency 0.003 seconds
Received message from mqtt/iot-mqtt-757f69fd8f-cntcp with latency 0.003 seconds
Received message from mqtt/iot-mqtt-757f69fd8f-pk6sl with latency 0.003 seconds
Received message from mqtt/iot-mqtt-757f69fd8f-lf657 with latency 0.002 seconds
Received message from mqtt/iot-mqtt-757f69fd8f-rkrdb with latency 0.003 seconds
Received message from mqtt/iot-mqtt-757f69fd8f-pwx6d with latency 0.002 seconds
Received message from mqtt/iot-mqtt-757f69fd8f-5nbgr with latency 0.001 seconds
Received message from mqtt/iot-mqtt-757f69fd8f-cntcp with latency 0.003 seconds
Received message from mqtt/iot-mqtt-757f69fd8f-pk6sl with latency 0.003 seconds
Received message from mqtt/iot-mqtt-757f69fd8f-lf657 with latency 0.001 seconds
Received message from mqtt/iot-mqtt-757f69fd8f-rkrdb with latency 0.003 seconds
Received message from mqtt/iot-mqtt-757f69fd8f-qvqfg with latency 0.008 seconds
Received message from mqtt/iot-mqtt-757f69fd8f-5nbgr with latency 0.002 seconds
Received message from mqtt/iot-mqtt-757f69fd8f-cntcp with latency 0.004 seconds
Received message from mqtt/iot-mqtt-757f69fd8f-lf657 with latency 0.003 seconds
Received message from mqtt/iot-mqtt-757f69fd8f-rkrdb with latency 0.003 seconds
Received message from mqtt/iot-mqtt-757f69fd8f-qvqfg with latency 0.003 seconds
Received message from mqtt/iot-mqtt-757f69fd8f-pwx6d with latency 0.003 seconds
Received message from mqtt/iot-mqtt-757f69fd8f-cntcp with latency 0.003 seconds
Received message from mqtt/iot-mqtt-757f69fd8f-5nbgr with latency 0.001 seconds
Received message from mqtt/iot-mqtt-757f69fd8f-pk6sl with latency 0.002 seconds
Received message from mqtt/iot-mqtt-757f69fd8f-lf657 with latency 0.001 seconds
Received message from mqtt/iot-mqtt-757f69fd8f-rkrdb with latency 0.003 seconds
Received message from mqtt/iot-mqtt-757f69fd8f-qvqfg with latency 0.002 seconds
Received message from mqtt/iot-mqtt-757f69fd8f-pwx6d with latency 0.002 seconds
Received message from mqtt/iot-mqtt-757f69fd8f-cntcp with latency 0.002 seconds
Received message from mqtt/iot-mqtt-757f69fd8f-5nbgr with latency 0.002 seconds
Received message from mqtt/iot-mqtt-757f69fd8f-pk6sl with latency 0.004 seconds
Received message from mqtt/iot-mqtt-757f69fd8f-lf657 with latency 0.001 seconds
Received message from mqtt/iot-mqtt-757f69fd8f-rkrdb with latency 0.003 seconds
Received message from mqtt/iot-mqtt-757f69fd8f-qvqfg with latency 0.002 seconds
Received message from mqtt/iot-mqtt-757f69fd8f-pwx6d with latency 0.003 seconds
Received message from mqtt/iot-mqtt-757f69fd8f-cmqp9 with latency 0.002 seconds
Received message from mqtt/iot-mqtt-757f69fd8f-cntcp with latency 0.002 seconds
Received message from mqtt/iot-mqtt-757f69fd8f-pk6sl with latency 0.002 seconds
Received message from mqtt/iot-mqtt-757f69fd8f-lf657 with latency 0.003 seconds
Received message from mqtt/iot-mqtt-757f69fd8f-qvqfg with latency 0.005 seconds
Received message from mqtt/iot-mqtt-757f69fd8f-pwx6d with latency 0.003 seconds
Received message from mqtt/iot-mqtt-757f69fd8f-cmqp9 with latency 0.004 seconds
Received message from mqtt/iot-mqtt-757f69fd8f-z77vm with latency 0.004 seconds
Received message from mqtt/iot-mqtt-757f69fd8f-5nbgr with latency 0.002 seconds
Received message from mqtt/iot-mqtt-757f69fd8f-6zkj7 with latency 0.003 seconds
Received message from mqtt/iot-mqtt-757f69fd8f-pk6sl with latency 0.001 seconds
Received message from mqtt/iot-mqtt-757f69fd8f-lf657 with latency 0.003 seconds
Received message from mqtt/iot-mqtt-757f69fd8f-rkrdb with latency 0.002 seconds
Received message from mqtt/iot-mqtt-757f69fd8f-qvqfg with latency 0.002 seconds
Received message from mqtt/iot-mqtt-757f69fd8f-pwx6d with latency 0.002 seconds
Received message from mqtt/iot-mqtt-757f69fd8f-cmqp9 with latency 0.003 seconds
Received message from mqtt/iot-mqtt-757f69fd8f-z77vm with latency 0.004 seconds
Received message from mqtt/iot-mqtt-757f69fd8f-5nbgr with latency 0.001 seconds
Received message from mqtt/iot-mqtt-757f69fd8f-pk6sl with latency 0.003 seconds
Received message from mqtt/iot-mqtt-757f69fd8f-lf657 with latency 0.004 seconds
Received message from mqtt/iot-mqtt-757f69fd8f-rkrdb with latency 0.002 seconds
Received message from mqtt/iot-mqtt-757f69fd8f-qvqfg with latency 0.003 seconds
Received message from mqtt/iot-mqtt-757f69fd8f-pwx6d with latency 0.002 seconds
Received message from mqtt/iot-mqtt-757f69fd8f-cmqp9 with latency 0.001 seconds
Received message from mqtt/iot-mqtt-757f69fd8f-z77vm with latency 0.002 seconds
Received message from mqtt/iot-mqtt-757f69fd8f-5nbgr with latency 0.002 seconds
Received message from mqtt/iot-mqtt-757f69fd8f-pk6sl with latency 0.004 seconds
Received message from mqtt/iot-mqtt-757f69fd8f-lf657 with latency 0.002 seconds
Received message from mqtt/iot-mqtt-757f69fd8f-rkrdb with latency 0.002 seconds
Received message from mqtt/iot-mqtt-757f69fd8f-pwx6d with latency 0.001 seconds
Received message from mqtt/iot-mqtt-757f69fd8f-cmqp9 with latency 0.003 seconds
Received message from mqtt/iot-mqtt-757f69fd8f-z77vm with latency 0.002 seconds
Received message from mqtt/iot-mqtt-757f69fd8f-5nbgr with latency 0.002 seconds
Received message from mqtt/iot-mqtt-757f69fd8f-6zkj7 with latency 0.003 seconds
Received message from mqtt/iot-mqtt-757f69fd8f-pk6sl with latency 0.001 seconds
Received message from mqtt/iot-mqtt-757f69fd8f-lf657 with latency 0.002 seconds
Received message from mqtt/iot-mqtt-757f69fd8f-rkrdb with latency 0.012 seconds
Received message from mqtt/iot-mqtt-757f69fd8f-qvqfg with latency 0.003 seconds
Received message from mqtt/iot-mqtt-757f69fd8f-pwx6d with latency 0.003 seconds
Received message from mqtt/iot-mqtt-757f69fd8f-cmqp9 with latency 0.003 seconds
Received message from mqtt/iot-mqtt-757f69fd8f-z77vm with latency 0.001 seconds
[FAILURE] iot-mqtt-757f69fd8f-5nbgr is simulating a device failure. Stopping MQTT network loop for 40.0 seconds.
Received message from mqtt/iot-mqtt-757f69fd8f-6zkj7 with latency 0.003 seconds
[RECOVERY] iot-mqtt-757f69fd8f-5nbgr is back online and reconnecting to broker.
Connected to MQTT broker with result code 0
Received message from mqtt/iot-mqtt-757f69fd8f-6zkj7 with latency 0.004 seconds
Received message from mqtt/iot-mqtt-757f69fd8f-pk6sl with latency 0.003 seconds
Received message from mqtt/iot-mqtt-757f69fd8f-lf657 with latency 0.001 seconds
Received message from mqtt/iot-mqtt-757f69fd8f-rkrdb with latency 0.003 seconds
Received message from mqtt/iot-mqtt-757f69fd8f-qvqfg with latency 0.002 seconds
Received message from mqtt/iot-mqtt-757f69fd8f-pwx6d with latency 0.003 seconds
Received message from mqtt/iot-mqtt-757f69fd8f-cntcp with latency 0.002 seconds
Received message from mqtt/iot-mqtt-757f69fd8f-5nbgr with latency 0.003 seconds
Received message from mqtt/iot-mqtt-757f69fd8f-z77vm with latency 0.003 seconds
Received message from mqtt/iot-mqtt-757f69fd8f-6zkj7 with latency 0.003 seconds
Received message from mqtt/iot-mqtt-757f69fd8f-pk6sl with latency 0.001 seconds
Received message from mqtt/iot-mqtt-757f69fd8f-qvqfg with latency 0.003 seconds
Received message from mqtt/iot-mqtt-757f69fd8f-rkrdb with latency 0.003 seconds
Received message from mqtt/iot-mqtt-757f69fd8f-pwx6d with latency 0.003 seconds
Received message from mqtt/iot-mqtt-757f69fd8f-5nbgr with latency 0.003 seconds
Received message from mqtt/iot-mqtt-757f69fd8f-cntcp with latency 0.003 seconds
Received message from mqtt/iot-mqtt-757f69fd8f-z77vm with latency 0.003 seconds
Received message from mqtt/iot-mqtt-757f69fd8f-6zkj7 with latency 0.001 seconds
Received message from mqtt/iot-mqtt-757f69fd8f-pk6sl with latency 0.002 seconds
Received message from mqtt/iot-mqtt-757f69fd8f-lf657 with latency 0.002 seconds
Received message from mqtt/iot-mqtt-757f69fd8f-qvqfg with latency 0.003 seconds
Received message from mqtt/iot-mqtt-757f69fd8f-rkrdb with latency 0.002 seconds
Received message from mqtt/iot-mqtt-757f69fd8f-pwx6d with latency 0.003 seconds
Received message from mqtt/iot-mqtt-757f69fd8f-5nbgr with latency 0.003 seconds
Received message from mqtt/iot-mqtt-757f69fd8f-cntcp with latency 0.003 seconds
Received message from mqtt/iot-mqtt-757f69fd8f-z77vm with latency 0.003 seconds
Received message from mqtt/iot-mqtt-757f69fd8f-6zkj7 with latency 0.001 seconds
Received message from mqtt/iot-mqtt-757f69fd8f-pk6sl with latency 0.005 seconds
Received message from mqtt/iot-mqtt-757f69fd8f-qvqfg with latency 0.005 seconds
Received message from mqtt/iot-mqtt-757f69fd8f-rkrdb with latency 0.003 seconds
Received message from mqtt/iot-mqtt-757f69fd8f-cmqp9 with latency 0.001 seconds
Received message from mqtt/iot-mqtt-757f69fd8f-pwx6d with latency 0.004 seconds
Received message from mqtt/iot-mqtt-757f69fd8f-cntcp with latency 0.004 seconds
Received message from mqtt/iot-mqtt-757f69fd8f-5nbgr with latency 0.002 seconds
Received message from mqtt/iot-mqtt-757f69fd8f-z77vm with latency 0.001 seconds
Received message from mqtt/iot-mqtt-757f69fd8f-6zkj7 with latency 0.001 seconds
Received message from mqtt/iot-mqtt-757f69fd8f-pk6sl with latency 0.003 seconds
Received message from mqtt/iot-mqtt-757f69fd8f-cmqp9 with latency 0.004 seconds
Received message from mqtt/iot-mqtt-757f69fd8f-5nbgr with latency 0.002 seconds
Received message from mqtt/iot-mqtt-757f69fd8f-6zkj7 with latency 0.004 seconds
Received message from mqtt/iot-mqtt-757f69fd8f-z77vm with latency 0.003 seconds
Received message from mqtt/iot-mqtt-757f69fd8f-pk6sl with latency 0.003 seconds
Received message from mqtt/iot-mqtt-757f69fd8f-qvqfg with latency 0.003 seconds
Received message from mqtt/iot-mqtt-757f69fd8f-cmqp9 with latency 0.002 seconds
Received message from mqtt/iot-mqtt-757f69fd8f-cntcp with latency 0.002 seconds
Received message from mqtt/iot-mqtt-757f69fd8f-5nbgr with latency 0.002 seconds
Received message from mqtt/iot-mqtt-757f69fd8f-6zkj7 with latency 0.003 seconds
Received message from mqtt/iot-mqtt-757f69fd8f-z77vm with latency 0.002 seconds
Received message from mqtt/iot-mqtt-757f69fd8f-pk6sl with latency 0.002 seconds
Received message from mqtt/iot-mqtt-757f69fd8f-qvqfg with latency 0.003 seconds
Received message from mqtt/iot-mqtt-757f69fd8f-cmqp9 with latency 0.003 seconds
Received message from mqtt/iot-mqtt-757f69fd8f-pwx6d with latency 0.003 seconds
Received message from mqtt/iot-mqtt-757f69fd8f-cntcp with latency 0.002 seconds
Received message from mqtt/iot-mqtt-757f69fd8f-6zkj7 with latency 0.003 seconds
Received message from mqtt/iot-mqtt-757f69fd8f-qvqfg with latency 0.005 seconds
Received message from mqtt/iot-mqtt-757f69fd8f-cmqp9 with latency 0.003 seconds
Received message from mqtt/iot-mqtt-757f69fd8f-pwx6d with latency 0.002 seconds
Received message from mqtt/iot-mqtt-757f69fd8f-cntcp with latency 0.001 seconds
Received message from mqtt/iot-mqtt-757f69fd8f-5nbgr with latency 0.001 seconds
Received message from mqtt/iot-mqtt-757f69fd8f-6zkj7 with latency 0.002 seconds
Received message from mqtt/iot-mqtt-757f69fd8f-lf657 with latency 0.002 seconds
Received message from mqtt/iot-mqtt-757f69fd8f-pk6sl with latency 0.001 seconds
Received message from mqtt/iot-mqtt-757f69fd8f-qvqfg with latency 0.003 seconds
Received message from mqtt/iot-mqtt-757f69fd8f-cmqp9 with latency 0.001 seconds
Received message from mqtt/iot-mqtt-757f69fd8f-pwx6d with latency 0.002 seconds
Received message from mqtt/iot-mqtt-757f69fd8f-cntcp with latency 0.002 seconds
Received message from mqtt/iot-mqtt-757f69fd8f-5nbgr with latency 0.001 seconds
Received message from mqtt/iot-mqtt-757f69fd8f-6zkj7 with latency 0.003 seconds
Received message from mqtt/iot-mqtt-757f69fd8f-lf657 with latency 0.003 seconds
Received message from mqtt/iot-mqtt-757f69fd8f-pk6sl with latency 0.004 seconds
Received message from mqtt/iot-mqtt-757f69fd8f-rkrdb with latency 0.001 seconds
Received message from mqtt/iot-mqtt-757f69fd8f-qvqfg with latency 0.001 seconds
Received message from mqtt/iot-mqtt-757f69fd8f-cmqp9 with latency 0.003 seconds
Received message from mqtt/iot-mqtt-757f69fd8f-pwx6d with latency 0.002 seconds
Received message from mqtt/iot-mqtt-757f69fd8f-5nbgr with latency 0.002 seconds
Received message from mqtt/iot-mqtt-757f69fd8f-6zkj7 with latency 0.003 seconds
Received message from mqtt/iot-mqtt-757f69fd8f-lf657 with latency 0.003 seconds
Received message from mqtt/iot-mqtt-757f69fd8f-pk6sl with latency 0.003 seconds
Received message from mqtt/iot-mqtt-757f69fd8f-pwx6d with latency 0.001 seconds
Received message from mqtt/iot-mqtt-757f69fd8f-cmqp9 with latency 0.001 seconds
Received message from mqtt/iot-mqtt-757f69fd8f-cntcp with latency 0.001 seconds
Received message from mqtt/iot-mqtt-757f69fd8f-5nbgr with latency 0.001 seconds
Received message from mqtt/iot-mqtt-757f69fd8f-6zkj7 with latency 0.002 seconds
Received message from mqtt/iot-mqtt-757f69fd8f-lf657 with latency 0.003 seconds
Received message from mqtt/iot-mqtt-757f69fd8f-pwx6d with latency 0.002 seconds
Received message from mqtt/iot-mqtt-757f69fd8f-cmqp9 with latency 0.002 seconds
Received message from mqtt/iot-mqtt-757f69fd8f-5nbgr with latency 0.003 seconds
Received message from mqtt/iot-mqtt-757f69fd8f-6zkj7 with latency 0.001 seconds
Received message from mqtt/iot-mqtt-757f69fd8f-lf657 with latency 0.002 seconds
Received message from mqtt/iot-mqtt-757f69fd8f-cmqp9 with latency 0.002 seconds
Received message from mqtt/iot-mqtt-757f69fd8f-pwx6d with latency 0.002 seconds
Received message from mqtt/iot-mqtt-757f69fd8f-z77vm with latency 0.003 seconds
Received message from mqtt/iot-mqtt-757f69fd8f-5nbgr with latency 0.002 seconds
Received message from mqtt/iot-mqtt-757f69fd8f-lf657 with latency 0.001 seconds
Received message from mqtt/iot-mqtt-757f69fd8f-pwx6d with latency 0.002 seconds
Received message from mqtt/iot-mqtt-757f69fd8f-z77vm with latency 0.002 seconds
Received message from mqtt/iot-mqtt-757f69fd8f-5nbgr with latency 0.002 seconds
Received message from mqtt/iot-mqtt-757f69fd8f-lf657 with latency 0.002 seconds
Received message from mqtt/iot-mqtt-757f69fd8f-qvqfg with latency 0.001 seconds
Received message from mqtt/iot-mqtt-757f69fd8f-cmqp9 with latency 0.002 seconds
Received message from mqtt/iot-mqtt-757f69fd8f-z77vm with latency 0.002 seconds
Received message from mqtt/iot-mqtt-757f69fd8f-5nbgr with latency 0.001 seconds
Received message from mqtt/iot-mqtt-757f69fd8f-lf657 with latency 0.010 seconds
Received message from mqtt/iot-mqtt-757f69fd8f-qvqfg with latency 0.003 seconds
Received message from mqtt/iot-mqtt-757f69fd8f-cntcp with latency 0.001 seconds
Received message from mqtt/iot-mqtt-757f69fd8f-z77vm with latency 0.002 seconds
Received message from mqtt/iot-mqtt-757f69fd8f-5nbgr with latency 0.002 seconds
Received message from mqtt/iot-mqtt-757f69fd8f-lf657 with latency 0.002 seconds
Received message from mqtt/iot-mqtt-757f69fd8f-pk6sl with latency 0.002 seconds
Received message from mqtt/iot-mqtt-757f69fd8f-rkrdb with latency 0.004 seconds
Received message from mqtt/iot-mqtt-757f69fd8f-cntcp with latency 0.002 seconds
Received message from mqtt/iot-mqtt-757f69fd8f-z77vm with latency 0.002 seconds
Received message from mqtt/iot-mqtt-757f69fd8f-5nbgr with latency 0.001 seconds
Received message from mqtt/iot-mqtt-757f69fd8f-lf657 with latency 0.001 seconds
Received message from mqtt/iot-mqtt-757f69fd8f-pk6sl with latency 0.002 seconds
Received message from mqtt/iot-mqtt-757f69fd8f-rkrdb with latency 0.003 seconds
Received message from mqtt/iot-mqtt-757f69fd8f-cntcp with latency 0.002 seconds
Received message from mqtt/iot-mqtt-757f69fd8f-5nbgr with latency 0.001 seconds
Received message from mqtt/iot-mqtt-757f69fd8f-z77vm with latency 0.002 seconds
Received message from mqtt/iot-mqtt-757f69fd8f-6zkj7 with latency 0.002 seconds
Received message from mqtt/iot-mqtt-757f69fd8f-lf657 with latency 0.002 seconds
Received message from mqtt/iot-mqtt-757f69fd8f-pk6sl with latency 0.001 seconds
Received message from mqtt/iot-mqtt-757f69fd8f-pwx6d with latency 0.002 seconds
Received message from mqtt/iot-mqtt-757f69fd8f-cntcp with latency 0.000 seconds
Received message from mqtt/iot-mqtt-757f69fd8f-5nbgr with latency 0.003 seconds
Received message from mqtt/iot-mqtt-757f69fd8f-z77vm with latency 0.001 seconds
Received message from mqtt/iot-mqtt-757f69fd8f-6zkj7 with latency 0.002 seconds
Received message from mqtt/iot-mqtt-757f69fd8f-pk6sl with latency 0.002 seconds
Received message from mqtt/iot-mqtt-757f69fd8f-pwx6d with latency 0.003 seconds
Received message from mqtt/iot-mqtt-757f69fd8f-z77vm with latency 0.001 seconds
Received message from mqtt/iot-mqtt-757f69fd8f-5nbgr with latency 0.001 seconds
Received message from mqtt/iot-mqtt-757f69fd8f-6zkj7 with latency 0.002 seconds
Received message from mqtt/iot-mqtt-757f69fd8f-pk6sl with latency 0.002 seconds
Received message from mqtt/iot-mqtt-757f69fd8f-cmqp9 with latency 0.001 seconds
Received message from mqtt/iot-mqtt-757f69fd8f-pwx6d with latency 0.002 seconds
Received message from mqtt/iot-mqtt-757f69fd8f-cntcp with latency 0.002 seconds
Received message from mqtt/iot-mqtt-757f69fd8f-5nbgr with latency 0.001 seconds
Received message from mqtt/iot-mqtt-757f69fd8f-z77vm with latency 0.000 seconds
Received message from mqtt/iot-mqtt-757f69fd8f-6zkj7 with latency 0.001 seconds
Received message from mqtt/iot-mqtt-757f69fd8f-pk6sl with latency 0.004 seconds
Received message from mqtt/iot-mqtt-757f69fd8f-cmqp9 with latency 0.002 seconds
Received message from mqtt/iot-mqtt-757f69fd8f-cntcp with latency 0.001 seconds
Received message from mqtt/iot-mqtt-757f69fd8f-z77vm with latency 0.002 seconds
Received message from mqtt/iot-mqtt-757f69fd8f-5nbgr with latency 0.001 seconds
Received message from mqtt/iot-mqtt-757f69fd8f-6zkj7 with latency 0.002 seconds
Received message from mqtt/iot-mqtt-757f69fd8f-pk6sl with latency 0.002 seconds
Received message from mqtt/iot-mqtt-757f69fd8f-cmqp9 with latency 0.002 seconds
Received message from mqtt/iot-mqtt-757f69fd8f-pwx6d with latency 0.001 seconds
Received message from mqtt/iot-mqtt-757f69fd8f-cntcp with latency 0.002 seconds
Received message from mqtt/iot-mqtt-757f69fd8f-z77vm with latency 0.012 seconds
Received message from mqtt/iot-mqtt-757f69fd8f-5nbgr with latency 0.002 seconds
Received message from mqtt/iot-mqtt-757f69fd8f-rkrdb with latency 0.002 seconds
Received message from mqtt/iot-mqtt-757f69fd8f-cmqp9 with latency 0.003 seconds
Received message from mqtt/iot-mqtt-757f69fd8f-cntcp with latency 0.001 seconds
Received message from mqtt/iot-mqtt-757f69fd8f-z77vm with latency 0.002 seconds
Received message from mqtt/iot-mqtt-757f69fd8f-6zkj7 with latency 0.002 seconds
Received message from mqtt/iot-mqtt-757f69fd8f-5nbgr with latency 0.001 seconds
Received message from mqtt/iot-mqtt-757f69fd8f-lf657 with latency 0.003 seconds
Received message from mqtt/iot-mqtt-757f69fd8f-pk6sl with latency 0.002 seconds
Received message from mqtt/iot-mqtt-757f69fd8f-cmqp9 with latency 0.001 seconds
Received message from mqtt/iot-mqtt-757f69fd8f-cntcp with latency 0.001 seconds
Received message from mqtt/iot-mqtt-757f69fd8f-z77vm with latency 0.002 seconds
Received message from mqtt/iot-mqtt-757f69fd8f-5nbgr with latency 0.001 seconds
Received message from mqtt/iot-mqtt-757f69fd8f-6zkj7 with latency 0.001 seconds
Received message from mqtt/iot-mqtt-757f69fd8f-lf657 with latency 0.002 seconds
Received message from mqtt/iot-mqtt-757f69fd8f-pk6sl with latency 0.002 seconds
Received message from mqtt/iot-mqtt-757f69fd8f-cmqp9 with latency 0.002 seconds
Received message from mqtt/iot-mqtt-757f69fd8f-cntcp with latency 0.002 seconds
Received message from mqtt/iot-mqtt-757f69fd8f-z77vm with latency 0.002 seconds
Received message from mqtt/iot-mqtt-757f69fd8f-5nbgr with latency 0.001 seconds
Received message from mqtt/iot-mqtt-757f69fd8f-lf657 with latency 0.002 seconds
Received message from mqtt/iot-mqtt-757f69fd8f-qvqfg with latency 0.001 seconds
Received message from mqtt/iot-mqtt-757f69fd8f-cmqp9 with latency 0.004 seconds
Received message from mqtt/iot-mqtt-757f69fd8f-cntcp with latency 0.002 seconds
Received message from mqtt/iot-mqtt-757f69fd8f-5nbgr with latency 0.004 seconds
Received message from mqtt/iot-mqtt-757f69fd8f-lf657 with latency 0.002 seconds
Received message from mqtt/iot-mqtt-757f69fd8f-pk6sl with latency 0.001 seconds
Received message from mqtt/iot-mqtt-757f69fd8f-qvqfg with latency 0.001 seconds
Received message from mqtt/iot-mqtt-757f69fd8f-cmqp9 with latency 0.002 seconds
Received message from mqtt/iot-mqtt-757f69fd8f-cntcp with latency 0.002 seconds
Received message from mqtt/iot-mqtt-757f69fd8f-z77vm with latency 0.002 seconds
Received message from mqtt/iot-mqtt-757f69fd8f-5nbgr with latency 0.001 seconds
Received message from mqtt/iot-mqtt-757f69fd8f-pk6sl with latency 0.002 seconds
Received message from mqtt/iot-mqtt-757f69fd8f-qvqfg with latency 0.002 seconds
Received message from mqtt/iot-mqtt-757f69fd8f-pwx6d with latency 0.001 seconds
Received message from mqtt/iot-mqtt-757f69fd8f-cmqp9 with latency 0.001 seconds
Received message from mqtt/iot-mqtt-757f69fd8f-cntcp with latency 0.001 seconds
Received message from mqtt/iot-mqtt-757f69fd8f-5nbgr with latency 0.003 seconds
Received message from mqtt/iot-mqtt-757f69fd8f-lf657 with latency 0.001 seconds
Received message from mqtt/iot-mqtt-757f69fd8f-pk6sl with latency 0.001 seconds
Received message from mqtt/iot-mqtt-757f69fd8f-rkrdb with latency 0.001 seconds
Received message from mqtt/iot-mqtt-757f69fd8f-qvqfg with latency 0.001 seconds
Received message from mqtt/iot-mqtt-757f69fd8f-pwx6d with latency 0.003 seconds
Received message from mqtt/iot-mqtt-757f69fd8f-6zkj7 with latency 0.002 seconds
Received message from mqtt/iot-mqtt-757f69fd8f-5nbgr with latency 0.001 seconds
Received message from mqtt/iot-mqtt-757f69fd8f-lf657 with latency 0.001 seconds
Received message from mqtt/iot-mqtt-757f69fd8f-rkrdb with latency 0.001 seconds
Received message from mqtt/iot-mqtt-757f69fd8f-qvqfg with latency 0.002 seconds
Received message from mqtt/iot-mqtt-757f69fd8f-pwx6d with latency 0.003 seconds
Received message from mqtt/iot-mqtt-757f69fd8f-5nbgr with latency 0.001 seconds
Received message from mqtt/iot-mqtt-757f69fd8f-lf657 with latency 0.002 seconds
Received message from mqtt/iot-mqtt-757f69fd8f-rkrdb with latency 0.002 seconds
Received message from mqtt/iot-mqtt-757f69fd8f-pk6sl with latency 0.002 seconds
Received message from mqtt/iot-mqtt-757f69fd8f-qvqfg with latency 0.002 seconds
Received message from mqtt/iot-mqtt-757f69fd8f-pwx6d with latency 0.001 seconds
Received message from mqtt/iot-mqtt-757f69fd8f-6zkj7 with latency 0.001 seconds
Received message from mqtt/iot-mqtt-757f69fd8f-5nbgr with latency 0.001 seconds
Received message from mqtt/iot-mqtt-757f69fd8f-lf657 with latency 0.001 seconds
Received message from mqtt/iot-mqtt-757f69fd8f-qvqfg with latency 0.002 seconds
Received message from mqtt/iot-mqtt-757f69fd8f-6zkj7 with latency 0.001 seconds
Received message from mqtt/iot-mqtt-757f69fd8f-5nbgr with latency 0.001 seconds
Received message from mqtt/iot-mqtt-757f69fd8f-lf657 with latency 0.001 seconds
Received message from mqtt/iot-mqtt-757f69fd8f-rkrdb with latency 0.001 seconds
Received message from mqtt/iot-mqtt-757f69fd8f-pwx6d with latency 0.001 seconds
Received message from mqtt/iot-mqtt-757f69fd8f-z77vm with latency 0.002 seconds
Received message from mqtt/iot-mqtt-757f69fd8f-6zkj7 with latency 0.001 seconds
Received message from mqtt/iot-mqtt-757f69fd8f-5nbgr with latency 0.001 seconds
Received message from mqtt/iot-mqtt-757f69fd8f-lf657 with latency 0.002 seconds
Received message from mqtt/iot-mqtt-757f69fd8f-rkrdb with latency 0.001 seconds
Received message from mqtt/iot-mqtt-757f69fd8f-qvqfg with latency 0.001 seconds
Received message from mqtt/iot-mqtt-757f69fd8f-cntcp with latency 0.004 seconds
Received message from mqtt/iot-mqtt-757f69fd8f-pwx6d with latency 0.001 seconds
Received message from mqtt/iot-mqtt-757f69fd8f-z77vm with latency 0.002 seconds
Received message from mqtt/iot-mqtt-757f69fd8f-6zkj7 with latency 0.002 seconds
Received message from mqtt/iot-mqtt-757f69fd8f-5nbgr with latency 0.001 seconds
Received message from mqtt/iot-mqtt-757f69fd8f-rkrdb with latency 0.001 seconds
Received message from mqtt/iot-mqtt-757f69fd8f-qvqfg with latency 0.001 seconds
Received message from mqtt/iot-mqtt-757f69fd8f-cntcp with latency 0.001 seconds
Received message from mqtt/iot-mqtt-757f69fd8f-pwx6d with latency 0.002 seconds
Received message from mqtt/iot-mqtt-757f69fd8f-z77vm with latency 0.001 seconds
Received message from mqtt/iot-mqtt-757f69fd8f-5nbgr with latency 0.001 seconds
Received message from mqtt/iot-mqtt-757f69fd8f-lf657 with latency 0.002 seconds
Received message from mqtt/iot-mqtt-757f69fd8f-rkrdb with latency 0.001 seconds
Received message from mqtt/iot-mqtt-757f69fd8f-cntcp with latency 0.001 seconds
Received message from mqtt/iot-mqtt-757f69fd8f-cmqp9 with latency 0.001 seconds
Received message from mqtt/iot-mqtt-757f69fd8f-pwx6d with latency 0.002 seconds
Received message from mqtt/iot-mqtt-757f69fd8f-z77vm with latency 0.001 seconds
Received message from mqtt/iot-mqtt-757f69fd8f-6zkj7 with latency 0.001 seconds
Received message from mqtt/iot-mqtt-757f69fd8f-5nbgr with latency 0.001 seconds
Received message from mqtt/iot-mqtt-757f69fd8f-pk6sl with latency 0.001 seconds
Received message from mqtt/iot-mqtt-757f69fd8f-rkrdb with latency 0.001 seconds
Received message from mqtt/iot-mqtt-757f69fd8f-qvqfg with latency 0.001 seconds
Received message from mqtt/iot-mqtt-757f69fd8f-cntcp with latency 0.001 seconds
Received message from mqtt/iot-mqtt-757f69fd8f-cmqp9 with latency 0.001 seconds
Received message from mqtt/iot-mqtt-757f69fd8f-pwx6d with latency 0.001 seconds
Received message from mqtt/iot-mqtt-757f69fd8f-6zkj7 with latency 0.001 seconds
Received message from mqtt/iot-mqtt-757f69fd8f-5nbgr with latency 0.001 seconds
Received message from mqtt/iot-mqtt-757f69fd8f-lf657 with latency 0.002 seconds
Received message from mqtt/iot-mqtt-757f69fd8f-rkrdb with latency 0.001 seconds
Received message from mqtt/iot-mqtt-757f69fd8f-cmqp9 with latency 0.003 seconds
Received message from mqtt/iot-mqtt-757f69fd8f-pwx6d with latency 0.001 seconds
Received message from mqtt/iot-mqtt-757f69fd8f-6zkj7 with latency 0.001 seconds
Received message from mqtt/iot-mqtt-757f69fd8f-5nbgr with latency 0.002 seconds
Received message from mqtt/iot-mqtt-757f69fd8f-lf657 with latency 0.002 seconds
Received message from mqtt/iot-mqtt-757f69fd8f-qvqfg with latency 0.001 seconds
Received message from mqtt/iot-mqtt-757f69fd8f-rkrdb with latency 0.002 seconds
Received message from mqtt/iot-mqtt-757f69fd8f-cntcp with latency 0.001 seconds
Received message from mqtt/iot-mqtt-757f69fd8f-cmqp9 with latency 0.001 seconds
Received message from mqtt/iot-mqtt-757f69fd8f-pwx6d with latency 0.001 seconds
Received message from mqtt/iot-mqtt-757f69fd8f-5nbgr with latency 0.001 seconds
Received message from mqtt/iot-mqtt-757f69fd8f-lf657 with latency 0.001 seconds
Received message from mqtt/iot-mqtt-757f69fd8f-rkrdb with latency 0.001 seconds
Received message from mqtt/iot-mqtt-757f69fd8f-qvqfg with latency 0.001 seconds
Received message from mqtt/iot-mqtt-757f69fd8f-cntcp with latency 0.001 seconds
Received message from mqtt/iot-mqtt-757f69fd8f-cmqp9 with latency 0.002 seconds
Received message from mqtt/iot-mqtt-757f69fd8f-pwx6d with latency 0.001 seconds
Received message from mqtt/iot-mqtt-757f69fd8f-6zkj7 with latency 0.001 seconds
Received message from mqtt/iot-mqtt-757f69fd8f-5nbgr with latency 0.001 seconds
Received message from mqtt/iot-mqtt-757f69fd8f-lf657 with latency 0.001 seconds
Received message from mqtt/iot-mqtt-757f69fd8f-qvqfg with latency 0.000 seconds
Received message from mqtt/iot-mqtt-757f69fd8f-rkrdb with latency 0.001 seconds
Received message from mqtt/iot-mqtt-757f69fd8f-cmqp9 with latency 0.001 seconds
Received message from mqtt/iot-mqtt-757f69fd8f-pwx6d with latency 0.001 seconds
Received message from mqtt/iot-mqtt-757f69fd8f-5nbgr with latency 0.001 seconds
Received message from mqtt/iot-mqtt-757f69fd8f-6zkj7 with latency 0.001 seconds
Received message from mqtt/iot-mqtt-757f69fd8f-lf657 with latency 0.001 seconds
Received message from mqtt/iot-mqtt-757f69fd8f-qvqfg with latency 0.002 seconds
Received message from mqtt/iot-mqtt-757f69fd8f-rkrdb with latency 0.001 seconds
Received message from mqtt/iot-mqtt-757f69fd8f-cntcp with latency 0.002 seconds
Received message from mqtt/iot-mqtt-757f69fd8f-cmqp9 with latency 0.001 seconds
Received message from mqtt/iot-mqtt-757f69fd8f-pwx6d with latency 0.002 seconds
Received message from mqtt/iot-mqtt-757f69fd8f-5nbgr with latency 0.001 seconds
Received message from mqtt/iot-mqtt-757f69fd8f-6zkj7 with latency 0.001 seconds
Received message from mqtt/iot-mqtt-757f69fd8f-pk6sl with latency 0.002 seconds
Received message from mqtt/iot-mqtt-757f69fd8f-qvqfg with latency 0.000 seconds
Received message from mqtt/iot-mqtt-757f69fd8f-rkrdb with latency 0.001 seconds
Received message from mqtt/iot-mqtt-757f69fd8f-cntcp with latency 0.001 seconds
Received message from mqtt/iot-mqtt-757f69fd8f-cmqp9 with latency 0.002 seconds
Received message from mqtt/iot-mqtt-757f69fd8f-z77vm with latency 0.001 seconds
Received message from mqtt/iot-mqtt-757f69fd8f-5nbgr with latency 0.001 seconds
Received message from mqtt/iot-mqtt-757f69fd8f-6zkj7 with latency 0.001 seconds
