/app/mqtt_device.py:16: DeprecationWarning: Callback API version 1 is deprecated, update to latest version
  mqtt_client = mqtt.Client()
 * Serving Flask app 'mqtt_device'
 * Debug mode: off
[31m[1mWARNING: This is a development server. Do not use it in a production deployment. Use a production WSGI server instead.[0m
 * Running on all addresses (0.0.0.0)
 * Running on http://127.0.0.1:5000
 * Running on http://10.244.3.127:5000
[33mPress CTRL+C to quit[0m
Connected to MQTT broker with result code 0
Received message from mqtt/iot-mqtt-757f69fd8f-gqzqb with latency 0.001 seconds
Received message from mqtt/iot-mqtt-6d6cc94fd4-jxwct with latency 0.001 seconds
Received message from mqtt/iot-mqtt-6d6cc94fd4-dwzbn with latency 0.003 seconds
Received message from mqtt/iot-mqtt-757f69fd8f-jfrtj with latency 0.002 seconds
Received message from mqtt/iot-mqtt-757f69fd8f-7g2tf with latency 0.003 seconds
Received message from mqtt/iot-mqtt-757f69fd8f-n45kk with latency 0.004 seconds
Received message from mqtt/iot-mqtt-6d6cc94fd4-z825g with latency 0.004 seconds
Received message from mqtt/iot-mqtt-6d6cc94fd4-n95tz with latency 0.002 seconds
Received message from mqtt/iot-mqtt-757f69fd8f-zwl4z with latency 0.002 seconds
Received message from mqtt/iot-mqtt-757f69fd8f-j8xlv with latency 0.002 seconds
Received message from mqtt/iot-mqtt-6d6cc94fd4-48km7 with latency 0.003 seconds
Received message from mqtt/iot-mqtt-757f69fd8f-zdtf8 with latency 0.001 seconds
Received message from mqtt/iot-mqtt-757f69fd8f-6tx49 with latency 0.002 seconds
Received message from mqtt/iot-mqtt-757f69fd8f-gqzqb with latency 0.003 seconds
Received message from mqtt/iot-mqtt-6d6cc94fd4-jxwct with latency 0.004 seconds
Received message from mqtt/iot-mqtt-6d6cc94fd4-8xkrm with latency 0.004 seconds
Received message from mqtt/iot-mqtt-6d6cc94fd4-kgkh7 with latency 0.004 seconds
Received message from mqtt/iot-mqtt-757f69fd8f-jfrtj with latency 0.003 seconds
Received message from mqtt/iot-mqtt-757f69fd8f-n45kk with latency 0.005 seconds
Received message from mqtt/iot-mqtt-6d6cc94fd4-fbcmr with latency 0.003 seconds
Received message from mqtt/iot-mqtt-6d6cc94fd4-z825g with latency 0.003 seconds
Received message from mqtt/iot-mqtt-6d6cc94fd4-n95tz with latency 0.001 seconds
Received message from mqtt/iot-mqtt-757f69fd8f-j8xlv with latency 0.001 seconds
Received message from mqtt/iot-mqtt-6d6cc94fd4-48km7 with latency 0.001 seconds
Received message from mqtt/iot-mqtt-757f69fd8f-zdtf8 with latency 0.003 seconds
Received message from mqtt/iot-mqtt-6d6cc94fd4-cbn66 with latency 0.003 seconds
Received message from mqtt/iot-mqtt-757f69fd8f-6tx49 with latency 0.004 seconds
Received message from mqtt/iot-mqtt-757f69fd8f-gqzqb with latency 0.004 seconds
Received message from mqtt/iot-mqtt-6d6cc94fd4-jxwct with latency 0.004 seconds
Received message from mqtt/iot-mqtt-6d6cc94fd4-8xkrm with latency 0.005 seconds
Received message from mqtt/iot-mqtt-757f69fd8f-jfrtj with latency 0.002 seconds
Received message from mqtt/iot-mqtt-757f69fd8f-7g2tf with latency 0.001 seconds
Received message from mqtt/iot-mqtt-757f69fd8f-n45kk with latency 0.001 seconds
Received message from mqtt/iot-mqtt-6d6cc94fd4-z825g with latency 0.001 seconds
Received message from mqtt/iot-mqtt-6d6cc94fd4-n95tz with latency 0.002 seconds
Received message from mqtt/iot-mqtt-6d6cc94fd4-cbn66 with latency 0.001 seconds
Received message from mqtt/iot-mqtt-6d6cc94fd4-jxwct with latency 0.001 seconds
Received message from mqtt/iot-mqtt-6d6cc94fd4-8xkrm with latency 0.003 seconds
Received message from mqtt/iot-mqtt-6d6cc94fd4-kgkh7 with latency 0.002 seconds
Received message from mqtt/iot-mqtt-6d6cc94fd4-fbcmr with latency 0.003 seconds
Received message from mqtt/iot-mqtt-6d6cc94fd4-48km7 with latency 0.002 seconds
Received message from mqtt/iot-mqtt-6d6cc94fd4-8xkrm with latency 0.002 seconds
Received message from mqtt/iot-mqtt-6d6cc94fd4-kgkh7 with latency 0.002 seconds
Received message from mqtt/iot-mqtt-6d6cc94fd4-fbcmr with latency 0.002 seconds
Received message from mqtt/iot-mqtt-6d6cc94fd4-48km7 with latency 0.002 seconds
Received message from mqtt/iot-mqtt-6d6cc94fd4-cbn66 with latency 0.002 seconds
Received message from mqtt/iot-mqtt-6d6cc94fd4-jxwct with latency 0.001 seconds
Received message from mqtt/iot-mqtt-6d6cc94fd4-kgkh7 with latency 0.003 seconds
Received message from mqtt/iot-mqtt-6d6cc94fd4-48km7 with latency 0.003 seconds
Received message from mqtt/iot-mqtt-6d6cc94fd4-cbn66 with latency 0.001 seconds
Received message from mqtt/iot-mqtt-6d6cc94fd4-dwzbn with latency 0.005 seconds
Received message from mqtt/iot-mqtt-6d6cc94fd4-kgkh7 with latency 0.002 seconds
Received message from mqtt/iot-mqtt-6d6cc94fd4-lsqpx with latency 0.002 seconds
Received message from mqtt/iot-mqtt-6d6cc94fd4-fbcmr with latency 0.002 seconds
Received message from mqtt/iot-mqtt-6d6cc94fd4-cbn66 with latency 0.001 seconds
Received message from mqtt/iot-mqtt-6d6cc94fd4-jxwct with latency 0.002 seconds
Received message from mqtt/iot-mqtt-6d6cc94fd4-dwzbn with latency 0.001 seconds
Received message from mqtt/iot-mqtt-6d6cc94fd4-8xkrm with latency 0.002 seconds
Received message from mqtt/iot-mqtt-6d6cc94fd4-kgkh7 with latency 0.003 seconds
Received message from mqtt/iot-mqtt-6d6cc94fd4-lsqpx with latency 0.002 seconds
Received message from mqtt/iot-mqtt-6d6cc94fd4-fbcmr with latency 0.001 seconds
Received message from mqtt/iot-mqtt-6d6cc94fd4-cbn66 with latency 0.002 seconds
Received message from mqtt/iot-mqtt-6d6cc94fd4-jxwct with latency 0.002 seconds
Received message from mqtt/iot-mqtt-6d6cc94fd4-dwzbn with latency 0.002 seconds
Received message from mqtt/iot-mqtt-6d6cc94fd4-kgkh7 with latency 0.004 seconds
Received message from mqtt/iot-mqtt-6d6cc94fd4-z825g with latency 0.002 seconds
Received message from mqtt/iot-mqtt-6d6cc94fd4-n95tz with latency 0.002 seconds
Received message from mqtt/iot-mqtt-6d6cc94fd4-48km7 with latency 0.003 seconds
Received message from mqtt/iot-mqtt-6d6cc94fd4-cbn66 with latency 0.001 seconds
Received message from mqtt/iot-mqtt-6d6cc94fd4-jxwct with latency 0.002 seconds
Received message from mqtt/iot-mqtt-6d6cc94fd4-lsqpx with latency 0.002 seconds
Received message from mqtt/iot-mqtt-6d6cc94fd4-z825g with latency 0.002 seconds
Received message from mqtt/iot-mqtt-6d6cc94fd4-n95tz with latency 0.003 seconds
Received message from mqtt/iot-mqtt-6d6cc94fd4-48km7 with latency 0.002 seconds
Received message from mqtt/iot-mqtt-6d6cc94fd4-cbn66 with latency 0.001 seconds
Received message from mqtt/iot-mqtt-6d6cc94fd4-jxwct with latency 0.002 seconds
Received message from mqtt/iot-mqtt-6d6cc94fd4-dwzbn with latency 0.002 seconds
Received message from mqtt/iot-mqtt-6d6cc94fd4-8xkrm with latency 0.002 seconds
Received message from mqtt/iot-mqtt-6d6cc94fd4-lsqpx with latency 0.002 seconds
Received message from mqtt/iot-mqtt-6d6cc94fd4-z825g with latency 0.003 seconds
Received message from mqtt/iot-mqtt-6d6cc94fd4-n95tz with latency 0.002 seconds
Received message from mqtt/iot-mqtt-6d6cc94fd4-48km7 with latency 0.002 seconds
Received message from mqtt/iot-mqtt-6d6cc94fd4-cbn66 with latency 0.002 seconds
Received message from mqtt/iot-mqtt-6d6cc94fd4-jxwct with latency 0.002 seconds
Received message from mqtt/iot-mqtt-6d6cc94fd4-dwzbn with latency 0.002 seconds
Received message from mqtt/iot-mqtt-6d6cc94fd4-8xkrm with latency 0.002 seconds
Received message from mqtt/iot-mqtt-6d6cc94fd4-z825g with latency 0.001 seconds
Received message from mqtt/iot-mqtt-6d6cc94fd4-fbcmr with latency 0.002 seconds
Received message from mqtt/iot-mqtt-6d6cc94fd4-48km7 with latency 0.002 seconds
Received message from mqtt/iot-mqtt-6d6cc94fd4-cbn66 with latency 0.004 seconds
Received message from mqtt/iot-mqtt-6d6cc94fd4-jxwct with latency 0.002 seconds
Received message from mqtt/iot-mqtt-6d6cc94fd4-dwzbn with latency 0.002 seconds
Received message from mqtt/iot-mqtt-6d6cc94fd4-lsqpx with latency 0.002 seconds
Received message from mqtt/iot-mqtt-6d6cc94fd4-z825g with latency 0.002 seconds
Received message from mqtt/iot-mqtt-6d6cc94fd4-fbcmr with latency 0.002 seconds
Received message from mqtt/iot-mqtt-6d6cc94fd4-48km7 with latency 0.001 seconds
Received message from mqtt/iot-mqtt-6d6cc94fd4-dwzbn with latency 0.002 seconds
Received message from mqtt/iot-mqtt-6d6cc94fd4-jxwct with latency 0.002 seconds
Received message from mqtt/iot-mqtt-6d6cc94fd4-z825g with latency 0.002 seconds
Received message from mqtt/iot-mqtt-6d6cc94fd4-fbcmr with latency 0.002 seconds
[FAILURE] iot-mqtt-6d6cc94fd4-cbn66 is simulating a device failure. Stopping MQTT network loop for 40.0 seconds.
Received message from mqtt/iot-mqtt-6d6cc94fd4-48km7 with latency 0.001 seconds
[RECOVERY] iot-mqtt-6d6cc94fd4-cbn66 is back online and reconnecting to broker.
Connected to MQTT broker with result code 0
Received message from mqtt/iot-mqtt-6d6cc94fd4-jxwct with latency 0.004 seconds
Received message from mqtt/iot-mqtt-6d6cc94fd4-dwzbn with latency 0.003 seconds
Received message from mqtt/iot-mqtt-6d6cc94fd4-kgkh7 with latency 0.003 seconds
Received message from mqtt/iot-mqtt-6d6cc94fd4-lsqpx with latency 0.002 seconds
Received message from mqtt/iot-mqtt-6d6cc94fd4-cbn66 with latency 0.003 seconds
Received message from mqtt/iot-mqtt-6d6cc94fd4-jxwct with latency 0.002 seconds
Received message from mqtt/iot-mqtt-6d6cc94fd4-8xkrm with latency 0.003 seconds
Received message from mqtt/iot-mqtt-6d6cc94fd4-dwzbn with latency 0.002 seconds
Received message from mqtt/iot-mqtt-6d6cc94fd4-lsqpx with latency 0.002 seconds
Received message from mqtt/iot-mqtt-6d6cc94fd4-fbcmr with latency 0.003 seconds
Received message from mqtt/iot-mqtt-6d6cc94fd4-cbn66 with latency 0.002 seconds
Received message from mqtt/iot-mqtt-6d6cc94fd4-8xkrm with latency 0.002 seconds
Received message from mqtt/iot-mqtt-6d6cc94fd4-kgkh7 with latency 0.003 seconds
Received message from mqtt/iot-mqtt-6d6cc94fd4-lsqpx with latency 0.001 seconds
Received message from mqtt/iot-mqtt-6d6cc94fd4-z825g with latency 0.004 seconds
Received message from mqtt/iot-mqtt-6d6cc94fd4-fbcmr with latency 0.004 seconds
Received message from mqtt/iot-mqtt-6d6cc94fd4-cbn66 with latency 0.002 seconds
Received message from mqtt/iot-mqtt-6d6cc94fd4-8xkrm with latency 0.002 seconds
Received message from mqtt/iot-mqtt-6d6cc94fd4-z825g with latency 0.003 seconds
Received message from mqtt/iot-mqtt-6d6cc94fd4-fbcmr with latency 0.002 seconds
Received message from mqtt/iot-mqtt-6d6cc94fd4-cbn66 with latency 0.002 seconds
Received message from mqtt/iot-mqtt-6d6cc94fd4-48km7 with latency 0.003 seconds
Received message from mqtt/iot-mqtt-6d6cc94fd4-8xkrm with latency 0.002 seconds
Received message from mqtt/iot-mqtt-6d6cc94fd4-lsqpx with latency 0.001 seconds
Received message from mqtt/iot-mqtt-6d6cc94fd4-n95tz with latency 0.003 seconds
Received message from mqtt/iot-mqtt-6d6cc94fd4-z825g with latency 0.001 seconds
Received message from mqtt/iot-mqtt-6d6cc94fd4-fbcmr with latency 0.002 seconds
Received message from mqtt/iot-mqtt-6d6cc94fd4-cbn66 with latency 0.002 seconds
Received message from mqtt/iot-mqtt-6d6cc94fd4-8xkrm with latency 0.002 seconds
Received message from mqtt/iot-mqtt-6d6cc94fd4-jxwct with latency 0.002 seconds
Received message from mqtt/iot-mqtt-6d6cc94fd4-lsqpx with latency 0.001 seconds
Received message from mqtt/iot-mqtt-6d6cc94fd4-n95tz with latency 0.001 seconds
Received message from mqtt/iot-mqtt-6d6cc94fd4-z825g with latency 0.003 seconds
Received message from mqtt/iot-mqtt-6d6cc94fd4-fbcmr with latency 0.002 seconds
[FAILURE] iot-mqtt-6d6cc94fd4-cbn66 is simulating a device failure. Stopping MQTT network loop for 40.0 seconds.
Received message from mqtt/iot-mqtt-6d6cc94fd4-48km7 with latency 0.002 seconds
[RECOVERY] iot-mqtt-6d6cc94fd4-cbn66 is back online and reconnecting to broker.
Connected to MQTT broker with result code 0
Received message from mqtt/iot-mqtt-6d6cc94fd4-dwzbn with latency 0.003 seconds
Received message from mqtt/iot-mqtt-6d6cc94fd4-8xkrm with latency 0.003 seconds
Received message from mqtt/iot-mqtt-6d6cc94fd4-kgkh7 with latency 0.002 seconds
Received message from mqtt/iot-mqtt-6d6cc94fd4-n95tz with latency 0.003 seconds
Received message from mqtt/iot-mqtt-6d6cc94fd4-z825g with latency 0.002 seconds
Received message from mqtt/iot-mqtt-6d6cc94fd4-cbn66 with latency 0.001 seconds
Received message from mqtt/iot-mqtt-6d6cc94fd4-fbcmr with latency 0.002 seconds
Received message from mqtt/iot-mqtt-6d6cc94fd4-8xkrm with latency 0.003 seconds
Received message from mqtt/iot-mqtt-6d6cc94fd4-kgkh7 with latency 0.001 seconds
Received message from mqtt/iot-mqtt-6d6cc94fd4-fbcmr with latency 0.003 seconds
Received message from mqtt/iot-mqtt-6d6cc94fd4-jxwct with latency 0.002 seconds
Received message from mqtt/iot-mqtt-6d6cc94fd4-dwzbn with latency 0.002 seconds
Received message from mqtt/iot-mqtt-6d6cc94fd4-kgkh7 with latency 0.003 seconds
Received message from mqtt/iot-mqtt-6d6cc94fd4-z825g with latency 0.002 seconds
Received message from mqtt/iot-mqtt-6d6cc94fd4-cbn66 with latency 0.001 seconds
Received message from mqtt/iot-mqtt-6d6cc94fd4-dwzbn with latency 0.001 seconds
Received message from mqtt/iot-mqtt-6d6cc94fd4-8xkrm with latency 0.003 seconds
Received message from mqtt/iot-mqtt-6d6cc94fd4-kgkh7 with latency 0.003 seconds
Received message from mqtt/iot-mqtt-6d6cc94fd4-z825g with latency 0.004 seconds
Received message from mqtt/iot-mqtt-6d6cc94fd4-cbn66 with latency 0.003 seconds
Received message from mqtt/iot-mqtt-6d6cc94fd4-fbcmr with latency 0.002 seconds
Received message from mqtt/iot-mqtt-6d6cc94fd4-jxwct with latency 0.002 seconds
Received message from mqtt/iot-mqtt-6d6cc94fd4-8xkrm with latency 0.003 seconds
Received message from mqtt/iot-mqtt-6d6cc94fd4-kgkh7 with latency 0.003 seconds
Received message from mqtt/iot-mqtt-6d6cc94fd4-lsqpx with latency 0.002 seconds
Received message from mqtt/iot-mqtt-6d6cc94fd4-z825g with latency 0.003 seconds
Received message from mqtt/iot-mqtt-6d6cc94fd4-48km7 with latency 0.002 seconds
Received message from mqtt/iot-mqtt-6d6cc94fd4-cbn66 with latency 0.002 seconds
Received message from mqtt/iot-mqtt-6d6cc94fd4-jxwct with latency 0.002 seconds
Received message from mqtt/iot-mqtt-6d6cc94fd4-8xkrm with latency 0.002 seconds
Received message from mqtt/iot-mqtt-6d6cc94fd4-kgkh7 with latency 0.002 seconds
Received message from mqtt/iot-mqtt-6d6cc94fd4-lsqpx with latency 0.003 seconds
Received message from mqtt/iot-mqtt-6d6cc94fd4-z825g with latency 0.001 seconds
Received message from mqtt/iot-mqtt-6d6cc94fd4-48km7 with latency 0.002 seconds
Received message from mqtt/iot-mqtt-6d6cc94fd4-cbn66 with latency 0.002 seconds
Received message from mqtt/iot-mqtt-6d6cc94fd4-jxwct with latency 0.003 seconds
Received message from mqtt/iot-mqtt-6d6cc94fd4-kgkh7 with latency 0.003 seconds
Received message from mqtt/iot-mqtt-6d6cc94fd4-n95tz with latency 0.004 seconds
Received message from mqtt/iot-mqtt-6d6cc94fd4-z825g with latency 0.002 seconds
Received message from mqtt/iot-mqtt-6d6cc94fd4-48km7 with latency 0.002 seconds
Received message from mqtt/iot-mqtt-6d6cc94fd4-cbn66 with latency 0.001 seconds
Received message from mqtt/iot-mqtt-6d6cc94fd4-jxwct with latency 0.002 seconds
Received message from mqtt/iot-mqtt-6d6cc94fd4-8xkrm with latency 0.002 seconds
Received message from mqtt/iot-mqtt-6d6cc94fd4-kgkh7 with latency 0.002 seconds
Received message from mqtt/iot-mqtt-6d6cc94fd4-lsqpx with latency 0.003 seconds
Received message from mqtt/iot-mqtt-6d6cc94fd4-n95tz with latency 0.002 seconds
Received message from mqtt/iot-mqtt-6d6cc94fd4-cbn66 with latency 0.003 seconds
Received message from mqtt/iot-mqtt-6d6cc94fd4-48km7 with latency 0.001 seconds
Received message from mqtt/iot-mqtt-6d6cc94fd4-jxwct with latency 0.002 seconds
Received message from mqtt/iot-mqtt-6d6cc94fd4-8xkrm with latency 0.002 seconds
Received message from mqtt/iot-mqtt-6d6cc94fd4-kgkh7 with latency 0.002 seconds
Received message from mqtt/iot-mqtt-6d6cc94fd4-lsqpx with latency 0.002 seconds
Received message from mqtt/iot-mqtt-6d6cc94fd4-n95tz with latency 0.003 seconds
Received message from mqtt/iot-mqtt-6d6cc94fd4-cbn66 with latency 0.002 seconds
Received message from mqtt/iot-mqtt-6d6cc94fd4-kgkh7 with latency 0.002 seconds
Received message from mqtt/iot-mqtt-6d6cc94fd4-lsqpx with latency 0.002 seconds
Received message from mqtt/iot-mqtt-6d6cc94fd4-z825g with latency 0.002 seconds
Received message from mqtt/iot-mqtt-6d6cc94fd4-cbn66 with latency 0.001 seconds
Received message from mqtt/iot-mqtt-6d6cc94fd4-48km7 with latency 0.001 seconds
Received message from mqtt/iot-mqtt-6d6cc94fd4-jxwct with latency 0.002 seconds
Received message from mqtt/iot-mqtt-6d6cc94fd4-dwzbn with latency 0.003 seconds
Received message from mqtt/iot-mqtt-6d6cc94fd4-8xkrm with latency 0.002 seconds
Received message from mqtt/iot-mqtt-6d6cc94fd4-kgkh7 with latency 0.002 seconds
Received message from mqtt/iot-mqtt-6d6cc94fd4-lsqpx with latency 0.002 seconds
Received message from mqtt/iot-mqtt-6d6cc94fd4-n95tz with latency 0.002 seconds
Received message from mqtt/iot-mqtt-6d6cc94fd4-z825g with latency 0.001 seconds
Received message from mqtt/iot-mqtt-6d6cc94fd4-fbcmr with latency 0.001 seconds
Received message from mqtt/iot-mqtt-6d6cc94fd4-cbn66 with latency 0.002 seconds
Received message from mqtt/iot-mqtt-6d6cc94fd4-48km7 with latency 0.002 seconds
Received message from mqtt/iot-mqtt-6d6cc94fd4-jxwct with latency 0.001 seconds
Received message from mqtt/iot-mqtt-6d6cc94fd4-dwzbn with latency 0.002 seconds
Received message from mqtt/iot-mqtt-6d6cc94fd4-8xkrm with latency 0.002 seconds
Received message from mqtt/iot-mqtt-6d6cc94fd4-kgkh7 with latency 0.002 seconds
Received message from mqtt/iot-mqtt-6d6cc94fd4-lsqpx with latency 0.001 seconds
Received message from mqtt/iot-mqtt-6d6cc94fd4-n95tz with latency 0.002 seconds
Received message from mqtt/iot-mqtt-6d6cc94fd4-z825g with latency 0.002 seconds
Received message from mqtt/iot-mqtt-6d6cc94fd4-fbcmr with latency 0.002 seconds
Received message from mqtt/iot-mqtt-6d6cc94fd4-cbn66 with latency 0.002 seconds
Received message from mqtt/iot-mqtt-6d6cc94fd4-48km7 with latency 0.002 seconds
Received message from mqtt/iot-mqtt-6d6cc94fd4-jxwct with latency 0.002 seconds
Received message from mqtt/iot-mqtt-6d6cc94fd4-dwzbn with latency 0.002 seconds
Received message from mqtt/iot-mqtt-6d6cc94fd4-8xkrm with latency 0.002 seconds
Received message from mqtt/iot-mqtt-6d6cc94fd4-kgkh7 with latency 0.002 seconds
Received message from mqtt/iot-mqtt-6d6cc94fd4-lsqpx with latency 0.002 seconds
Received message from mqtt/iot-mqtt-6d6cc94fd4-n95tz with latency 0.002 seconds
Received message from mqtt/iot-mqtt-6d6cc94fd4-z825g with latency 0.002 seconds
Received message from mqtt/iot-mqtt-6d6cc94fd4-fbcmr with latency 0.002 seconds
Received message from mqtt/iot-mqtt-6d6cc94fd4-cbn66 with latency 0.002 seconds
Received message from mqtt/iot-mqtt-6d6cc94fd4-jxwct with latency 0.003 seconds
Received message from mqtt/iot-mqtt-6d6cc94fd4-dwzbn with latency 0.002 seconds
Received message from mqtt/iot-mqtt-6d6cc94fd4-lsqpx with latency 0.003 seconds
Received message from mqtt/iot-mqtt-6d6cc94fd4-n95tz with latency 0.001 seconds
Received message from mqtt/iot-mqtt-6d6cc94fd4-z825g with latency 0.001 seconds
Received message from mqtt/iot-mqtt-6d6cc94fd4-cbn66 with latency 0.001 seconds
Received message from mqtt/iot-mqtt-6d6cc94fd4-fbcmr with latency 0.002 seconds
Received message from mqtt/iot-mqtt-6d6cc94fd4-jxwct with latency 0.002 seconds
Received message from mqtt/iot-mqtt-6d6cc94fd4-dwzbn with latency 0.002 seconds
Received message from mqtt/iot-mqtt-6d6cc94fd4-8xkrm with latency 0.003 seconds
Received message from mqtt/iot-mqtt-6d6cc94fd4-kgkh7 with latency 0.002 seconds
Received message from mqtt/iot-mqtt-6d6cc94fd4-n95tz with latency 0.001 seconds
Received message from mqtt/iot-mqtt-6d6cc94fd4-z825g with latency 0.002 seconds
Received message from mqtt/iot-mqtt-6d6cc94fd4-fbcmr with latency 0.003 seconds
Received message from mqtt/iot-mqtt-6d6cc94fd4-jxwct with latency 0.001 seconds
Received message from mqtt/iot-mqtt-6d6cc94fd4-dwzbn with latency 0.002 seconds
Received message from mqtt/iot-mqtt-6d6cc94fd4-8xkrm with latency 0.002 seconds
Received message from mqtt/iot-mqtt-6d6cc94fd4-kgkh7 with latency 0.003 seconds
Received message from mqtt/iot-mqtt-6d6cc94fd4-lsqpx with latency 0.002 seconds
Received message from mqtt/iot-mqtt-6d6cc94fd4-n95tz with latency 0.001 seconds
Received message from mqtt/iot-mqtt-6d6cc94fd4-jxwct with latency 0.001 seconds
Received message from mqtt/iot-mqtt-6d6cc94fd4-dwzbn with latency 0.002 seconds
Received message from mqtt/iot-mqtt-6d6cc94fd4-8xkrm with latency 0.002 seconds
Received message from mqtt/iot-mqtt-6d6cc94fd4-kgkh7 with latency 0.002 seconds
Received message from mqtt/iot-mqtt-6d6cc94fd4-lsqpx with latency 0.002 seconds
Received message from mqtt/iot-mqtt-6d6cc94fd4-n95tz with latency 0.001 seconds
Received message from mqtt/iot-mqtt-6d6cc94fd4-z825g with latency 0.003 seconds
Received message from mqtt/iot-mqtt-6d6cc94fd4-cbn66 with latency 0.002 seconds
Received message from mqtt/iot-mqtt-6d6cc94fd4-jxwct with latency 0.002 seconds
Received message from mqtt/iot-mqtt-6d6cc94fd4-8xkrm with latency 0.001 seconds
Received message from mqtt/iot-mqtt-6d6cc94fd4-lsqpx with latency 0.003 seconds
Received message from mqtt/iot-mqtt-6d6cc94fd4-n95tz with latency 0.002 seconds
Received message from mqtt/iot-mqtt-6d6cc94fd4-48km7 with latency 0.003 seconds
Received message from mqtt/iot-mqtt-6d6cc94fd4-cbn66 with latency 0.001 seconds
Received message from mqtt/iot-mqtt-6d6cc94fd4-jxwct with latency 0.002 seconds
Received message from mqtt/iot-mqtt-6d6cc94fd4-dwzbn with latency 0.003 seconds
Received message from mqtt/iot-mqtt-6d6cc94fd4-8xkrm with latency 0.002 seconds
Received message from mqtt/iot-mqtt-6d6cc94fd4-kgkh7 with latency 0.003 seconds
Received message from mqtt/iot-mqtt-6d6cc94fd4-lsqpx with latency 0.002 seconds
Received message from mqtt/iot-mqtt-6d6cc94fd4-n95tz with latency 0.002 seconds
Received message from mqtt/iot-mqtt-6d6cc94fd4-48km7 with latency 0.002 seconds
Received message from mqtt/iot-mqtt-6d6cc94fd4-cbn66 with latency 0.001 seconds
Received message from mqtt/iot-mqtt-6d6cc94fd4-dwzbn with latency 0.001 seconds
Received message from mqtt/iot-mqtt-6d6cc94fd4-8xkrm with latency 0.002 seconds
Received message from mqtt/iot-mqtt-6d6cc94fd4-kgkh7 with latency 0.002 seconds
Received message from mqtt/iot-mqtt-6d6cc94fd4-lsqpx with latency 0.002 seconds
Received message from mqtt/iot-mqtt-6d6cc94fd4-n95tz with latency 0.002 seconds
Received message from mqtt/iot-mqtt-6d6cc94fd4-fbcmr with latency 0.002 seconds
Received message from mqtt/iot-mqtt-6d6cc94fd4-dwzbn with latency 0.002 seconds
Received message from mqtt/iot-mqtt-6d6cc94fd4-n95tz with latency 0.001 seconds
Received message from mqtt/iot-mqtt-6d6cc94fd4-z825g with latency 0.002 seconds
Received message from mqtt/iot-mqtt-6d6cc94fd4-fbcmr with latency 0.001 seconds
Received message from mqtt/iot-mqtt-6d6cc94fd4-cbn66 with latency 0.001 seconds
Received message from mqtt/iot-mqtt-6d6cc94fd4-dwzbn with latency 0.003 seconds
Received message from mqtt/iot-mqtt-6d6cc94fd4-lsqpx with latency 0.003 seconds
Received message from mqtt/iot-mqtt-6d6cc94fd4-n95tz with latency 0.001 seconds
Received message from mqtt/iot-mqtt-6d6cc94fd4-z825g with latency 0.002 seconds
Received message from mqtt/iot-mqtt-6d6cc94fd4-48km7 with latency 0.002 seconds
Received message from mqtt/iot-mqtt-6d6cc94fd4-cbn66 with latency 0.002 seconds
Received message from mqtt/iot-mqtt-6d6cc94fd4-jxwct with latency 0.002 seconds
Received message from mqtt/iot-mqtt-6d6cc94fd4-dwzbn with latency 0.002 seconds
Received message from mqtt/iot-mqtt-6d6cc94fd4-n95tz with latency 0.002 seconds
Received message from mqtt/iot-mqtt-6d6cc94fd4-z825g with latency 0.002 seconds
Received message from mqtt/iot-mqtt-6d6cc94fd4-fbcmr with latency 0.001 seconds
Received message from mqtt/iot-mqtt-6d6cc94fd4-48km7 with latency 0.002 seconds
Received message from mqtt/iot-mqtt-6d6cc94fd4-cbn66 with latency 0.001 seconds
Received message from mqtt/iot-mqtt-6d6cc94fd4-jxwct with latency 0.002 seconds
Received message from mqtt/iot-mqtt-6d6cc94fd4-n95tz with latency 0.003 seconds
Received message from mqtt/iot-mqtt-6d6cc94fd4-z825g with latency 0.001 seconds
Received message from mqtt/iot-mqtt-6d6cc94fd4-fbcmr with latency 0.002 seconds
Received message from mqtt/iot-mqtt-6d6cc94fd4-48km7 with latency 0.002 seconds
Received message from mqtt/iot-mqtt-6d6cc94fd4-cbn66 with latency 0.002 seconds
Received message from mqtt/iot-mqtt-6d6cc94fd4-jxwct with latency 0.001 seconds
Received message from mqtt/iot-mqtt-6d6cc94fd4-lsqpx with latency 0.001 seconds
Received message from mqtt/iot-mqtt-6d6cc94fd4-n95tz with latency 0.002 seconds
Received message from mqtt/iot-mqtt-6d6cc94fd4-z825g with latency 0.002 seconds
Received message from mqtt/iot-mqtt-6d6cc94fd4-fbcmr with latency 0.001 seconds
Received message from mqtt/iot-mqtt-6d6cc94fd4-48km7 with latency 0.001 seconds
Received message from mqtt/iot-mqtt-6d6cc94fd4-jxwct with latency 0.002 seconds
Received message from mqtt/iot-mqtt-6d6cc94fd4-8xkrm with latency 0.002 seconds
Received message from mqtt/iot-mqtt-6d6cc94fd4-lsqpx with latency 0.001 seconds
Received message from mqtt/iot-mqtt-6d6cc94fd4-n95tz with latency 0.002 seconds
Received message from mqtt/iot-mqtt-6d6cc94fd4-z825g with latency 0.002 seconds
Received message from mqtt/iot-mqtt-6d6cc94fd4-fbcmr with latency 0.001 seconds
Received message from mqtt/iot-mqtt-6d6cc94fd4-48km7 with latency 0.001 seconds
Received message from mqtt/iot-mqtt-6d6cc94fd4-cbn66 with latency 0.002 seconds
Received message from mqtt/iot-mqtt-6d6cc94fd4-jxwct with latency 0.002 seconds
Received message from mqtt/iot-mqtt-6d6cc94fd4-8xkrm with latency 0.002 seconds
Received message from mqtt/iot-mqtt-6d6cc94fd4-z825g with latency 0.001 seconds
Received message from mqtt/iot-mqtt-6d6cc94fd4-48km7 with latency 0.002 seconds
Received message from mqtt/iot-mqtt-6d6cc94fd4-cbn66 with latency 0.002 seconds
Received message from mqtt/iot-mqtt-6d6cc94fd4-jxwct with latency 0.002 seconds
Received message from mqtt/iot-mqtt-6d6cc94fd4-kgkh7 with latency 0.002 seconds
Received message from mqtt/iot-mqtt-6d6cc94fd4-n95tz with latency 0.002 seconds
Received message from mqtt/iot-mqtt-6d6cc94fd4-z825g with latency 0.001 seconds
Received message from mqtt/iot-mqtt-6d6cc94fd4-48km7 with latency 0.002 seconds
Received message from mqtt/iot-mqtt-6d6cc94fd4-dwzbn with latency 0.001 seconds
Received message from mqtt/iot-mqtt-6d6cc94fd4-8xkrm with latency 0.002 seconds
Received message from mqtt/iot-mqtt-6d6cc94fd4-kgkh7 with latency 0.003 seconds
Received message from mqtt/iot-mqtt-6d6cc94fd4-n95tz with latency 0.002 seconds
Received message from mqtt/iot-mqtt-6d6cc94fd4-z825g with latency 0.002 seconds
Received message from mqtt/iot-mqtt-6d6cc94fd4-48km7 with latency 0.001 seconds
Received message from mqtt/iot-mqtt-6d6cc94fd4-cbn66 with latency 0.001 seconds
Received message from mqtt/iot-mqtt-6d6cc94fd4-dwzbn with latency 0.001 seconds
Received message from mqtt/iot-mqtt-6d6cc94fd4-jxwct with latency 0.002 seconds
Received message from mqtt/iot-mqtt-6d6cc94fd4-8xkrm with latency 0.002 seconds
Received message from mqtt/iot-mqtt-6d6cc94fd4-cbn66 with latency 0.002 seconds
Received message from mqtt/iot-mqtt-6d6cc94fd4-jxwct with latency 0.003 seconds
Received message from mqtt/iot-mqtt-6d6cc94fd4-8xkrm with latency 0.002 seconds
Received message from mqtt/iot-mqtt-6d6cc94fd4-kgkh7 with latency 0.002 seconds
Received message from mqtt/iot-mqtt-6d6cc94fd4-8xkrm with latency 0.001 seconds
Received message from mqtt/iot-mqtt-6d6cc94fd4-kgkh7 with latency 0.002 seconds
Received message from mqtt/iot-mqtt-6d6cc94fd4-lsqpx with latency 0.002 seconds
Received message from mqtt/iot-mqtt-6d6cc94fd4-n95tz with latency 0.002 seconds
Received message from mqtt/iot-mqtt-6d6cc94fd4-cbn66 with latency 0.001 seconds
Received message from mqtt/iot-mqtt-6d6cc94fd4-8xkrm with latency 0.002 seconds
Received message from mqtt/iot-mqtt-6d6cc94fd4-lsqpx with latency 0.001 seconds
Received message from mqtt/iot-mqtt-6d6cc94fd4-n95tz with latency 0.002 seconds
Received message from mqtt/iot-mqtt-6d6cc94fd4-8xkrm with latency 0.002 seconds
Received message from mqtt/iot-mqtt-6d6cc94fd4-lsqpx with latency 0.002 seconds
Received message from mqtt/iot-mqtt-6d6cc94fd4-n95tz with latency 0.002 seconds
Received message from mqtt/iot-mqtt-6d6cc94fd4-z825g with latency 0.002 seconds
Received message from mqtt/iot-mqtt-6d6cc94fd4-48km7 with latency 0.002 seconds
Received message from mqtt/iot-mqtt-6d6cc94fd4-cbn66 with latency 0.001 seconds
Received message from mqtt/iot-mqtt-6d6cc94fd4-8xkrm with latency 0.001 seconds
Received message from mqtt/iot-mqtt-6d6cc94fd4-kgkh7 with latency 0.002 seconds
Received message from mqtt/iot-mqtt-6d6cc94fd4-lsqpx with latency 0.002 seconds
Received message from mqtt/iot-mqtt-6d6cc94fd4-n95tz with latency 0.002 seconds
Received message from mqtt/iot-mqtt-6d6cc94fd4-48km7 with latency 0.002 seconds
[FAILURE] iot-mqtt-6d6cc94fd4-cbn66 is simulating a device failure. Stopping MQTT network loop for 40.0 seconds.
Received message from mqtt/iot-mqtt-6d6cc94fd4-jxwct with latency 0.004 seconds
[RECOVERY] iot-mqtt-6d6cc94fd4-cbn66 is back online and reconnecting to broker.
Connected to MQTT broker with result code 0
Received message from mqtt/iot-mqtt-6d6cc94fd4-jxwct with latency 0.003 seconds
Received message from mqtt/iot-mqtt-6d6cc94fd4-8xkrm with latency 0.002 seconds
Received message from mqtt/iot-mqtt-6d6cc94fd4-n95tz with latency 0.003 seconds
Received message from mqtt/iot-mqtt-6d6cc94fd4-fbcmr with latency 0.001 seconds
Received message from mqtt/iot-mqtt-6d6cc94fd4-48km7 with latency 0.002 seconds
Received message from mqtt/iot-mqtt-6d6cc94fd4-cbn66 with latency 0.002 seconds
Received message from mqtt/iot-mqtt-6d6cc94fd4-dwzbn with latency 0.002 seconds
Received message from mqtt/iot-mqtt-6d6cc94fd4-jxwct with latency 0.003 seconds
Received message from mqtt/iot-mqtt-6d6cc94fd4-n95tz with latency 0.004 seconds
Received message from mqtt/iot-mqtt-6d6cc94fd4-z825g with latency 0.002 seconds
Received message from mqtt/iot-mqtt-6d6cc94fd4-fbcmr with latency 0.002 seconds
Received message from mqtt/iot-mqtt-6d6cc94fd4-48km7 with latency 0.003 seconds
Received message from mqtt/iot-mqtt-6d6cc94fd4-dwzbn with latency 0.002 seconds
Received message from mqtt/iot-mqtt-6d6cc94fd4-8xkrm with latency 0.002 seconds
Received message from mqtt/iot-mqtt-6d6cc94fd4-kgkh7 with latency 0.003 seconds
Received message from mqtt/iot-mqtt-6d6cc94fd4-lsqpx with latency 0.003 seconds
Received message from mqtt/iot-mqtt-6d6cc94fd4-z825g with latency 0.002 seconds
Received message from mqtt/iot-mqtt-6d6cc94fd4-fbcmr with latency 0.003 seconds
Received message from mqtt/iot-mqtt-6d6cc94fd4-48km7 with latency 0.003 seconds
Received message from mqtt/iot-mqtt-6d6cc94fd4-dwzbn with latency 0.003 seconds
Received message from mqtt/iot-mqtt-6d6cc94fd4-cbn66 with latency 0.002 seconds
Received message from mqtt/iot-mqtt-6d6cc94fd4-jxwct with latency 0.004 seconds
Received message from mqtt/iot-mqtt-6d6cc94fd4-8xkrm with latency 0.003 seconds
Received message from mqtt/iot-mqtt-6d6cc94fd4-kgkh7 with latency 0.003 seconds
Received message from mqtt/iot-mqtt-6d6cc94fd4-lsqpx with latency 0.003 seconds
Received message from mqtt/iot-mqtt-6d6cc94fd4-z825g with latency 0.003 seconds
Received message from mqtt/iot-mqtt-6d6cc94fd4-fbcmr with latency 0.003 seconds
Received message from mqtt/iot-mqtt-6d6cc94fd4-n95tz with latency 0.002 seconds
Received message from mqtt/iot-mqtt-6d6cc94fd4-48km7 with latency 0.004 seconds
Received message from mqtt/iot-mqtt-6d6cc94fd4-jxwct with latency 0.003 seconds
Received message from mqtt/iot-mqtt-6d6cc94fd4-kgkh7 with latency 0.003 seconds
Received message from mqtt/iot-mqtt-6d6cc94fd4-z825g with latency 0.002 seconds
Received message from mqtt/iot-mqtt-6d6cc94fd4-n95tz with latency 0.004 seconds
Received message from mqtt/iot-mqtt-6d6cc94fd4-48km7 with latency 0.004 seconds
Received message from mqtt/iot-mqtt-6d6cc94fd4-cbn66 with latency 0.002 seconds
Received message from mqtt/iot-mqtt-6d6cc94fd4-jxwct with latency 0.002 seconds
Received message from mqtt/iot-mqtt-6d6cc94fd4-lsqpx with latency 0.001 seconds
Received message from mqtt/iot-mqtt-6d6cc94fd4-z825g with latency 0.002 seconds
Received message from mqtt/iot-mqtt-6d6cc94fd4-n95tz with latency 0.002 seconds
Received message from mqtt/iot-mqtt-6d6cc94fd4-48km7 with latency 0.002 seconds
Received message from mqtt/iot-mqtt-6d6cc94fd4-cbn66 with latency 0.002 seconds
Received message from mqtt/iot-mqtt-6d6cc94fd4-dwzbn with latency 0.003 seconds
Received message from mqtt/iot-mqtt-6d6cc94fd4-kgkh7 with latency 0.001 seconds
Received message from mqtt/iot-mqtt-6d6cc94fd4-lsqpx with latency 0.002 seconds
Received message from mqtt/iot-mqtt-6d6cc94fd4-z825g with latency 0.002 seconds
Received message from mqtt/iot-mqtt-6d6cc94fd4-n95tz with latency 0.002 seconds
Received message from mqtt/iot-mqtt-6d6cc94fd4-48km7 with latency 0.002 seconds
Received message from mqtt/iot-mqtt-6d6cc94fd4-lsqpx with latency 0.002 seconds
Received message from mqtt/iot-mqtt-6d6cc94fd4-n95tz with latency 0.003 seconds
Received message from mqtt/iot-mqtt-6d6cc94fd4-z825g with latency 0.002 seconds
Received message from mqtt/iot-mqtt-6d6cc94fd4-48km7 with latency 0.003 seconds
Received message from mqtt/iot-mqtt-6d6cc94fd4-cbn66 with latency 0.002 seconds
Received message from mqtt/iot-mqtt-6d6cc94fd4-kgkh7 with latency 0.001 seconds
Received message from mqtt/iot-mqtt-6d6cc94fd4-lsqpx with latency 0.002 seconds
Received message from mqtt/iot-mqtt-6d6cc94fd4-n95tz with latency 0.002 seconds
Received message from mqtt/iot-mqtt-6d6cc94fd4-z825g with latency 0.002 seconds
Received message from mqtt/iot-mqtt-6d6cc94fd4-48km7 with latency 0.001 seconds
Received message from mqtt/iot-mqtt-6d6cc94fd4-cbn66 with latency 0.002 seconds
Received message from mqtt/iot-mqtt-6d6cc94fd4-8xkrm with latency 0.001 seconds
Received message from mqtt/iot-mqtt-6d6cc94fd4-kgkh7 with latency 0.002 seconds
Received message from mqtt/iot-mqtt-6d6cc94fd4-fbcmr with latency 0.002 seconds
Received message from mqtt/iot-mqtt-6d6cc94fd4-n95tz with latency 0.002 seconds
Received message from mqtt/iot-mqtt-6d6cc94fd4-z825g with latency 0.002 seconds
Received message from mqtt/iot-mqtt-6d6cc94fd4-48km7 with latency 0.002 seconds
Received message from mqtt/iot-mqtt-6d6cc94fd4-cbn66 with latency 0.002 seconds
Received message from mqtt/iot-mqtt-6d6cc94fd4-8xkrm with latency 0.002 seconds
Received message from mqtt/iot-mqtt-6d6cc94fd4-lsqpx with latency 0.003 seconds
Received message from mqtt/iot-mqtt-6d6cc94fd4-fbcmr with latency 0.002 seconds
Received message from mqtt/iot-mqtt-6d6cc94fd4-z825g with latency 0.003 seconds
Received message from mqtt/iot-mqtt-6d6cc94fd4-48km7 with latency 0.002 seconds
Received message from mqtt/iot-mqtt-6d6cc94fd4-cbn66 with latency 0.002 seconds
Received message from mqtt/iot-mqtt-6d6cc94fd4-jxwct with latency 0.004 seconds
Received message from mqtt/iot-mqtt-6d6cc94fd4-8xkrm with latency 0.001 seconds
Received message from mqtt/iot-mqtt-6d6cc94fd4-lsqpx with latency 0.003 seconds
Received message from mqtt/iot-mqtt-6d6cc94fd4-fbcmr with latency 0.003 seconds
Received message from mqtt/iot-mqtt-6d6cc94fd4-n95tz with latency 0.002 seconds
Received message from mqtt/iot-mqtt-6d6cc94fd4-z825g with latency 0.002 seconds
Received message from mqtt/iot-mqtt-6d6cc94fd4-48km7 with latency 0.003 seconds
Received message from mqtt/iot-mqtt-6d6cc94fd4-dwzbn with latency 0.003 seconds
Received message from mqtt/iot-mqtt-6d6cc94fd4-cbn66 with latency 0.004 seconds
Received message from mqtt/iot-mqtt-6d6cc94fd4-jxwct with latency 0.003 seconds
Received message from mqtt/iot-mqtt-6d6cc94fd4-8xkrm with latency 0.008 seconds
Received message from mqtt/iot-mqtt-6d6cc94fd4-kgkh7 with latency 0.003 seconds
Received message from mqtt/iot-mqtt-6d6cc94fd4-lsqpx with latency 0.004 seconds
Received message from mqtt/iot-mqtt-6d6cc94fd4-z825g with latency 0.004 seconds
Received message from mqtt/iot-mqtt-6d6cc94fd4-dwzbn with latency 0.004 seconds
Received message from mqtt/iot-mqtt-6d6cc94fd4-cbn66 with latency 0.002 seconds
Received message from mqtt/iot-mqtt-6d6cc94fd4-jxwct with latency 0.004 seconds
Received message from mqtt/iot-mqtt-6d6cc94fd4-8xkrm with latency 0.001 seconds
Received message from mqtt/iot-mqtt-6d6cc94fd4-kgkh7 with latency 0.001 seconds
Received message from mqtt/iot-mqtt-6d6cc94fd4-fbcmr with latency 0.004 seconds
Received message from mqtt/iot-mqtt-6d6cc94fd4-z825g with latency 0.004 seconds
Received message from mqtt/iot-mqtt-6d6cc94fd4-48km7 with latency 0.003 seconds
Received message from mqtt/iot-mqtt-6d6cc94fd4-dwzbn with latency 0.003 seconds
Received message from mqtt/iot-mqtt-6d6cc94fd4-jxwct with latency 0.002 seconds
Received message from mqtt/iot-mqtt-6d6cc94fd4-8xkrm with latency 0.001 seconds
Received message from mqtt/iot-mqtt-6d6cc94fd4-lsqpx with latency 0.002 seconds
Received message from mqtt/iot-mqtt-6d6cc94fd4-kgkh7 with latency 0.002 seconds
Received message from mqtt/iot-mqtt-6d6cc94fd4-fbcmr with latency 0.003 seconds
Received message from mqtt/iot-mqtt-6d6cc94fd4-n95tz with latency 0.003 seconds
Received message from mqtt/iot-mqtt-6d6cc94fd4-z825g with latency 0.001 seconds
Received message from mqtt/iot-mqtt-6d6cc94fd4-dwzbn with latency 0.003 seconds
[FAILURE] iot-mqtt-6d6cc94fd4-cbn66 is simulating a device failure. Stopping MQTT network loop for 40.0 seconds.
[RECOVERY] iot-mqtt-6d6cc94fd4-cbn66 is back online and reconnecting to broker.
Connected to MQTT broker with result code 0
Received message from mqtt/iot-mqtt-6d6cc94fd4-cbn66 with latency 0.003 seconds
Received message from mqtt/iot-mqtt-6d6cc94fd4-lsqpx with latency 0.003 seconds
Received message from mqtt/iot-mqtt-6d6cc94fd4-kgkh7 with latency 0.003 seconds
Received message from mqtt/iot-mqtt-6d6cc94fd4-n95tz with latency 0.003 seconds
Received message from mqtt/iot-mqtt-6d6cc94fd4-z825g with latency 0.002 seconds
Received message from mqtt/iot-mqtt-6d6cc94fd4-cbn66 with latency 0.003 seconds
Received message from mqtt/iot-mqtt-6d6cc94fd4-8xkrm with latency 0.004 seconds
Received message from mqtt/iot-mqtt-6d6cc94fd4-kgkh7 with latency 0.002 seconds
Received message from mqtt/iot-mqtt-6d6cc94fd4-z825g with latency 0.002 seconds
Received message from mqtt/iot-mqtt-6d6cc94fd4-48km7 with latency 0.005 seconds
Received message from mqtt/iot-mqtt-6d6cc94fd4-dwzbn with latency 0.004 seconds
Received message from mqtt/iot-mqtt-6d6cc94fd4-cbn66 with latency 0.002 seconds
Received message from mqtt/iot-mqtt-6d6cc94fd4-8xkrm with latency 0.002 seconds
Received message from mqtt/iot-mqtt-6d6cc94fd4-lsqpx with latency 0.002 seconds
Received message from mqtt/iot-mqtt-6d6cc94fd4-kgkh7 with latency 0.003 seconds
Received message from mqtt/iot-mqtt-6d6cc94fd4-n95tz with latency 0.003 seconds
Received message from mqtt/iot-mqtt-6d6cc94fd4-z825g with latency 0.004 seconds
Received message from mqtt/iot-mqtt-6d6cc94fd4-48km7 with latency 0.004 seconds
Received message from mqtt/iot-mqtt-6d6cc94fd4-dwzbn with latency 0.002 seconds
Received message from mqtt/iot-mqtt-6d6cc94fd4-cbn66 with latency 0.003 seconds
Received message from mqtt/iot-mqtt-6d6cc94fd4-jxwct with latency 0.003 seconds
Received message from mqtt/iot-mqtt-6d6cc94fd4-lsqpx with latency 0.004 seconds
Received message from mqtt/iot-mqtt-6d6cc94fd4-fbcmr with latency 0.004 seconds
Received message from mqtt/iot-mqtt-6d6cc94fd4-kgkh7 with latency 0.003 seconds
Received message from mqtt/iot-mqtt-6d6cc94fd4-n95tz with latency 0.001 seconds
Received message from mqtt/iot-mqtt-6d6cc94fd4-z825g with latency 0.005 seconds
Received message from mqtt/iot-mqtt-6d6cc94fd4-48km7 with latency 0.003 seconds
Received message from mqtt/iot-mqtt-6d6cc94fd4-cbn66 with latency 0.003 seconds
Received message from mqtt/iot-mqtt-6d6cc94fd4-jxwct with latency 0.003 seconds
Received message from mqtt/iot-mqtt-6d6cc94fd4-lsqpx with latency 0.003 seconds
Received message from mqtt/iot-mqtt-6d6cc94fd4-fbcmr with latency 0.003 seconds
Received message from mqtt/iot-mqtt-6d6cc94fd4-kgkh7 with latency 0.002 seconds
Received message from mqtt/iot-mqtt-6d6cc94fd4-n95tz with latency 0.002 seconds
Received message from mqtt/iot-mqtt-6d6cc94fd4-z825g with latency 0.003 seconds
Received message from mqtt/iot-mqtt-6d6cc94fd4-48km7 with latency 0.001 seconds
Received message from mqtt/iot-mqtt-6d6cc94fd4-dwzbn with latency 0.002 seconds
Received message from mqtt/iot-mqtt-6d6cc94fd4-cbn66 with latency 0.001 seconds
Received message from mqtt/iot-mqtt-6d6cc94fd4-jxwct with latency 0.001 seconds
Received message from mqtt/iot-mqtt-6d6cc94fd4-lsqpx with latency 0.003 seconds
Received message from mqtt/iot-mqtt-6d6cc94fd4-fbcmr with latency 0.003 seconds
Received message from mqtt/iot-mqtt-6d6cc94fd4-kgkh7 with latency 0.001 seconds
Received message from mqtt/iot-mqtt-6d6cc94fd4-n95tz with latency 0.002 seconds
Received message from mqtt/iot-mqtt-6d6cc94fd4-z825g with latency 0.003 seconds
Received message from mqtt/iot-mqtt-6d6cc94fd4-48km7 with latency 0.001 seconds
Received message from mqtt/iot-mqtt-6d6cc94fd4-dwzbn with latency 0.003 seconds
Received message from mqtt/iot-mqtt-6d6cc94fd4-jxwct with latency 0.001 seconds
Received message from mqtt/iot-mqtt-6d6cc94fd4-fbcmr with latency 0.005 seconds
Received message from mqtt/iot-mqtt-6d6cc94fd4-n95tz with latency 0.003 seconds
Received message from mqtt/iot-mqtt-6d6cc94fd4-48km7 with latency 0.004 seconds
Received message from mqtt/iot-mqtt-6d6cc94fd4-dwzbn with latency 0.004 seconds
Received message from mqtt/iot-mqtt-6d6cc94fd4-cbn66 with latency 0.002 seconds
Received message from mqtt/iot-mqtt-6d6cc94fd4-jxwct with latency 0.002 seconds
Received message from mqtt/iot-mqtt-6d6cc94fd4-n95tz with latency 0.003 seconds
Received message from mqtt/iot-mqtt-6d6cc94fd4-dwzbn with latency 0.002 seconds
Received message from mqtt/iot-mqtt-6d6cc94fd4-cbn66 with latency 0.002 seconds
Received message from mqtt/iot-mqtt-6d6cc94fd4-fbcmr with latency 0.003 seconds
Received message from mqtt/iot-mqtt-6d6cc94fd4-kgkh7 with latency 0.003 seconds
Received message from mqtt/iot-mqtt-6d6cc94fd4-n95tz with latency 0.002 seconds
Received message from mqtt/iot-mqtt-6d6cc94fd4-cbn66 with latency 0.003 seconds
Received message from mqtt/iot-mqtt-6d6cc94fd4-8xkrm with latency 0.004 seconds
Received message from mqtt/iot-mqtt-6d6cc94fd4-fbcmr with latency 0.003 seconds
Received message from mqtt/iot-mqtt-6d6cc94fd4-kgkh7 with latency 0.002 seconds
Received message from mqtt/iot-mqtt-6d6cc94fd4-n95tz with latency 0.003 seconds
Received message from mqtt/iot-mqtt-6d6cc94fd4-cbn66 with latency 0.003 seconds
Received message from mqtt/iot-mqtt-6d6cc94fd4-lsqpx with latency 0.082 seconds
Received message from mqtt/iot-mqtt-6d6cc94fd4-kgkh7 with latency 0.004 seconds
Received message from mqtt/iot-mqtt-6d6cc94fd4-n95tz with latency 0.004 seconds
Received message from mqtt/iot-mqtt-6d6cc94fd4-48km7 with latency 0.003 seconds
Received message from mqtt/iot-mqtt-6d6cc94fd4-cbn66 with latency 0.001 seconds
Received message from mqtt/iot-mqtt-6d6cc94fd4-lsqpx with latency 0.003 seconds
Received message from mqtt/iot-mqtt-6d6cc94fd4-z825g with latency 0.002 seconds
Received message from mqtt/iot-mqtt-6d6cc94fd4-48km7 with latency 0.002 seconds
Received message from mqtt/iot-mqtt-6d6cc94fd4-cbn66 with latency 0.001 seconds
Received message from mqtt/iot-mqtt-6d6cc94fd4-fbcmr with latency 0.004 seconds
Received message from mqtt/iot-mqtt-6d6cc94fd4-z825g with latency 0.001 seconds
Received message from mqtt/iot-mqtt-6d6cc94fd4-cbn66 with latency 0.002 seconds
Received message from mqtt/iot-mqtt-6d6cc94fd4-48km7 with latency 0.002 seconds
Received message from mqtt/iot-mqtt-6d6cc94fd4-lsqpx with latency 0.002 seconds
Received message from mqtt/iot-mqtt-6d6cc94fd4-fbcmr with latency 0.003 seconds
Received message from mqtt/iot-mqtt-6d6cc94fd4-n95tz with latency 0.003 seconds
Received message from mqtt/iot-mqtt-6d6cc94fd4-cbn66 with latency 0.002 seconds
Received message from mqtt/iot-mqtt-6d6cc94fd4-48km7 with latency 0.002 seconds
Received message from mqtt/iot-mqtt-6d6cc94fd4-fbcmr with latency 0.004 seconds
Received message from mqtt/iot-mqtt-6d6cc94fd4-48km7 with latency 0.002 seconds
Received message from mqtt/iot-mqtt-6d6cc94fd4-lsqpx with latency 0.001 seconds
Received message from mqtt/iot-mqtt-6d6cc94fd4-kgkh7 with latency 0.003 seconds
Received message from mqtt/iot-mqtt-6d6cc94fd4-fbcmr with latency 0.003 seconds
Received message from mqtt/iot-mqtt-6d6cc94fd4-dwzbn with latency 0.001 seconds
Received message from mqtt/iot-mqtt-6d6cc94fd4-8xkrm with latency 0.002 seconds
Received message from mqtt/iot-mqtt-6d6cc94fd4-lsqpx with latency 0.002 seconds
Received message from mqtt/iot-mqtt-6d6cc94fd4-kgkh7 with latency 0.002 seconds
Received message from mqtt/iot-mqtt-6d6cc94fd4-fbcmr with latency 0.002 seconds
Received message from mqtt/iot-mqtt-6d6cc94fd4-dwzbn with latency 0.002 seconds
Received message from mqtt/iot-mqtt-6d6cc94fd4-cbn66 with latency 0.002 seconds
Received message from mqtt/iot-mqtt-6d6cc94fd4-48km7 with latency 0.003 seconds
Received message from mqtt/iot-mqtt-6d6cc94fd4-lsqpx with latency 0.002 seconds
Received message from mqtt/iot-mqtt-6d6cc94fd4-kgkh7 with latency 0.002 seconds
Received message from mqtt/iot-mqtt-6d6cc94fd4-dwzbn with latency 0.002 seconds
Received message from mqtt/iot-mqtt-6d6cc94fd4-jxwct with latency 0.001 seconds
Received message from mqtt/iot-mqtt-6d6cc94fd4-48km7 with latency 0.003 seconds
Received message from mqtt/iot-mqtt-6d6cc94fd4-8xkrm with latency 0.002 seconds
Received message from mqtt/iot-mqtt-6d6cc94fd4-lsqpx with latency 0.002 seconds
Received message from mqtt/iot-mqtt-6d6cc94fd4-fbcmr with latency 0.001 seconds
Received message from mqtt/iot-mqtt-6d6cc94fd4-z825g with latency 0.001 seconds
Received message from mqtt/iot-mqtt-6d6cc94fd4-dwzbn with latency 0.002 seconds
Received message from mqtt/iot-mqtt-6d6cc94fd4-jxwct with latency 0.002 seconds
Received message from mqtt/iot-mqtt-6d6cc94fd4-cbn66 with latency 0.001 seconds
Received message from mqtt/iot-mqtt-6d6cc94fd4-48km7 with latency 0.002 seconds
Received message from mqtt/iot-mqtt-6d6cc94fd4-8xkrm with latency 0.001 seconds
Received message from mqtt/iot-mqtt-6d6cc94fd4-lsqpx with latency 0.002 seconds
Received message from mqtt/iot-mqtt-6d6cc94fd4-fbcmr with latency 0.002 seconds
Received message from mqtt/iot-mqtt-6d6cc94fd4-z825g with latency 0.002 seconds
Received message from mqtt/iot-mqtt-6d6cc94fd4-dwzbn with latency 0.002 seconds
Received message from mqtt/iot-mqtt-6d6cc94fd4-jxwct with latency 0.001 seconds
Received message from mqtt/iot-mqtt-6d6cc94fd4-cbn66 with latency 0.002 seconds
Received message from mqtt/iot-mqtt-6d6cc94fd4-48km7 with latency 0.002 seconds
Received message from mqtt/iot-mqtt-6d6cc94fd4-8xkrm with latency 0.001 seconds
Received message from mqtt/iot-mqtt-6d6cc94fd4-lsqpx with latency 0.002 seconds
Received message from mqtt/iot-mqtt-6d6cc94fd4-kgkh7 with latency 0.002 seconds
Received message from mqtt/iot-mqtt-6d6cc94fd4-z825g with latency 0.002 seconds
Received message from mqtt/iot-mqtt-6d6cc94fd4-fbcmr with latency 0.002 seconds
Received message from mqtt/iot-mqtt-6d6cc94fd4-n95tz with latency 0.001 seconds
Received message from mqtt/iot-mqtt-6d6cc94fd4-dwzbn with latency 0.002 seconds
Received message from mqtt/iot-mqtt-6d6cc94fd4-48km7 with latency 0.003 seconds
Received message from mqtt/iot-mqtt-6d6cc94fd4-lsqpx with latency 0.002 seconds
Received message from mqtt/iot-mqtt-6d6cc94fd4-kgkh7 with latency 0.001 seconds
Received message from mqtt/iot-mqtt-6d6cc94fd4-z825g with latency 0.003 seconds
Received message from mqtt/iot-mqtt-6d6cc94fd4-fbcmr with latency 0.002 seconds
Received message from mqtt/iot-mqtt-6d6cc94fd4-n95tz with latency 0.001 seconds
Received message from mqtt/iot-mqtt-6d6cc94fd4-cbn66 with latency 0.010 seconds
Received message from mqtt/iot-mqtt-6d6cc94fd4-48km7 with latency 0.002 seconds
Received message from mqtt/iot-mqtt-6d6cc94fd4-lsqpx with latency 0.002 seconds
Received message from mqtt/iot-mqtt-6d6cc94fd4-kgkh7 with latency 0.001 seconds
Received message from mqtt/iot-mqtt-6d6cc94fd4-fbcmr with latency 0.002 seconds
[FAILURE] iot-mqtt-6d6cc94fd4-cbn66 is simulating a device failure. Stopping MQTT network loop for 40.0 seconds.
Received message from mqtt/iot-mqtt-6d6cc94fd4-48km7 with latency 0.001 seconds
[RECOVERY] iot-mqtt-6d6cc94fd4-cbn66 is back online and reconnecting to broker.
Connected to MQTT broker with result code 0
Received message from mqtt/iot-mqtt-6d6cc94fd4-48km7 with latency 0.004 seconds
Received message from mqtt/iot-mqtt-6d6cc94fd4-8xkrm with latency 0.002 seconds
Received message from mqtt/iot-mqtt-6d6cc94fd4-lsqpx with latency 0.008 seconds
Received message from mqtt/iot-mqtt-6d6cc94fd4-kgkh7 with latency 0.001 seconds
Received message from mqtt/iot-mqtt-6d6cc94fd4-n95tz with latency 0.002 seconds
Received message from mqtt/iot-mqtt-6d6cc94fd4-z825g with latency 0.003 seconds
Received message from mqtt/iot-mqtt-6d6cc94fd4-cbn66 with latency 0.003 seconds
Received message from mqtt/iot-mqtt-6d6cc94fd4-8xkrm with latency 0.003 seconds
Received message from mqtt/iot-mqtt-6d6cc94fd4-lsqpx with latency 0.003 seconds
Received message from mqtt/iot-mqtt-6d6cc94fd4-kgkh7 with latency 0.003 seconds
