/app/mqtt_device.py:16: DeprecationWarning: Callback API version 1 is deprecated, update to latest version
  mqtt_client = mqtt.Client()
 * Serving Flask app 'mqtt_device'
 * Debug mode: off
[31m[1mWARNING: This is a development server. Do not use it in a production deployment. Use a production WSGI server instead.[0m
 * Running on all addresses (0.0.0.0)
 * Running on http://127.0.0.1:5000
 * Running on http://10.244.3.180:5000
[33mPress CTRL+C to quit[0m
Connected to MQTT broker with result code 0
Received message from mqtt/iot-mqtt-85d66979d5-bbd8g with latency 0.001 seconds
Received message from mqtt/iot-mqtt-757f69fd8f-5vmwm with latency 0.001 seconds
Received message from mqtt/iot-mqtt-85d66979d5-x6289 with latency 0.001 seconds
Received message from mqtt/iot-mqtt-757f69fd8f-4hhdn with latency 0.001 seconds
Received message from mqtt/iot-mqtt-757f69fd8f-vdrqf with latency 0.001 seconds
Received message from mqtt/iot-mqtt-85d66979d5-hc85j with latency 0.001 seconds
Received message from mqtt/iot-mqtt-85d66979d5-wzcn8 with latency 0.001 seconds
Received message from mqtt/iot-mqtt-757f69fd8f-cp4kz with latency 0.001 seconds
Received message from mqtt/iot-mqtt-85d66979d5-fdg4f with latency 0.001 seconds
Received message from mqtt/iot-mqtt-757f69fd8f-228bq with latency 0.001 seconds
Received message from mqtt/iot-mqtt-85d66979d5-lcd8w with latency 0.004 seconds
Received message from mqtt/iot-mqtt-757f69fd8f-gnmd7 with latency 0.003 seconds
Received message from mqtt/iot-mqtt-85d66979d5-q5nx5 with latency 0.002 seconds
Received message from mqtt/iot-mqtt-85d66979d5-6mh4z with latency 0.001 seconds
Received message from mqtt/iot-mqtt-85d66979d5-bbd8g with latency 0.001 seconds
Received message from mqtt/iot-mqtt-85d66979d5-x6289 with latency 0.005 seconds
Received message from mqtt/iot-mqtt-757f69fd8f-5x99k with latency 0.002 seconds
Received message from mqtt/iot-mqtt-757f69fd8f-4hhdn with latency 0.004 seconds
Received message from mqtt/iot-mqtt-757f69fd8f-vdrqf with latency 0.002 seconds
Received message from mqtt/iot-mqtt-85d66979d5-wzcn8 with latency 0.005 seconds
Received message from mqtt/iot-mqtt-757f69fd8f-cp4kz with latency 0.010 seconds
Received message from mqtt/iot-mqtt-85d66979d5-fdg4f with latency 0.003 seconds
Received message from mqtt/iot-mqtt-757f69fd8f-228bq with latency 0.006 seconds
Received message from mqtt/iot-mqtt-85d66979d5-lcd8w with latency 0.005 seconds
Received message from mqtt/iot-mqtt-757f69fd8f-gnmd7 with latency 0.005 seconds
Received message from mqtt/iot-mqtt-85d66979d5-q5nx5 with latency 0.004 seconds
Received message from mqtt/iot-mqtt-85d66979d5-6mh4z with latency 0.001 seconds
Received message from mqtt/iot-mqtt-757f69fd8f-5vmwm with latency 0.003 seconds
Received message from mqtt/iot-mqtt-85d66979d5-bbd8g with latency 0.001 seconds
Received message from mqtt/iot-mqtt-85d66979d5-x6289 with latency 0.005 seconds
Received message from mqtt/iot-mqtt-757f69fd8f-5x99k with latency 0.103 seconds
Received message from mqtt/iot-mqtt-85d66979d5-hc85j with latency 0.007 seconds
Received message from mqtt/iot-mqtt-757f69fd8f-4hhdn with latency 0.002 seconds
Received message from mqtt/iot-mqtt-757f69fd8f-vdrqf with latency 0.003 seconds
Received message from mqtt/iot-mqtt-85d66979d5-wzcn8 with latency 0.004 seconds
Received message from mqtt/iot-mqtt-85d66979d5-fdg4f with latency 0.004 seconds
Received message from mqtt/iot-mqtt-757f69fd8f-cp4kz with latency 0.006 seconds
Received message from mqtt/iot-mqtt-85d66979d5-9jmbn with latency 0.002 seconds
Received message from mqtt/iot-mqtt-85d66979d5-lcd8w with latency 0.002 seconds
Received message from mqtt/iot-mqtt-757f69fd8f-gnmd7 with latency 0.004 seconds
Received message from mqtt/iot-mqtt-85d66979d5-q5nx5 with latency 0.004 seconds
Received message from mqtt/iot-mqtt-85d66979d5-6mh4z with latency 0.001 seconds
Received message from mqtt/iot-mqtt-85d66979d5-8c7jp with latency 0.005 seconds
Received message from mqtt/iot-mqtt-85d66979d5-bbd8g with latency 0.001 seconds
Received message from mqtt/iot-mqtt-85d66979d5-x6289 with latency 0.001 seconds
Received message from mqtt/iot-mqtt-85d66979d5-wzcn8 with latency 0.001 seconds
Received message from mqtt/iot-mqtt-85d66979d5-fdg4f with latency 0.002 seconds
Received message from mqtt/iot-mqtt-85d66979d5-9jmbn with latency 0.003 seconds
Received message from mqtt/iot-mqtt-85d66979d5-lcd8w with latency 0.003 seconds
Received message from mqtt/iot-mqtt-85d66979d5-6mh4z with latency 0.003 seconds
Received message from mqtt/iot-mqtt-85d66979d5-q5nx5 with latency 0.002 seconds
Received message from mqtt/iot-mqtt-85d66979d5-bbd8g with latency 0.002 seconds
Received message from mqtt/iot-mqtt-85d66979d5-x6289 with latency 0.002 seconds
Received message from mqtt/iot-mqtt-85d66979d5-wzcn8 with latency 0.005 seconds
Received message from mqtt/iot-mqtt-85d66979d5-fdg4f with latency 0.002 seconds
Received message from mqtt/iot-mqtt-85d66979d5-9jmbn with latency 0.003 seconds
Received message from mqtt/iot-mqtt-85d66979d5-lcd8w with latency 0.001 seconds
Received message from mqtt/iot-mqtt-85d66979d5-6mh4z with latency 0.001 seconds
Received message from mqtt/iot-mqtt-85d66979d5-8c7jp with latency 0.003 seconds
[FAILURE] iot-mqtt-85d66979d5-bbd8g is simulating a device failure. Stopping MQTT network loop for 20.0 seconds.
Received message from mqtt/iot-mqtt-85d66979d5-x6289 with latency 0.012 seconds
[RECOVERY] iot-mqtt-85d66979d5-bbd8g is back online and reconnecting to broker.
Connected to MQTT broker with result code 0
Received message from mqtt/iot-mqtt-85d66979d5-x6289 with latency 0.003 seconds
Received message from mqtt/iot-mqtt-85d66979d5-fdg4f with latency 0.001 seconds
Received message from mqtt/iot-mqtt-85d66979d5-9jmbn with latency 0.002 seconds
Received message from mqtt/iot-mqtt-85d66979d5-lcd8w with latency 0.004 seconds
Received message from mqtt/iot-mqtt-85d66979d5-q5nx5 with latency 0.003 seconds
Received message from mqtt/iot-mqtt-85d66979d5-6mh4z with latency 0.003 seconds
Received message from mqtt/iot-mqtt-85d66979d5-8c7jp with latency 0.002 seconds
Received message from mqtt/iot-mqtt-85d66979d5-bbd8g with latency 0.002 seconds
Received message from mqtt/iot-mqtt-85d66979d5-x6289 with latency 0.003 seconds
Received message from mqtt/iot-mqtt-85d66979d5-9jmbn with latency 0.002 seconds
Received message from mqtt/iot-mqtt-85d66979d5-lcd8w with latency 0.003 seconds
Received message from mqtt/iot-mqtt-85d66979d5-q5nx5 with latency 0.004 seconds
Received message from mqtt/iot-mqtt-85d66979d5-6mh4z with latency 0.002 seconds
Received message from mqtt/iot-mqtt-85d66979d5-8c7jp with latency 0.001 seconds
Received message from mqtt/iot-mqtt-85d66979d5-x6289 with latency 0.003 seconds
Received message from mqtt/iot-mqtt-85d66979d5-wzcn8 with latency 0.001 seconds
Received message from mqtt/iot-mqtt-85d66979d5-lcd8w with latency 0.003 seconds
Received message from mqtt/iot-mqtt-85d66979d5-q5nx5 with latency 0.002 seconds
[FAILURE] iot-mqtt-85d66979d5-bbd8g is simulating a device failure. Stopping MQTT network loop for 20.0 seconds.
Received message from mqtt/iot-mqtt-85d66979d5-hc85j with latency 0.001 seconds
Received message from mqtt/iot-mqtt-85d66979d5-8c7jp with latency 0.003 seconds
[RECOVERY] iot-mqtt-85d66979d5-bbd8g is back online and reconnecting to broker.
Connected to MQTT broker with result code 0
Received message from mqtt/iot-mqtt-85d66979d5-hc85j with latency 0.004 seconds
Received message from mqtt/iot-mqtt-85d66979d5-8c7jp with latency 0.004 seconds
Received message from mqtt/iot-mqtt-85d66979d5-x6289 with latency 0.003 seconds
Received message from mqtt/iot-mqtt-85d66979d5-wzcn8 with latency 0.003 seconds
Received message from mqtt/iot-mqtt-85d66979d5-9jmbn with latency 0.004 seconds
Received message from mqtt/iot-mqtt-85d66979d5-lcd8w with latency 0.005 seconds
[FAILURE] iot-mqtt-85d66979d5-bbd8g is simulating a device failure. Stopping MQTT network loop for 20.0 seconds.
Received message from mqtt/iot-mqtt-85d66979d5-8c7jp with latency 0.002 seconds
[RECOVERY] iot-mqtt-85d66979d5-bbd8g is back online and reconnecting to broker.
Connected to MQTT broker with result code 0
Received message from mqtt/iot-mqtt-85d66979d5-x6289 with latency 0.003 seconds
Received message from mqtt/iot-mqtt-85d66979d5-hc85j with latency 0.002 seconds
Received message from mqtt/iot-mqtt-85d66979d5-fdg4f with latency 0.004 seconds
Received message from mqtt/iot-mqtt-85d66979d5-9jmbn with latency 0.004 seconds
Received message from mqtt/iot-mqtt-85d66979d5-q5nx5 with latency 0.002 seconds
Received message from mqtt/iot-mqtt-85d66979d5-6mh4z with latency 0.003 seconds
Received message from mqtt/iot-mqtt-85d66979d5-bbd8g with latency 0.002 seconds
Received message from mqtt/iot-mqtt-85d66979d5-8c7jp with latency 0.007 seconds
Received message from mqtt/iot-mqtt-85d66979d5-x6289 with latency 0.003 seconds
Received message from mqtt/iot-mqtt-85d66979d5-hc85j with latency 0.001 seconds
Received message from mqtt/iot-mqtt-85d66979d5-wzcn8 with latency 0.006 seconds
Received message from mqtt/iot-mqtt-85d66979d5-fdg4f with latency 0.003 seconds
Received message from mqtt/iot-mqtt-85d66979d5-q5nx5 with latency 0.002 seconds
Received message from mqtt/iot-mqtt-85d66979d5-6mh4z with latency 0.003 seconds
Received message from mqtt/iot-mqtt-85d66979d5-bbd8g with latency 0.002 seconds
Received message from mqtt/iot-mqtt-85d66979d5-wzcn8 with latency 0.003 seconds
Received message from mqtt/iot-mqtt-85d66979d5-lcd8w with latency 0.003 seconds
Received message from mqtt/iot-mqtt-85d66979d5-q5nx5 with latency 0.004 seconds
Received message from mqtt/iot-mqtt-85d66979d5-bbd8g with latency 0.003 seconds
Received message from mqtt/iot-mqtt-85d66979d5-6mh4z with latency 0.002 seconds
Received message from mqtt/iot-mqtt-85d66979d5-8c7jp with latency 0.003 seconds
Received message from mqtt/iot-mqtt-85d66979d5-x6289 with latency 0.001 seconds
Received message from mqtt/iot-mqtt-85d66979d5-wzcn8 with latency 0.002 seconds
Received message from mqtt/iot-mqtt-85d66979d5-9jmbn with latency 0.004 seconds
Received message from mqtt/iot-mqtt-85d66979d5-lcd8w with latency 0.003 seconds
[FAILURE] iot-mqtt-85d66979d5-bbd8g is simulating a device failure. Stopping MQTT network loop for 20.0 seconds.
Received message from mqtt/iot-mqtt-85d66979d5-6mh4z with latency 0.003 seconds
Received message from mqtt/iot-mqtt-85d66979d5-8c7jp with latency 0.001 seconds
Received message from mqtt/iot-mqtt-85d66979d5-hc85j with latency 0.003 seconds
[RECOVERY] iot-mqtt-85d66979d5-bbd8g is back online and reconnecting to broker.
Connected to MQTT broker with result code 0
Received message from mqtt/iot-mqtt-85d66979d5-8c7jp with latency 0.002 seconds
Received message from mqtt/iot-mqtt-85d66979d5-wzcn8 with latency 0.003 seconds
Received message from mqtt/iot-mqtt-85d66979d5-9jmbn with latency 0.004 seconds
Received message from mqtt/iot-mqtt-85d66979d5-lcd8w with latency 0.003 seconds
Received message from mqtt/iot-mqtt-85d66979d5-bbd8g with latency 0.004 seconds
Received message from mqtt/iot-mqtt-85d66979d5-8c7jp with latency 0.003 seconds
Received message from mqtt/iot-mqtt-85d66979d5-6mh4z with latency 0.004 seconds
Received message from mqtt/iot-mqtt-85d66979d5-hc85j with latency 0.004 seconds
Received message from mqtt/iot-mqtt-85d66979d5-wzcn8 with latency 0.003 seconds
Received message from mqtt/iot-mqtt-85d66979d5-fdg4f with latency 0.004 seconds
Received message from mqtt/iot-mqtt-85d66979d5-lcd8w with latency 0.002 seconds
Received message from mqtt/iot-mqtt-85d66979d5-q5nx5 with latency 0.002 seconds
Received message from mqtt/iot-mqtt-85d66979d5-bbd8g with latency 0.001 seconds
Received message from mqtt/iot-mqtt-85d66979d5-6mh4z with latency 0.002 seconds
Received message from mqtt/iot-mqtt-85d66979d5-8c7jp with latency 0.006 seconds
Received message from mqtt/iot-mqtt-85d66979d5-x6289 with latency 0.002 seconds
Received message from mqtt/iot-mqtt-85d66979d5-wzcn8 with latency 0.002 seconds
Received message from mqtt/iot-mqtt-85d66979d5-fdg4f with latency 0.003 seconds
Received message from mqtt/iot-mqtt-85d66979d5-lcd8w with latency 0.002 seconds
Received message from mqtt/iot-mqtt-85d66979d5-q5nx5 with latency 0.003 seconds
Received message from mqtt/iot-mqtt-85d66979d5-bbd8g with latency 0.005 seconds
Received message from mqtt/iot-mqtt-85d66979d5-6mh4z with latency 0.003 seconds
Received message from mqtt/iot-mqtt-85d66979d5-8c7jp with latency 0.005 seconds
Received message from mqtt/iot-mqtt-85d66979d5-x6289 with latency 0.002 seconds
Received message from mqtt/iot-mqtt-85d66979d5-fdg4f with latency 0.005 seconds
Received message from mqtt/iot-mqtt-85d66979d5-9jmbn with latency 0.001 seconds
Received message from mqtt/iot-mqtt-85d66979d5-lcd8w with latency 0.001 seconds
Received message from mqtt/iot-mqtt-85d66979d5-q5nx5 with latency 0.003 seconds
[FAILURE] iot-mqtt-85d66979d5-bbd8g is simulating a device failure. Stopping MQTT network loop for 20.0 seconds.
[RECOVERY] iot-mqtt-85d66979d5-bbd8g is back online and reconnecting to broker.
Connected to MQTT broker with result code 0
Received message from mqtt/iot-mqtt-85d66979d5-bbd8g with latency 0.001 seconds
Received message from mqtt/iot-mqtt-85d66979d5-hc85j with latency 0.006 seconds
Received message from mqtt/iot-mqtt-85d66979d5-x6289 with latency 0.003 seconds
Received message from mqtt/iot-mqtt-85d66979d5-wzcn8 with latency 0.005 seconds
Received message from mqtt/iot-mqtt-85d66979d5-9jmbn with latency 0.004 seconds
Received message from mqtt/iot-mqtt-85d66979d5-lcd8w with latency 0.004 seconds
Received message from mqtt/iot-mqtt-85d66979d5-bbd8g with latency 0.004 seconds
Received message from mqtt/iot-mqtt-85d66979d5-hc85j with latency 0.004 seconds
Received message from mqtt/iot-mqtt-85d66979d5-8c7jp with latency 0.003 seconds
Received message from mqtt/iot-mqtt-85d66979d5-6mh4z with latency 0.003 seconds
Received message from mqtt/iot-mqtt-85d66979d5-x6289 with latency 0.003 seconds
Received message from mqtt/iot-mqtt-85d66979d5-wzcn8 with latency 0.003 seconds
Received message from mqtt/iot-mqtt-85d66979d5-9jmbn with latency 0.005 seconds
Received message from mqtt/iot-mqtt-85d66979d5-bbd8g with latency 0.006 seconds
Received message from mqtt/iot-mqtt-85d66979d5-8c7jp with latency 0.003 seconds
Received message from mqtt/iot-mqtt-85d66979d5-6mh4z with latency 0.002 seconds
Received message from mqtt/iot-mqtt-85d66979d5-lcd8w with latency 0.005 seconds
Received message from mqtt/iot-mqtt-85d66979d5-q5nx5 with latency 0.002 seconds
Received message from mqtt/iot-mqtt-85d66979d5-bbd8g with latency 0.003 seconds
Received message from mqtt/iot-mqtt-85d66979d5-6mh4z with latency 0.004 seconds
Received message from mqtt/iot-mqtt-85d66979d5-8c7jp with latency 0.004 seconds
Received message from mqtt/iot-mqtt-85d66979d5-hc85j with latency 0.002 seconds
Received message from mqtt/iot-mqtt-85d66979d5-fdg4f with latency 0.002 seconds
Received message from mqtt/iot-mqtt-85d66979d5-lcd8w with latency 0.005 seconds
Received message from mqtt/iot-mqtt-85d66979d5-q5nx5 with latency 0.001 seconds
Received message from mqtt/iot-mqtt-85d66979d5-bbd8g with latency 0.002 seconds
Received message from mqtt/iot-mqtt-85d66979d5-6mh4z with latency 0.004 seconds
Received message from mqtt/iot-mqtt-85d66979d5-x6289 with latency 0.003 seconds
Received message from mqtt/iot-mqtt-85d66979d5-fdg4f with latency 0.001 seconds
Received message from mqtt/iot-mqtt-85d66979d5-wzcn8 with latency 0.003 seconds
Received message from mqtt/iot-mqtt-85d66979d5-9jmbn with latency 0.002 seconds
Received message from mqtt/iot-mqtt-85d66979d5-lcd8w with latency 0.004 seconds
Received message from mqtt/iot-mqtt-85d66979d5-q5nx5 with latency 0.003 seconds
Received message from mqtt/iot-mqtt-85d66979d5-bbd8g with latency 0.003 seconds
Received message from mqtt/iot-mqtt-85d66979d5-hc85j with latency 0.003 seconds
Received message from mqtt/iot-mqtt-85d66979d5-x6289 with latency 0.003 seconds
Received message from mqtt/iot-mqtt-85d66979d5-fdg4f with latency 0.004 seconds
Received message from mqtt/iot-mqtt-85d66979d5-wzcn8 with latency 0.002 seconds
Received message from mqtt/iot-mqtt-85d66979d5-9jmbn with latency 0.002 seconds
Received message from mqtt/iot-mqtt-85d66979d5-q5nx5 with latency 0.005 seconds
Received message from mqtt/iot-mqtt-85d66979d5-bbd8g with latency 0.002 seconds
Received message from mqtt/iot-mqtt-85d66979d5-hc85j with latency 0.003 seconds
Received message from mqtt/iot-mqtt-85d66979d5-x6289 with latency 0.002 seconds
Received message from mqtt/iot-mqtt-85d66979d5-fdg4f with latency 0.002 seconds
Received message from mqtt/iot-mqtt-85d66979d5-9jmbn with latency 0.002 seconds
Received message from mqtt/iot-mqtt-85d66979d5-q5nx5 with latency 0.002 seconds
Received message from mqtt/iot-mqtt-85d66979d5-bbd8g with latency 0.002 seconds
Received message from mqtt/iot-mqtt-85d66979d5-6mh4z with latency 0.006 seconds
Received message from mqtt/iot-mqtt-85d66979d5-hc85j with latency 0.002 seconds
Received message from mqtt/iot-mqtt-85d66979d5-x6289 with latency 0.002 seconds
Received message from mqtt/iot-mqtt-85d66979d5-fdg4f with latency 0.005 seconds
Received message from mqtt/iot-mqtt-85d66979d5-wzcn8 with latency 0.003 seconds
Received message from mqtt/iot-mqtt-85d66979d5-9jmbn with latency 0.002 seconds
Received message from mqtt/iot-mqtt-85d66979d5-lcd8w with latency 0.004 seconds
Received message from mqtt/iot-mqtt-85d66979d5-q5nx5 with latency 0.002 seconds
Received message from mqtt/iot-mqtt-85d66979d5-bbd8g with latency 0.002 seconds
Received message from mqtt/iot-mqtt-85d66979d5-6mh4z with latency 0.002 seconds
Received message from mqtt/iot-mqtt-85d66979d5-hc85j with latency 0.002 seconds
Received message from mqtt/iot-mqtt-85d66979d5-x6289 with latency 0.002 seconds
Received message from mqtt/iot-mqtt-85d66979d5-fdg4f with latency 0.002 seconds
Received message from mqtt/iot-mqtt-85d66979d5-wzcn8 with latency 0.002 seconds
Received message from mqtt/iot-mqtt-85d66979d5-9jmbn with latency 0.002 seconds
Received message from mqtt/iot-mqtt-85d66979d5-lcd8w with latency 0.002 seconds
Received message from mqtt/iot-mqtt-85d66979d5-q5nx5 with latency 0.003 seconds
Received message from mqtt/iot-mqtt-85d66979d5-bbd8g with latency 0.002 seconds
Received message from mqtt/iot-mqtt-85d66979d5-6mh4z with latency 0.002 seconds
Received message from mqtt/iot-mqtt-85d66979d5-8c7jp with latency 0.002 seconds
Received message from mqtt/iot-mqtt-85d66979d5-hc85j with latency 0.003 seconds
Received message from mqtt/iot-mqtt-85d66979d5-x6289 with latency 0.002 seconds
Received message from mqtt/iot-mqtt-85d66979d5-wzcn8 with latency 0.001 seconds
Received message from mqtt/iot-mqtt-85d66979d5-9jmbn with latency 0.001 seconds
Received message from mqtt/iot-mqtt-85d66979d5-lcd8w with latency 0.002 seconds
Received message from mqtt/iot-mqtt-85d66979d5-q5nx5 with latency 0.004 seconds
Received message from mqtt/iot-mqtt-85d66979d5-6mh4z with latency 0.001 seconds
Received message from mqtt/iot-mqtt-85d66979d5-bbd8g with latency 0.001 seconds
Received message from mqtt/iot-mqtt-85d66979d5-hc85j with latency 0.003 seconds
Received message from mqtt/iot-mqtt-85d66979d5-wzcn8 with latency 0.006 seconds
Received message from mqtt/iot-mqtt-85d66979d5-9jmbn with latency 0.003 seconds
Received message from mqtt/iot-mqtt-85d66979d5-lcd8w with latency 0.003 seconds
Received message from mqtt/iot-mqtt-85d66979d5-q5nx5 with latency 0.001 seconds
Received message from mqtt/iot-mqtt-85d66979d5-6mh4z with latency 0.002 seconds
Received message from mqtt/iot-mqtt-85d66979d5-bbd8g with latency 0.002 seconds
Received message from mqtt/iot-mqtt-85d66979d5-hc85j with latency 0.003 seconds
Received message from mqtt/iot-mqtt-85d66979d5-x6289 with latency 0.002 seconds
Received message from mqtt/iot-mqtt-85d66979d5-fdg4f with latency 0.003 seconds
Received message from mqtt/iot-mqtt-85d66979d5-wzcn8 with latency 0.001 seconds
Received message from mqtt/iot-mqtt-85d66979d5-9jmbn with latency 0.002 seconds
Received message from mqtt/iot-mqtt-85d66979d5-lcd8w with latency 0.002 seconds
Received message from mqtt/iot-mqtt-85d66979d5-q5nx5 with latency 0.003 seconds
Received message from mqtt/iot-mqtt-85d66979d5-6mh4z with latency 0.002 seconds
Received message from mqtt/iot-mqtt-85d66979d5-bbd8g with latency 0.002 seconds
Received message from mqtt/iot-mqtt-85d66979d5-hc85j with latency 0.002 seconds
Received message from mqtt/iot-mqtt-85d66979d5-x6289 with latency 0.002 seconds
Received message from mqtt/iot-mqtt-85d66979d5-fdg4f with latency 0.001 seconds
Received message from mqtt/iot-mqtt-85d66979d5-wzcn8 with latency 0.001 seconds
Received message from mqtt/iot-mqtt-85d66979d5-lcd8w with latency 0.002 seconds
Received message from mqtt/iot-mqtt-85d66979d5-q5nx5 with latency 0.002 seconds
Received message from mqtt/iot-mqtt-85d66979d5-bbd8g with latency 0.001 seconds
Received message from mqtt/iot-mqtt-85d66979d5-8c7jp with latency 0.002 seconds
Received message from mqtt/iot-mqtt-85d66979d5-hc85j with latency 0.002 seconds
Received message from mqtt/iot-mqtt-85d66979d5-fdg4f with latency 0.002 seconds
Received message from mqtt/iot-mqtt-85d66979d5-wzcn8 with latency 0.002 seconds
Received message from mqtt/iot-mqtt-85d66979d5-lcd8w with latency 0.003 seconds
Received message from mqtt/iot-mqtt-85d66979d5-q5nx5 with latency 0.005 seconds
[FAILURE] iot-mqtt-85d66979d5-bbd8g is simulating a device failure. Stopping MQTT network loop for 20.0 seconds.
Received message from mqtt/iot-mqtt-85d66979d5-8c7jp with latency 0.001 seconds
[RECOVERY] iot-mqtt-85d66979d5-bbd8g is back online and reconnecting to broker.
Connected to MQTT broker with result code 0
Received message from mqtt/iot-mqtt-85d66979d5-6mh4z with latency 0.003 seconds
Received message from mqtt/iot-mqtt-85d66979d5-bbd8g with latency 0.004 seconds
Received message from mqtt/iot-mqtt-85d66979d5-8c7jp with latency 0.002 seconds
Received message from mqtt/iot-mqtt-85d66979d5-x6289 with latency 0.002 seconds
Received message from mqtt/iot-mqtt-85d66979d5-hc85j with latency 0.003 seconds
Received message from mqtt/iot-mqtt-85d66979d5-fdg4f with latency 0.003 seconds
Received message from mqtt/iot-mqtt-85d66979d5-wzcn8 with latency 0.003 seconds
Received message from mqtt/iot-mqtt-85d66979d5-9jmbn with latency 0.005 seconds
Received message from mqtt/iot-mqtt-85d66979d5-q5nx5 with latency 0.006 seconds
Received message from mqtt/iot-mqtt-85d66979d5-8c7jp with latency 0.003 seconds
Received message from mqtt/iot-mqtt-85d66979d5-bbd8g with latency 0.004 seconds
Received message from mqtt/iot-mqtt-85d66979d5-x6289 with latency 0.004 seconds
Received message from mqtt/iot-mqtt-85d66979d5-hc85j with latency 0.003 seconds
Received message from mqtt/iot-mqtt-85d66979d5-fdg4f with latency 0.003 seconds
Received message from mqtt/iot-mqtt-85d66979d5-wzcn8 with latency 0.003 seconds
Received message from mqtt/iot-mqtt-85d66979d5-9jmbn with latency 0.002 seconds
Received message from mqtt/iot-mqtt-85d66979d5-lcd8w with latency 0.003 seconds
Received message from mqtt/iot-mqtt-85d66979d5-q5nx5 with latency 0.003 seconds
Received message from mqtt/iot-mqtt-85d66979d5-6mh4z with latency 0.001 seconds
Received message from mqtt/iot-mqtt-85d66979d5-8c7jp with latency 0.003 seconds
Received message from mqtt/iot-mqtt-85d66979d5-bbd8g with latency 0.003 seconds
Received message from mqtt/iot-mqtt-85d66979d5-hc85j with latency 0.004 seconds
Received message from mqtt/iot-mqtt-85d66979d5-x6289 with latency 0.001 seconds
Received message from mqtt/iot-mqtt-85d66979d5-fdg4f with latency 0.004 seconds
Received message from mqtt/iot-mqtt-85d66979d5-wzcn8 with latency 0.004 seconds
Received message from mqtt/iot-mqtt-85d66979d5-q5nx5 with latency 0.003 seconds
Received message from mqtt/iot-mqtt-85d66979d5-6mh4z with latency 0.001 seconds
Received message from mqtt/iot-mqtt-85d66979d5-8c7jp with latency 0.003 seconds
Received message from mqtt/iot-mqtt-85d66979d5-bbd8g with latency 0.001 seconds
Received message from mqtt/iot-mqtt-85d66979d5-x6289 with latency 0.004 seconds
Received message from mqtt/iot-mqtt-85d66979d5-wzcn8 with latency 0.002 seconds
Received message from mqtt/iot-mqtt-85d66979d5-lcd8w with latency 0.005 seconds
Received message from mqtt/iot-mqtt-85d66979d5-q5nx5 with latency 0.002 seconds
Received message from mqtt/iot-mqtt-85d66979d5-6mh4z with latency 0.001 seconds
Received message from mqtt/iot-mqtt-85d66979d5-bbd8g with latency 0.002 seconds
Received message from mqtt/iot-mqtt-85d66979d5-x6289 with latency 0.003 seconds
Received message from mqtt/iot-mqtt-85d66979d5-wzcn8 with latency 0.004 seconds
Received message from mqtt/iot-mqtt-85d66979d5-9jmbn with latency 0.003 seconds
Received message from mqtt/iot-mqtt-85d66979d5-lcd8w with latency 0.003 seconds
Received message from mqtt/iot-mqtt-85d66979d5-8c7jp with latency 0.001 seconds
Received message from mqtt/iot-mqtt-85d66979d5-bbd8g with latency 0.002 seconds
Received message from mqtt/iot-mqtt-85d66979d5-hc85j with latency 0.003 seconds
Received message from mqtt/iot-mqtt-85d66979d5-x6289 with latency 0.004 seconds
Received message from mqtt/iot-mqtt-85d66979d5-fdg4f with latency 0.003 seconds
Received message from mqtt/iot-mqtt-85d66979d5-wzcn8 with latency 0.002 seconds
Received message from mqtt/iot-mqtt-85d66979d5-9jmbn with latency 0.001 seconds
Received message from mqtt/iot-mqtt-85d66979d5-lcd8w with latency 0.003 seconds
Received message from mqtt/iot-mqtt-85d66979d5-q5nx5 with latency 0.004 seconds
Received message from mqtt/iot-mqtt-85d66979d5-8c7jp with latency 0.004 seconds
Received message from mqtt/iot-mqtt-85d66979d5-bbd8g with latency 0.003 seconds
Received message from mqtt/iot-mqtt-85d66979d5-hc85j with latency 0.002 seconds
Received message from mqtt/iot-mqtt-85d66979d5-x6289 with latency 0.003 seconds
Received message from mqtt/iot-mqtt-85d66979d5-fdg4f with latency 0.003 seconds
Received message from mqtt/iot-mqtt-85d66979d5-wzcn8 with latency 0.003 seconds
Received message from mqtt/iot-mqtt-85d66979d5-9jmbn with latency 0.003 seconds
Received message from mqtt/iot-mqtt-85d66979d5-lcd8w with latency 0.003 seconds
Received message from mqtt/iot-mqtt-85d66979d5-6mh4z with latency 0.005 seconds
Received message from mqtt/iot-mqtt-85d66979d5-q5nx5 with latency 0.004 seconds
Received message from mqtt/iot-mqtt-85d66979d5-8c7jp with latency 0.001 seconds
Received message from mqtt/iot-mqtt-85d66979d5-bbd8g with latency 0.001 seconds
Received message from mqtt/iot-mqtt-85d66979d5-hc85j with latency 0.004 seconds
Received message from mqtt/iot-mqtt-85d66979d5-x6289 with latency 0.003 seconds
Received message from mqtt/iot-mqtt-85d66979d5-fdg4f with latency 0.002 seconds
Received message from mqtt/iot-mqtt-85d66979d5-wzcn8 with latency 0.002 seconds
Received message from mqtt/iot-mqtt-85d66979d5-lcd8w with latency 0.001 seconds
Received message from mqtt/iot-mqtt-85d66979d5-q5nx5 with latency 0.004 seconds
Received message from mqtt/iot-mqtt-85d66979d5-bbd8g with latency 0.002 seconds
Received message from mqtt/iot-mqtt-85d66979d5-8c7jp with latency 0.001 seconds
Received message from mqtt/iot-mqtt-85d66979d5-x6289 with latency 0.003 seconds
Received message from mqtt/iot-mqtt-85d66979d5-fdg4f with latency 0.002 seconds
Received message from mqtt/iot-mqtt-85d66979d5-wzcn8 with latency 0.003 seconds
Received message from mqtt/iot-mqtt-85d66979d5-9jmbn with latency 0.001 seconds
Received message from mqtt/iot-mqtt-85d66979d5-lcd8w with latency 0.003 seconds
Received message from mqtt/iot-mqtt-85d66979d5-q5nx5 with latency 0.002 seconds
Received message from mqtt/iot-mqtt-85d66979d5-bbd8g with latency 0.002 seconds
Received message from mqtt/iot-mqtt-85d66979d5-8c7jp with latency 0.003 seconds
Received message from mqtt/iot-mqtt-85d66979d5-x6289 with latency 0.002 seconds
Received message from mqtt/iot-mqtt-85d66979d5-fdg4f with latency 0.001 seconds
Received message from mqtt/iot-mqtt-85d66979d5-wzcn8 with latency 0.002 seconds
Received message from mqtt/iot-mqtt-85d66979d5-9jmbn with latency 0.001 seconds
Received message from mqtt/iot-mqtt-85d66979d5-lcd8w with latency 0.003 seconds
Received message from mqtt/iot-mqtt-85d66979d5-6mh4z with latency 0.002 seconds
Received message from mqtt/iot-mqtt-85d66979d5-q5nx5 with latency 0.004 seconds
Received message from mqtt/iot-mqtt-85d66979d5-bbd8g with latency 0.002 seconds
Received message from mqtt/iot-mqtt-85d66979d5-hc85j with latency 0.002 seconds
Received message from mqtt/iot-mqtt-85d66979d5-x6289 with latency 0.003 seconds
Received message from mqtt/iot-mqtt-85d66979d5-fdg4f with latency 0.003 seconds
Received message from mqtt/iot-mqtt-85d66979d5-wzcn8 with latency 0.002 seconds
Received message from mqtt/iot-mqtt-85d66979d5-9jmbn with latency 0.003 seconds
Received message from mqtt/iot-mqtt-85d66979d5-lcd8w with latency 0.003 seconds
Received message from mqtt/iot-mqtt-85d66979d5-6mh4z with latency 0.001 seconds
Received message from mqtt/iot-mqtt-85d66979d5-q5nx5 with latency 0.003 seconds
Received message from mqtt/iot-mqtt-85d66979d5-bbd8g with latency 0.003 seconds
Received message from mqtt/iot-mqtt-85d66979d5-hc85j with latency 0.002 seconds
Received message from mqtt/iot-mqtt-85d66979d5-x6289 with latency 0.002 seconds
Received message from mqtt/iot-mqtt-85d66979d5-fdg4f with latency 0.003 seconds
Received message from mqtt/iot-mqtt-85d66979d5-wzcn8 with latency 0.003 seconds
Received message from mqtt/iot-mqtt-85d66979d5-9jmbn with latency 0.002 seconds
Received message from mqtt/iot-mqtt-85d66979d5-lcd8w with latency 0.003 seconds
Received message from mqtt/iot-mqtt-85d66979d5-6mh4z with latency 0.003 seconds
Received message from mqtt/iot-mqtt-85d66979d5-bbd8g with latency 0.003 seconds
Received message from mqtt/iot-mqtt-85d66979d5-hc85j with latency 0.003 seconds
Received message from mqtt/iot-mqtt-85d66979d5-fdg4f with latency 0.003 seconds
Received message from mqtt/iot-mqtt-85d66979d5-x6289 with latency 0.002 seconds
Received message from mqtt/iot-mqtt-85d66979d5-9jmbn with latency 0.001 seconds
Received message from mqtt/iot-mqtt-85d66979d5-lcd8w with latency 0.002 seconds
Received message from mqtt/iot-mqtt-85d66979d5-6mh4z with latency 0.002 seconds
Received message from mqtt/iot-mqtt-85d66979d5-8c7jp with latency 0.002 seconds
Received message from mqtt/iot-mqtt-85d66979d5-bbd8g with latency 0.002 seconds
Received message from mqtt/iot-mqtt-85d66979d5-hc85j with latency 0.002 seconds
Received message from mqtt/iot-mqtt-85d66979d5-fdg4f with latency 0.002 seconds
Received message from mqtt/iot-mqtt-85d66979d5-x6289 with latency 0.002 seconds
Received message from mqtt/iot-mqtt-85d66979d5-9jmbn with latency 0.002 seconds
Received message from mqtt/iot-mqtt-85d66979d5-lcd8w with latency 0.001 seconds
Received message from mqtt/iot-mqtt-85d66979d5-6mh4z with latency 0.001 seconds
Received message from mqtt/iot-mqtt-85d66979d5-q5nx5 with latency 0.003 seconds
Received message from mqtt/iot-mqtt-85d66979d5-8c7jp with latency 0.002 seconds
Received message from mqtt/iot-mqtt-85d66979d5-bbd8g with latency 0.002 seconds
Received message from mqtt/iot-mqtt-85d66979d5-hc85j with latency 0.002 seconds
Received message from mqtt/iot-mqtt-85d66979d5-fdg4f with latency 0.002 seconds
Received message from mqtt/iot-mqtt-85d66979d5-x6289 with latency 0.002 seconds
Received message from mqtt/iot-mqtt-85d66979d5-wzcn8 with latency 0.001 seconds
Received message from mqtt/iot-mqtt-85d66979d5-9jmbn with latency 0.002 seconds
Received message from mqtt/iot-mqtt-85d66979d5-lcd8w with latency 0.002 seconds
Received message from mqtt/iot-mqtt-85d66979d5-6mh4z with latency 0.001 seconds
Received message from mqtt/iot-mqtt-85d66979d5-q5nx5 with latency 0.003 seconds
Received message from mqtt/iot-mqtt-85d66979d5-8c7jp with latency 0.001 seconds
[FAILURE] iot-mqtt-85d66979d5-bbd8g is simulating a device failure. Stopping MQTT network loop for 20.0 seconds.
[RECOVERY] iot-mqtt-85d66979d5-bbd8g is back online and reconnecting to broker.
Connected to MQTT broker with result code 0
Received message from mqtt/iot-mqtt-85d66979d5-hc85j with latency 0.003 seconds
Received message from mqtt/iot-mqtt-85d66979d5-fdg4f with latency 0.003 seconds
Received message from mqtt/iot-mqtt-85d66979d5-x6289 with latency 0.003 seconds
Received message from mqtt/iot-mqtt-85d66979d5-wzcn8 with latency 0.003 seconds
Received message from mqtt/iot-mqtt-85d66979d5-9jmbn with latency 0.005 seconds
Received message from mqtt/iot-mqtt-85d66979d5-q5nx5 with latency 0.004 seconds
Received message from mqtt/iot-mqtt-85d66979d5-bbd8g with latency 0.002 seconds
Received message from mqtt/iot-mqtt-85d66979d5-8c7jp with latency 0.001 seconds
Received message from mqtt/iot-mqtt-85d66979d5-fdg4f with latency 0.004 seconds
Received message from mqtt/iot-mqtt-85d66979d5-hc85j with latency 0.003 seconds
Received message from mqtt/iot-mqtt-85d66979d5-x6289 with latency 0.004 seconds
Received message from mqtt/iot-mqtt-85d66979d5-wzcn8 with latency 0.004 seconds
Received message from mqtt/iot-mqtt-85d66979d5-6mh4z with latency 0.001 seconds
Received message from mqtt/iot-mqtt-85d66979d5-lcd8w with latency 0.004 seconds
Received message from mqtt/iot-mqtt-85d66979d5-8c7jp with latency 0.003 seconds
Received message from mqtt/iot-mqtt-85d66979d5-fdg4f with latency 0.002 seconds
Received message from mqtt/iot-mqtt-85d66979d5-hc85j with latency 0.003 seconds
Received message from mqtt/iot-mqtt-85d66979d5-x6289 with latency 0.001 seconds
Received message from mqtt/iot-mqtt-85d66979d5-wzcn8 with latency 0.003 seconds
Received message from mqtt/iot-mqtt-85d66979d5-6mh4z with latency 0.003 seconds
Received message from mqtt/iot-mqtt-85d66979d5-lcd8w with latency 0.001 seconds
Received message from mqtt/iot-mqtt-85d66979d5-bbd8g with latency 0.002 seconds
Received message from mqtt/iot-mqtt-85d66979d5-8c7jp with latency 0.001 seconds
Received message from mqtt/iot-mqtt-85d66979d5-fdg4f with latency 0.002 seconds
Received message from mqtt/iot-mqtt-85d66979d5-hc85j with latency 0.002 seconds
Received message from mqtt/iot-mqtt-85d66979d5-x6289 with latency 0.003 seconds
Received message from mqtt/iot-mqtt-85d66979d5-wzcn8 with latency 0.002 seconds
Received message from mqtt/iot-mqtt-85d66979d5-9jmbn with latency 0.002 seconds
Received message from mqtt/iot-mqtt-85d66979d5-6mh4z with latency 0.003 seconds
Received message from mqtt/iot-mqtt-85d66979d5-bbd8g with latency 0.002 seconds
Received message from mqtt/iot-mqtt-85d66979d5-8c7jp with latency 0.003 seconds
Received message from mqtt/iot-mqtt-85d66979d5-fdg4f with latency 0.003 seconds
Received message from mqtt/iot-mqtt-85d66979d5-hc85j with latency 0.001 seconds
Received message from mqtt/iot-mqtt-85d66979d5-x6289 with latency 0.003 seconds
Received message from mqtt/iot-mqtt-85d66979d5-wzcn8 with latency 0.002 seconds
Received message from mqtt/iot-mqtt-85d66979d5-9jmbn with latency 0.003 seconds
Received message from mqtt/iot-mqtt-85d66979d5-6mh4z with latency 0.005 seconds
Received message from mqtt/iot-mqtt-85d66979d5-lcd8w with latency 0.003 seconds
Received message from mqtt/iot-mqtt-85d66979d5-q5nx5 with latency 0.002 seconds
Received message from mqtt/iot-mqtt-85d66979d5-bbd8g with latency 0.001 seconds
Received message from mqtt/iot-mqtt-85d66979d5-8c7jp with latency 0.003 seconds
Received message from mqtt/iot-mqtt-85d66979d5-x6289 with latency 0.003 seconds
Received message from mqtt/iot-mqtt-85d66979d5-wzcn8 with latency 0.003 seconds
Received message from mqtt/iot-mqtt-85d66979d5-9jmbn with latency 0.003 seconds
Received message from mqtt/iot-mqtt-85d66979d5-6mh4z with latency 0.003 seconds
Received message from mqtt/iot-mqtt-85d66979d5-lcd8w with latency 0.002 seconds
[FAILURE] iot-mqtt-85d66979d5-bbd8g is simulating a device failure. Stopping MQTT network loop for 20.0 seconds.
Received message from mqtt/iot-mqtt-85d66979d5-8c7jp with latency 0.003 seconds
[RECOVERY] iot-mqtt-85d66979d5-bbd8g is back online and reconnecting to broker.
Connected to MQTT broker with result code 0
Received message from mqtt/iot-mqtt-85d66979d5-fdg4f with latency 0.003 seconds
Received message from mqtt/iot-mqtt-85d66979d5-9jmbn with latency 0.002 seconds
Received message from mqtt/iot-mqtt-85d66979d5-q5nx5 with latency 0.001 seconds
Received message from mqtt/iot-mqtt-85d66979d5-6mh4z with latency 0.002 seconds
Received message from mqtt/iot-mqtt-85d66979d5-bbd8g with latency 0.003 seconds
Received message from mqtt/iot-mqtt-85d66979d5-lcd8w with latency 0.002 seconds
Received message from mqtt/iot-mqtt-85d66979d5-8c7jp with latency 0.002 seconds
Received message from mqtt/iot-mqtt-85d66979d5-x6289 with latency 0.004 seconds
Received message from mqtt/iot-mqtt-85d66979d5-9jmbn with latency 0.003 seconds
Received message from mqtt/iot-mqtt-85d66979d5-q5nx5 with latency 0.004 seconds
Received message from mqtt/iot-mqtt-85d66979d5-6mh4z with latency 0.001 seconds
Received message from mqtt/iot-mqtt-85d66979d5-bbd8g with latency 0.002 seconds
Received message from mqtt/iot-mqtt-85d66979d5-lcd8w with latency 0.020 seconds
Received message from mqtt/iot-mqtt-85d66979d5-8c7jp with latency 0.003 seconds
Received message from mqtt/iot-mqtt-85d66979d5-hc85j with latency 0.001 seconds
Received message from mqtt/iot-mqtt-85d66979d5-x6289 with latency 0.001 seconds
Received message from mqtt/iot-mqtt-85d66979d5-wzcn8 with latency 0.001 seconds
Received message from mqtt/iot-mqtt-85d66979d5-9jmbn with latency 0.004 seconds
Received message from mqtt/iot-mqtt-85d66979d5-q5nx5 with latency 0.004 seconds
Received message from mqtt/iot-mqtt-85d66979d5-6mh4z with latency 0.002 seconds
Received message from mqtt/iot-mqtt-85d66979d5-lcd8w with latency 0.002 seconds
Received message from mqtt/iot-mqtt-85d66979d5-8c7jp with latency 0.003 seconds
Received message from mqtt/iot-mqtt-85d66979d5-fdg4f with latency 0.003 seconds
Received message from mqtt/iot-mqtt-85d66979d5-x6289 with latency 0.003 seconds
Received message from mqtt/iot-mqtt-85d66979d5-9jmbn with latency 0.001 seconds
Received message from mqtt/iot-mqtt-85d66979d5-6mh4z with latency 0.004 seconds
Received message from mqtt/iot-mqtt-85d66979d5-q5nx5 with latency 0.002 seconds
[FAILURE] iot-mqtt-85d66979d5-bbd8g is simulating a device failure. Stopping MQTT network loop for 20.0 seconds.
Received message from mqtt/iot-mqtt-85d66979d5-lcd8w with latency 0.002 seconds
Received message from mqtt/iot-mqtt-85d66979d5-8c7jp with latency 0.001 seconds
[RECOVERY] iot-mqtt-85d66979d5-bbd8g is back online and reconnecting to broker.
Connected to MQTT broker with result code 0
Received message from mqtt/iot-mqtt-85d66979d5-8c7jp with latency 0.004 seconds
Received message from mqtt/iot-mqtt-85d66979d5-x6289 with latency 0.006 seconds
Received message from mqtt/iot-mqtt-85d66979d5-wzcn8 with latency 0.005 seconds
Received message from mqtt/iot-mqtt-85d66979d5-9jmbn with latency 0.002 seconds
Received message from mqtt/iot-mqtt-85d66979d5-6mh4z with latency 0.003 seconds
Received message from mqtt/iot-mqtt-85d66979d5-bbd8g with latency 0.004 seconds
Received message from mqtt/iot-mqtt-85d66979d5-q5nx5 with latency 0.001 seconds
Received message from mqtt/iot-mqtt-85d66979d5-lcd8w with latency 0.005 seconds
Received message from mqtt/iot-mqtt-85d66979d5-8c7jp with latency 0.003 seconds
Received message from mqtt/iot-mqtt-85d66979d5-fdg4f with latency 0.004 seconds
Received message from mqtt/iot-mqtt-85d66979d5-x6289 with latency 0.004 seconds
Received message from mqtt/iot-mqtt-85d66979d5-wzcn8 with latency 0.002 seconds
Received message from mqtt/iot-mqtt-85d66979d5-9jmbn with latency 0.005 seconds
Received message from mqtt/iot-mqtt-85d66979d5-q5nx5 with latency 0.005 seconds
Received message from mqtt/iot-mqtt-85d66979d5-bbd8g with latency 0.002 seconds
Received message from mqtt/iot-mqtt-85d66979d5-lcd8w with latency 0.002 seconds
Received message from mqtt/iot-mqtt-85d66979d5-fdg4f with latency 0.002 seconds
Received message from mqtt/iot-mqtt-85d66979d5-x6289 with latency 0.003 seconds
Received message from mqtt/iot-mqtt-85d66979d5-wzcn8 with latency 0.002 seconds
Received message from mqtt/iot-mqtt-85d66979d5-9jmbn with latency 0.003 seconds
Received message from mqtt/iot-mqtt-85d66979d5-6mh4z with latency 0.004 seconds
Received message from mqtt/iot-mqtt-85d66979d5-bbd8g with latency 0.001 seconds
Received message from mqtt/iot-mqtt-85d66979d5-q5nx5 with latency 0.003 seconds
Received message from mqtt/iot-mqtt-85d66979d5-8c7jp with latency 0.003 seconds
Received message from mqtt/iot-mqtt-85d66979d5-hc85j with latency 0.003 seconds
Received message from mqtt/iot-mqtt-85d66979d5-x6289 with latency 0.003 seconds
Received message from mqtt/iot-mqtt-85d66979d5-wzcn8 with latency 0.001 seconds
Received message from mqtt/iot-mqtt-85d66979d5-9jmbn with latency 0.004 seconds
Received message from mqtt/iot-mqtt-85d66979d5-6mh4z with latency 0.003 seconds
Received message from mqtt/iot-mqtt-85d66979d5-bbd8g with latency 0.001 seconds
Received message from mqtt/iot-mqtt-85d66979d5-q5nx5 with latency 0.002 seconds
Received message from mqtt/iot-mqtt-85d66979d5-8c7jp with latency 0.003 seconds
Received message from mqtt/iot-mqtt-85d66979d5-fdg4f with latency 0.003 seconds
Received message from mqtt/iot-mqtt-85d66979d5-hc85j with latency 0.002 seconds
Received message from mqtt/iot-mqtt-85d66979d5-x6289 with latency 0.002 seconds
Received message from mqtt/iot-mqtt-85d66979d5-wzcn8 with latency 0.001 seconds
Received message from mqtt/iot-mqtt-85d66979d5-9jmbn with latency 0.005 seconds
Received message from mqtt/iot-mqtt-85d66979d5-6mh4z with latency 0.003 seconds
Received message from mqtt/iot-mqtt-85d66979d5-q5nx5 with latency 0.003 seconds
Received message from mqtt/iot-mqtt-85d66979d5-bbd8g with latency 0.002 seconds
Received message from mqtt/iot-mqtt-85d66979d5-8c7jp with latency 0.003 seconds
Received message from mqtt/iot-mqtt-85d66979d5-fdg4f with latency 0.003 seconds
Received message from mqtt/iot-mqtt-85d66979d5-hc85j with latency 0.001 seconds
Received message from mqtt/iot-mqtt-85d66979d5-9jmbn with latency 0.003 seconds
Received message from mqtt/iot-mqtt-85d66979d5-6mh4z with latency 0.002 seconds
Received message from mqtt/iot-mqtt-85d66979d5-lcd8w with latency 0.002 seconds
Received message from mqtt/iot-mqtt-85d66979d5-bbd8g with latency 0.001 seconds
Received message from mqtt/iot-mqtt-85d66979d5-8c7jp with latency 0.003 seconds
Received message from mqtt/iot-mqtt-85d66979d5-hc85j with latency 0.003 seconds
Received message from mqtt/iot-mqtt-85d66979d5-x6289 with latency 0.002 seconds
Received message from mqtt/iot-mqtt-85d66979d5-6mh4z with latency 0.005 seconds
Received message from mqtt/iot-mqtt-85d66979d5-lcd8w with latency 0.003 seconds
Received message from mqtt/iot-mqtt-85d66979d5-bbd8g with latency 0.001 seconds
Received message from mqtt/iot-mqtt-85d66979d5-8c7jp with latency 0.003 seconds
Received message from mqtt/iot-mqtt-85d66979d5-wzcn8 with latency 0.004 seconds
Received message from mqtt/iot-mqtt-85d66979d5-9jmbn with latency 0.006 seconds
Received message from mqtt/iot-mqtt-85d66979d5-q5nx5 with latency 0.006 seconds
Received message from mqtt/iot-mqtt-85d66979d5-6mh4z with latency 0.001 seconds
Received message from mqtt/iot-mqtt-85d66979d5-bbd8g with latency 0.002 seconds
Received message from mqtt/iot-mqtt-85d66979d5-8c7jp with latency 0.003 seconds
Received message from mqtt/iot-mqtt-85d66979d5-fdg4f with latency 0.002 seconds
Received message from mqtt/iot-mqtt-85d66979d5-x6289 with latency 0.003 seconds
Received message from mqtt/iot-mqtt-85d66979d5-wzcn8 with latency 0.003 seconds
Received message from mqtt/iot-mqtt-85d66979d5-q5nx5 with latency 0.004 seconds
Received message from mqtt/iot-mqtt-85d66979d5-6mh4z with latency 0.003 seconds
Received message from mqtt/iot-mqtt-85d66979d5-bbd8g with latency 0.001 seconds
Received message from mqtt/iot-mqtt-85d66979d5-8c7jp with latency 0.003 seconds
Received message from mqtt/iot-mqtt-85d66979d5-fdg4f with latency 0.002 seconds
Received message from mqtt/iot-mqtt-85d66979d5-hc85j with latency 0.003 seconds
Received message from mqtt/iot-mqtt-85d66979d5-x6289 with latency 0.003 seconds
Received message from mqtt/iot-mqtt-85d66979d5-wzcn8 with latency 0.001 seconds
Received message from mqtt/iot-mqtt-85d66979d5-9jmbn with latency 0.003 seconds
Received message from mqtt/iot-mqtt-85d66979d5-lcd8w with latency 0.001 seconds
Received message from mqtt/iot-mqtt-85d66979d5-q5nx5 with latency 0.000 seconds
Received message from mqtt/iot-mqtt-85d66979d5-6mh4z with latency 0.002 seconds
Received message from mqtt/iot-mqtt-85d66979d5-bbd8g with latency 0.002 seconds
Received message from mqtt/iot-mqtt-85d66979d5-8c7jp with latency 0.003 seconds
Received message from mqtt/iot-mqtt-85d66979d5-fdg4f with latency 0.003 seconds
Received message from mqtt/iot-mqtt-85d66979d5-hc85j with latency 0.002 seconds
Received message from mqtt/iot-mqtt-85d66979d5-x6289 with latency 0.003 seconds
Received message from mqtt/iot-mqtt-85d66979d5-wzcn8 with latency 0.002 seconds
Received message from mqtt/iot-mqtt-85d66979d5-9jmbn with latency 0.004 seconds
Received message from mqtt/iot-mqtt-85d66979d5-lcd8w with latency 0.004 seconds
Received message from mqtt/iot-mqtt-85d66979d5-bbd8g with latency 0.002 seconds
Received message from mqtt/iot-mqtt-85d66979d5-fdg4f with latency 0.003 seconds
Received message from mqtt/iot-mqtt-85d66979d5-hc85j with latency 0.003 seconds
Received message from mqtt/iot-mqtt-85d66979d5-x6289 with latency 0.002 seconds
Received message from mqtt/iot-mqtt-85d66979d5-wzcn8 with latency 0.002 seconds
Received message from mqtt/iot-mqtt-85d66979d5-9jmbn with latency 0.003 seconds
Received message from mqtt/iot-mqtt-85d66979d5-q5nx5 with latency 0.001 seconds
Received message from mqtt/iot-mqtt-85d66979d5-lcd8w with latency 0.002 seconds
Received message from mqtt/iot-mqtt-85d66979d5-bbd8g with latency 0.003 seconds
Received message from mqtt/iot-mqtt-85d66979d5-fdg4f with latency 0.002 seconds
Received message from mqtt/iot-mqtt-85d66979d5-hc85j with latency 0.002 seconds
Received message from mqtt/iot-mqtt-85d66979d5-x6289 with latency 0.002 seconds
Received message from mqtt/iot-mqtt-85d66979d5-wzcn8 with latency 0.002 seconds
Received message from mqtt/iot-mqtt-85d66979d5-9jmbn with latency 0.001 seconds
Received message from mqtt/iot-mqtt-85d66979d5-6mh4z with latency 0.002 seconds
[FAILURE] iot-mqtt-85d66979d5-bbd8g is simulating a device failure. Stopping MQTT network loop for 20.0 seconds.
[RECOVERY] iot-mqtt-85d66979d5-bbd8g is back online and reconnecting to broker.
Connected to MQTT broker with result code 0
Received message from mqtt/iot-mqtt-85d66979d5-fdg4f with latency 0.001 seconds
Received message from mqtt/iot-mqtt-85d66979d5-hc85j with latency 0.003 seconds
Received message from mqtt/iot-mqtt-85d66979d5-x6289 with latency 0.004 seconds
Received message from mqtt/iot-mqtt-85d66979d5-q5nx5 with latency 0.003 seconds
Received message from mqtt/iot-mqtt-85d66979d5-lcd8w with latency 0.002 seconds
Received message from mqtt/iot-mqtt-85d66979d5-bbd8g with latency 0.001 seconds
Received message from mqtt/iot-mqtt-85d66979d5-6mh4z with latency 0.002 seconds
Received message from mqtt/iot-mqtt-85d66979d5-fdg4f with latency 0.002 seconds
Received message from mqtt/iot-mqtt-85d66979d5-hc85j with latency 0.003 seconds
Received message from mqtt/iot-mqtt-85d66979d5-x6289 with latency 0.002 seconds
Received message from mqtt/iot-mqtt-85d66979d5-wzcn8 with latency 0.003 seconds
Received message from mqtt/iot-mqtt-85d66979d5-9jmbn with latency 0.002 seconds
Received message from mqtt/iot-mqtt-85d66979d5-lcd8w with latency 0.002 seconds
Received message from mqtt/iot-mqtt-85d66979d5-q5nx5 with latency 0.002 seconds
Received message from mqtt/iot-mqtt-85d66979d5-6mh4z with latency 0.003 seconds
Received message from mqtt/iot-mqtt-85d66979d5-bbd8g with latency 0.003 seconds
Received message from mqtt/iot-mqtt-85d66979d5-8c7jp with latency 0.001 seconds
Received message from mqtt/iot-mqtt-85d66979d5-fdg4f with latency 0.004 seconds
Received message from mqtt/iot-mqtt-85d66979d5-hc85j with latency 0.003 seconds
Received message from mqtt/iot-mqtt-85d66979d5-wzcn8 with latency 0.001 seconds
Received message from mqtt/iot-mqtt-85d66979d5-9jmbn with latency 0.002 seconds
Received message from mqtt/iot-mqtt-85d66979d5-lcd8w with latency 0.002 seconds
[FAILURE] iot-mqtt-85d66979d5-bbd8g is simulating a device failure. Stopping MQTT network loop for 20.0 seconds.
Received message from mqtt/iot-mqtt-85d66979d5-q5nx5 with latency 0.002 seconds
Received message from mqtt/iot-mqtt-85d66979d5-6mh4z with latency 0.002 seconds
[RECOVERY] iot-mqtt-85d66979d5-bbd8g is back online and reconnecting to broker.
Connected to MQTT broker with result code 0
Received message from mqtt/iot-mqtt-85d66979d5-6mh4z with latency 0.002 seconds
Received message from mqtt/iot-mqtt-85d66979d5-q5nx5 with latency 0.001 seconds
Received message from mqtt/iot-mqtt-85d66979d5-x6289 with latency 0.005 seconds
Received message from mqtt/iot-mqtt-85d66979d5-wzcn8 with latency 0.001 seconds
Received message from mqtt/iot-mqtt-85d66979d5-lcd8w with latency 0.003 seconds
Received message from mqtt/iot-mqtt-85d66979d5-bbd8g with latency 0.002 seconds
Received message from mqtt/iot-mqtt-85d66979d5-6mh4z with latency 0.003 seconds
Received message from mqtt/iot-mqtt-85d66979d5-8c7jp with latency 0.001 seconds
Received message from mqtt/iot-mqtt-85d66979d5-q5nx5 with latency 0.002 seconds
Received message from mqtt/iot-mqtt-85d66979d5-fdg4f with latency 0.003 seconds
Received message from mqtt/iot-mqtt-85d66979d5-hc85j with latency 0.013 seconds
Received message from mqtt/iot-mqtt-85d66979d5-x6289 with latency 0.002 seconds
Received message from mqtt/iot-mqtt-85d66979d5-bbd8g with latency 0.003 seconds
Received message from mqtt/iot-mqtt-85d66979d5-lcd8w with latency 0.002 seconds
Received message from mqtt/iot-mqtt-85d66979d5-6mh4z with latency 0.002 seconds
Received message from mqtt/iot-mqtt-85d66979d5-8c7jp with latency 0.001 seconds
Received message from mqtt/iot-mqtt-85d66979d5-q5nx5 with latency 0.002 seconds
Received message from mqtt/iot-mqtt-85d66979d5-hc85j with latency 0.003 seconds
Received message from mqtt/iot-mqtt-85d66979d5-x6289 with latency 0.005 seconds
Received message from mqtt/iot-mqtt-85d66979d5-wzcn8 with latency 0.004 seconds
Received message from mqtt/iot-mqtt-85d66979d5-9jmbn with latency 0.003 seconds
Received message from mqtt/iot-mqtt-85d66979d5-bbd8g with latency 0.002 seconds
Received message from mqtt/iot-mqtt-85d66979d5-lcd8w with latency 0.002 seconds
Received message from mqtt/iot-mqtt-85d66979d5-8c7jp with latency 0.003 seconds
Received message from mqtt/iot-mqtt-85d66979d5-6mh4z with latency 0.003 seconds
Received message from mqtt/iot-mqtt-85d66979d5-q5nx5 with latency 0.004 seconds
Received message from mqtt/iot-mqtt-85d66979d5-fdg4f with latency 0.003 seconds
Received message from mqtt/iot-mqtt-85d66979d5-hc85j with latency 0.004 seconds
Received message from mqtt/iot-mqtt-85d66979d5-x6289 with latency 0.001 seconds
Received message from mqtt/iot-mqtt-85d66979d5-wzcn8 with latency 0.003 seconds
Received message from mqtt/iot-mqtt-85d66979d5-9jmbn with latency 0.001 seconds
Received message from mqtt/iot-mqtt-85d66979d5-lcd8w with latency 0.002 seconds
Received message from mqtt/iot-mqtt-85d66979d5-bbd8g with latency 0.001 seconds
Received message from mqtt/iot-mqtt-85d66979d5-8c7jp with latency 0.002 seconds
Received message from mqtt/iot-mqtt-85d66979d5-6mh4z with latency 0.002 seconds
Received message from mqtt/iot-mqtt-85d66979d5-q5nx5 with latency 0.003 seconds
Received message from mqtt/iot-mqtt-85d66979d5-fdg4f with latency 0.001 seconds
Received message from mqtt/iot-mqtt-85d66979d5-hc85j with latency 0.003 seconds
Received message from mqtt/iot-mqtt-85d66979d5-x6289 with latency 0.003 seconds
Received message from mqtt/iot-mqtt-85d66979d5-wzcn8 with latency 0.003 seconds
Received message from mqtt/iot-mqtt-85d66979d5-9jmbn with latency 0.004 seconds
Received message from mqtt/iot-mqtt-85d66979d5-lcd8w with latency 0.002 seconds
Received message from mqtt/iot-mqtt-85d66979d5-bbd8g with latency 0.003 seconds
Received message from mqtt/iot-mqtt-85d66979d5-8c7jp with latency 0.002 seconds
Received message from mqtt/iot-mqtt-85d66979d5-6mh4z with latency 0.002 seconds
Received message from mqtt/iot-mqtt-85d66979d5-q5nx5 with latency 0.002 seconds
Received message from mqtt/iot-mqtt-85d66979d5-fdg4f with latency 0.002 seconds
Received message from mqtt/iot-mqtt-85d66979d5-hc85j with latency 0.003 seconds
Received message from mqtt/iot-mqtt-85d66979d5-x6289 with latency 0.001 seconds
Received message from mqtt/iot-mqtt-85d66979d5-9jmbn with latency 0.002 seconds
Received message from mqtt/iot-mqtt-85d66979d5-lcd8w with latency 0.002 seconds
Received message from mqtt/iot-mqtt-85d66979d5-bbd8g with latency 0.002 seconds
Received message from mqtt/iot-mqtt-85d66979d5-8c7jp with latency 0.002 seconds
Received message from mqtt/iot-mqtt-85d66979d5-q5nx5 with latency 0.002 seconds
Received message from mqtt/iot-mqtt-85d66979d5-fdg4f with latency 0.003 seconds
Received message from mqtt/iot-mqtt-85d66979d5-hc85j with latency 0.002 seconds
Received message from mqtt/iot-mqtt-85d66979d5-x6289 with latency 0.001 seconds
Received message from mqtt/iot-mqtt-85d66979d5-9jmbn with latency 0.002 seconds
Received message from mqtt/iot-mqtt-85d66979d5-lcd8w with latency 0.003 seconds
Received message from mqtt/iot-mqtt-85d66979d5-8c7jp with latency 0.003 seconds
Received message from mqtt/iot-mqtt-85d66979d5-q5nx5 with latency 0.002 seconds
Received message from mqtt/iot-mqtt-85d66979d5-6mh4z with latency 0.003 seconds
Received message from mqtt/iot-mqtt-85d66979d5-x6289 with latency 0.001 seconds
Received message from mqtt/iot-mqtt-85d66979d5-lcd8w with latency 0.001 seconds
Received message from mqtt/iot-mqtt-85d66979d5-bbd8g with latency 0.003 seconds
Received message from mqtt/iot-mqtt-85d66979d5-8c7jp with latency 0.002 seconds
Received message from mqtt/iot-mqtt-85d66979d5-6mh4z with latency 0.002 seconds
Received message from mqtt/iot-mqtt-85d66979d5-fdg4f with latency 0.002 seconds
Received message from mqtt/iot-mqtt-85d66979d5-x6289 with latency 0.001 seconds
Received message from mqtt/iot-mqtt-85d66979d5-wzcn8 with latency 0.002 seconds
Received message from mqtt/iot-mqtt-85d66979d5-bbd8g with latency 0.003 seconds
Received message from mqtt/iot-mqtt-85d66979d5-8c7jp with latency 0.003 seconds
Received message from mqtt/iot-mqtt-85d66979d5-q5nx5 with latency 0.003 seconds
Received message from mqtt/iot-mqtt-85d66979d5-6mh4z with latency 0.002 seconds
Received message from mqtt/iot-mqtt-85d66979d5-hc85j with latency 0.001 seconds
Received message from mqtt/iot-mqtt-85d66979d5-fdg4f with latency 0.002 seconds
Received message from mqtt/iot-mqtt-85d66979d5-x6289 with latency 0.002 seconds
Received message from mqtt/iot-mqtt-85d66979d5-wzcn8 with latency 0.002 seconds
Received message from mqtt/iot-mqtt-85d66979d5-9jmbn with latency 0.001 seconds
Received message from mqtt/iot-mqtt-85d66979d5-lcd8w with latency 0.002 seconds
Received message from mqtt/iot-mqtt-85d66979d5-8c7jp with latency 0.003 seconds
Received message from mqtt/iot-mqtt-85d66979d5-6mh4z with latency 0.002 seconds
Received message from mqtt/iot-mqtt-85d66979d5-q5nx5 with latency 0.003 seconds
Received message from mqtt/iot-mqtt-85d66979d5-wzcn8 with latency 0.002 seconds
Received message from mqtt/iot-mqtt-85d66979d5-9jmbn with latency 0.004 seconds
Received message from mqtt/iot-mqtt-85d66979d5-bbd8g with latency 0.001 seconds
Received message from mqtt/iot-mqtt-85d66979d5-lcd8w with latency 0.002 seconds
Received message from mqtt/iot-mqtt-85d66979d5-8c7jp with latency 0.003 seconds
Received message from mqtt/iot-mqtt-85d66979d5-6mh4z with latency 0.003 seconds
Received message from mqtt/iot-mqtt-85d66979d5-q5nx5 with latency 0.002 seconds
Received message from mqtt/iot-mqtt-85d66979d5-wzcn8 with latency 0.001 seconds
Received message from mqtt/iot-mqtt-85d66979d5-9jmbn with latency 0.001 seconds
Received message from mqtt/iot-mqtt-85d66979d5-bbd8g with latency 0.002 seconds
Received message from mqtt/iot-mqtt-85d66979d5-lcd8w with latency 0.003 seconds
Received message from mqtt/iot-mqtt-85d66979d5-6mh4z with latency 0.001 seconds
Received message from mqtt/iot-mqtt-85d66979d5-q5nx5 with latency 0.002 seconds
Received message from mqtt/iot-mqtt-85d66979d5-hc85j with latency 0.003 seconds
Received message from mqtt/iot-mqtt-85d66979d5-fdg4f with latency 0.002 seconds
Received message from mqtt/iot-mqtt-85d66979d5-x6289 with latency 0.002 seconds
Received message from mqtt/iot-mqtt-85d66979d5-wzcn8 with latency 0.002 seconds
Received message from mqtt/iot-mqtt-85d66979d5-9jmbn with latency 0.001 seconds
Received message from mqtt/iot-mqtt-85d66979d5-bbd8g with latency 0.002 seconds
Received message from mqtt/iot-mqtt-85d66979d5-8c7jp with latency 0.002 seconds
Received message from mqtt/iot-mqtt-85d66979d5-q5nx5 with latency 0.002 seconds
Received message from mqtt/iot-mqtt-85d66979d5-6mh4z with latency 0.002 seconds
Received message from mqtt/iot-mqtt-85d66979d5-hc85j with latency 0.002 seconds
Received message from mqtt/iot-mqtt-85d66979d5-wzcn8 with latency 0.002 seconds
Received message from mqtt/iot-mqtt-85d66979d5-9jmbn with latency 0.003 seconds
Received message from mqtt/iot-mqtt-85d66979d5-8c7jp with latency 0.003 seconds
Received message from mqtt/iot-mqtt-85d66979d5-q5nx5 with latency 0.004 seconds
Received message from mqtt/iot-mqtt-85d66979d5-6mh4z with latency 0.001 seconds
Received message from mqtt/iot-mqtt-85d66979d5-hc85j with latency 0.001 seconds
Received message from mqtt/iot-mqtt-85d66979d5-fdg4f with latency 0.003 seconds
