/app/mqtt_device.py:16: DeprecationWarning: Callback API version 1 is deprecated, update to latest version
  mqtt_client = mqtt.Client()
 * Serving Flask app 'mqtt_device'
 * Debug mode: off
[31m[1mWARNING: This is a development server. Do not use it in a production deployment. Use a production WSGI server instead.[0m
 * Running on all addresses (0.0.0.0)
 * Running on http://127.0.0.1:5000
 * Running on http://10.244.3.228:5000
[33mPress CTRL+C to quit[0m
Connected to MQTT broker with result code 0
Received message from mqtt/iot-mqtt-594696c8b9-btpxj with latency 0.001 seconds
Received message from mqtt/iot-mqtt-594696c8b9-kx8nt with latency 0.001 seconds
Received message from mqtt/iot-mqtt-594696c8b9-99gw2 with latency 0.001 seconds
Received message from mqtt/iot-mqtt-594696c8b9-xq272 with latency 0.003 seconds
Received message from mqtt/iot-mqtt-866667d744-hk4jq with latency 0.003 seconds
Received message from mqtt/iot-mqtt-866667d744-pfmf5 with latency 0.003 seconds
Received message from mqtt/iot-mqtt-866667d744-dfcb2 with latency 0.003 seconds
Received message from mqtt/iot-mqtt-866667d744-xfl6h with latency 0.005 seconds
Received message from mqtt/iot-mqtt-594696c8b9-prlfz with latency 0.004 seconds
Received message from mqtt/iot-mqtt-594696c8b9-k7lrt with latency 0.004 seconds
Received message from mqtt/iot-mqtt-594696c8b9-w774w with latency 0.003 seconds
Received message from mqtt/iot-mqtt-594696c8b9-nmc9x with latency 0.003 seconds
Received message from mqtt/iot-mqtt-866667d744-z78gk with latency 0.001 seconds
Received message from mqtt/iot-mqtt-866667d744-rd99k with latency 0.001 seconds
Received message from mqtt/iot-mqtt-594696c8b9-ngk9z with latency 0.004 seconds
Received message from mqtt/iot-mqtt-866667d744-7d4r8 with latency 0.003 seconds
Received message from mqtt/iot-mqtt-594696c8b9-kzk5g with latency 0.002 seconds
Received message from mqtt/iot-mqtt-866667d744-nx5vr with latency 0.002 seconds
Received message from mqtt/iot-mqtt-866667d744-4j865 with latency 0.003 seconds
Received message from mqtt/iot-mqtt-594696c8b9-btpxj with latency 0.002 seconds
Received message from mqtt/iot-mqtt-866667d744-4m8vm with latency 0.001 seconds
Received message from mqtt/iot-mqtt-594696c8b9-99gw2 with latency 0.001 seconds
Received message from mqtt/iot-mqtt-594696c8b9-xq272 with latency 0.003 seconds
Received message from mqtt/iot-mqtt-866667d744-hk4jq with latency 0.001 seconds
Received message from mqtt/iot-mqtt-866667d744-pfmf5 with latency 0.001 seconds
Received message from mqtt/iot-mqtt-866667d744-xfl6h with latency 0.004 seconds
Received message from mqtt/iot-mqtt-594696c8b9-prlfz with latency 0.002 seconds
Received message from mqtt/iot-mqtt-594696c8b9-k7lrt with latency 0.004 seconds
Received message from mqtt/iot-mqtt-594696c8b9-w774w with latency 0.003 seconds
Received message from mqtt/iot-mqtt-594696c8b9-nmc9x with latency 0.004 seconds
Received message from mqtt/iot-mqtt-866667d744-rd99k with latency 0.002 seconds
Received message from mqtt/iot-mqtt-866667d744-7d4r8 with latency 0.003 seconds
Received message from mqtt/iot-mqtt-866667d744-4j865 with latency 0.003 seconds
Received message from mqtt/iot-mqtt-866667d744-nx5vr with latency 0.001 seconds
Received message from mqtt/iot-mqtt-594696c8b9-kzk5g with latency 0.004 seconds
Received message from mqtt/iot-mqtt-594696c8b9-btpxj with latency 0.001 seconds
Received message from mqtt/iot-mqtt-594696c8b9-kx8nt with latency 0.002 seconds
Received message from mqtt/iot-mqtt-594696c8b9-99gw2 with latency 0.003 seconds
Received message from mqtt/iot-mqtt-866667d744-hk4jq with latency 0.001 seconds
Received message from mqtt/iot-mqtt-866667d744-pfmf5 with latency 0.003 seconds
Received message from mqtt/iot-mqtt-594696c8b9-prlfz with latency 0.001 seconds
Received message from mqtt/iot-mqtt-594696c8b9-k7lrt with latency 0.004 seconds
Received message from mqtt/iot-mqtt-594696c8b9-w774w with latency 0.002 seconds
Received message from mqtt/iot-mqtt-594696c8b9-ngk9z with latency 0.001 seconds
Received message from mqtt/iot-mqtt-594696c8b9-kzk5g with latency 0.001 seconds
[FAILURE] iot-mqtt-594696c8b9-btpxj is simulating a device failure. Stopping MQTT network loop for 40.0 seconds.
[RECOVERY] iot-mqtt-594696c8b9-btpxj is back online and reconnecting to broker.
Connected to MQTT broker with result code 0
Received message from mqtt/iot-mqtt-594696c8b9-kx8nt with latency 0.003 seconds
Received message from mqtt/iot-mqtt-594696c8b9-99gw2 with latency 0.003 seconds
Received message from mqtt/iot-mqtt-594696c8b9-xq272 with latency 0.002 seconds
Received message from mqtt/iot-mqtt-594696c8b9-prlfz with latency 0.002 seconds
Received message from mqtt/iot-mqtt-594696c8b9-nmc9x with latency 0.003 seconds
Received message from mqtt/iot-mqtt-594696c8b9-k7lrt with latency 0.002 seconds
Received message from mqtt/iot-mqtt-594696c8b9-w774w with latency 0.003 seconds
Received message from mqtt/iot-mqtt-594696c8b9-btpxj with latency 0.002 seconds
Received message from mqtt/iot-mqtt-594696c8b9-kzk5g with latency 0.002 seconds
Received message from mqtt/iot-mqtt-594696c8b9-kx8nt with latency 0.001 seconds
Received message from mqtt/iot-mqtt-594696c8b9-99gw2 with latency 0.003 seconds
Received message from mqtt/iot-mqtt-594696c8b9-xq272 with latency 0.003 seconds
Received message from mqtt/iot-mqtt-594696c8b9-prlfz with latency 0.004 seconds
Received message from mqtt/iot-mqtt-594696c8b9-nmc9x with latency 0.003 seconds
Received message from mqtt/iot-mqtt-594696c8b9-k7lrt with latency 0.003 seconds
Received message from mqtt/iot-mqtt-594696c8b9-w774w with latency 0.001 seconds
Received message from mqtt/iot-mqtt-594696c8b9-kzk5g with latency 0.001 seconds
Received message from mqtt/iot-mqtt-594696c8b9-btpxj with latency 0.003 seconds
Received message from mqtt/iot-mqtt-594696c8b9-kx8nt with latency 0.003 seconds
Received message from mqtt/iot-mqtt-594696c8b9-99gw2 with latency 0.002 seconds
Received message from mqtt/iot-mqtt-594696c8b9-xq272 with latency 0.003 seconds
Received message from mqtt/iot-mqtt-594696c8b9-prlfz with latency 0.002 seconds
Received message from mqtt/iot-mqtt-594696c8b9-nmc9x with latency 0.003 seconds
Received message from mqtt/iot-mqtt-594696c8b9-w774w with latency 0.002 seconds
Received message from mqtt/iot-mqtt-594696c8b9-k7lrt with latency 0.003 seconds
Received message from mqtt/iot-mqtt-594696c8b9-ngk9z with latency 0.003 seconds
Received message from mqtt/iot-mqtt-594696c8b9-kzk5g with latency 0.001 seconds
Received message from mqtt/iot-mqtt-594696c8b9-btpxj with latency 0.002 seconds
Received message from mqtt/iot-mqtt-594696c8b9-kx8nt with latency 0.002 seconds
Received message from mqtt/iot-mqtt-594696c8b9-xq272 with latency 0.002 seconds
Received message from mqtt/iot-mqtt-594696c8b9-prlfz with latency 0.003 seconds
Received message from mqtt/iot-mqtt-594696c8b9-nmc9x with latency 0.003 seconds
Received message from mqtt/iot-mqtt-594696c8b9-k7lrt with latency 0.003 seconds
Received message from mqtt/iot-mqtt-594696c8b9-ngk9z with latency 0.002 seconds
Received message from mqtt/iot-mqtt-594696c8b9-kzk5g with latency 0.001 seconds
Received message from mqtt/iot-mqtt-594696c8b9-btpxj with latency 0.003 seconds
Received message from mqtt/iot-mqtt-594696c8b9-kx8nt with latency 0.003 seconds
Received message from mqtt/iot-mqtt-594696c8b9-xq272 with latency 0.002 seconds
Received message from mqtt/iot-mqtt-594696c8b9-prlfz with latency 0.001 seconds
Received message from mqtt/iot-mqtt-594696c8b9-nmc9x with latency 0.002 seconds
Received message from mqtt/iot-mqtt-594696c8b9-w774w with latency 0.003 seconds
Received message from mqtt/iot-mqtt-594696c8b9-ngk9z with latency 0.001 seconds
Received message from mqtt/iot-mqtt-594696c8b9-kzk5g with latency 0.003 seconds
Received message from mqtt/iot-mqtt-594696c8b9-btpxj with latency 0.002 seconds
Received message from mqtt/iot-mqtt-594696c8b9-kx8nt with latency 0.002 seconds
Received message from mqtt/iot-mqtt-594696c8b9-xq272 with latency 0.003 seconds
Received message from mqtt/iot-mqtt-594696c8b9-prlfz with latency 0.003 seconds
Received message from mqtt/iot-mqtt-594696c8b9-nmc9x with latency 0.003 seconds
Received message from mqtt/iot-mqtt-594696c8b9-w774w with latency 0.002 seconds
Received message from mqtt/iot-mqtt-594696c8b9-ngk9z with latency 0.003 seconds
Received message from mqtt/iot-mqtt-594696c8b9-kzk5g with latency 0.003 seconds
Received message from mqtt/iot-mqtt-594696c8b9-btpxj with latency 0.003 seconds
Received message from mqtt/iot-mqtt-594696c8b9-kx8nt with latency 0.003 seconds
Received message from mqtt/iot-mqtt-594696c8b9-xq272 with latency 0.002 seconds
Received message from mqtt/iot-mqtt-594696c8b9-nmc9x with latency 0.002 seconds
Received message from mqtt/iot-mqtt-594696c8b9-ngk9z with latency 0.002 seconds
Received message from mqtt/iot-mqtt-594696c8b9-kzk5g with latency 0.002 seconds
Received message from mqtt/iot-mqtt-594696c8b9-btpxj with latency 0.002 seconds
Received message from mqtt/iot-mqtt-594696c8b9-kx8nt with latency 0.001 seconds
Received message from mqtt/iot-mqtt-594696c8b9-xq272 with latency 0.003 seconds
Received message from mqtt/iot-mqtt-594696c8b9-nmc9x with latency 0.004 seconds
Received message from mqtt/iot-mqtt-594696c8b9-w774w with latency 0.003 seconds
Received message from mqtt/iot-mqtt-594696c8b9-ngk9z with latency 0.002 seconds
Received message from mqtt/iot-mqtt-594696c8b9-kzk5g with latency 0.003 seconds
Received message from mqtt/iot-mqtt-594696c8b9-btpxj with latency 0.002 seconds
Received message from mqtt/iot-mqtt-594696c8b9-99gw2 with latency 0.002 seconds
Received message from mqtt/iot-mqtt-594696c8b9-kx8nt with latency 0.003 seconds
Received message from mqtt/iot-mqtt-594696c8b9-xq272 with latency 0.003 seconds
Received message from mqtt/iot-mqtt-594696c8b9-nmc9x with latency 0.002 seconds
Received message from mqtt/iot-mqtt-594696c8b9-w774w with latency 0.001 seconds
Received message from mqtt/iot-mqtt-594696c8b9-kzk5g with latency 0.002 seconds
Received message from mqtt/iot-mqtt-594696c8b9-ngk9z with latency 0.002 seconds
Received message from mqtt/iot-mqtt-594696c8b9-xq272 with latency 0.003 seconds
Received message from mqtt/iot-mqtt-594696c8b9-nmc9x with latency 0.002 seconds
Received message from mqtt/iot-mqtt-594696c8b9-k7lrt with latency 0.001 seconds
Received message from mqtt/iot-mqtt-594696c8b9-w774w with latency 0.002 seconds
Received message from mqtt/iot-mqtt-594696c8b9-kzk5g with latency 0.002 seconds
Received message from mqtt/iot-mqtt-594696c8b9-ngk9z with latency 0.002 seconds
Received message from mqtt/iot-mqtt-594696c8b9-btpxj with latency 0.002 seconds
Received message from mqtt/iot-mqtt-594696c8b9-xq272 with latency 0.002 seconds
Received message from mqtt/iot-mqtt-594696c8b9-nmc9x with latency 0.001 seconds
Received message from mqtt/iot-mqtt-594696c8b9-w774w with latency 0.002 seconds
Received message from mqtt/iot-mqtt-594696c8b9-kzk5g with latency 0.001 seconds
Received message from mqtt/iot-mqtt-594696c8b9-ngk9z with latency 0.002 seconds
Received message from mqtt/iot-mqtt-594696c8b9-btpxj with latency 0.002 seconds
Received message from mqtt/iot-mqtt-594696c8b9-xq272 with latency 0.002 seconds
Received message from mqtt/iot-mqtt-594696c8b9-prlfz with latency 0.001 seconds
Received message from mqtt/iot-mqtt-594696c8b9-nmc9x with latency 0.002 seconds
Received message from mqtt/iot-mqtt-594696c8b9-k7lrt with latency 0.001 seconds
Received message from mqtt/iot-mqtt-594696c8b9-w774w with latency 0.002 seconds
Received message from mqtt/iot-mqtt-594696c8b9-kzk5g with latency 0.003 seconds
Received message from mqtt/iot-mqtt-594696c8b9-ngk9z with latency 0.002 seconds
Received message from mqtt/iot-mqtt-594696c8b9-xq272 with latency 0.003 seconds
Received message from mqtt/iot-mqtt-594696c8b9-prlfz with latency 0.002 seconds
Received message from mqtt/iot-mqtt-594696c8b9-nmc9x with latency 0.003 seconds
Received message from mqtt/iot-mqtt-594696c8b9-k7lrt with latency 0.002 seconds
Received message from mqtt/iot-mqtt-594696c8b9-w774w with latency 0.002 seconds
Received message from mqtt/iot-mqtt-594696c8b9-kzk5g with latency 0.001 seconds
Received message from mqtt/iot-mqtt-594696c8b9-btpxj with latency 0.002 seconds
Received message from mqtt/iot-mqtt-594696c8b9-xq272 with latency 0.003 seconds
Received message from mqtt/iot-mqtt-594696c8b9-prlfz with latency 0.002 seconds
Received message from mqtt/iot-mqtt-594696c8b9-nmc9x with latency 0.002 seconds
Received message from mqtt/iot-mqtt-594696c8b9-k7lrt with latency 0.002 seconds
Received message from mqtt/iot-mqtt-594696c8b9-kzk5g with latency 0.002 seconds
Received message from mqtt/iot-mqtt-594696c8b9-99gw2 with latency 0.002 seconds
Received message from mqtt/iot-mqtt-594696c8b9-btpxj with latency 0.002 seconds
Received message from mqtt/iot-mqtt-594696c8b9-kx8nt with latency 0.002 seconds
Received message from mqtt/iot-mqtt-594696c8b9-xq272 with latency 0.001 seconds
Received message from mqtt/iot-mqtt-594696c8b9-prlfz with latency 0.001 seconds
Received message from mqtt/iot-mqtt-594696c8b9-nmc9x with latency 0.003 seconds
Received message from mqtt/iot-mqtt-594696c8b9-k7lrt with latency 0.002 seconds
Received message from mqtt/iot-mqtt-594696c8b9-kzk5g with latency 0.003 seconds
Received message from mqtt/iot-mqtt-594696c8b9-99gw2 with latency 0.003 seconds
Received message from mqtt/iot-mqtt-594696c8b9-btpxj with latency 0.002 seconds
Received message from mqtt/iot-mqtt-594696c8b9-kx8nt with latency 0.002 seconds
Received message from mqtt/iot-mqtt-594696c8b9-xq272 with latency 0.002 seconds
Received message from mqtt/iot-mqtt-594696c8b9-prlfz with latency 0.001 seconds
Received message from mqtt/iot-mqtt-594696c8b9-kzk5g with latency 0.003 seconds
Received message from mqtt/iot-mqtt-594696c8b9-ngk9z with latency 0.001 seconds
Received message from mqtt/iot-mqtt-594696c8b9-99gw2 with latency 0.002 seconds
Received message from mqtt/iot-mqtt-594696c8b9-btpxj with latency 0.001 seconds
Received message from mqtt/iot-mqtt-594696c8b9-kx8nt with latency 0.002 seconds
Received message from mqtt/iot-mqtt-594696c8b9-xq272 with latency 0.003 seconds
Received message from mqtt/iot-mqtt-594696c8b9-prlfz with latency 0.013 seconds
Received message from mqtt/iot-mqtt-594696c8b9-nmc9x with latency 0.003 seconds
Received message from mqtt/iot-mqtt-594696c8b9-kzk5g with latency 0.001 seconds
Received message from mqtt/iot-mqtt-594696c8b9-ngk9z with latency 0.002 seconds
Received message from mqtt/iot-mqtt-594696c8b9-99gw2 with latency 0.003 seconds
Received message from mqtt/iot-mqtt-594696c8b9-kx8nt with latency 0.001 seconds
Received message from mqtt/iot-mqtt-594696c8b9-xq272 with latency 0.002 seconds
Received message from mqtt/iot-mqtt-594696c8b9-prlfz with latency 0.001 seconds
Received message from mqtt/iot-mqtt-594696c8b9-nmc9x with latency 0.002 seconds
Received message from mqtt/iot-mqtt-594696c8b9-kzk5g with latency 0.002 seconds
Received message from mqtt/iot-mqtt-594696c8b9-99gw2 with latency 0.002 seconds
Received message from mqtt/iot-mqtt-594696c8b9-kx8nt with latency 0.002 seconds
Received message from mqtt/iot-mqtt-594696c8b9-xq272 with latency 0.003 seconds
Received message from mqtt/iot-mqtt-594696c8b9-prlfz with latency 0.003 seconds
Received message from mqtt/iot-mqtt-594696c8b9-nmc9x with latency 0.002 seconds
Received message from mqtt/iot-mqtt-594696c8b9-w774w with latency 0.002 seconds
Received message from mqtt/iot-mqtt-594696c8b9-ngk9z with latency 0.001 seconds
Received message from mqtt/iot-mqtt-594696c8b9-kzk5g with latency 0.002 seconds
Received message from mqtt/iot-mqtt-594696c8b9-99gw2 with latency 0.002 seconds
Received message from mqtt/iot-mqtt-594696c8b9-btpxj with latency 0.002 seconds
Received message from mqtt/iot-mqtt-594696c8b9-kx8nt with latency 0.002 seconds
Received message from mqtt/iot-mqtt-594696c8b9-xq272 with latency 0.001 seconds
Received message from mqtt/iot-mqtt-594696c8b9-w774w with latency 0.002 seconds
Received message from mqtt/iot-mqtt-594696c8b9-kzk5g with latency 0.002 seconds
Received message from mqtt/iot-mqtt-594696c8b9-99gw2 with latency 0.001 seconds
Received message from mqtt/iot-mqtt-594696c8b9-xq272 with latency 0.001 seconds
Received message from mqtt/iot-mqtt-594696c8b9-prlfz with latency 0.002 seconds
Received message from mqtt/iot-mqtt-594696c8b9-kzk5g with latency 0.002 seconds
Received message from mqtt/iot-mqtt-594696c8b9-99gw2 with latency 0.002 seconds
Received message from mqtt/iot-mqtt-594696c8b9-btpxj with latency 0.002 seconds
Received message from mqtt/iot-mqtt-594696c8b9-xq272 with latency 0.002 seconds
Received message from mqtt/iot-mqtt-594696c8b9-prlfz with latency 0.002 seconds
Received message from mqtt/iot-mqtt-594696c8b9-w774w with latency 0.002 seconds
Received message from mqtt/iot-mqtt-594696c8b9-kzk5g with latency 0.002 seconds
Received message from mqtt/iot-mqtt-594696c8b9-99gw2 with latency 0.002 seconds
Received message from mqtt/iot-mqtt-594696c8b9-btpxj with latency 0.001 seconds
Received message from mqtt/iot-mqtt-594696c8b9-xq272 with latency 0.002 seconds
Received message from mqtt/iot-mqtt-594696c8b9-k7lrt with latency 0.002 seconds
Received message from mqtt/iot-mqtt-594696c8b9-w774w with latency 0.002 seconds
Received message from mqtt/iot-mqtt-594696c8b9-kzk5g with latency 0.002 seconds
Received message from mqtt/iot-mqtt-594696c8b9-99gw2 with latency 0.002 seconds
Received message from mqtt/iot-mqtt-594696c8b9-btpxj with latency 0.002 seconds
Received message from mqtt/iot-mqtt-594696c8b9-xq272 with latency 0.002 seconds
Received message from mqtt/iot-mqtt-594696c8b9-prlfz with latency 0.002 seconds
Received message from mqtt/iot-mqtt-594696c8b9-k7lrt with latency 0.002 seconds
Received message from mqtt/iot-mqtt-594696c8b9-w774w with latency 0.001 seconds
Received message from mqtt/iot-mqtt-594696c8b9-ngk9z with latency 0.002 seconds
Received message from mqtt/iot-mqtt-594696c8b9-kzk5g with latency 0.002 seconds
Received message from mqtt/iot-mqtt-594696c8b9-99gw2 with latency 0.001 seconds
Received message from mqtt/iot-mqtt-594696c8b9-btpxj with latency 0.002 seconds
Received message from mqtt/iot-mqtt-594696c8b9-xq272 with latency 0.000 seconds
Received message from mqtt/iot-mqtt-594696c8b9-nmc9x with latency 0.002 seconds
Received message from mqtt/iot-mqtt-594696c8b9-prlfz with latency 0.002 seconds
Received message from mqtt/iot-mqtt-594696c8b9-k7lrt with latency 0.001 seconds
Received message from mqtt/iot-mqtt-594696c8b9-w774w with latency 0.001 seconds
Received message from mqtt/iot-mqtt-594696c8b9-ngk9z with latency 0.002 seconds
Received message from mqtt/iot-mqtt-594696c8b9-kzk5g with latency 0.002 seconds
Received message from mqtt/iot-mqtt-594696c8b9-99gw2 with latency 0.002 seconds
Received message from mqtt/iot-mqtt-594696c8b9-btpxj with latency 0.003 seconds
Received message from mqtt/iot-mqtt-594696c8b9-xq272 with latency 0.001 seconds
Received message from mqtt/iot-mqtt-594696c8b9-nmc9x with latency 0.001 seconds
Received message from mqtt/iot-mqtt-594696c8b9-prlfz with latency 0.001 seconds
Received message from mqtt/iot-mqtt-594696c8b9-k7lrt with latency 0.002 seconds
Received message from mqtt/iot-mqtt-594696c8b9-w774w with latency 0.002 seconds
Received message from mqtt/iot-mqtt-594696c8b9-kzk5g with latency 0.001 seconds
Received message from mqtt/iot-mqtt-594696c8b9-99gw2 with latency 0.001 seconds
Received message from mqtt/iot-mqtt-594696c8b9-btpxj with latency 0.001 seconds
Received message from mqtt/iot-mqtt-594696c8b9-xq272 with latency 0.001 seconds
Received message from mqtt/iot-mqtt-594696c8b9-nmc9x with latency 0.002 seconds
Received message from mqtt/iot-mqtt-594696c8b9-prlfz with latency 0.002 seconds
Received message from mqtt/iot-mqtt-594696c8b9-kzk5g with latency 0.001 seconds
Received message from mqtt/iot-mqtt-594696c8b9-99gw2 with latency 0.001 seconds
[FAILURE] iot-mqtt-594696c8b9-btpxj is simulating a device failure. Stopping MQTT network loop for 40.0 seconds.
[RECOVERY] iot-mqtt-594696c8b9-btpxj is back online and reconnecting to broker.
Connected to MQTT broker with result code 0
Received message from mqtt/iot-mqtt-594696c8b9-xq272 with latency 0.001 seconds
Received message from mqtt/iot-mqtt-594696c8b9-prlfz with latency 0.002 seconds
Received message from mqtt/iot-mqtt-594696c8b9-nmc9x with latency 0.002 seconds
Received message from mqtt/iot-mqtt-594696c8b9-k7lrt with latency 0.002 seconds
Received message from mqtt/iot-mqtt-594696c8b9-ngk9z with latency 0.003 seconds
Received message from mqtt/iot-mqtt-594696c8b9-99gw2 with latency 0.003 seconds
Received message from mqtt/iot-mqtt-594696c8b9-kx8nt with latency 0.002 seconds
Received message from mqtt/iot-mqtt-594696c8b9-btpxj with latency 0.002 seconds
Received message from mqtt/iot-mqtt-594696c8b9-prlfz with latency 0.001 seconds
Received message from mqtt/iot-mqtt-594696c8b9-k7lrt with latency 0.001 seconds
Received message from mqtt/iot-mqtt-594696c8b9-ngk9z with latency 0.002 seconds
Received message from mqtt/iot-mqtt-594696c8b9-kzk5g with latency 0.002 seconds
Received message from mqtt/iot-mqtt-594696c8b9-99gw2 with latency 0.002 seconds
Received message from mqtt/iot-mqtt-594696c8b9-kx8nt with latency 0.002 seconds
Received message from mqtt/iot-mqtt-594696c8b9-btpxj with latency 0.002 seconds
Received message from mqtt/iot-mqtt-594696c8b9-nmc9x with latency 0.002 seconds
Received message from mqtt/iot-mqtt-594696c8b9-prlfz with latency 0.002 seconds
Received message from mqtt/iot-mqtt-594696c8b9-k7lrt with latency 0.002 seconds
Received message from mqtt/iot-mqtt-594696c8b9-kzk5g with latency 0.001 seconds
Received message from mqtt/iot-mqtt-594696c8b9-ngk9z with latency 0.001 seconds
Received message from mqtt/iot-mqtt-594696c8b9-kx8nt with latency 0.002 seconds
Received message from mqtt/iot-mqtt-594696c8b9-btpxj with latency 0.002 seconds
Received message from mqtt/iot-mqtt-594696c8b9-xq272 with latency 0.003 seconds
Received message from mqtt/iot-mqtt-594696c8b9-nmc9x with latency 0.002 seconds
Received message from mqtt/iot-mqtt-594696c8b9-prlfz with latency 0.002 seconds
Received message from mqtt/iot-mqtt-594696c8b9-k7lrt with latency 0.002 seconds
Received message from mqtt/iot-mqtt-594696c8b9-ngk9z with latency 0.003 seconds
Received message from mqtt/iot-mqtt-594696c8b9-99gw2 with latency 0.002 seconds
Received message from mqtt/iot-mqtt-594696c8b9-kx8nt with latency 0.002 seconds
Received message from mqtt/iot-mqtt-594696c8b9-btpxj with latency 0.002 seconds
Received message from mqtt/iot-mqtt-594696c8b9-prlfz with latency 0.003 seconds
Received message from mqtt/iot-mqtt-594696c8b9-k7lrt with latency 0.002 seconds
Received message from mqtt/iot-mqtt-594696c8b9-ngk9z with latency 0.001 seconds
Received message from mqtt/iot-mqtt-594696c8b9-kzk5g with latency 0.002 seconds
Received message from mqtt/iot-mqtt-594696c8b9-99gw2 with latency 0.002 seconds
Received message from mqtt/iot-mqtt-594696c8b9-kx8nt with latency 0.001 seconds
Received message from mqtt/iot-mqtt-594696c8b9-btpxj with latency 0.002 seconds
Received message from mqtt/iot-mqtt-594696c8b9-nmc9x with latency 0.003 seconds
Received message from mqtt/iot-mqtt-594696c8b9-k7lrt with latency 0.001 seconds
Received message from mqtt/iot-mqtt-594696c8b9-w774w with latency 0.001 seconds
Received message from mqtt/iot-mqtt-594696c8b9-ngk9z with latency 0.005 seconds
Received message from mqtt/iot-mqtt-594696c8b9-kzk5g with latency 0.003 seconds
Received message from mqtt/iot-mqtt-594696c8b9-99gw2 with latency 0.002 seconds
Received message from mqtt/iot-mqtt-594696c8b9-kx8nt with latency 0.001 seconds
Received message from mqtt/iot-mqtt-594696c8b9-btpxj with latency 0.003 seconds
Received message from mqtt/iot-mqtt-594696c8b9-nmc9x with latency 0.003 seconds
Received message from mqtt/iot-mqtt-594696c8b9-prlfz with latency 0.003 seconds
Received message from mqtt/iot-mqtt-594696c8b9-w774w with latency 0.001 seconds
Received message from mqtt/iot-mqtt-594696c8b9-k7lrt with latency 0.002 seconds
Received message from mqtt/iot-mqtt-594696c8b9-ngk9z with latency 0.002 seconds
Received message from mqtt/iot-mqtt-594696c8b9-kzk5g with latency 0.002 seconds
Received message from mqtt/iot-mqtt-594696c8b9-99gw2 with latency 0.001 seconds
Received message from mqtt/iot-mqtt-594696c8b9-kx8nt with latency 0.002 seconds
Received message from mqtt/iot-mqtt-594696c8b9-btpxj with latency 0.002 seconds
Received message from mqtt/iot-mqtt-594696c8b9-nmc9x with latency 0.003 seconds
Received message from mqtt/iot-mqtt-594696c8b9-prlfz with latency 0.002 seconds
Received message from mqtt/iot-mqtt-594696c8b9-k7lrt with latency 0.001 seconds
Received message from mqtt/iot-mqtt-594696c8b9-w774w with latency 0.001 seconds
Received message from mqtt/iot-mqtt-594696c8b9-kzk5g with latency 0.003 seconds
Received message from mqtt/iot-mqtt-594696c8b9-ngk9z with latency 0.003 seconds
Received message from mqtt/iot-mqtt-594696c8b9-kx8nt with latency 0.003 seconds
Received message from mqtt/iot-mqtt-594696c8b9-99gw2 with latency 0.001 seconds
Received message from mqtt/iot-mqtt-594696c8b9-btpxj with latency 0.003 seconds
Received message from mqtt/iot-mqtt-594696c8b9-w774w with latency 0.003 seconds
Received message from mqtt/iot-mqtt-594696c8b9-prlfz with latency 0.002 seconds
Received message from mqtt/iot-mqtt-594696c8b9-k7lrt with latency 0.002 seconds
Received message from mqtt/iot-mqtt-594696c8b9-ngk9z with latency 0.003 seconds
Received message from mqtt/iot-mqtt-594696c8b9-kzk5g with latency 0.002 seconds
Received message from mqtt/iot-mqtt-594696c8b9-kx8nt with latency 0.005 seconds
Received message from mqtt/iot-mqtt-594696c8b9-btpxj with latency 0.002 seconds
Received message from mqtt/iot-mqtt-594696c8b9-xq272 with latency 0.003 seconds
Received message from mqtt/iot-mqtt-594696c8b9-nmc9x with latency 0.001 seconds
Received message from mqtt/iot-mqtt-594696c8b9-prlfz with latency 0.002 seconds
Received message from mqtt/iot-mqtt-594696c8b9-k7lrt with latency 0.001 seconds
Received message from mqtt/iot-mqtt-594696c8b9-ngk9z with latency 0.002 seconds
Received message from mqtt/iot-mqtt-594696c8b9-kzk5g with latency 0.002 seconds
Received message from mqtt/iot-mqtt-594696c8b9-btpxj with latency 0.001 seconds
Received message from mqtt/iot-mqtt-594696c8b9-99gw2 with latency 0.003 seconds
Received message from mqtt/iot-mqtt-594696c8b9-xq272 with latency 0.002 seconds
Received message from mqtt/iot-mqtt-594696c8b9-nmc9x with latency 0.002 seconds
Received message from mqtt/iot-mqtt-594696c8b9-w774w with latency 0.002 seconds
Received message from mqtt/iot-mqtt-594696c8b9-prlfz with latency 0.003 seconds
Received message from mqtt/iot-mqtt-594696c8b9-ngk9z with latency 0.003 seconds
Received message from mqtt/iot-mqtt-594696c8b9-kzk5g with latency 0.003 seconds
Received message from mqtt/iot-mqtt-594696c8b9-btpxj with latency 0.001 seconds
Received message from mqtt/iot-mqtt-594696c8b9-99gw2 with latency 0.002 seconds
Received message from mqtt/iot-mqtt-594696c8b9-xq272 with latency 0.002 seconds
Received message from mqtt/iot-mqtt-594696c8b9-nmc9x with latency 0.003 seconds
Received message from mqtt/iot-mqtt-594696c8b9-w774w with latency 0.003 seconds
Received message from mqtt/iot-mqtt-594696c8b9-prlfz with latency 0.001 seconds
Received message from mqtt/iot-mqtt-594696c8b9-kzk5g with latency 0.002 seconds
Received message from mqtt/iot-mqtt-594696c8b9-ngk9z with latency 0.001 seconds
Received message from mqtt/iot-mqtt-594696c8b9-btpxj with latency 0.002 seconds
Received message from mqtt/iot-mqtt-594696c8b9-99gw2 with latency 0.002 seconds
Received message from mqtt/iot-mqtt-594696c8b9-xq272 with latency 0.005 seconds
Received message from mqtt/iot-mqtt-594696c8b9-nmc9x with latency 0.003 seconds
Received message from mqtt/iot-mqtt-594696c8b9-w774w with latency 0.002 seconds
Received message from mqtt/iot-mqtt-594696c8b9-prlfz with latency 0.002 seconds
Received message from mqtt/iot-mqtt-594696c8b9-kzk5g with latency 0.003 seconds
Received message from mqtt/iot-mqtt-594696c8b9-ngk9z with latency 0.002 seconds
Received message from mqtt/iot-mqtt-594696c8b9-btpxj with latency 0.002 seconds
Received message from mqtt/iot-mqtt-594696c8b9-99gw2 with latency 0.003 seconds
Received message from mqtt/iot-mqtt-594696c8b9-xq272 with latency 0.002 seconds
Received message from mqtt/iot-mqtt-594696c8b9-nmc9x with latency 0.002 seconds
Received message from mqtt/iot-mqtt-594696c8b9-w774w with latency 0.001 seconds
Received message from mqtt/iot-mqtt-594696c8b9-prlfz with latency 0.000 seconds
Received message from mqtt/iot-mqtt-594696c8b9-kzk5g with latency 0.002 seconds
Received message from mqtt/iot-mqtt-594696c8b9-btpxj with latency 0.001 seconds
Received message from mqtt/iot-mqtt-594696c8b9-xq272 with latency 0.003 seconds
Received message from mqtt/iot-mqtt-594696c8b9-nmc9x with latency 0.002 seconds
Received message from mqtt/iot-mqtt-594696c8b9-prlfz with latency 0.001 seconds
Received message from mqtt/iot-mqtt-594696c8b9-w774w with latency 0.002 seconds
Received message from mqtt/iot-mqtt-594696c8b9-kzk5g with latency 0.002 seconds
Received message from mqtt/iot-mqtt-594696c8b9-btpxj with latency 0.001 seconds
Received message from mqtt/iot-mqtt-594696c8b9-99gw2 with latency 0.002 seconds
Received message from mqtt/iot-mqtt-594696c8b9-xq272 with latency 0.003 seconds
Received message from mqtt/iot-mqtt-594696c8b9-nmc9x with latency 0.004 seconds
Received message from mqtt/iot-mqtt-594696c8b9-prlfz with latency 0.001 seconds
Received message from mqtt/iot-mqtt-594696c8b9-w774w with latency 0.002 seconds
Received message from mqtt/iot-mqtt-594696c8b9-kx8nt with latency 0.002 seconds
Received message from mqtt/iot-mqtt-594696c8b9-kzk5g with latency 0.002 seconds
Received message from mqtt/iot-mqtt-594696c8b9-btpxj with latency 0.001 seconds
Received message from mqtt/iot-mqtt-594696c8b9-99gw2 with latency 0.001 seconds
Received message from mqtt/iot-mqtt-594696c8b9-xq272 with latency 0.002 seconds
Received message from mqtt/iot-mqtt-594696c8b9-nmc9x with latency 0.000 seconds
Received message from mqtt/iot-mqtt-594696c8b9-prlfz with latency 0.002 seconds
Received message from mqtt/iot-mqtt-594696c8b9-w774w with latency 0.003 seconds
Received message from mqtt/iot-mqtt-594696c8b9-kx8nt with latency 0.001 seconds
Received message from mqtt/iot-mqtt-594696c8b9-kzk5g with latency 0.001 seconds
Received message from mqtt/iot-mqtt-594696c8b9-btpxj with latency 0.002 seconds
Received message from mqtt/iot-mqtt-594696c8b9-99gw2 with latency 0.001 seconds
Received message from mqtt/iot-mqtt-594696c8b9-xq272 with latency 0.002 seconds
Received message from mqtt/iot-mqtt-594696c8b9-k7lrt with latency 0.002 seconds
Received message from mqtt/iot-mqtt-594696c8b9-nmc9x with latency 0.003 seconds
Received message from mqtt/iot-mqtt-594696c8b9-w774w with latency 0.002 seconds
Received message from mqtt/iot-mqtt-594696c8b9-kx8nt with latency 0.004 seconds
Received message from mqtt/iot-mqtt-594696c8b9-kzk5g with latency 0.001 seconds
Received message from mqtt/iot-mqtt-594696c8b9-btpxj with latency 0.002 seconds
Received message from mqtt/iot-mqtt-594696c8b9-xq272 with latency 0.002 seconds
Received message from mqtt/iot-mqtt-594696c8b9-k7lrt with latency 0.003 seconds
Received message from mqtt/iot-mqtt-594696c8b9-nmc9x with latency 0.001 seconds
Received message from mqtt/iot-mqtt-594696c8b9-w774w with latency 0.002 seconds
Received message from mqtt/iot-mqtt-594696c8b9-ngk9z with latency 0.002 seconds
Received message from mqtt/iot-mqtt-594696c8b9-kzk5g with latency 0.002 seconds
Received message from mqtt/iot-mqtt-594696c8b9-btpxj with latency 0.002 seconds
Received message from mqtt/iot-mqtt-594696c8b9-xq272 with latency 0.002 seconds
Received message from mqtt/iot-mqtt-594696c8b9-k7lrt with latency 0.002 seconds
Received message from mqtt/iot-mqtt-594696c8b9-nmc9x with latency 0.001 seconds
Received message from mqtt/iot-mqtt-594696c8b9-w774w with latency 0.001 seconds
Received message from mqtt/iot-mqtt-594696c8b9-ngk9z with latency 0.002 seconds
Received message from mqtt/iot-mqtt-594696c8b9-kzk5g with latency 0.001 seconds
[FAILURE] iot-mqtt-594696c8b9-btpxj is simulating a device failure. Stopping MQTT network loop for 40.0 seconds.
[RECOVERY] iot-mqtt-594696c8b9-btpxj is back online and reconnecting to broker.
Connected to MQTT broker with result code 0
Received message from mqtt/iot-mqtt-594696c8b9-xq272 with latency 0.003 seconds
Received message from mqtt/iot-mqtt-594696c8b9-k7lrt with latency 0.002 seconds
Received message from mqtt/iot-mqtt-594696c8b9-prlfz with latency 0.002 seconds
Received message from mqtt/iot-mqtt-594696c8b9-nmc9x with latency 0.003 seconds
Received message from mqtt/iot-mqtt-594696c8b9-w774w with latency 0.002 seconds
Received message from mqtt/iot-mqtt-594696c8b9-kx8nt with latency 0.002 seconds
Received message from mqtt/iot-mqtt-594696c8b9-ngk9z with latency 0.002 seconds
Received message from mqtt/iot-mqtt-594696c8b9-kzk5g with latency 0.003 seconds
Received message from mqtt/iot-mqtt-594696c8b9-99gw2 with latency 0.002 seconds
Received message from mqtt/iot-mqtt-594696c8b9-xq272 with latency 0.003 seconds
Received message from mqtt/iot-mqtt-594696c8b9-k7lrt with latency 0.004 seconds
Received message from mqtt/iot-mqtt-594696c8b9-prlfz with latency 0.003 seconds
Received message from mqtt/iot-mqtt-594696c8b9-w774w with latency 0.001 seconds
Received message from mqtt/iot-mqtt-594696c8b9-kx8nt with latency 0.002 seconds
Received message from mqtt/iot-mqtt-594696c8b9-ngk9z with latency 0.002 seconds
Received message from mqtt/iot-mqtt-594696c8b9-btpxj with latency 0.002 seconds
Received message from mqtt/iot-mqtt-594696c8b9-99gw2 with latency 0.003 seconds
Received message from mqtt/iot-mqtt-594696c8b9-kzk5g with latency 0.002 seconds
Received message from mqtt/iot-mqtt-594696c8b9-xq272 with latency 0.004 seconds
Received message from mqtt/iot-mqtt-594696c8b9-w774w with latency 0.003 seconds
Received message from mqtt/iot-mqtt-594696c8b9-kx8nt with latency 0.001 seconds
Received message from mqtt/iot-mqtt-594696c8b9-ngk9z with latency 0.002 seconds
Received message from mqtt/iot-mqtt-594696c8b9-btpxj with latency 0.002 seconds
Received message from mqtt/iot-mqtt-594696c8b9-99gw2 with latency 0.002 seconds
Received message from mqtt/iot-mqtt-594696c8b9-kzk5g with latency 0.002 seconds
Received message from mqtt/iot-mqtt-594696c8b9-k7lrt with latency 0.005 seconds
Received message from mqtt/iot-mqtt-594696c8b9-w774w with latency 0.002 seconds
Received message from mqtt/iot-mqtt-594696c8b9-ngk9z with latency 0.003 seconds
Received message from mqtt/iot-mqtt-594696c8b9-btpxj with latency 0.001 seconds
Received message from mqtt/iot-mqtt-594696c8b9-99gw2 with latency 0.003 seconds
Received message from mqtt/iot-mqtt-594696c8b9-kzk5g with latency 0.020 seconds
Received message from mqtt/iot-mqtt-594696c8b9-w774w with latency 0.001 seconds
Received message from mqtt/iot-mqtt-594696c8b9-kx8nt with latency 0.002 seconds
Received message from mqtt/iot-mqtt-594696c8b9-btpxj with latency 0.003 seconds
Received message from mqtt/iot-mqtt-594696c8b9-99gw2 with latency 0.002 seconds
Received message from mqtt/iot-mqtt-594696c8b9-w774w with latency 0.001 seconds
Received message from mqtt/iot-mqtt-594696c8b9-kx8nt with latency 0.002 seconds
Received message from mqtt/iot-mqtt-594696c8b9-99gw2 with latency 0.001 seconds
Received message from mqtt/iot-mqtt-594696c8b9-nmc9x with latency 0.002 seconds
Received message from mqtt/iot-mqtt-594696c8b9-w774w with latency 0.002 seconds
Received message from mqtt/iot-mqtt-594696c8b9-kx8nt with latency 0.002 seconds
Received message from mqtt/iot-mqtt-594696c8b9-99gw2 with latency 0.002 seconds
Received message from mqtt/iot-mqtt-594696c8b9-prlfz with latency 0.003 seconds
Received message from mqtt/iot-mqtt-594696c8b9-nmc9x with latency 0.002 seconds
Received message from mqtt/iot-mqtt-594696c8b9-kx8nt with latency 0.002 seconds
Received message from mqtt/iot-mqtt-594696c8b9-w774w with latency 0.002 seconds
[FAILURE] iot-mqtt-594696c8b9-btpxj is simulating a device failure. Stopping MQTT network loop for 40.0 seconds.
[RECOVERY] iot-mqtt-594696c8b9-btpxj is back online and reconnecting to broker.
Connected to MQTT broker with result code 0
Received message from mqtt/iot-mqtt-594696c8b9-kzk5g with latency 0.003 seconds
Received message from mqtt/iot-mqtt-594696c8b9-xq272 with latency 0.001 seconds
Received message from mqtt/iot-mqtt-594696c8b9-k7lrt with latency 0.003 seconds
Received message from mqtt/iot-mqtt-594696c8b9-ngk9z with latency 0.003 seconds
Received message from mqtt/iot-mqtt-594696c8b9-btpxj with latency 0.004 seconds
Received message from mqtt/iot-mqtt-594696c8b9-xq272 with latency 0.002 seconds
Received message from mqtt/iot-mqtt-594696c8b9-k7lrt with latency 0.002 seconds
Received message from mqtt/iot-mqtt-594696c8b9-ngk9z with latency 0.002 seconds
Received message from mqtt/iot-mqtt-594696c8b9-kx8nt with latency 0.004 seconds
Received message from mqtt/iot-mqtt-594696c8b9-btpxj with latency 0.004 seconds
Received message from mqtt/iot-mqtt-594696c8b9-kzk5g with latency 0.001 seconds
Received message from mqtt/iot-mqtt-594696c8b9-xq272 with latency 0.002 seconds
Received message from mqtt/iot-mqtt-594696c8b9-nmc9x with latency 0.002 seconds
Received message from mqtt/iot-mqtt-594696c8b9-k7lrt with latency 0.002 seconds
Received message from mqtt/iot-mqtt-594696c8b9-ngk9z with latency 0.002 seconds
Received message from mqtt/iot-mqtt-594696c8b9-kx8nt with latency 0.002 seconds
Received message from mqtt/iot-mqtt-594696c8b9-btpxj with latency 0.002 seconds
Received message from mqtt/iot-mqtt-594696c8b9-99gw2 with latency 0.002 seconds
Received message from mqtt/iot-mqtt-594696c8b9-kzk5g with latency 0.002 seconds
Received message from mqtt/iot-mqtt-594696c8b9-xq272 with latency 0.001 seconds
Received message from mqtt/iot-mqtt-594696c8b9-prlfz with latency 0.001 seconds
Received message from mqtt/iot-mqtt-594696c8b9-nmc9x with latency 0.001 seconds
Received message from mqtt/iot-mqtt-594696c8b9-w774w with latency 0.002 seconds
Received message from mqtt/iot-mqtt-594696c8b9-kx8nt with latency 0.002 seconds
Received message from mqtt/iot-mqtt-594696c8b9-99gw2 with latency 0.002 seconds
Received message from mqtt/iot-mqtt-594696c8b9-kzk5g with latency 0.002 seconds
Received message from mqtt/iot-mqtt-594696c8b9-prlfz with latency 0.002 seconds
Received message from mqtt/iot-mqtt-594696c8b9-w774w with latency 0.003 seconds
Received message from mqtt/iot-mqtt-594696c8b9-ngk9z with latency 0.002 seconds
Received message from mqtt/iot-mqtt-594696c8b9-kx8nt with latency 0.002 seconds
Received message from mqtt/iot-mqtt-594696c8b9-btpxj with latency 0.002 seconds
Received message from mqtt/iot-mqtt-594696c8b9-kzk5g with latency 0.002 seconds
Received message from mqtt/iot-mqtt-594696c8b9-ngk9z with latency 0.003 seconds
Received message from mqtt/iot-mqtt-594696c8b9-w774w with latency 0.002 seconds
Received message from mqtt/iot-mqtt-594696c8b9-kx8nt with latency 0.002 seconds
Received message from mqtt/iot-mqtt-594696c8b9-btpxj with latency 0.001 seconds
Received message from mqtt/iot-mqtt-594696c8b9-kzk5g with latency 0.003 seconds
Received message from mqtt/iot-mqtt-594696c8b9-prlfz with latency 0.002 seconds
Received message from mqtt/iot-mqtt-594696c8b9-nmc9x with latency 0.003 seconds
Received message from mqtt/iot-mqtt-594696c8b9-ngk9z with latency 0.002 seconds
Received message from mqtt/iot-mqtt-594696c8b9-w774w with latency 0.001 seconds
Received message from mqtt/iot-mqtt-594696c8b9-kx8nt with latency 0.002 seconds
Received message from mqtt/iot-mqtt-594696c8b9-btpxj with latency 0.000 seconds
Received message from mqtt/iot-mqtt-594696c8b9-kzk5g with latency 0.003 seconds
Received message from mqtt/iot-mqtt-594696c8b9-prlfz with latency 0.001 seconds
Received message from mqtt/iot-mqtt-594696c8b9-nmc9x with latency 0.002 seconds
Received message from mqtt/iot-mqtt-594696c8b9-ngk9z with latency 0.002 seconds
Received message from mqtt/iot-mqtt-594696c8b9-w774w with latency 0.002 seconds
Received message from mqtt/iot-mqtt-594696c8b9-kx8nt with latency 0.001 seconds
Received message from mqtt/iot-mqtt-594696c8b9-kzk5g with latency 0.000 seconds
Received message from mqtt/iot-mqtt-594696c8b9-k7lrt with latency 0.003 seconds
Received message from mqtt/iot-mqtt-594696c8b9-prlfz with latency 0.002 seconds
Received message from mqtt/iot-mqtt-594696c8b9-nmc9x with latency 0.002 seconds
Received message from mqtt/iot-mqtt-594696c8b9-w774w with latency 0.002 seconds
Received message from mqtt/iot-mqtt-594696c8b9-ngk9z with latency 0.001 seconds
Received message from mqtt/iot-mqtt-594696c8b9-btpxj with latency 0.003 seconds
Received message from mqtt/iot-mqtt-594696c8b9-kzk5g with latency 0.002 seconds
Received message from mqtt/iot-mqtt-594696c8b9-prlfz with latency 0.002 seconds
Received message from mqtt/iot-mqtt-594696c8b9-k7lrt with latency 0.001 seconds
Received message from mqtt/iot-mqtt-594696c8b9-nmc9x with latency 0.002 seconds
Received message from mqtt/iot-mqtt-594696c8b9-ngk9z with latency 0.003 seconds
Received message from mqtt/iot-mqtt-594696c8b9-w774w with latency 0.001 seconds
Received message from mqtt/iot-mqtt-594696c8b9-99gw2 with latency 0.002 seconds
Received message from mqtt/iot-mqtt-594696c8b9-kzk5g with latency 0.002 seconds
Received message from mqtt/iot-mqtt-594696c8b9-xq272 with latency 0.003 seconds
Received message from mqtt/iot-mqtt-594696c8b9-k7lrt with latency 0.002 seconds
Received message from mqtt/iot-mqtt-594696c8b9-prlfz with latency 0.002 seconds
Received message from mqtt/iot-mqtt-594696c8b9-nmc9x with latency 0.001 seconds
Received message from mqtt/iot-mqtt-594696c8b9-ngk9z with latency 0.002 seconds
Received message from mqtt/iot-mqtt-594696c8b9-99gw2 with latency 0.002 seconds
Received message from mqtt/iot-mqtt-594696c8b9-w774w with latency 0.002 seconds
Received message from mqtt/iot-mqtt-594696c8b9-btpxj with latency 0.002 seconds
Received message from mqtt/iot-mqtt-594696c8b9-kzk5g with latency 0.001 seconds
Received message from mqtt/iot-mqtt-594696c8b9-k7lrt with latency 0.002 seconds
Received message from mqtt/iot-mqtt-594696c8b9-nmc9x with latency 0.002 seconds
Received message from mqtt/iot-mqtt-594696c8b9-ngk9z with latency 0.002 seconds
Received message from mqtt/iot-mqtt-594696c8b9-w774w with latency 0.001 seconds
Received message from mqtt/iot-mqtt-594696c8b9-99gw2 with latency 0.001 seconds
Received message from mqtt/iot-mqtt-594696c8b9-btpxj with latency 0.002 seconds
Received message from mqtt/iot-mqtt-594696c8b9-kzk5g with latency 0.001 seconds
Received message from mqtt/iot-mqtt-594696c8b9-k7lrt with latency 0.001 seconds
Received message from mqtt/iot-mqtt-594696c8b9-nmc9x with latency 0.001 seconds
Received message from mqtt/iot-mqtt-594696c8b9-ngk9z with latency 0.001 seconds
Received message from mqtt/iot-mqtt-594696c8b9-w774w with latency 0.001 seconds
Received message from mqtt/iot-mqtt-594696c8b9-99gw2 with latency 0.002 seconds
Received message from mqtt/iot-mqtt-594696c8b9-btpxj with latency 0.001 seconds
Received message from mqtt/iot-mqtt-594696c8b9-kzk5g with latency 0.002 seconds
Received message from mqtt/iot-mqtt-594696c8b9-k7lrt with latency 0.003 seconds
Received message from mqtt/iot-mqtt-594696c8b9-nmc9x with latency 0.001 seconds
Received message from mqtt/iot-mqtt-594696c8b9-ngk9z with latency 0.002 seconds
Received message from mqtt/iot-mqtt-594696c8b9-kx8nt with latency 0.001 seconds
Received message from mqtt/iot-mqtt-594696c8b9-w774w with latency 0.003 seconds
Received message from mqtt/iot-mqtt-594696c8b9-99gw2 with latency 0.001 seconds
Received message from mqtt/iot-mqtt-594696c8b9-btpxj with latency 0.001 seconds
Received message from mqtt/iot-mqtt-594696c8b9-kzk5g with latency 0.002 seconds
Received message from mqtt/iot-mqtt-594696c8b9-k7lrt with latency 0.002 seconds
Received message from mqtt/iot-mqtt-594696c8b9-nmc9x with latency 0.000 seconds
Received message from mqtt/iot-mqtt-594696c8b9-ngk9z with latency 0.001 seconds
Received message from mqtt/iot-mqtt-594696c8b9-w774w with latency 0.001 seconds
Received message from mqtt/iot-mqtt-594696c8b9-99gw2 with latency 0.002 seconds
Received message from mqtt/iot-mqtt-594696c8b9-btpxj with latency 0.002 seconds
Received message from mqtt/iot-mqtt-594696c8b9-kzk5g with latency 0.000 seconds
Received message from mqtt/iot-mqtt-594696c8b9-k7lrt with latency 0.002 seconds
Received message from mqtt/iot-mqtt-594696c8b9-nmc9x with latency 0.001 seconds
Received message from mqtt/iot-mqtt-594696c8b9-ngk9z with latency 0.001 seconds
Received message from mqtt/iot-mqtt-594696c8b9-w774w with latency 0.002 seconds
Received message from mqtt/iot-mqtt-594696c8b9-99gw2 with latency 0.002 seconds
Received message from mqtt/iot-mqtt-594696c8b9-btpxj with latency 0.001 seconds
Received message from mqtt/iot-mqtt-594696c8b9-kzk5g with latency 0.001 seconds
Received message from mqtt/iot-mqtt-594696c8b9-xq272 with latency 0.001 seconds
Received message from mqtt/iot-mqtt-594696c8b9-prlfz with latency 0.001 seconds
Received message from mqtt/iot-mqtt-594696c8b9-ngk9z with latency 0.001 seconds
Received message from mqtt/iot-mqtt-594696c8b9-w774w with latency 0.001 seconds
Received message from mqtt/iot-mqtt-594696c8b9-99gw2 with latency 0.001 seconds
Received message from mqtt/iot-mqtt-594696c8b9-btpxj with latency 0.002 seconds
Received message from mqtt/iot-mqtt-594696c8b9-xq272 with latency 0.001 seconds
Received message from mqtt/iot-mqtt-594696c8b9-k7lrt with latency 0.001 seconds
Received message from mqtt/iot-mqtt-594696c8b9-nmc9x with latency 0.002 seconds
Received message from mqtt/iot-mqtt-594696c8b9-ngk9z with latency 0.003 seconds
Received message from mqtt/iot-mqtt-594696c8b9-w774w with latency 0.001 seconds
Received message from mqtt/iot-mqtt-594696c8b9-99gw2 with latency 0.001 seconds
Received message from mqtt/iot-mqtt-594696c8b9-btpxj with latency 0.002 seconds
Received message from mqtt/iot-mqtt-594696c8b9-kzk5g with latency 0.001 seconds
Received message from mqtt/iot-mqtt-594696c8b9-xq272 with latency 0.001 seconds
Received message from mqtt/iot-mqtt-594696c8b9-prlfz with latency 0.002 seconds
Received message from mqtt/iot-mqtt-594696c8b9-nmc9x with latency 0.002 seconds
Received message from mqtt/iot-mqtt-594696c8b9-kx8nt with latency 0.001 seconds
Received message from mqtt/iot-mqtt-594696c8b9-ngk9z with latency 0.002 seconds
Received message from mqtt/iot-mqtt-594696c8b9-w774w with latency 0.001 seconds
Received message from mqtt/iot-mqtt-594696c8b9-99gw2 with latency 0.001 seconds
Received message from mqtt/iot-mqtt-594696c8b9-btpxj with latency 0.001 seconds
Received message from mqtt/iot-mqtt-594696c8b9-kzk5g with latency 0.001 seconds
Received message from mqtt/iot-mqtt-594696c8b9-xq272 with latency 0.000 seconds
Received message from mqtt/iot-mqtt-594696c8b9-prlfz with latency 0.002 seconds
Received message from mqtt/iot-mqtt-594696c8b9-nmc9x with latency 0.003 seconds
Received message from mqtt/iot-mqtt-594696c8b9-kx8nt with latency 0.002 seconds
Received message from mqtt/iot-mqtt-594696c8b9-w774w with latency 0.002 seconds
Received message from mqtt/iot-mqtt-594696c8b9-99gw2 with latency 0.002 seconds
Received message from mqtt/iot-mqtt-594696c8b9-btpxj with latency 0.001 seconds
Received message from mqtt/iot-mqtt-594696c8b9-kzk5g with latency 0.002 seconds
Received message from mqtt/iot-mqtt-594696c8b9-xq272 with latency 0.002 seconds
Received message from mqtt/iot-mqtt-594696c8b9-prlfz with latency 0.004 seconds
Received message from mqtt/iot-mqtt-594696c8b9-nmc9x with latency 0.001 seconds
Received message from mqtt/iot-mqtt-594696c8b9-kx8nt with latency 0.002 seconds
Received message from mqtt/iot-mqtt-594696c8b9-ngk9z with latency 0.002 seconds
Received message from mqtt/iot-mqtt-594696c8b9-w774w with latency 0.002 seconds
Received message from mqtt/iot-mqtt-594696c8b9-btpxj with latency 0.002 seconds
Received message from mqtt/iot-mqtt-594696c8b9-kzk5g with latency 0.008 seconds
Received message from mqtt/iot-mqtt-594696c8b9-xq272 with latency 0.001 seconds
Received message from mqtt/iot-mqtt-594696c8b9-prlfz with latency 0.002 seconds
Received message from mqtt/iot-mqtt-594696c8b9-nmc9x with latency 0.002 seconds
Received message from mqtt/iot-mqtt-594696c8b9-w774w with latency 0.002 seconds
Received message from mqtt/iot-mqtt-594696c8b9-kzk5g with latency 0.001 seconds
Received message from mqtt/iot-mqtt-594696c8b9-btpxj with latency 0.000 seconds
Received message from mqtt/iot-mqtt-594696c8b9-k7lrt with latency 0.001 seconds
Received message from mqtt/iot-mqtt-594696c8b9-prlfz with latency 0.001 seconds
Received message from mqtt/iot-mqtt-594696c8b9-nmc9x with latency 0.001 seconds
Received message from mqtt/iot-mqtt-594696c8b9-ngk9z with latency 0.002 seconds
Received message from mqtt/iot-mqtt-594696c8b9-w774w with latency 0.001 seconds
Received message from mqtt/iot-mqtt-594696c8b9-btpxj with latency 0.001 seconds
Received message from mqtt/iot-mqtt-594696c8b9-xq272 with latency 0.001 seconds
Received message from mqtt/iot-mqtt-594696c8b9-k7lrt with latency 0.002 seconds
Received message from mqtt/iot-mqtt-594696c8b9-prlfz with latency 0.000 seconds
Received message from mqtt/iot-mqtt-594696c8b9-nmc9x with latency 0.000 seconds
Received message from mqtt/iot-mqtt-594696c8b9-ngk9z with latency 0.002 seconds
Received message from mqtt/iot-mqtt-594696c8b9-btpxj with latency 0.001 seconds
Received message from mqtt/iot-mqtt-594696c8b9-xq272 with latency 0.002 seconds
Received message from mqtt/iot-mqtt-594696c8b9-k7lrt with latency 0.001 seconds
Received message from mqtt/iot-mqtt-594696c8b9-prlfz with latency 0.000 seconds
Received message from mqtt/iot-mqtt-594696c8b9-nmc9x with latency 0.001 seconds
Received message from mqtt/iot-mqtt-594696c8b9-99gw2 with latency 0.001 seconds
Received message from mqtt/iot-mqtt-594696c8b9-ngk9z with latency 0.001 seconds
Received message from mqtt/iot-mqtt-594696c8b9-w774w with latency 0.002 seconds
Received message from mqtt/iot-mqtt-594696c8b9-btpxj with latency 0.001 seconds
Received message from mqtt/iot-mqtt-594696c8b9-xq272 with latency 0.001 seconds
Received message from mqtt/iot-mqtt-594696c8b9-k7lrt with latency 0.001 seconds
Received message from mqtt/iot-mqtt-594696c8b9-prlfz with latency 0.001 seconds
Received message from mqtt/iot-mqtt-594696c8b9-nmc9x with latency 0.002 seconds
Received message from mqtt/iot-mqtt-594696c8b9-99gw2 with latency 0.001 seconds
Received message from mqtt/iot-mqtt-594696c8b9-ngk9z with latency 0.002 seconds
Received message from mqtt/iot-mqtt-594696c8b9-w774w with latency 0.001 seconds
Received message from mqtt/iot-mqtt-594696c8b9-btpxj with latency 0.001 seconds
Received message from mqtt/iot-mqtt-594696c8b9-xq272 with latency 0.002 seconds
Received message from mqtt/iot-mqtt-594696c8b9-prlfz with latency 0.002 seconds
Received message from mqtt/iot-mqtt-594696c8b9-nmc9x with latency 0.001 seconds
Received message from mqtt/iot-mqtt-594696c8b9-99gw2 with latency 0.001 seconds
Received message from mqtt/iot-mqtt-594696c8b9-ngk9z with latency 0.001 seconds
Received message from mqtt/iot-mqtt-594696c8b9-w774w with latency 0.001 seconds
Received message from mqtt/iot-mqtt-594696c8b9-btpxj with latency 0.001 seconds
Received message from mqtt/iot-mqtt-594696c8b9-xq272 with latency 0.002 seconds
Received message from mqtt/iot-mqtt-594696c8b9-k7lrt with latency 0.002 seconds
Received message from mqtt/iot-mqtt-594696c8b9-kx8nt with latency 0.001 seconds
Received message from mqtt/iot-mqtt-594696c8b9-ngk9z with latency 0.001 seconds
Received message from mqtt/iot-mqtt-594696c8b9-kzk5g with latency 0.001 seconds
Received message from mqtt/iot-mqtt-594696c8b9-w774w with latency 0.002 seconds
Received message from mqtt/iot-mqtt-594696c8b9-xq272 with latency 0.001 seconds
Received message from mqtt/iot-mqtt-594696c8b9-k7lrt with latency 0.001 seconds
Received message from mqtt/iot-mqtt-594696c8b9-prlfz with latency 0.001 seconds
Received message from mqtt/iot-mqtt-594696c8b9-nmc9x with latency 0.002 seconds
Received message from mqtt/iot-mqtt-594696c8b9-kx8nt with latency 0.001 seconds
Received message from mqtt/iot-mqtt-594696c8b9-99gw2 with latency 0.001 seconds
Received message from mqtt/iot-mqtt-594696c8b9-ngk9z with latency 0.001 seconds
Received message from mqtt/iot-mqtt-594696c8b9-kzk5g with latency 0.001 seconds
Received message from mqtt/iot-mqtt-594696c8b9-btpxj with latency 0.001 seconds
Received message from mqtt/iot-mqtt-594696c8b9-xq272 with latency 0.001 seconds
Received message from mqtt/iot-mqtt-594696c8b9-k7lrt with latency 0.001 seconds
Received message from mqtt/iot-mqtt-594696c8b9-prlfz with latency 0.002 seconds
Received message from mqtt/iot-mqtt-594696c8b9-kx8nt with latency 0.001 seconds
Received message from mqtt/iot-mqtt-594696c8b9-99gw2 with latency 0.001 seconds
Received message from mqtt/iot-mqtt-594696c8b9-ngk9z with latency 0.001 seconds
Received message from mqtt/iot-mqtt-594696c8b9-kzk5g with latency 0.002 seconds
Received message from mqtt/iot-mqtt-594696c8b9-btpxj with latency 0.002 seconds
Received message from mqtt/iot-mqtt-594696c8b9-xq272 with latency 0.001 seconds
Received message from mqtt/iot-mqtt-594696c8b9-k7lrt with latency 0.003 seconds
Received message from mqtt/iot-mqtt-594696c8b9-prlfz with latency 0.002 seconds
Received message from mqtt/iot-mqtt-594696c8b9-nmc9x with latency 0.002 seconds
Received message from mqtt/iot-mqtt-594696c8b9-kx8nt with latency 0.002 seconds
Received message from mqtt/iot-mqtt-594696c8b9-99gw2 with latency 0.001 seconds
Received message from mqtt/iot-mqtt-594696c8b9-ngk9z with latency 0.001 seconds
Received message from mqtt/iot-mqtt-594696c8b9-kzk5g with latency 0.003 seconds
Received message from mqtt/iot-mqtt-594696c8b9-btpxj with latency 0.001 seconds
Received message from mqtt/iot-mqtt-594696c8b9-xq272 with latency 0.002 seconds
Received message from mqtt/iot-mqtt-594696c8b9-k7lrt with latency 0.001 seconds
Received message from mqtt/iot-mqtt-594696c8b9-prlfz with latency 0.001 seconds
Received message from mqtt/iot-mqtt-594696c8b9-nmc9x with latency 0.001 seconds
Received message from mqtt/iot-mqtt-594696c8b9-kx8nt with latency 0.000 seconds
Received message from mqtt/iot-mqtt-594696c8b9-ngk9z with latency 0.002 seconds
Received message from mqtt/iot-mqtt-594696c8b9-kzk5g with latency 0.002 seconds
Received message from mqtt/iot-mqtt-594696c8b9-btpxj with latency 0.000 seconds
Received message from mqtt/iot-mqtt-594696c8b9-xq272 with latency 0.002 seconds
Received message from mqtt/iot-mqtt-594696c8b9-k7lrt with latency 0.002 seconds
Received message from mqtt/iot-mqtt-594696c8b9-prlfz with latency 0.001 seconds
Received message from mqtt/iot-mqtt-594696c8b9-nmc9x with latency 0.001 seconds
Received message from mqtt/iot-mqtt-594696c8b9-99gw2 with latency 0.001 seconds
Received message from mqtt/iot-mqtt-594696c8b9-ngk9z with latency 0.001 seconds
Received message from mqtt/iot-mqtt-594696c8b9-w774w with latency 0.000 seconds
Received message from mqtt/iot-mqtt-594696c8b9-kzk5g with latency 0.001 seconds
Received message from mqtt/iot-mqtt-594696c8b9-btpxj with latency 0.001 seconds
Received message from mqtt/iot-mqtt-594696c8b9-k7lrt with latency 0.000 seconds
Received message from mqtt/iot-mqtt-594696c8b9-prlfz with latency 0.001 seconds
Received message from mqtt/iot-mqtt-594696c8b9-nmc9x with latency 0.001 seconds
Received message from mqtt/iot-mqtt-594696c8b9-kx8nt with latency 0.001 seconds
Received message from mqtt/iot-mqtt-594696c8b9-99gw2 with latency 0.001 seconds
Received message from mqtt/iot-mqtt-594696c8b9-w774w with latency 0.001 seconds
Received message from mqtt/iot-mqtt-594696c8b9-kzk5g with latency 0.001 seconds
Received message from mqtt/iot-mqtt-594696c8b9-btpxj with latency 0.001 seconds
Received message from mqtt/iot-mqtt-594696c8b9-xq272 with latency 0.003 seconds
Received message from mqtt/iot-mqtt-594696c8b9-k7lrt with latency 0.002 seconds
Received message from mqtt/iot-mqtt-594696c8b9-prlfz with latency 0.002 seconds
Received message from mqtt/iot-mqtt-594696c8b9-99gw2 with latency 0.002 seconds
Received message from mqtt/iot-mqtt-594696c8b9-w774w with latency 0.002 seconds
Received message from mqtt/iot-mqtt-594696c8b9-kzk5g with latency 0.001 seconds
Received message from mqtt/iot-mqtt-594696c8b9-btpxj with latency 0.003 seconds
Received message from mqtt/iot-mqtt-594696c8b9-xq272 with latency 0.002 seconds
Received message from mqtt/iot-mqtt-594696c8b9-k7lrt with latency 0.001 seconds
Received message from mqtt/iot-mqtt-594696c8b9-prlfz with latency 0.001 seconds
Received message from mqtt/iot-mqtt-594696c8b9-nmc9x with latency 0.002 seconds
Received message from mqtt/iot-mqtt-594696c8b9-99gw2 with latency 0.002 seconds
Received message from mqtt/iot-mqtt-594696c8b9-w774w with latency 0.001 seconds
Received message from mqtt/iot-mqtt-594696c8b9-kzk5g with latency 0.001 seconds
Received message from mqtt/iot-mqtt-594696c8b9-btpxj with latency 0.001 seconds
Received message from mqtt/iot-mqtt-594696c8b9-xq272 with latency 0.001 seconds
Received message from mqtt/iot-mqtt-594696c8b9-prlfz with latency 0.001 seconds
Received message from mqtt/iot-mqtt-594696c8b9-99gw2 with latency 0.001 seconds
Received message from mqtt/iot-mqtt-594696c8b9-kzk5g with latency 0.002 seconds
Received message from mqtt/iot-mqtt-594696c8b9-btpxj with latency 0.001 seconds
Received message from mqtt/iot-mqtt-594696c8b9-xq272 with latency 0.001 seconds
Received message from mqtt/iot-mqtt-594696c8b9-prlfz with latency 0.001 seconds
Received message from mqtt/iot-mqtt-594696c8b9-nmc9x with latency 0.001 seconds
Received message from mqtt/iot-mqtt-594696c8b9-99gw2 with latency 0.002 seconds
