/app/mqtt_device.py:16: DeprecationWarning: Callback API version 1 is deprecated, update to latest version
  mqtt_client = mqtt.Client()
 * Serving Flask app 'mqtt_device'
 * Debug mode: off
[31m[1mWARNING: This is a development server. Do not use it in a production deployment. Use a production WSGI server instead.[0m
 * Running on all addresses (0.0.0.0)
 * Running on http://127.0.0.1:5000
 * Running on http://10.244.3.104:5000
[33mPress CTRL+C to quit[0m
Connected to MQTT broker with result code 0
Received message from mqtt/iot-mqtt-57b6b645cd-np9nq with latency 0.001 seconds
Received message from mqtt/iot-mqtt-57b6b645cd-s4ptd with latency 0.000 seconds
Received message from mqtt/iot-mqtt-b79759f6-z6w6k with latency 0.001 seconds
Received message from mqtt/iot-mqtt-57b6b645cd-wfsmk with latency 0.001 seconds
Received message from mqtt/iot-mqtt-57b6b645cd-vsnbw with latency 0.001 seconds
Received message from mqtt/iot-mqtt-57b6b645cd-hlxpc with latency 0.001 seconds
Received message from mqtt/iot-mqtt-57b6b645cd-svs56 with latency 0.001 seconds
Received message from mqtt/iot-mqtt-b79759f6-wgb4s with latency 0.001 seconds
Received message from mqtt/iot-mqtt-57b6b645cd-g6rtr with latency 0.001 seconds
Received message from mqtt/iot-mqtt-57b6b645cd-c9cdg with latency 0.001 seconds
Received message from mqtt/iot-mqtt-b79759f6-vkmpx with latency 0.003 seconds
Received message from mqtt/iot-mqtt-57b6b645cd-np9nq with latency 0.003 seconds
Received message from mqtt/iot-mqtt-57b6b645cd-h778d with latency 0.002 seconds
Received message from mqtt/iot-mqtt-57b6b645cd-s4ptd with latency 0.001 seconds
Received message from mqtt/iot-mqtt-b79759f6-dlq5d with latency 0.001 seconds
Received message from mqtt/iot-mqtt-57b6b645cd-wfsmk with latency 0.004 seconds
Received message from mqtt/iot-mqtt-b79759f6-5gbgm with latency 0.003 seconds
Received message from mqtt/iot-mqtt-57b6b645cd-vsnbw with latency 0.003 seconds
Received message from mqtt/iot-mqtt-57b6b645cd-hlxpc with latency 0.001 seconds
Received message from mqtt/iot-mqtt-57b6b645cd-svs56 with latency 0.004 seconds
Received message from mqtt/iot-mqtt-b79759f6-bcm7d with latency 0.004 seconds
Received message from mqtt/iot-mqtt-57b6b645cd-g6rtr with latency 0.003 seconds
Received message from mqtt/iot-mqtt-57b6b645cd-c9cdg with latency 0.003 seconds
Received message from mqtt/iot-mqtt-b79759f6-h2z5t with latency 0.003 seconds
Received message from mqtt/iot-mqtt-b79759f6-rlcms with latency 0.001 seconds
Received message from mqtt/iot-mqtt-57b6b645cd-np9nq with latency 0.001 seconds
Received message from mqtt/iot-mqtt-57b6b645cd-h778d with latency 0.004 seconds
Received message from mqtt/iot-mqtt-b79759f6-dlq5d with latency 0.004 seconds
Received message from mqtt/iot-mqtt-57b6b645cd-s4ptd with latency 0.004 seconds
Received message from mqtt/iot-mqtt-b79759f6-z6w6k with latency 0.003 seconds
Received message from mqtt/iot-mqtt-b79759f6-xnlxh with latency 0.004 seconds
Received message from mqtt/iot-mqtt-57b6b645cd-wfsmk with latency 0.001 seconds
Received message from mqtt/iot-mqtt-b79759f6-5gbgm with latency 0.001 seconds
Received message from mqtt/iot-mqtt-57b6b645cd-vsnbw with latency 0.003 seconds
Received message from mqtt/iot-mqtt-57b6b645cd-hlxpc with latency 0.004 seconds
Received message from mqtt/iot-mqtt-b79759f6-wgb4s with latency 0.003 seconds
Received message from mqtt/iot-mqtt-b79759f6-bcm7d with latency 0.004 seconds
Received message from mqtt/iot-mqtt-57b6b645cd-g6rtr with latency 0.003 seconds
Received message from mqtt/iot-mqtt-57b6b645cd-c9cdg with latency 0.003 seconds
Received message from mqtt/iot-mqtt-b79759f6-h2z5t with latency 0.003 seconds
Received message from mqtt/iot-mqtt-b79759f6-vkmpx with latency 0.001 seconds
Received message from mqtt/iot-mqtt-57b6b645cd-np9nq with latency 0.002 seconds
Received message from mqtt/iot-mqtt-57b6b645cd-h778d with latency 0.002 seconds
Received message from mqtt/iot-mqtt-b79759f6-c8fl6 with latency 0.004 seconds
Received message from mqtt/iot-mqtt-b79759f6-dlq5d with latency 0.001 seconds
Received message from mqtt/iot-mqtt-57b6b645cd-s4ptd with latency 0.002 seconds
Received message from mqtt/iot-mqtt-57b6b645cd-wfsmk with latency 0.001 seconds
Received message from mqtt/iot-mqtt-57b6b645cd-vsnbw with latency 0.001 seconds
Received message from mqtt/iot-mqtt-57b6b645cd-hlxpc with latency 0.002 seconds
Received message from mqtt/iot-mqtt-57b6b645cd-g6rtr with latency 0.002 seconds
Received message from mqtt/iot-mqtt-57b6b645cd-c9cdg with latency 0.003 seconds
Received message from mqtt/iot-mqtt-57b6b645cd-np9nq with latency 0.003 seconds
Received message from mqtt/iot-mqtt-57b6b645cd-h778d with latency 0.002 seconds
Received message from mqtt/iot-mqtt-57b6b645cd-s4ptd with latency 0.002 seconds
Received message from mqtt/iot-mqtt-57b6b645cd-wfsmk with latency 0.001 seconds
Received message from mqtt/iot-mqtt-57b6b645cd-vsnbw with latency 0.001 seconds
Received message from mqtt/iot-mqtt-57b6b645cd-hlxpc with latency 0.002 seconds
Received message from mqtt/iot-mqtt-57b6b645cd-g6rtr with latency 0.002 seconds
Received message from mqtt/iot-mqtt-57b6b645cd-c9cdg with latency 0.001 seconds
Received message from mqtt/iot-mqtt-57b6b645cd-np9nq with latency 0.002 seconds
Received message from mqtt/iot-mqtt-57b6b645cd-h778d with latency 0.003 seconds
Received message from mqtt/iot-mqtt-57b6b645cd-s4ptd with latency 0.002 seconds
Received message from mqtt/iot-mqtt-57b6b645cd-wfsmk with latency 0.001 seconds
Received message from mqtt/iot-mqtt-57b6b645cd-vsnbw with latency 0.001 seconds
Received message from mqtt/iot-mqtt-57b6b645cd-hlxpc with latency 0.003 seconds
Received message from mqtt/iot-mqtt-57b6b645cd-g6rtr with latency 0.003 seconds
Received message from mqtt/iot-mqtt-57b6b645cd-c9cdg with latency 0.002 seconds
Received message from mqtt/iot-mqtt-57b6b645cd-mc8sc with latency 0.001 seconds
Received message from mqtt/iot-mqtt-57b6b645cd-h778d with latency 0.013 seconds
Received message from mqtt/iot-mqtt-57b6b645cd-np9nq with latency 0.005 seconds
Received message from mqtt/iot-mqtt-57b6b645cd-wfsmk with latency 0.002 seconds
Received message from mqtt/iot-mqtt-57b6b645cd-vsnbw with latency 0.001 seconds
Received message from mqtt/iot-mqtt-57b6b645cd-hlxpc with latency 0.002 seconds
Received message from mqtt/iot-mqtt-57b6b645cd-g6rtr with latency 0.001 seconds
Received message from mqtt/iot-mqtt-57b6b645cd-c9cdg with latency 0.002 seconds
Received message from mqtt/iot-mqtt-57b6b645cd-mc8sc with latency 0.001 seconds
Received message from mqtt/iot-mqtt-57b6b645cd-np9nq with latency 0.002 seconds
Received message from mqtt/iot-mqtt-57b6b645cd-h778d with latency 0.002 seconds
Received message from mqtt/iot-mqtt-57b6b645cd-wfsmk with latency 0.001 seconds
Received message from mqtt/iot-mqtt-57b6b645cd-svs56 with latency 0.002 seconds
Received message from mqtt/iot-mqtt-57b6b645cd-vsnbw with latency 0.001 seconds
Received message from mqtt/iot-mqtt-57b6b645cd-hlxpc with latency 0.001 seconds
Received message from mqtt/iot-mqtt-57b6b645cd-g6rtr with latency 0.001 seconds
Received message from mqtt/iot-mqtt-57b6b645cd-c9cdg with latency 0.001 seconds
Received message from mqtt/iot-mqtt-57b6b645cd-mc8sc with latency 0.001 seconds
Received message from mqtt/iot-mqtt-57b6b645cd-np9nq with latency 0.002 seconds
Received message from mqtt/iot-mqtt-57b6b645cd-h778d with latency 0.001 seconds
Received message from mqtt/iot-mqtt-57b6b645cd-wfsmk with latency 0.001 seconds
Received message from mqtt/iot-mqtt-57b6b645cd-vsnbw with latency 0.002 seconds
Received message from mqtt/iot-mqtt-57b6b645cd-svs56 with latency 0.001 seconds
Received message from mqtt/iot-mqtt-57b6b645cd-hlxpc with latency 0.001 seconds
Received message from mqtt/iot-mqtt-57b6b645cd-g6rtr with latency 0.001 seconds
Received message from mqtt/iot-mqtt-57b6b645cd-c9cdg with latency 0.001 seconds
Received message from mqtt/iot-mqtt-57b6b645cd-mc8sc with latency 0.000 seconds
Received message from mqtt/iot-mqtt-57b6b645cd-np9nq with latency 0.002 seconds
Received message from mqtt/iot-mqtt-57b6b645cd-h778d with latency 0.002 seconds
Received message from mqtt/iot-mqtt-57b6b645cd-wfsmk with latency 0.001 seconds
Received message from mqtt/iot-mqtt-57b6b645cd-vsnbw with latency 0.002 seconds
Received message from mqtt/iot-mqtt-57b6b645cd-svs56 with latency 0.002 seconds
Received message from mqtt/iot-mqtt-57b6b645cd-hlxpc with latency 0.002 seconds
Received message from mqtt/iot-mqtt-57b6b645cd-c9cdg with latency 0.002 seconds
Received message from mqtt/iot-mqtt-57b6b645cd-mc8sc with latency 0.001 seconds
Received message from mqtt/iot-mqtt-57b6b645cd-np9nq with latency 0.002 seconds
Received message from mqtt/iot-mqtt-57b6b645cd-h778d with latency 0.002 seconds
Received message from mqtt/iot-mqtt-57b6b645cd-wfsmk with latency 0.001 seconds
Received message from mqtt/iot-mqtt-57b6b645cd-vsnbw with latency 0.001 seconds
Received message from mqtt/iot-mqtt-57b6b645cd-svs56 with latency 0.001 seconds
Received message from mqtt/iot-mqtt-57b6b645cd-hlxpc with latency 0.002 seconds
Received message from mqtt/iot-mqtt-57b6b645cd-mc8sc with latency 0.002 seconds
Received message from mqtt/iot-mqtt-57b6b645cd-c9cdg with latency 0.001 seconds
Received message from mqtt/iot-mqtt-57b6b645cd-np9nq with latency 0.001 seconds
Received message from mqtt/iot-mqtt-57b6b645cd-h778d with latency 0.001 seconds
Received message from mqtt/iot-mqtt-57b6b645cd-s4ptd with latency 0.001 seconds
Received message from mqtt/iot-mqtt-57b6b645cd-wfsmk with latency 0.001 seconds
Received message from mqtt/iot-mqtt-57b6b645cd-svs56 with latency 0.002 seconds
Received message from mqtt/iot-mqtt-57b6b645cd-vsnbw with latency 0.001 seconds
Received message from mqtt/iot-mqtt-57b6b645cd-hlxpc with latency 0.001 seconds
Received message from mqtt/iot-mqtt-57b6b645cd-c9cdg with latency 0.002 seconds
Received message from mqtt/iot-mqtt-57b6b645cd-mc8sc with latency 0.001 seconds
Received message from mqtt/iot-mqtt-57b6b645cd-np9nq with latency 0.001 seconds
Received message from mqtt/iot-mqtt-57b6b645cd-s4ptd with latency 0.002 seconds
Received message from mqtt/iot-mqtt-57b6b645cd-h778d with latency 0.000 seconds
Received message from mqtt/iot-mqtt-57b6b645cd-wfsmk with latency 0.001 seconds
Received message from mqtt/iot-mqtt-57b6b645cd-svs56 with latency 0.002 seconds
Received message from mqtt/iot-mqtt-57b6b645cd-vsnbw with latency 0.001 seconds
Received message from mqtt/iot-mqtt-57b6b645cd-hlxpc with latency 0.001 seconds
Received message from mqtt/iot-mqtt-57b6b645cd-c9cdg with latency 0.001 seconds
Received message from mqtt/iot-mqtt-57b6b645cd-mc8sc with latency 0.002 seconds
Received message from mqtt/iot-mqtt-57b6b645cd-np9nq with latency 0.002 seconds
Received message from mqtt/iot-mqtt-57b6b645cd-s4ptd with latency 0.002 seconds
Received message from mqtt/iot-mqtt-57b6b645cd-h778d with latency 0.001 seconds
Received message from mqtt/iot-mqtt-57b6b645cd-wfsmk with latency 0.002 seconds
Received message from mqtt/iot-mqtt-57b6b645cd-svs56 with latency 0.001 seconds
Received message from mqtt/iot-mqtt-57b6b645cd-vsnbw with latency 0.002 seconds
Received message from mqtt/iot-mqtt-57b6b645cd-hlxpc with latency 0.001 seconds
Received message from mqtt/iot-mqtt-57b6b645cd-c9cdg with latency 0.001 seconds
Received message from mqtt/iot-mqtt-57b6b645cd-mc8sc with latency 0.002 seconds
[FAILURE] iot-mqtt-57b6b645cd-np9nq is simulating a device failure. Stopping MQTT network loop for 40.0 seconds.
[RECOVERY] iot-mqtt-57b6b645cd-np9nq is back online and reconnecting to broker.
Connected to MQTT broker with result code 0
Received message from mqtt/iot-mqtt-57b6b645cd-s4ptd with latency 0.003 seconds
Received message from mqtt/iot-mqtt-57b6b645cd-h778d with latency 0.003 seconds
Received message from mqtt/iot-mqtt-57b6b645cd-wfsmk with latency 0.002 seconds
Received message from mqtt/iot-mqtt-57b6b645cd-svs56 with latency 0.002 seconds
Received message from mqtt/iot-mqtt-57b6b645cd-hlxpc with latency 0.003 seconds
Received message from mqtt/iot-mqtt-57b6b645cd-vsnbw with latency 0.003 seconds
Received message from mqtt/iot-mqtt-57b6b645cd-g6rtr with latency 0.003 seconds
Received message from mqtt/iot-mqtt-57b6b645cd-mc8sc with latency 0.003 seconds
Received message from mqtt/iot-mqtt-57b6b645cd-c9cdg with latency 0.002 seconds
Received message from mqtt/iot-mqtt-57b6b645cd-np9nq with latency 0.003 seconds
Received message from mqtt/iot-mqtt-57b6b645cd-s4ptd with latency 0.002 seconds
Received message from mqtt/iot-mqtt-57b6b645cd-h778d with latency 0.003 seconds
Received message from mqtt/iot-mqtt-57b6b645cd-wfsmk with latency 0.001 seconds
Received message from mqtt/iot-mqtt-57b6b645cd-svs56 with latency 0.005 seconds
Received message from mqtt/iot-mqtt-57b6b645cd-hlxpc with latency 0.002 seconds
Received message from mqtt/iot-mqtt-57b6b645cd-vsnbw with latency 0.002 seconds
Received message from mqtt/iot-mqtt-57b6b645cd-g6rtr with latency 0.001 seconds
Received message from mqtt/iot-mqtt-57b6b645cd-c9cdg with latency 0.003 seconds
Received message from mqtt/iot-mqtt-57b6b645cd-mc8sc with latency 0.002 seconds
Received message from mqtt/iot-mqtt-57b6b645cd-np9nq with latency 0.003 seconds
Received message from mqtt/iot-mqtt-57b6b645cd-s4ptd with latency 0.003 seconds
Received message from mqtt/iot-mqtt-57b6b645cd-h778d with latency 0.003 seconds
Received message from mqtt/iot-mqtt-57b6b645cd-svs56 with latency 0.001 seconds
Received message from mqtt/iot-mqtt-57b6b645cd-hlxpc with latency 0.002 seconds
Received message from mqtt/iot-mqtt-57b6b645cd-g6rtr with latency 0.002 seconds
Received message from mqtt/iot-mqtt-57b6b645cd-c9cdg with latency 0.003 seconds
Received message from mqtt/iot-mqtt-57b6b645cd-mc8sc with latency 0.001 seconds
Received message from mqtt/iot-mqtt-57b6b645cd-np9nq with latency 0.002 seconds
Received message from mqtt/iot-mqtt-57b6b645cd-s4ptd with latency 0.002 seconds
Received message from mqtt/iot-mqtt-57b6b645cd-h778d with latency 0.002 seconds
Received message from mqtt/iot-mqtt-57b6b645cd-svs56 with latency 0.003 seconds
Received message from mqtt/iot-mqtt-57b6b645cd-hlxpc with latency 0.003 seconds
Received message from mqtt/iot-mqtt-57b6b645cd-g6rtr with latency 0.003 seconds
Received message from mqtt/iot-mqtt-57b6b645cd-c9cdg with latency 0.001 seconds
Received message from mqtt/iot-mqtt-57b6b645cd-mc8sc with latency 0.003 seconds
Received message from mqtt/iot-mqtt-57b6b645cd-np9nq with latency 0.001 seconds
Received message from mqtt/iot-mqtt-57b6b645cd-s4ptd with latency 0.004 seconds
Received message from mqtt/iot-mqtt-57b6b645cd-h778d with latency 0.001 seconds
Received message from mqtt/iot-mqtt-57b6b645cd-svs56 with latency 0.001 seconds
Received message from mqtt/iot-mqtt-57b6b645cd-hlxpc with latency 0.002 seconds
Received message from mqtt/iot-mqtt-57b6b645cd-g6rtr with latency 0.003 seconds
Received message from mqtt/iot-mqtt-57b6b645cd-c9cdg with latency 0.002 seconds
Received message from mqtt/iot-mqtt-57b6b645cd-mc8sc with latency 0.001 seconds
Received message from mqtt/iot-mqtt-57b6b645cd-np9nq with latency 0.001 seconds
Received message from mqtt/iot-mqtt-57b6b645cd-s4ptd with latency 0.001 seconds
Received message from mqtt/iot-mqtt-57b6b645cd-h778d with latency 0.004 seconds
Received message from mqtt/iot-mqtt-57b6b645cd-svs56 with latency 0.002 seconds
Received message from mqtt/iot-mqtt-57b6b645cd-hlxpc with latency 0.002 seconds
Received message from mqtt/iot-mqtt-57b6b645cd-g6rtr with latency 0.003 seconds
Received message from mqtt/iot-mqtt-57b6b645cd-c9cdg with latency 0.002 seconds
Received message from mqtt/iot-mqtt-57b6b645cd-mc8sc with latency 0.002 seconds
Received message from mqtt/iot-mqtt-57b6b645cd-np9nq with latency 0.002 seconds
Received message from mqtt/iot-mqtt-57b6b645cd-s4ptd with latency 0.003 seconds
Received message from mqtt/iot-mqtt-57b6b645cd-h778d with latency 0.002 seconds
Received message from mqtt/iot-mqtt-57b6b645cd-svs56 with latency 0.002 seconds
Received message from mqtt/iot-mqtt-57b6b645cd-g6rtr with latency 0.004 seconds
Received message from mqtt/iot-mqtt-57b6b645cd-c9cdg with latency 0.002 seconds
Received message from mqtt/iot-mqtt-57b6b645cd-mc8sc with latency 0.002 seconds
Received message from mqtt/iot-mqtt-57b6b645cd-np9nq with latency 0.001 seconds
Received message from mqtt/iot-mqtt-57b6b645cd-s4ptd with latency 0.002 seconds
Received message from mqtt/iot-mqtt-57b6b645cd-wfsmk with latency 0.002 seconds
Received message from mqtt/iot-mqtt-57b6b645cd-svs56 with latency 0.003 seconds
Received message from mqtt/iot-mqtt-57b6b645cd-vsnbw with latency 0.003 seconds
Received message from mqtt/iot-mqtt-57b6b645cd-g6rtr with latency 0.002 seconds
Received message from mqtt/iot-mqtt-57b6b645cd-c9cdg with latency 0.002 seconds
Received message from mqtt/iot-mqtt-57b6b645cd-mc8sc with latency 0.002 seconds
Received message from mqtt/iot-mqtt-57b6b645cd-np9nq with latency 0.003 seconds
Received message from mqtt/iot-mqtt-57b6b645cd-s4ptd with latency 0.002 seconds
Received message from mqtt/iot-mqtt-57b6b645cd-wfsmk with latency 0.001 seconds
Received message from mqtt/iot-mqtt-57b6b645cd-svs56 with latency 0.001 seconds
Received message from mqtt/iot-mqtt-57b6b645cd-vsnbw with latency 0.001 seconds
Received message from mqtt/iot-mqtt-57b6b645cd-g6rtr with latency 0.002 seconds
Received message from mqtt/iot-mqtt-57b6b645cd-c9cdg with latency 0.002 seconds
Received message from mqtt/iot-mqtt-57b6b645cd-mc8sc with latency 0.002 seconds
Received message from mqtt/iot-mqtt-57b6b645cd-np9nq with latency 0.001 seconds
Received message from mqtt/iot-mqtt-57b6b645cd-s4ptd with latency 0.002 seconds
Received message from mqtt/iot-mqtt-57b6b645cd-wfsmk with latency 0.002 seconds
Received message from mqtt/iot-mqtt-57b6b645cd-svs56 with latency 0.003 seconds
Received message from mqtt/iot-mqtt-57b6b645cd-vsnbw with latency 0.002 seconds
Received message from mqtt/iot-mqtt-57b6b645cd-g6rtr with latency 0.002 seconds
Received message from mqtt/iot-mqtt-57b6b645cd-c9cdg with latency 0.002 seconds
Received message from mqtt/iot-mqtt-57b6b645cd-mc8sc with latency 0.001 seconds
Received message from mqtt/iot-mqtt-57b6b645cd-np9nq with latency 0.002 seconds
Received message from mqtt/iot-mqtt-57b6b645cd-s4ptd with latency 0.002 seconds
Received message from mqtt/iot-mqtt-57b6b645cd-wfsmk with latency 0.001 seconds
Received message from mqtt/iot-mqtt-57b6b645cd-svs56 with latency 0.002 seconds
Received message from mqtt/iot-mqtt-57b6b645cd-vsnbw with latency 0.002 seconds
Received message from mqtt/iot-mqtt-57b6b645cd-g6rtr with latency 0.002 seconds
Received message from mqtt/iot-mqtt-57b6b645cd-c9cdg with latency 0.002 seconds
Received message from mqtt/iot-mqtt-57b6b645cd-mc8sc with latency 0.002 seconds
Received message from mqtt/iot-mqtt-57b6b645cd-np9nq with latency 0.002 seconds
Received message from mqtt/iot-mqtt-57b6b645cd-s4ptd with latency 0.003 seconds
Received message from mqtt/iot-mqtt-57b6b645cd-wfsmk with latency 0.002 seconds
Received message from mqtt/iot-mqtt-57b6b645cd-svs56 with latency 0.002 seconds
Received message from mqtt/iot-mqtt-57b6b645cd-vsnbw with latency 0.001 seconds
Received message from mqtt/iot-mqtt-57b6b645cd-hlxpc with latency 0.002 seconds
Received message from mqtt/iot-mqtt-57b6b645cd-g6rtr with latency 0.003 seconds
Received message from mqtt/iot-mqtt-57b6b645cd-mc8sc with latency 0.002 seconds
Received message from mqtt/iot-mqtt-57b6b645cd-c9cdg with latency 0.003 seconds
Received message from mqtt/iot-mqtt-57b6b645cd-np9nq with latency 0.002 seconds
Received message from mqtt/iot-mqtt-57b6b645cd-s4ptd with latency 0.001 seconds
Received message from mqtt/iot-mqtt-57b6b645cd-h778d with latency 0.002 seconds
Received message from mqtt/iot-mqtt-57b6b645cd-wfsmk with latency 0.002 seconds
Received message from mqtt/iot-mqtt-57b6b645cd-svs56 with latency 0.001 seconds
Received message from mqtt/iot-mqtt-57b6b645cd-hlxpc with latency 0.002 seconds
Received message from mqtt/iot-mqtt-57b6b645cd-vsnbw with latency 0.002 seconds
Received message from mqtt/iot-mqtt-57b6b645cd-g6rtr with latency 0.002 seconds
Received message from mqtt/iot-mqtt-57b6b645cd-c9cdg with latency 0.003 seconds
Received message from mqtt/iot-mqtt-57b6b645cd-mc8sc with latency 0.001 seconds
Received message from mqtt/iot-mqtt-57b6b645cd-np9nq with latency 0.003 seconds
Received message from mqtt/iot-mqtt-57b6b645cd-s4ptd with latency 0.002 seconds
Received message from mqtt/iot-mqtt-57b6b645cd-h778d with latency 0.002 seconds
Received message from mqtt/iot-mqtt-57b6b645cd-wfsmk with latency 0.001 seconds
Received message from mqtt/iot-mqtt-57b6b645cd-svs56 with latency 0.002 seconds
Received message from mqtt/iot-mqtt-57b6b645cd-hlxpc with latency 0.003 seconds
Received message from mqtt/iot-mqtt-57b6b645cd-vsnbw with latency 0.002 seconds
Received message from mqtt/iot-mqtt-57b6b645cd-g6rtr with latency 0.002 seconds
Received message from mqtt/iot-mqtt-57b6b645cd-mc8sc with latency 0.002 seconds
Received message from mqtt/iot-mqtt-57b6b645cd-c9cdg with latency 0.001 seconds
Received message from mqtt/iot-mqtt-57b6b645cd-np9nq with latency 0.001 seconds
Received message from mqtt/iot-mqtt-57b6b645cd-s4ptd with latency 0.002 seconds
Received message from mqtt/iot-mqtt-57b6b645cd-wfsmk with latency 0.002 seconds
Received message from mqtt/iot-mqtt-57b6b645cd-h778d with latency 0.002 seconds
Received message from mqtt/iot-mqtt-57b6b645cd-svs56 with latency 0.002 seconds
Received message from mqtt/iot-mqtt-57b6b645cd-hlxpc with latency 0.002 seconds
Received message from mqtt/iot-mqtt-57b6b645cd-vsnbw with latency 0.002 seconds
Received message from mqtt/iot-mqtt-57b6b645cd-g6rtr with latency 0.002 seconds
Received message from mqtt/iot-mqtt-57b6b645cd-c9cdg with latency 0.001 seconds
Received message from mqtt/iot-mqtt-57b6b645cd-np9nq with latency 0.002 seconds
Received message from mqtt/iot-mqtt-57b6b645cd-s4ptd with latency 0.002 seconds
Received message from mqtt/iot-mqtt-57b6b645cd-wfsmk with latency 0.003 seconds
Received message from mqtt/iot-mqtt-57b6b645cd-h778d with latency 0.002 seconds
Received message from mqtt/iot-mqtt-57b6b645cd-svs56 with latency 0.002 seconds
Received message from mqtt/iot-mqtt-57b6b645cd-hlxpc with latency 0.002 seconds
Received message from mqtt/iot-mqtt-57b6b645cd-vsnbw with latency 0.002 seconds
Received message from mqtt/iot-mqtt-57b6b645cd-g6rtr with latency 0.002 seconds
Received message from mqtt/iot-mqtt-57b6b645cd-c9cdg with latency 0.002 seconds
Received message from mqtt/iot-mqtt-57b6b645cd-np9nq with latency 0.003 seconds
Received message from mqtt/iot-mqtt-57b6b645cd-s4ptd with latency 0.002 seconds
Received message from mqtt/iot-mqtt-57b6b645cd-wfsmk with latency 0.002 seconds
Received message from mqtt/iot-mqtt-57b6b645cd-h778d with latency 0.003 seconds
Received message from mqtt/iot-mqtt-57b6b645cd-svs56 with latency 0.002 seconds
Received message from mqtt/iot-mqtt-57b6b645cd-vsnbw with latency 0.001 seconds
Received message from mqtt/iot-mqtt-57b6b645cd-hlxpc with latency 0.002 seconds
Received message from mqtt/iot-mqtt-57b6b645cd-g6rtr with latency 0.003 seconds
Received message from mqtt/iot-mqtt-57b6b645cd-np9nq with latency 0.002 seconds
Received message from mqtt/iot-mqtt-57b6b645cd-s4ptd with latency 0.002 seconds
Received message from mqtt/iot-mqtt-57b6b645cd-wfsmk with latency 0.003 seconds
Received message from mqtt/iot-mqtt-57b6b645cd-svs56 with latency 0.002 seconds
Received message from mqtt/iot-mqtt-57b6b645cd-hlxpc with latency 0.002 seconds
Received message from mqtt/iot-mqtt-57b6b645cd-vsnbw with latency 0.002 seconds
Received message from mqtt/iot-mqtt-57b6b645cd-g6rtr with latency 0.001 seconds
Received message from mqtt/iot-mqtt-57b6b645cd-np9nq with latency 0.003 seconds
Received message from mqtt/iot-mqtt-57b6b645cd-s4ptd with latency 0.001 seconds
Received message from mqtt/iot-mqtt-57b6b645cd-wfsmk with latency 0.001 seconds
Received message from mqtt/iot-mqtt-57b6b645cd-svs56 with latency 0.002 seconds
Received message from mqtt/iot-mqtt-57b6b645cd-hlxpc with latency 0.003 seconds
Received message from mqtt/iot-mqtt-57b6b645cd-vsnbw with latency 0.002 seconds
Received message from mqtt/iot-mqtt-57b6b645cd-g6rtr with latency 0.002 seconds
Received message from mqtt/iot-mqtt-57b6b645cd-np9nq with latency 0.004 seconds
Received message from mqtt/iot-mqtt-57b6b645cd-s4ptd with latency 0.002 seconds
Received message from mqtt/iot-mqtt-57b6b645cd-wfsmk with latency 0.004 seconds
Received message from mqtt/iot-mqtt-57b6b645cd-svs56 with latency 0.001 seconds
Received message from mqtt/iot-mqtt-57b6b645cd-hlxpc with latency 0.001 seconds
Received message from mqtt/iot-mqtt-57b6b645cd-vsnbw with latency 0.002 seconds
Received message from mqtt/iot-mqtt-57b6b645cd-mc8sc with latency 0.002 seconds
Received message from mqtt/iot-mqtt-57b6b645cd-g6rtr with latency 0.001 seconds
Received message from mqtt/iot-mqtt-57b6b645cd-np9nq with latency 0.001 seconds
Received message from mqtt/iot-mqtt-57b6b645cd-s4ptd with latency 0.001 seconds
Received message from mqtt/iot-mqtt-57b6b645cd-wfsmk with latency 0.003 seconds
Received message from mqtt/iot-mqtt-57b6b645cd-svs56 with latency 0.003 seconds
Received message from mqtt/iot-mqtt-57b6b645cd-hlxpc with latency 0.002 seconds
Received message from mqtt/iot-mqtt-57b6b645cd-vsnbw with latency 0.002 seconds
Received message from mqtt/iot-mqtt-57b6b645cd-mc8sc with latency 0.001 seconds
Received message from mqtt/iot-mqtt-57b6b645cd-g6rtr with latency 0.002 seconds
Received message from mqtt/iot-mqtt-57b6b645cd-h778d with latency 0.001 seconds
Received message from mqtt/iot-mqtt-57b6b645cd-np9nq with latency 0.002 seconds
Received message from mqtt/iot-mqtt-57b6b645cd-s4ptd with latency 0.059 seconds
Received message from mqtt/iot-mqtt-57b6b645cd-wfsmk with latency 0.002 seconds
Received message from mqtt/iot-mqtt-57b6b645cd-svs56 with latency 0.002 seconds
Received message from mqtt/iot-mqtt-57b6b645cd-hlxpc with latency 0.001 seconds
Received message from mqtt/iot-mqtt-57b6b645cd-vsnbw with latency 0.003 seconds
Received message from mqtt/iot-mqtt-57b6b645cd-mc8sc with latency 0.003 seconds
Received message from mqtt/iot-mqtt-57b6b645cd-c9cdg with latency 0.002 seconds
Received message from mqtt/iot-mqtt-57b6b645cd-g6rtr with latency 0.003 seconds
Received message from mqtt/iot-mqtt-57b6b645cd-np9nq with latency 0.002 seconds
Received message from mqtt/iot-mqtt-57b6b645cd-wfsmk with latency 0.002 seconds
Received message from mqtt/iot-mqtt-57b6b645cd-svs56 with latency 0.002 seconds
Received message from mqtt/iot-mqtt-57b6b645cd-hlxpc with latency 0.002 seconds
Received message from mqtt/iot-mqtt-57b6b645cd-vsnbw with latency 0.002 seconds
Received message from mqtt/iot-mqtt-57b6b645cd-mc8sc with latency 0.002 seconds
Received message from mqtt/iot-mqtt-57b6b645cd-c9cdg with latency 0.001 seconds
Received message from mqtt/iot-mqtt-57b6b645cd-g6rtr with latency 0.001 seconds
Received message from mqtt/iot-mqtt-57b6b645cd-np9nq with latency 0.001 seconds
Received message from mqtt/iot-mqtt-57b6b645cd-wfsmk with latency 0.002 seconds
Received message from mqtt/iot-mqtt-57b6b645cd-svs56 with latency 0.001 seconds
Received message from mqtt/iot-mqtt-57b6b645cd-hlxpc with latency 0.001 seconds
Received message from mqtt/iot-mqtt-57b6b645cd-mc8sc with latency 0.001 seconds
Received message from mqtt/iot-mqtt-57b6b645cd-c9cdg with latency 0.001 seconds
Received message from mqtt/iot-mqtt-57b6b645cd-g6rtr with latency 0.002 seconds
Received message from mqtt/iot-mqtt-57b6b645cd-np9nq with latency 0.003 seconds
Received message from mqtt/iot-mqtt-57b6b645cd-wfsmk with latency 0.002 seconds
Received message from mqtt/iot-mqtt-57b6b645cd-svs56 with latency 0.002 seconds
Received message from mqtt/iot-mqtt-57b6b645cd-hlxpc with latency 0.002 seconds
Received message from mqtt/iot-mqtt-57b6b645cd-c9cdg with latency 0.001 seconds
Received message from mqtt/iot-mqtt-57b6b645cd-mc8sc with latency 0.001 seconds
Received message from mqtt/iot-mqtt-57b6b645cd-g6rtr with latency 0.001 seconds
Received message from mqtt/iot-mqtt-57b6b645cd-np9nq with latency 0.002 seconds
Received message from mqtt/iot-mqtt-57b6b645cd-wfsmk with latency 0.003 seconds
Received message from mqtt/iot-mqtt-57b6b645cd-svs56 with latency 0.002 seconds
Received message from mqtt/iot-mqtt-57b6b645cd-hlxpc with latency 0.002 seconds
Received message from mqtt/iot-mqtt-57b6b645cd-mc8sc with latency 0.002 seconds
Received message from mqtt/iot-mqtt-57b6b645cd-c9cdg with latency 0.001 seconds
Received message from mqtt/iot-mqtt-57b6b645cd-g6rtr with latency 0.001 seconds
Received message from mqtt/iot-mqtt-57b6b645cd-s4ptd with latency 0.001 seconds
Received message from mqtt/iot-mqtt-57b6b645cd-np9nq with latency 0.002 seconds
Received message from mqtt/iot-mqtt-57b6b645cd-wfsmk with latency 0.002 seconds
Received message from mqtt/iot-mqtt-57b6b645cd-svs56 with latency 0.003 seconds
Received message from mqtt/iot-mqtt-57b6b645cd-hlxpc with latency 0.001 seconds
Received message from mqtt/iot-mqtt-57b6b645cd-g6rtr with latency 0.003 seconds
Received message from mqtt/iot-mqtt-57b6b645cd-mc8sc with latency 0.002 seconds
Received message from mqtt/iot-mqtt-57b6b645cd-c9cdg with latency 0.003 seconds
Received message from mqtt/iot-mqtt-57b6b645cd-s4ptd with latency 0.003 seconds
Received message from mqtt/iot-mqtt-57b6b645cd-h778d with latency 0.002 seconds
Received message from mqtt/iot-mqtt-57b6b645cd-np9nq with latency 0.003 seconds
Received message from mqtt/iot-mqtt-57b6b645cd-wfsmk with latency 0.002 seconds
Received message from mqtt/iot-mqtt-57b6b645cd-svs56 with latency 0.002 seconds
Received message from mqtt/iot-mqtt-57b6b645cd-hlxpc with latency 0.003 seconds
Received message from mqtt/iot-mqtt-57b6b645cd-vsnbw with latency 0.003 seconds
Received message from mqtt/iot-mqtt-57b6b645cd-g6rtr with latency 0.003 seconds
Received message from mqtt/iot-mqtt-57b6b645cd-c9cdg with latency 0.002 seconds
Received message from mqtt/iot-mqtt-57b6b645cd-mc8sc with latency 0.002 seconds
Received message from mqtt/iot-mqtt-57b6b645cd-s4ptd with latency 0.003 seconds
Received message from mqtt/iot-mqtt-57b6b645cd-h778d with latency 0.002 seconds
Received message from mqtt/iot-mqtt-57b6b645cd-np9nq with latency 0.002 seconds
Received message from mqtt/iot-mqtt-57b6b645cd-wfsmk with latency 0.002 seconds
Received message from mqtt/iot-mqtt-57b6b645cd-svs56 with latency 0.003 seconds
Received message from mqtt/iot-mqtt-57b6b645cd-hlxpc with latency 0.003 seconds
Received message from mqtt/iot-mqtt-57b6b645cd-vsnbw with latency 0.001 seconds
Received message from mqtt/iot-mqtt-57b6b645cd-c9cdg with latency 0.004 seconds
Received message from mqtt/iot-mqtt-57b6b645cd-g6rtr with latency 0.001 seconds
Received message from mqtt/iot-mqtt-57b6b645cd-mc8sc with latency 0.002 seconds
Received message from mqtt/iot-mqtt-57b6b645cd-h778d with latency 0.003 seconds
Received message from mqtt/iot-mqtt-57b6b645cd-s4ptd with latency 0.001 seconds
Received message from mqtt/iot-mqtt-57b6b645cd-np9nq with latency 0.002 seconds
Received message from mqtt/iot-mqtt-57b6b645cd-wfsmk with latency 0.002 seconds
Received message from mqtt/iot-mqtt-57b6b645cd-svs56 with latency 0.003 seconds
Received message from mqtt/iot-mqtt-57b6b645cd-vsnbw with latency 0.001 seconds
Received message from mqtt/iot-mqtt-57b6b645cd-g6rtr with latency 0.001 seconds
Received message from mqtt/iot-mqtt-57b6b645cd-c9cdg with latency 0.002 seconds
Received message from mqtt/iot-mqtt-57b6b645cd-mc8sc with latency 0.002 seconds
Received message from mqtt/iot-mqtt-57b6b645cd-s4ptd with latency 0.003 seconds
Received message from mqtt/iot-mqtt-57b6b645cd-np9nq with latency 0.002 seconds
Received message from mqtt/iot-mqtt-57b6b645cd-h778d with latency 0.037 seconds
Received message from mqtt/iot-mqtt-57b6b645cd-svs56 with latency 0.002 seconds
Received message from mqtt/iot-mqtt-57b6b645cd-wfsmk with latency 0.001 seconds
Received message from mqtt/iot-mqtt-57b6b645cd-vsnbw with latency 0.002 seconds
Received message from mqtt/iot-mqtt-57b6b645cd-c9cdg with latency 0.002 seconds
Received message from mqtt/iot-mqtt-57b6b645cd-g6rtr with latency 0.001 seconds
Received message from mqtt/iot-mqtt-57b6b645cd-mc8sc with latency 0.002 seconds
Received message from mqtt/iot-mqtt-57b6b645cd-s4ptd with latency 0.005 seconds
Received message from mqtt/iot-mqtt-57b6b645cd-h778d with latency 0.001 seconds
Received message from mqtt/iot-mqtt-57b6b645cd-np9nq with latency 0.003 seconds
Received message from mqtt/iot-mqtt-57b6b645cd-wfsmk with latency 0.002 seconds
Received message from mqtt/iot-mqtt-57b6b645cd-svs56 with latency 0.001 seconds
Received message from mqtt/iot-mqtt-57b6b645cd-vsnbw with latency 0.002 seconds
Received message from mqtt/iot-mqtt-57b6b645cd-mc8sc with latency 0.003 seconds
Received message from mqtt/iot-mqtt-57b6b645cd-g6rtr with latency 0.002 seconds
Received message from mqtt/iot-mqtt-57b6b645cd-s4ptd with latency 0.001 seconds
Received message from mqtt/iot-mqtt-57b6b645cd-h778d with latency 0.003 seconds
Received message from mqtt/iot-mqtt-57b6b645cd-np9nq with latency 0.003 seconds
Received message from mqtt/iot-mqtt-57b6b645cd-wfsmk with latency 0.002 seconds
Received message from mqtt/iot-mqtt-57b6b645cd-svs56 with latency 0.002 seconds
Received message from mqtt/iot-mqtt-57b6b645cd-vsnbw with latency 0.003 seconds
Received message from mqtt/iot-mqtt-57b6b645cd-g6rtr with latency 0.004 seconds
Received message from mqtt/iot-mqtt-57b6b645cd-mc8sc with latency 0.002 seconds
Received message from mqtt/iot-mqtt-57b6b645cd-s4ptd with latency 0.005 seconds
Received message from mqtt/iot-mqtt-57b6b645cd-h778d with latency 0.002 seconds
Received message from mqtt/iot-mqtt-57b6b645cd-np9nq with latency 0.001 seconds
Received message from mqtt/iot-mqtt-57b6b645cd-wfsmk with latency 0.001 seconds
Received message from mqtt/iot-mqtt-57b6b645cd-vsnbw with latency 0.002 seconds
Received message from mqtt/iot-mqtt-57b6b645cd-mc8sc with latency 0.001 seconds
Received message from mqtt/iot-mqtt-57b6b645cd-g6rtr with latency 0.002 seconds
Received message from mqtt/iot-mqtt-57b6b645cd-s4ptd with latency 0.002 seconds
Received message from mqtt/iot-mqtt-57b6b645cd-h778d with latency 0.002 seconds
Received message from mqtt/iot-mqtt-57b6b645cd-np9nq with latency 0.002 seconds
Received message from mqtt/iot-mqtt-57b6b645cd-hlxpc with latency 0.001 seconds
Received message from mqtt/iot-mqtt-57b6b645cd-wfsmk with latency 0.002 seconds
Received message from mqtt/iot-mqtt-57b6b645cd-vsnbw with latency 0.001 seconds
Received message from mqtt/iot-mqtt-57b6b645cd-g6rtr with latency 0.001 seconds
Received message from mqtt/iot-mqtt-57b6b645cd-mc8sc with latency 0.002 seconds
Received message from mqtt/iot-mqtt-57b6b645cd-h778d with latency 0.003 seconds
Received message from mqtt/iot-mqtt-57b6b645cd-s4ptd with latency 0.003 seconds
Received message from mqtt/iot-mqtt-57b6b645cd-np9nq with latency 0.004 seconds
Received message from mqtt/iot-mqtt-57b6b645cd-hlxpc with latency 0.001 seconds
Received message from mqtt/iot-mqtt-57b6b645cd-wfsmk with latency 0.002 seconds
Received message from mqtt/iot-mqtt-57b6b645cd-vsnbw with latency 0.001 seconds
Received message from mqtt/iot-mqtt-57b6b645cd-g6rtr with latency 0.002 seconds
Received message from mqtt/iot-mqtt-57b6b645cd-mc8sc with latency 0.002 seconds
Received message from mqtt/iot-mqtt-57b6b645cd-h778d with latency 0.001 seconds
Received message from mqtt/iot-mqtt-57b6b645cd-np9nq with latency 0.002 seconds
Received message from mqtt/iot-mqtt-57b6b645cd-s4ptd with latency 0.001 seconds
Received message from mqtt/iot-mqtt-57b6b645cd-hlxpc with latency 0.002 seconds
Received message from mqtt/iot-mqtt-57b6b645cd-wfsmk with latency 0.002 seconds
Received message from mqtt/iot-mqtt-57b6b645cd-vsnbw with latency 0.002 seconds
Received message from mqtt/iot-mqtt-57b6b645cd-c9cdg with latency 0.004 seconds
Received message from mqtt/iot-mqtt-57b6b645cd-g6rtr with latency 0.002 seconds
Received message from mqtt/iot-mqtt-57b6b645cd-mc8sc with latency 0.001 seconds
Received message from mqtt/iot-mqtt-57b6b645cd-h778d with latency 0.002 seconds
Received message from mqtt/iot-mqtt-57b6b645cd-s4ptd with latency 0.001 seconds
Received message from mqtt/iot-mqtt-57b6b645cd-np9nq with latency 0.001 seconds
Received message from mqtt/iot-mqtt-57b6b645cd-svs56 with latency 0.001 seconds
Received message from mqtt/iot-mqtt-57b6b645cd-hlxpc with latency 0.002 seconds
Received message from mqtt/iot-mqtt-57b6b645cd-wfsmk with latency 0.006 seconds
Received message from mqtt/iot-mqtt-57b6b645cd-vsnbw with latency 0.005 seconds
Received message from mqtt/iot-mqtt-57b6b645cd-c9cdg with latency 0.003 seconds
Received message from mqtt/iot-mqtt-57b6b645cd-g6rtr with latency 0.003 seconds
Received message from mqtt/iot-mqtt-57b6b645cd-mc8sc with latency 0.004 seconds
Received message from mqtt/iot-mqtt-57b6b645cd-h778d with latency 0.002 seconds
Received message from mqtt/iot-mqtt-57b6b645cd-s4ptd with latency 0.001 seconds
Received message from mqtt/iot-mqtt-57b6b645cd-np9nq with latency 0.001 seconds
Received message from mqtt/iot-mqtt-57b6b645cd-svs56 with latency 0.002 seconds
Received message from mqtt/iot-mqtt-57b6b645cd-hlxpc with latency 0.001 seconds
Received message from mqtt/iot-mqtt-57b6b645cd-wfsmk with latency 0.001 seconds
Received message from mqtt/iot-mqtt-57b6b645cd-vsnbw with latency 0.003 seconds
Received message from mqtt/iot-mqtt-57b6b645cd-c9cdg with latency 0.002 seconds
Received message from mqtt/iot-mqtt-57b6b645cd-g6rtr with latency 0.001 seconds
Received message from mqtt/iot-mqtt-57b6b645cd-mc8sc with latency 0.001 seconds
Received message from mqtt/iot-mqtt-57b6b645cd-h778d with latency 0.003 seconds
Received message from mqtt/iot-mqtt-57b6b645cd-np9nq with latency 0.004 seconds
Received message from mqtt/iot-mqtt-57b6b645cd-s4ptd with latency 0.002 seconds
Received message from mqtt/iot-mqtt-57b6b645cd-svs56 with latency 0.002 seconds
Received message from mqtt/iot-mqtt-57b6b645cd-hlxpc with latency 0.001 seconds
Received message from mqtt/iot-mqtt-57b6b645cd-wfsmk with latency 0.002 seconds
Received message from mqtt/iot-mqtt-57b6b645cd-vsnbw with latency 0.002 seconds
Received message from mqtt/iot-mqtt-57b6b645cd-c9cdg with latency 0.004 seconds
Received message from mqtt/iot-mqtt-57b6b645cd-mc8sc with latency 0.002 seconds
Received message from mqtt/iot-mqtt-57b6b645cd-h778d with latency 0.002 seconds
Received message from mqtt/iot-mqtt-57b6b645cd-np9nq with latency 0.002 seconds
Received message from mqtt/iot-mqtt-57b6b645cd-s4ptd with latency 0.002 seconds
Received message from mqtt/iot-mqtt-57b6b645cd-svs56 with latency 0.002 seconds
Received message from mqtt/iot-mqtt-57b6b645cd-vsnbw with latency 0.002 seconds
Received message from mqtt/iot-mqtt-57b6b645cd-c9cdg with latency 0.002 seconds
Received message from mqtt/iot-mqtt-57b6b645cd-mc8sc with latency 0.002 seconds
Received message from mqtt/iot-mqtt-57b6b645cd-h778d with latency 0.002 seconds
Received message from mqtt/iot-mqtt-57b6b645cd-np9nq with latency 0.001 seconds
Received message from mqtt/iot-mqtt-57b6b645cd-s4ptd with latency 0.002 seconds
Received message from mqtt/iot-mqtt-57b6b645cd-svs56 with latency 0.002 seconds
Received message from mqtt/iot-mqtt-57b6b645cd-vsnbw with latency 0.002 seconds
Received message from mqtt/iot-mqtt-57b6b645cd-c9cdg with latency 0.002 seconds
Received message from mqtt/iot-mqtt-57b6b645cd-mc8sc with latency 0.002 seconds
Received message from mqtt/iot-mqtt-57b6b645cd-h778d with latency 0.002 seconds
Received message from mqtt/iot-mqtt-57b6b645cd-np9nq with latency 0.002 seconds
Received message from mqtt/iot-mqtt-57b6b645cd-s4ptd with latency 0.002 seconds
Received message from mqtt/iot-mqtt-57b6b645cd-svs56 with latency 0.002 seconds
Received message from mqtt/iot-mqtt-57b6b645cd-vsnbw with latency 0.003 seconds
Received message from mqtt/iot-mqtt-57b6b645cd-c9cdg with latency 0.001 seconds
Received message from mqtt/iot-mqtt-57b6b645cd-mc8sc with latency 0.002 seconds
Received message from mqtt/iot-mqtt-57b6b645cd-h778d with latency 0.002 seconds
Received message from mqtt/iot-mqtt-57b6b645cd-np9nq with latency 0.002 seconds
Received message from mqtt/iot-mqtt-57b6b645cd-s4ptd with latency 0.002 seconds
Received message from mqtt/iot-mqtt-57b6b645cd-svs56 with latency 0.001 seconds
Received message from mqtt/iot-mqtt-57b6b645cd-vsnbw with latency 0.001 seconds
Received message from mqtt/iot-mqtt-57b6b645cd-c9cdg with latency 0.002 seconds
Received message from mqtt/iot-mqtt-57b6b645cd-mc8sc with latency 0.001 seconds
Received message from mqtt/iot-mqtt-57b6b645cd-h778d with latency 0.003 seconds
Received message from mqtt/iot-mqtt-57b6b645cd-np9nq with latency 0.002 seconds
Received message from mqtt/iot-mqtt-57b6b645cd-s4ptd with latency 0.002 seconds
Received message from mqtt/iot-mqtt-57b6b645cd-hlxpc with latency 0.002 seconds
Received message from mqtt/iot-mqtt-57b6b645cd-svs56 with latency 0.001 seconds
Received message from mqtt/iot-mqtt-57b6b645cd-vsnbw with latency 0.002 seconds
Received message from mqtt/iot-mqtt-57b6b645cd-g6rtr with latency 0.002 seconds
Received message from mqtt/iot-mqtt-57b6b645cd-c9cdg with latency 0.002 seconds
Received message from mqtt/iot-mqtt-57b6b645cd-hlxpc with latency 0.005 seconds
Received message from mqtt/iot-mqtt-57b6b645cd-s4ptd with latency 0.001 seconds
Received message from mqtt/iot-mqtt-57b6b645cd-np9nq with latency 0.001 seconds
Received message from mqtt/iot-mqtt-57b6b645cd-svs56 with latency 0.000 seconds
Received message from mqtt/iot-mqtt-57b6b645cd-wfsmk with latency 0.002 seconds
Received message from mqtt/iot-mqtt-57b6b645cd-vsnbw with latency 0.003 seconds
Received message from mqtt/iot-mqtt-57b6b645cd-g6rtr with latency 0.003 seconds
Received message from mqtt/iot-mqtt-57b6b645cd-c9cdg with latency 0.002 seconds
Received message from mqtt/iot-mqtt-57b6b645cd-s4ptd with latency 0.004 seconds
Received message from mqtt/iot-mqtt-57b6b645cd-hlxpc with latency 0.003 seconds
Received message from mqtt/iot-mqtt-57b6b645cd-np9nq with latency 0.002 seconds
Received message from mqtt/iot-mqtt-57b6b645cd-wfsmk with latency 0.002 seconds
Received message from mqtt/iot-mqtt-57b6b645cd-svs56 with latency 0.002 seconds
Received message from mqtt/iot-mqtt-57b6b645cd-vsnbw with latency 0.003 seconds
Received message from mqtt/iot-mqtt-57b6b645cd-c9cdg with latency 0.005 seconds
Received message from mqtt/iot-mqtt-57b6b645cd-np9nq with latency 0.002 seconds
Received message from mqtt/iot-mqtt-57b6b645cd-s4ptd with latency 0.001 seconds
Received message from mqtt/iot-mqtt-57b6b645cd-hlxpc with latency 0.002 seconds
Received message from mqtt/iot-mqtt-57b6b645cd-svs56 with latency 0.002 seconds
Received message from mqtt/iot-mqtt-57b6b645cd-wfsmk with latency 0.004 seconds
Received message from mqtt/iot-mqtt-57b6b645cd-vsnbw with latency 0.002 seconds
Received message from mqtt/iot-mqtt-57b6b645cd-c9cdg with latency 0.002 seconds
Received message from mqtt/iot-mqtt-57b6b645cd-s4ptd with latency 0.003 seconds
Received message from mqtt/iot-mqtt-57b6b645cd-np9nq with latency 0.001 seconds
Received message from mqtt/iot-mqtt-57b6b645cd-hlxpc with latency 0.039 seconds
Received message from mqtt/iot-mqtt-57b6b645cd-svs56 with latency 0.001 seconds
Received message from mqtt/iot-mqtt-57b6b645cd-wfsmk with latency 0.000 seconds
Received message from mqtt/iot-mqtt-57b6b645cd-vsnbw with latency 0.001 seconds
Received message from mqtt/iot-mqtt-57b6b645cd-c9cdg with latency 0.001 seconds
Received message from mqtt/iot-mqtt-57b6b645cd-np9nq with latency 0.003 seconds
Received message from mqtt/iot-mqtt-57b6b645cd-s4ptd with latency 0.002 seconds
Received message from mqtt/iot-mqtt-57b6b645cd-hlxpc with latency 0.001 seconds
Received message from mqtt/iot-mqtt-57b6b645cd-wfsmk with latency 0.001 seconds
Received message from mqtt/iot-mqtt-57b6b645cd-svs56 with latency 0.001 seconds
Received message from mqtt/iot-mqtt-57b6b645cd-vsnbw with latency 0.001 seconds
Received message from mqtt/iot-mqtt-57b6b645cd-mc8sc with latency 0.002 seconds
Received message from mqtt/iot-mqtt-57b6b645cd-c9cdg with latency 0.002 seconds
Received message from mqtt/iot-mqtt-57b6b645cd-h778d with latency 0.002 seconds
Received message from mqtt/iot-mqtt-57b6b645cd-np9nq with latency 0.002 seconds
Received message from mqtt/iot-mqtt-57b6b645cd-s4ptd with latency 0.002 seconds
Received message from mqtt/iot-mqtt-57b6b645cd-hlxpc with latency 0.002 seconds
Received message from mqtt/iot-mqtt-57b6b645cd-svs56 with latency 0.002 seconds
Received message from mqtt/iot-mqtt-57b6b645cd-wfsmk with latency 0.001 seconds
Received message from mqtt/iot-mqtt-57b6b645cd-vsnbw with latency 0.003 seconds
Received message from mqtt/iot-mqtt-57b6b645cd-mc8sc with latency 0.001 seconds
Received message from mqtt/iot-mqtt-57b6b645cd-c9cdg with latency 0.002 seconds
Received message from mqtt/iot-mqtt-57b6b645cd-h778d with latency 0.002 seconds
Received message from mqtt/iot-mqtt-57b6b645cd-np9nq with latency 0.001 seconds
Received message from mqtt/iot-mqtt-57b6b645cd-s4ptd with latency 0.001 seconds
Received message from mqtt/iot-mqtt-57b6b645cd-hlxpc with latency 0.001 seconds
Received message from mqtt/iot-mqtt-57b6b645cd-svs56 with latency 0.002 seconds
Received message from mqtt/iot-mqtt-57b6b645cd-wfsmk with latency 0.002 seconds
Received message from mqtt/iot-mqtt-57b6b645cd-vsnbw with latency 0.002 seconds
Received message from mqtt/iot-mqtt-57b6b645cd-g6rtr with latency 0.002 seconds
Received message from mqtt/iot-mqtt-57b6b645cd-c9cdg with latency 0.003 seconds
Received message from mqtt/iot-mqtt-57b6b645cd-h778d with latency 0.001 seconds
Received message from mqtt/iot-mqtt-57b6b645cd-np9nq with latency 0.002 seconds
Received message from mqtt/iot-mqtt-57b6b645cd-s4ptd with latency 0.002 seconds
Received message from mqtt/iot-mqtt-57b6b645cd-hlxpc with latency 0.001 seconds
Received message from mqtt/iot-mqtt-57b6b645cd-svs56 with latency 0.001 seconds
Received message from mqtt/iot-mqtt-57b6b645cd-wfsmk with latency 0.002 seconds
Received message from mqtt/iot-mqtt-57b6b645cd-vsnbw with latency 0.002 seconds
Received message from mqtt/iot-mqtt-57b6b645cd-g6rtr with latency 0.002 seconds
Received message from mqtt/iot-mqtt-57b6b645cd-h778d with latency 0.003 seconds
Received message from mqtt/iot-mqtt-57b6b645cd-s4ptd with latency 0.003 seconds
Received message from mqtt/iot-mqtt-57b6b645cd-np9nq with latency 0.001 seconds
Received message from mqtt/iot-mqtt-57b6b645cd-hlxpc with latency 0.002 seconds
Received message from mqtt/iot-mqtt-57b6b645cd-svs56 with latency 0.002 seconds
Received message from mqtt/iot-mqtt-57b6b645cd-wfsmk with latency 0.001 seconds
Received message from mqtt/iot-mqtt-57b6b645cd-g6rtr with latency 0.002 seconds
Received message from mqtt/iot-mqtt-57b6b645cd-h778d with latency 0.002 seconds
Received message from mqtt/iot-mqtt-57b6b645cd-s4ptd with latency 0.002 seconds
Received message from mqtt/iot-mqtt-57b6b645cd-np9nq with latency 0.107 seconds
Received message from mqtt/iot-mqtt-57b6b645cd-hlxpc with latency 0.002 seconds
Received message from mqtt/iot-mqtt-57b6b645cd-svs56 with latency 0.002 seconds
Received message from mqtt/iot-mqtt-57b6b645cd-wfsmk with latency 0.002 seconds
Received message from mqtt/iot-mqtt-57b6b645cd-g6rtr with latency 0.003 seconds
Received message from mqtt/iot-mqtt-57b6b645cd-h778d with latency 0.002 seconds
Received message from mqtt/iot-mqtt-57b6b645cd-s4ptd with latency 0.002 seconds
Received message from mqtt/iot-mqtt-57b6b645cd-hlxpc with latency 0.001 seconds
Received message from mqtt/iot-mqtt-57b6b645cd-np9nq with latency 0.002 seconds
Received message from mqtt/iot-mqtt-57b6b645cd-svs56 with latency 0.002 seconds
Received message from mqtt/iot-mqtt-57b6b645cd-wfsmk with latency 0.002 seconds
Received message from mqtt/iot-mqtt-57b6b645cd-g6rtr with latency 0.003 seconds
Received message from mqtt/iot-mqtt-57b6b645cd-h778d with latency 0.002 seconds
Received message from mqtt/iot-mqtt-57b6b645cd-s4ptd with latency 0.002 seconds
Received message from mqtt/iot-mqtt-57b6b645cd-hlxpc with latency 0.002 seconds
Received message from mqtt/iot-mqtt-57b6b645cd-np9nq with latency 0.001 seconds
Received message from mqtt/iot-mqtt-57b6b645cd-svs56 with latency 0.002 seconds
Received message from mqtt/iot-mqtt-57b6b645cd-wfsmk with latency 0.002 seconds
Received message from mqtt/iot-mqtt-57b6b645cd-mc8sc with latency 0.001 seconds
Received message from mqtt/iot-mqtt-57b6b645cd-g6rtr with latency 0.002 seconds
Received message from mqtt/iot-mqtt-57b6b645cd-h778d with latency 0.002 seconds
Received message from mqtt/iot-mqtt-57b6b645cd-s4ptd with latency 0.001 seconds
Received message from mqtt/iot-mqtt-57b6b645cd-hlxpc with latency 0.002 seconds
Received message from mqtt/iot-mqtt-57b6b645cd-np9nq with latency 0.001 seconds
Received message from mqtt/iot-mqtt-57b6b645cd-svs56 with latency 0.001 seconds
Received message from mqtt/iot-mqtt-57b6b645cd-wfsmk with latency 0.001 seconds
Received message from mqtt/iot-mqtt-57b6b645cd-mc8sc with latency 0.002 seconds
Received message from mqtt/iot-mqtt-57b6b645cd-g6rtr with latency 0.002 seconds
Received message from mqtt/iot-mqtt-57b6b645cd-h778d with latency 0.002 seconds
Received message from mqtt/iot-mqtt-57b6b645cd-s4ptd with latency 0.008 seconds
Received message from mqtt/iot-mqtt-57b6b645cd-hlxpc with latency 0.002 seconds
Received message from mqtt/iot-mqtt-57b6b645cd-np9nq with latency 0.002 seconds
Received message from mqtt/iot-mqtt-57b6b645cd-svs56 with latency 0.002 seconds
Received message from mqtt/iot-mqtt-57b6b645cd-vsnbw with latency 0.002 seconds
Received message from mqtt/iot-mqtt-57b6b645cd-wfsmk with latency 0.002 seconds
Received message from mqtt/iot-mqtt-57b6b645cd-mc8sc with latency 0.002 seconds
Received message from mqtt/iot-mqtt-57b6b645cd-g6rtr with latency 0.002 seconds
Received message from mqtt/iot-mqtt-57b6b645cd-s4ptd with latency 0.003 seconds
Received message from mqtt/iot-mqtt-57b6b645cd-hlxpc with latency 0.002 seconds
Received message from mqtt/iot-mqtt-57b6b645cd-np9nq with latency 0.001 seconds
Received message from mqtt/iot-mqtt-57b6b645cd-svs56 with latency 0.001 seconds
Received message from mqtt/iot-mqtt-57b6b645cd-vsnbw with latency 0.001 seconds
Received message from mqtt/iot-mqtt-57b6b645cd-wfsmk with latency 0.001 seconds
Received message from mqtt/iot-mqtt-57b6b645cd-mc8sc with latency 0.002 seconds
Received message from mqtt/iot-mqtt-57b6b645cd-g6rtr with latency 0.002 seconds
Received message from mqtt/iot-mqtt-57b6b645cd-s4ptd with latency 0.002 seconds
Received message from mqtt/iot-mqtt-57b6b645cd-hlxpc with latency 0.002 seconds
Received message from mqtt/iot-mqtt-57b6b645cd-np9nq with latency 0.001 seconds
Received message from mqtt/iot-mqtt-57b6b645cd-svs56 with latency 0.001 seconds
Received message from mqtt/iot-mqtt-57b6b645cd-vsnbw with latency 0.002 seconds
Received message from mqtt/iot-mqtt-57b6b645cd-wfsmk with latency 0.002 seconds
Received message from mqtt/iot-mqtt-57b6b645cd-mc8sc with latency 0.001 seconds
Received message from mqtt/iot-mqtt-57b6b645cd-g6rtr with latency 0.002 seconds
Received message from mqtt/iot-mqtt-57b6b645cd-s4ptd with latency 0.001 seconds
Received message from mqtt/iot-mqtt-57b6b645cd-np9nq with latency 0.001 seconds
Received message from mqtt/iot-mqtt-57b6b645cd-hlxpc with latency 0.002 seconds
Received message from mqtt/iot-mqtt-57b6b645cd-svs56 with latency 0.001 seconds
Received message from mqtt/iot-mqtt-57b6b645cd-vsnbw with latency 0.002 seconds
Received message from mqtt/iot-mqtt-57b6b645cd-wfsmk with latency 0.002 seconds
Received message from mqtt/iot-mqtt-57b6b645cd-mc8sc with latency 0.001 seconds
Received message from mqtt/iot-mqtt-57b6b645cd-g6rtr with latency 0.002 seconds
Received message from mqtt/iot-mqtt-57b6b645cd-s4ptd with latency 0.001 seconds
Received message from mqtt/iot-mqtt-57b6b645cd-np9nq with latency 0.001 seconds
Received message from mqtt/iot-mqtt-57b6b645cd-hlxpc with latency 0.002 seconds
Received message from mqtt/iot-mqtt-57b6b645cd-svs56 with latency 0.002 seconds
Received message from mqtt/iot-mqtt-57b6b645cd-vsnbw with latency 0.002 seconds
Received message from mqtt/iot-mqtt-57b6b645cd-wfsmk with latency 0.002 seconds
Received message from mqtt/iot-mqtt-57b6b645cd-mc8sc with latency 0.002 seconds
Received message from mqtt/iot-mqtt-57b6b645cd-g6rtr with latency 0.002 seconds
Received message from mqtt/iot-mqtt-57b6b645cd-c9cdg with latency 0.001 seconds
Received message from mqtt/iot-mqtt-57b6b645cd-s4ptd with latency 0.001 seconds
Received message from mqtt/iot-mqtt-57b6b645cd-np9nq with latency 0.001 seconds
Received message from mqtt/iot-mqtt-57b6b645cd-hlxpc with latency 0.002 seconds
Received message from mqtt/iot-mqtt-57b6b645cd-vsnbw with latency 0.002 seconds
Received message from mqtt/iot-mqtt-57b6b645cd-svs56 with latency 0.002 seconds
Received message from mqtt/iot-mqtt-57b6b645cd-g6rtr with latency 0.002 seconds
Received message from mqtt/iot-mqtt-57b6b645cd-c9cdg with latency 0.002 seconds
Received message from mqtt/iot-mqtt-57b6b645cd-h778d with latency 0.002 seconds
Received message from mqtt/iot-mqtt-57b6b645cd-s4ptd with latency 0.002 seconds
Received message from mqtt/iot-mqtt-57b6b645cd-np9nq with latency 0.001 seconds
Received message from mqtt/iot-mqtt-57b6b645cd-hlxpc with latency 0.002 seconds
Received message from mqtt/iot-mqtt-57b6b645cd-vsnbw with latency 0.002 seconds
Received message from mqtt/iot-mqtt-57b6b645cd-svs56 with latency 0.001 seconds
Received message from mqtt/iot-mqtt-57b6b645cd-g6rtr with latency 0.002 seconds
Received message from mqtt/iot-mqtt-57b6b645cd-c9cdg with latency 0.001 seconds
Received message from mqtt/iot-mqtt-57b6b645cd-h778d with latency 0.002 seconds
Received message from mqtt/iot-mqtt-57b6b645cd-s4ptd with latency 0.002 seconds
Received message from mqtt/iot-mqtt-57b6b645cd-np9nq with latency 0.001 seconds
Received message from mqtt/iot-mqtt-57b6b645cd-vsnbw with latency 0.001 seconds
Received message from mqtt/iot-mqtt-57b6b645cd-svs56 with latency 0.001 seconds
Received message from mqtt/iot-mqtt-57b6b645cd-c9cdg with latency 0.002 seconds
Received message from mqtt/iot-mqtt-57b6b645cd-g6rtr with latency 0.001 seconds
Received message from mqtt/iot-mqtt-57b6b645cd-h778d with latency 0.002 seconds
Received message from mqtt/iot-mqtt-57b6b645cd-np9nq with latency 0.001 seconds
Received message from mqtt/iot-mqtt-57b6b645cd-svs56 with latency 0.001 seconds
Received message from mqtt/iot-mqtt-57b6b645cd-c9cdg with latency 0.001 seconds
Received message from mqtt/iot-mqtt-57b6b645cd-g6rtr with latency 0.002 seconds
Received message from mqtt/iot-mqtt-57b6b645cd-h778d with latency 0.001 seconds
Received message from mqtt/iot-mqtt-57b6b645cd-np9nq with latency 0.001 seconds
Received message from mqtt/iot-mqtt-57b6b645cd-svs56 with latency 0.002 seconds
Received message from mqtt/iot-mqtt-57b6b645cd-g6rtr with latency 0.002 seconds
Received message from mqtt/iot-mqtt-57b6b645cd-c9cdg with latency 0.002 seconds
Received message from mqtt/iot-mqtt-57b6b645cd-h778d with latency 0.003 seconds
Received message from mqtt/iot-mqtt-57b6b645cd-np9nq with latency 0.001 seconds
Received message from mqtt/iot-mqtt-57b6b645cd-wfsmk with latency 0.002 seconds
Received message from mqtt/iot-mqtt-57b6b645cd-svs56 with latency 0.002 seconds
Received message from mqtt/iot-mqtt-57b6b645cd-mc8sc with latency 0.003 seconds
Received message from mqtt/iot-mqtt-57b6b645cd-g6rtr with latency 0.002 seconds
Received message from mqtt/iot-mqtt-57b6b645cd-c9cdg with latency 0.002 seconds
Received message from mqtt/iot-mqtt-57b6b645cd-h778d with latency 0.002 seconds
Received message from mqtt/iot-mqtt-57b6b645cd-hlxpc with latency 0.002 seconds
Received message from mqtt/iot-mqtt-57b6b645cd-np9nq with latency 0.002 seconds
Received message from mqtt/iot-mqtt-57b6b645cd-svs56 with latency 0.002 seconds
Received message from mqtt/iot-mqtt-57b6b645cd-mc8sc with latency 0.002 seconds
Received message from mqtt/iot-mqtt-57b6b645cd-g6rtr with latency 0.002 seconds
Received message from mqtt/iot-mqtt-57b6b645cd-c9cdg with latency 0.003 seconds
Received message from mqtt/iot-mqtt-57b6b645cd-h778d with latency 0.002 seconds
Received message from mqtt/iot-mqtt-57b6b645cd-hlxpc with latency 0.003 seconds
Received message from mqtt/iot-mqtt-57b6b645cd-np9nq with latency 0.001 seconds
Received message from mqtt/iot-mqtt-57b6b645cd-svs56 with latency 0.002 seconds
Received message from mqtt/iot-mqtt-57b6b645cd-mc8sc with latency 0.001 seconds
Received message from mqtt/iot-mqtt-57b6b645cd-c9cdg with latency 0.001 seconds
Received message from mqtt/iot-mqtt-57b6b645cd-h778d with latency 0.001 seconds
Received message from mqtt/iot-mqtt-57b6b645cd-s4ptd with latency 0.000 seconds
Received message from mqtt/iot-mqtt-57b6b645cd-hlxpc with latency 0.002 seconds
Received message from mqtt/iot-mqtt-57b6b645cd-vsnbw with latency 0.002 seconds
Received message from mqtt/iot-mqtt-57b6b645cd-np9nq with latency 0.001 seconds
Received message from mqtt/iot-mqtt-57b6b645cd-svs56 with latency 0.002 seconds
Received message from mqtt/iot-mqtt-57b6b645cd-mc8sc with latency 0.002 seconds
Received message from mqtt/iot-mqtt-57b6b645cd-c9cdg with latency 0.001 seconds
Received message from mqtt/iot-mqtt-57b6b645cd-h778d with latency 0.003 seconds
Received message from mqtt/iot-mqtt-57b6b645cd-s4ptd with latency 0.002 seconds
Received message from mqtt/iot-mqtt-57b6b645cd-hlxpc with latency 0.002 seconds
Received message from mqtt/iot-mqtt-57b6b645cd-vsnbw with latency 0.001 seconds
Received message from mqtt/iot-mqtt-57b6b645cd-np9nq with latency 0.001 seconds
Received message from mqtt/iot-mqtt-57b6b645cd-svs56 with latency 0.001 seconds
Received message from mqtt/iot-mqtt-57b6b645cd-mc8sc with latency 0.001 seconds
Received message from mqtt/iot-mqtt-57b6b645cd-c9cdg with latency 0.002 seconds
Received message from mqtt/iot-mqtt-57b6b645cd-h778d with latency 0.002 seconds
Received message from mqtt/iot-mqtt-57b6b645cd-hlxpc with latency 0.002 seconds
Received message from mqtt/iot-mqtt-57b6b645cd-wfsmk with latency 0.001 seconds
Received message from mqtt/iot-mqtt-57b6b645cd-np9nq with latency 0.001 seconds
Received message from mqtt/iot-mqtt-57b6b645cd-svs56 with latency 0.001 seconds
Received message from mqtt/iot-mqtt-57b6b645cd-mc8sc with latency 0.001 seconds
Received message from mqtt/iot-mqtt-57b6b645cd-c9cdg with latency 0.002 seconds
Received message from mqtt/iot-mqtt-57b6b645cd-h778d with latency 0.002 seconds
Received message from mqtt/iot-mqtt-57b6b645cd-wfsmk with latency 0.002 seconds
Received message from mqtt/iot-mqtt-57b6b645cd-hlxpc with latency 0.002 seconds
Received message from mqtt/iot-mqtt-57b6b645cd-np9nq with latency 0.001 seconds
Received message from mqtt/iot-mqtt-57b6b645cd-svs56 with latency 0.001 seconds
Received message from mqtt/iot-mqtt-57b6b645cd-mc8sc with latency 0.002 seconds
Received message from mqtt/iot-mqtt-57b6b645cd-c9cdg with latency 0.002 seconds
Received message from mqtt/iot-mqtt-57b6b645cd-h778d with latency 0.002 seconds
Received message from mqtt/iot-mqtt-57b6b645cd-wfsmk with latency 0.001 seconds
Received message from mqtt/iot-mqtt-57b6b645cd-hlxpc with latency 0.001 seconds
Received message from mqtt/iot-mqtt-57b6b645cd-np9nq with latency 0.001 seconds
Received message from mqtt/iot-mqtt-57b6b645cd-svs56 with latency 0.001 seconds
Received message from mqtt/iot-mqtt-57b6b645cd-g6rtr with latency 0.002 seconds
Received message from mqtt/iot-mqtt-57b6b645cd-c9cdg with latency 0.002 seconds
Received message from mqtt/iot-mqtt-57b6b645cd-h778d with latency 0.002 seconds
Received message from mqtt/iot-mqtt-57b6b645cd-wfsmk with latency 0.001 seconds
Received message from mqtt/iot-mqtt-57b6b645cd-hlxpc with latency 0.003 seconds
[FAILURE] iot-mqtt-57b6b645cd-np9nq is simulating a device failure. Stopping MQTT network loop for 40.0 seconds.
Received message from mqtt/iot-mqtt-57b6b645cd-svs56 with latency 0.002 seconds
[RECOVERY] iot-mqtt-57b6b645cd-np9nq is back online and reconnecting to broker.
Connected to MQTT broker with result code 0
Received message from mqtt/iot-mqtt-57b6b645cd-wfsmk with latency 0.005 seconds
Received message from mqtt/iot-mqtt-57b6b645cd-np9nq with latency 0.003 seconds
Received message from mqtt/iot-mqtt-57b6b645cd-svs56 with latency 0.003 seconds
Received message from mqtt/iot-mqtt-57b6b645cd-mc8sc with latency 0.001 seconds
Received message from mqtt/iot-mqtt-57b6b645cd-g6rtr with latency 0.004 seconds
Received message from mqtt/iot-mqtt-57b6b645cd-c9cdg with latency 0.004 seconds
Received message from mqtt/iot-mqtt-57b6b645cd-s4ptd with latency 0.002 seconds
Received message from mqtt/iot-mqtt-57b6b645cd-vsnbw with latency 0.006 seconds
[FAILURE] iot-mqtt-57b6b645cd-np9nq is simulating a device failure. Stopping MQTT network loop for 40.0 seconds.
Received message from mqtt/iot-mqtt-57b6b645cd-wfsmk with latency 0.001 seconds
[RECOVERY] iot-mqtt-57b6b645cd-np9nq is back online and reconnecting to broker.
Connected to MQTT broker with result code 0
Received message from mqtt/iot-mqtt-57b6b645cd-hlxpc with latency 0.003 seconds
Received message from mqtt/iot-mqtt-57b6b645cd-wfsmk with latency 0.003 seconds
Received message from mqtt/iot-mqtt-57b6b645cd-mc8sc with latency 0.002 seconds
Received message from mqtt/iot-mqtt-57b6b645cd-g6rtr with latency 0.003 seconds
Received message from mqtt/iot-mqtt-57b6b645cd-svs56 with latency 0.003 seconds
Received message from mqtt/iot-mqtt-57b6b645cd-c9cdg with latency 0.003 seconds
Received message from mqtt/iot-mqtt-57b6b645cd-h778d with latency 0.003 seconds
Received message from mqtt/iot-mqtt-57b6b645cd-s4ptd with latency 0.003 seconds
Received message from mqtt/iot-mqtt-57b6b645cd-np9nq with latency 0.003 seconds
Received message from mqtt/iot-mqtt-57b6b645cd-hlxpc with latency 0.001 seconds
Received message from mqtt/iot-mqtt-57b6b645cd-wfsmk with latency 0.004 seconds
Received message from mqtt/iot-mqtt-57b6b645cd-mc8sc with latency 0.002 seconds
Received message from mqtt/iot-mqtt-57b6b645cd-g6rtr with latency 0.003 seconds
Received message from mqtt/iot-mqtt-57b6b645cd-c9cdg with latency 0.003 seconds
Received message from mqtt/iot-mqtt-57b6b645cd-h778d with latency 0.003 seconds
Received message from mqtt/iot-mqtt-57b6b645cd-s4ptd with latency 0.004 seconds
Received message from mqtt/iot-mqtt-57b6b645cd-np9nq with latency 0.003 seconds
Received message from mqtt/iot-mqtt-57b6b645cd-hlxpc with latency 0.002 seconds
Received message from mqtt/iot-mqtt-57b6b645cd-wfsmk with latency 0.003 seconds
Received message from mqtt/iot-mqtt-57b6b645cd-mc8sc with latency 0.005 seconds
Received message from mqtt/iot-mqtt-57b6b645cd-g6rtr with latency 0.003 seconds
Received message from mqtt/iot-mqtt-57b6b645cd-h778d with latency 0.002 seconds
Received message from mqtt/iot-mqtt-57b6b645cd-s4ptd with latency 0.004 seconds
Received message from mqtt/iot-mqtt-57b6b645cd-vsnbw with latency 0.001 seconds
Received message from mqtt/iot-mqtt-57b6b645cd-np9nq with latency 0.001 seconds
Received message from mqtt/iot-mqtt-57b6b645cd-hlxpc with latency 0.001 seconds
Received message from mqtt/iot-mqtt-57b6b645cd-wfsmk with latency 0.004 seconds
Received message from mqtt/iot-mqtt-57b6b645cd-mc8sc with latency 0.002 seconds
Received message from mqtt/iot-mqtt-57b6b645cd-g6rtr with latency 0.002 seconds
Received message from mqtt/iot-mqtt-57b6b645cd-h778d with latency 0.078 seconds
Received message from mqtt/iot-mqtt-57b6b645cd-s4ptd with latency 0.002 seconds
Received message from mqtt/iot-mqtt-57b6b645cd-vsnbw with latency 0.002 seconds
Received message from mqtt/iot-mqtt-57b6b645cd-hlxpc with latency 0.003 seconds
Received message from mqtt/iot-mqtt-57b6b645cd-np9nq with latency 0.004 seconds
Received message from mqtt/iot-mqtt-57b6b645cd-wfsmk with latency 0.003 seconds
Received message from mqtt/iot-mqtt-57b6b645cd-mc8sc with latency 0.004 seconds
Received message from mqtt/iot-mqtt-57b6b645cd-g6rtr with latency 0.005 seconds
Received message from mqtt/iot-mqtt-57b6b645cd-h778d with latency 0.004 seconds
Received message from mqtt/iot-mqtt-57b6b645cd-vsnbw with latency 0.004 seconds
Received message from mqtt/iot-mqtt-57b6b645cd-s4ptd with latency 0.001 seconds
Received message from mqtt/iot-mqtt-57b6b645cd-np9nq with latency 0.001 seconds
Received message from mqtt/iot-mqtt-57b6b645cd-hlxpc with latency 0.002 seconds
Received message from mqtt/iot-mqtt-57b6b645cd-wfsmk with latency 0.003 seconds
Received message from mqtt/iot-mqtt-57b6b645cd-mc8sc with latency 0.002 seconds
Received message from mqtt/iot-mqtt-57b6b645cd-svs56 with latency 0.002 seconds
Received message from mqtt/iot-mqtt-57b6b645cd-g6rtr with latency 0.001 seconds
Received message from mqtt/iot-mqtt-57b6b645cd-h778d with latency 0.005 seconds
Received message from mqtt/iot-mqtt-57b6b645cd-s4ptd with latency 0.005 seconds
Received message from mqtt/iot-mqtt-57b6b645cd-vsnbw with latency 0.003 seconds
Received message from mqtt/iot-mqtt-57b6b645cd-np9nq with latency 0.004 seconds
Received message from mqtt/iot-mqtt-57b6b645cd-hlxpc with latency 0.003 seconds
Received message from mqtt/iot-mqtt-57b6b645cd-wfsmk with latency 0.003 seconds
Received message from mqtt/iot-mqtt-57b6b645cd-mc8sc with latency 0.007 seconds
Received message from mqtt/iot-mqtt-57b6b645cd-svs56 with latency 0.003 seconds
Received message from mqtt/iot-mqtt-57b6b645cd-g6rtr with latency 0.003 seconds
Received message from mqtt/iot-mqtt-57b6b645cd-h778d with latency 0.005 seconds
Received message from mqtt/iot-mqtt-57b6b645cd-s4ptd with latency 0.002 seconds
Received message from mqtt/iot-mqtt-57b6b645cd-vsnbw with latency 0.005 seconds
Received message from mqtt/iot-mqtt-57b6b645cd-np9nq with latency 0.003 seconds
Received message from mqtt/iot-mqtt-57b6b645cd-hlxpc with latency 0.003 seconds
