/app/mqtt_device.py:16: DeprecationWarning: Callback API version 1 is deprecated, update to latest version
  mqtt_client = mqtt.Client()
 * Serving Flask app 'mqtt_device'
 * Debug mode: off
[31m[1mWARNING: This is a development server. Do not use it in a production deployment. Use a production WSGI server instead.[0m
 * Running on all addresses (0.0.0.0)
 * Running on http://127.0.0.1:5000
 * Running on http://10.244.3.60:5000
[33mPress CTRL+C to quit[0m
Connected to MQTT broker with result code 0
Received message from mqtt/iot-mqtt-b87f89884-vzhbh with latency 0.001 seconds
Received message from mqtt/iot-mqtt-b87f89884-cbhpn with latency 0.001 seconds
Received message from mqtt/iot-mqtt-57d58b647c-n2b4c with latency 0.001 seconds
Received message from mqtt/iot-mqtt-b87f89884-sq8hk with latency 0.074 seconds
Received message from mqtt/iot-mqtt-b87f89884-jb7g7 with latency 0.001 seconds
Received message from mqtt/iot-mqtt-b87f89884-l9qzg with latency 0.002 seconds
Received message from mqtt/iot-mqtt-57d58b647c-mc7dt with latency 0.002 seconds
Received message from mqtt/iot-mqtt-57d58b647c-862zr with latency 0.005 seconds
Received message from mqtt/iot-mqtt-57d58b647c-kpqqt with latency 0.005 seconds
Received message from mqtt/iot-mqtt-b87f89884-flx64 with latency 0.005 seconds
Received message from mqtt/iot-mqtt-b87f89884-8h7ll with latency 0.004 seconds
Received message from mqtt/iot-mqtt-57d58b647c-h9bgg with latency 0.004 seconds
Received message from mqtt/iot-mqtt-b87f89884-vgr6n with latency 0.003 seconds
[FAILURE] iot-mqtt-b87f89884-vzhbh is simulating a device failure. Stopping MQTT network loop for 40.0 seconds.
[RECOVERY] iot-mqtt-b87f89884-vzhbh is back online and reconnecting to broker.
Connected to MQTT broker with result code 0
Received message from mqtt/iot-mqtt-b87f89884-8k54g with latency 0.003 seconds
Received message from mqtt/iot-mqtt-b87f89884-l9qzg with latency 0.002 seconds
Received message from mqtt/iot-mqtt-b87f89884-8h7ll with latency 0.005 seconds
Received message from mqtt/iot-mqtt-b87f89884-vzhbh with latency 0.003 seconds
Received message from mqtt/iot-mqtt-b87f89884-cbhpn with latency 0.002 seconds
Received message from mqtt/iot-mqtt-b87f89884-sq8hk with latency 0.004 seconds
Received message from mqtt/iot-mqtt-b87f89884-jb7g7 with latency 0.003 seconds
Received message from mqtt/iot-mqtt-b87f89884-l9qzg with latency 0.004 seconds
Received message from mqtt/iot-mqtt-b87f89884-vgr6n with latency 0.003 seconds
Received message from mqtt/iot-mqtt-b87f89884-vzhbh with latency 0.003 seconds
Received message from mqtt/iot-mqtt-b87f89884-8k54g with latency 0.003 seconds
Received message from mqtt/iot-mqtt-b87f89884-cbhpn with latency 0.003 seconds
Received message from mqtt/iot-mqtt-b87f89884-sq8hk with latency 0.003 seconds
Received message from mqtt/iot-mqtt-b87f89884-jb7g7 with latency 0.002 seconds
Received message from mqtt/iot-mqtt-b87f89884-flx64 with latency 0.004 seconds
Received message from mqtt/iot-mqtt-b87f89884-vgr6n with latency 0.002 seconds
Received message from mqtt/iot-mqtt-b87f89884-8k54g with latency 0.002 seconds
Received message from mqtt/iot-mqtt-b87f89884-cbhpn with latency 0.003 seconds
Received message from mqtt/iot-mqtt-b87f89884-sq8hk with latency 0.002 seconds
Received message from mqtt/iot-mqtt-b87f89884-flx64 with latency 0.001 seconds
Received message from mqtt/iot-mqtt-b87f89884-8h7ll with latency 0.003 seconds
Received message from mqtt/iot-mqtt-b87f89884-vgr6n with latency 0.001 seconds
Received message from mqtt/iot-mqtt-b87f89884-vzhbh with latency 0.005 seconds
Received message from mqtt/iot-mqtt-b87f89884-8k54g with latency 0.008 seconds
Received message from mqtt/iot-mqtt-b87f89884-cbhpn with latency 0.003 seconds
Received message from mqtt/iot-mqtt-b87f89884-sq8hk with latency 0.003 seconds
Received message from mqtt/iot-mqtt-b87f89884-jb7g7 with latency 0.002 seconds
Received message from mqtt/iot-mqtt-b87f89884-flx64 with latency 0.004 seconds
Received message from mqtt/iot-mqtt-b87f89884-8h7ll with latency 0.003 seconds
Received message from mqtt/iot-mqtt-b87f89884-vgr6n with latency 0.004 seconds
Received message from mqtt/iot-mqtt-b87f89884-8k54g with latency 0.003 seconds
Received message from mqtt/iot-mqtt-b87f89884-cbhpn with latency 0.004 seconds
Received message from mqtt/iot-mqtt-b87f89884-sq8hk with latency 0.003 seconds
Received message from mqtt/iot-mqtt-b87f89884-l9qzg with latency 0.004 seconds
Received message from mqtt/iot-mqtt-b87f89884-flx64 with latency 0.005 seconds
Received message from mqtt/iot-mqtt-b87f89884-8h7ll with latency 0.003 seconds
Received message from mqtt/iot-mqtt-b87f89884-vgr6n with latency 0.004 seconds
Received message from mqtt/iot-mqtt-b87f89884-vzhbh with latency 0.001 seconds
Received message from mqtt/iot-mqtt-b87f89884-8k54g with latency 0.002 seconds
Received message from mqtt/iot-mqtt-b87f89884-cbhpn with latency 0.002 seconds
Received message from mqtt/iot-mqtt-b87f89884-jb7g7 with latency 0.003 seconds
Received message from mqtt/iot-mqtt-b87f89884-flx64 with latency 0.004 seconds
Received message from mqtt/iot-mqtt-b87f89884-8h7ll with latency 0.003 seconds
Received message from mqtt/iot-mqtt-b87f89884-vgr6n with latency 0.004 seconds
Received message from mqtt/iot-mqtt-b87f89884-vzhbh with latency 0.002 seconds
Received message from mqtt/iot-mqtt-b87f89884-jb7g7 with latency 0.003 seconds
Received message from mqtt/iot-mqtt-b87f89884-l9qzg with latency 0.002 seconds
Received message from mqtt/iot-mqtt-b87f89884-5sbrd with latency 0.002 seconds
Received message from mqtt/iot-mqtt-b87f89884-flx64 with latency 0.002 seconds
Received message from mqtt/iot-mqtt-b87f89884-8h7ll with latency 0.002 seconds
Received message from mqtt/iot-mqtt-b87f89884-vgr6n with latency 0.002 seconds
Received message from mqtt/iot-mqtt-b87f89884-vzhbh with latency 0.001 seconds
Received message from mqtt/iot-mqtt-b87f89884-cbhpn with latency 0.001 seconds
Received message from mqtt/iot-mqtt-b87f89884-jb7g7 with latency 0.002 seconds
Received message from mqtt/iot-mqtt-b87f89884-l9qzg with latency 0.003 seconds
Received message from mqtt/iot-mqtt-b87f89884-5sbrd with latency 0.003 seconds
Received message from mqtt/iot-mqtt-b87f89884-flx64 with latency 0.003 seconds
Received message from mqtt/iot-mqtt-b87f89884-8h7ll with latency 0.002 seconds
Received message from mqtt/iot-mqtt-b87f89884-vzhbh with latency 0.003 seconds
Received message from mqtt/iot-mqtt-b87f89884-jb7g7 with latency 0.002 seconds
Received message from mqtt/iot-mqtt-b87f89884-l9qzg with latency 0.002 seconds
Received message from mqtt/iot-mqtt-b87f89884-5sbrd with latency 0.003 seconds
Received message from mqtt/iot-mqtt-b87f89884-flx64 with latency 0.002 seconds
Received message from mqtt/iot-mqtt-b87f89884-8h7ll with latency 0.003 seconds
Received message from mqtt/iot-mqtt-b87f89884-vgr6n with latency 0.002 seconds
Received message from mqtt/iot-mqtt-b87f89884-l9qzg with latency 0.005 seconds
Received message from mqtt/iot-mqtt-b87f89884-flx64 with latency 0.007 seconds
Received message from mqtt/iot-mqtt-b87f89884-8h7ll with latency 0.005 seconds
Received message from mqtt/iot-mqtt-b87f89884-vgr6n with latency 0.002 seconds
Received message from mqtt/iot-mqtt-b87f89884-vzhbh with latency 0.002 seconds
Received message from mqtt/iot-mqtt-b87f89884-sq8hk with latency 0.015 seconds
Received message from mqtt/iot-mqtt-b87f89884-jb7g7 with latency 0.003 seconds
Received message from mqtt/iot-mqtt-b87f89884-l9qzg with latency 0.004 seconds
Received message from mqtt/iot-mqtt-b87f89884-flx64 with latency 0.005 seconds
Received message from mqtt/iot-mqtt-b87f89884-8h7ll with latency 0.002 seconds
Received message from mqtt/iot-mqtt-b87f89884-vgr6n with latency 0.002 seconds
Received message from mqtt/iot-mqtt-b87f89884-vzhbh with latency 0.002 seconds
Received message from mqtt/iot-mqtt-b87f89884-sq8hk with latency 0.002 seconds
Received message from mqtt/iot-mqtt-b87f89884-jb7g7 with latency 0.002 seconds
Received message from mqtt/iot-mqtt-b87f89884-l9qzg with latency 0.003 seconds
Received message from mqtt/iot-mqtt-b87f89884-8h7ll with latency 0.003 seconds
Received message from mqtt/iot-mqtt-b87f89884-vgr6n with latency 0.002 seconds
Received message from mqtt/iot-mqtt-b87f89884-vzhbh with latency 0.002 seconds
Received message from mqtt/iot-mqtt-b87f89884-jb7g7 with latency 0.002 seconds
Received message from mqtt/iot-mqtt-b87f89884-l9qzg with latency 0.003 seconds
Received message from mqtt/iot-mqtt-b87f89884-8h7ll with latency 0.003 seconds
Received message from mqtt/iot-mqtt-b87f89884-vgr6n with latency 0.001 seconds
Received message from mqtt/iot-mqtt-b87f89884-cbhpn with latency 0.001 seconds
Received message from mqtt/iot-mqtt-b87f89884-l9qzg with latency 0.001 seconds
Received message from mqtt/iot-mqtt-b87f89884-flx64 with latency 0.004 seconds
Received message from mqtt/iot-mqtt-b87f89884-8h7ll with latency 0.003 seconds
Received message from mqtt/iot-mqtt-b87f89884-vgr6n with latency 0.001 seconds
Received message from mqtt/iot-mqtt-b87f89884-vzhbh with latency 0.003 seconds
Received message from mqtt/iot-mqtt-b87f89884-cbhpn with latency 0.001 seconds
Received message from mqtt/iot-mqtt-b87f89884-jb7g7 with latency 0.001 seconds
Received message from mqtt/iot-mqtt-b87f89884-l9qzg with latency 0.003 seconds
Received message from mqtt/iot-mqtt-b87f89884-5sbrd with latency 0.002 seconds
Received message from mqtt/iot-mqtt-b87f89884-8h7ll with latency 0.004 seconds
Received message from mqtt/iot-mqtt-b87f89884-vgr6n with latency 0.001 seconds
Received message from mqtt/iot-mqtt-b87f89884-vzhbh with latency 0.001 seconds
Received message from mqtt/iot-mqtt-b87f89884-cbhpn with latency 0.003 seconds
Received message from mqtt/iot-mqtt-b87f89884-jb7g7 with latency 0.002 seconds
Received message from mqtt/iot-mqtt-b87f89884-l9qzg with latency 0.002 seconds
Received message from mqtt/iot-mqtt-b87f89884-5sbrd with latency 0.003 seconds
Received message from mqtt/iot-mqtt-b87f89884-flx64 with latency 0.003 seconds
Received message from mqtt/iot-mqtt-b87f89884-8h7ll with latency 0.001 seconds
Received message from mqtt/iot-mqtt-b87f89884-vgr6n with latency 0.002 seconds
Received message from mqtt/iot-mqtt-b87f89884-cbhpn with latency 0.002 seconds
Received message from mqtt/iot-mqtt-b87f89884-jb7g7 with latency 0.001 seconds
Received message from mqtt/iot-mqtt-b87f89884-l9qzg with latency 0.001 seconds
Received message from mqtt/iot-mqtt-b87f89884-5sbrd with latency 0.004 seconds
Received message from mqtt/iot-mqtt-b87f89884-8h7ll with latency 0.003 seconds
Received message from mqtt/iot-mqtt-b87f89884-vgr6n with latency 0.002 seconds
Received message from mqtt/iot-mqtt-b87f89884-vzhbh with latency 0.002 seconds
Received message from mqtt/iot-mqtt-b87f89884-cbhpn with latency 0.001 seconds
Received message from mqtt/iot-mqtt-b87f89884-jb7g7 with latency 0.002 seconds
Received message from mqtt/iot-mqtt-b87f89884-l9qzg with latency 0.003 seconds
Received message from mqtt/iot-mqtt-b87f89884-5sbrd with latency 0.003 seconds
Received message from mqtt/iot-mqtt-b87f89884-8h7ll with latency 0.002 seconds
Received message from mqtt/iot-mqtt-b87f89884-vgr6n with latency 0.002 seconds
Received message from mqtt/iot-mqtt-b87f89884-vzhbh with latency 0.003 seconds
Received message from mqtt/iot-mqtt-b87f89884-8k54g with latency 0.001 seconds
Received message from mqtt/iot-mqtt-b87f89884-cbhpn with latency 0.002 seconds
Received message from mqtt/iot-mqtt-b87f89884-jb7g7 with latency 0.003 seconds
Received message from mqtt/iot-mqtt-b87f89884-l9qzg with latency 0.004 seconds
Received message from mqtt/iot-mqtt-b87f89884-5sbrd with latency 0.002 seconds
Received message from mqtt/iot-mqtt-b87f89884-flx64 with latency 0.004 seconds
Received message from mqtt/iot-mqtt-b87f89884-8h7ll with latency 0.003 seconds
Received message from mqtt/iot-mqtt-b87f89884-vgr6n with latency 0.003 seconds
Received message from mqtt/iot-mqtt-b87f89884-vzhbh with latency 0.002 seconds
Received message from mqtt/iot-mqtt-b87f89884-8k54g with latency 0.003 seconds
Received message from mqtt/iot-mqtt-b87f89884-cbhpn with latency 0.003 seconds
Received message from mqtt/iot-mqtt-b87f89884-sq8hk with latency 0.002 seconds
Received message from mqtt/iot-mqtt-b87f89884-jb7g7 with latency 0.003 seconds
Received message from mqtt/iot-mqtt-b87f89884-l9qzg with latency 0.003 seconds
Received message from mqtt/iot-mqtt-b87f89884-5sbrd with latency 0.002 seconds
Received message from mqtt/iot-mqtt-b87f89884-flx64 with latency 0.003 seconds
Received message from mqtt/iot-mqtt-b87f89884-8h7ll with latency 0.001 seconds
Received message from mqtt/iot-mqtt-b87f89884-vgr6n with latency 0.004 seconds
Received message from mqtt/iot-mqtt-b87f89884-vzhbh with latency 0.002 seconds
Received message from mqtt/iot-mqtt-b87f89884-8k54g with latency 0.002 seconds
Received message from mqtt/iot-mqtt-b87f89884-jb7g7 with latency 0.006 seconds
Received message from mqtt/iot-mqtt-b87f89884-l9qzg with latency 0.004 seconds
Received message from mqtt/iot-mqtt-b87f89884-5sbrd with latency 0.002 seconds
Received message from mqtt/iot-mqtt-b87f89884-8h7ll with latency 0.001 seconds
Received message from mqtt/iot-mqtt-b87f89884-vzhbh with latency 0.004 seconds
Received message from mqtt/iot-mqtt-b87f89884-8k54g with latency 0.003 seconds
Received message from mqtt/iot-mqtt-b87f89884-cbhpn with latency 0.002 seconds
Received message from mqtt/iot-mqtt-b87f89884-sq8hk with latency 0.004 seconds
Received message from mqtt/iot-mqtt-b87f89884-jb7g7 with latency 0.003 seconds
Received message from mqtt/iot-mqtt-b87f89884-l9qzg with latency 0.002 seconds
Received message from mqtt/iot-mqtt-b87f89884-flx64 with latency 0.007 seconds
Received message from mqtt/iot-mqtt-b87f89884-8h7ll with latency 0.002 seconds
Received message from mqtt/iot-mqtt-b87f89884-vgr6n with latency 0.004 seconds
Received message from mqtt/iot-mqtt-b87f89884-vzhbh with latency 0.002 seconds
Received message from mqtt/iot-mqtt-b87f89884-sq8hk with latency 0.002 seconds
Received message from mqtt/iot-mqtt-b87f89884-jb7g7 with latency 0.003 seconds
Received message from mqtt/iot-mqtt-b87f89884-l9qzg with latency 0.001 seconds
Received message from mqtt/iot-mqtt-b87f89884-5sbrd with latency 0.001 seconds
Received message from mqtt/iot-mqtt-b87f89884-8h7ll with latency 0.003 seconds
Received message from mqtt/iot-mqtt-b87f89884-vgr6n with latency 0.002 seconds
Received message from mqtt/iot-mqtt-b87f89884-8k54g with latency 0.003 seconds
Received message from mqtt/iot-mqtt-b87f89884-cbhpn with latency 0.001 seconds
Received message from mqtt/iot-mqtt-b87f89884-sq8hk with latency 0.003 seconds
Received message from mqtt/iot-mqtt-b87f89884-jb7g7 with latency 0.003 seconds
Received message from mqtt/iot-mqtt-b87f89884-l9qzg with latency 0.002 seconds
Received message from mqtt/iot-mqtt-b87f89884-5sbrd with latency 0.004 seconds
Received message from mqtt/iot-mqtt-b87f89884-flx64 with latency 0.002 seconds
Received message from mqtt/iot-mqtt-b87f89884-8h7ll with latency 0.002 seconds
Received message from mqtt/iot-mqtt-b87f89884-vgr6n with latency 0.002 seconds
Received message from mqtt/iot-mqtt-b87f89884-vzhbh with latency 0.003 seconds
Received message from mqtt/iot-mqtt-b87f89884-8k54g with latency 0.003 seconds
Received message from mqtt/iot-mqtt-b87f89884-cbhpn with latency 0.003 seconds
Received message from mqtt/iot-mqtt-b87f89884-sq8hk with latency 0.004 seconds
Received message from mqtt/iot-mqtt-b87f89884-jb7g7 with latency 0.002 seconds
Received message from mqtt/iot-mqtt-b87f89884-l9qzg with latency 0.002 seconds
Received message from mqtt/iot-mqtt-b87f89884-5sbrd with latency 0.003 seconds
Received message from mqtt/iot-mqtt-b87f89884-flx64 with latency 0.003 seconds
Received message from mqtt/iot-mqtt-b87f89884-8h7ll with latency 0.003 seconds
Received message from mqtt/iot-mqtt-b87f89884-vgr6n with latency 0.002 seconds
Received message from mqtt/iot-mqtt-b87f89884-vzhbh with latency 0.002 seconds
Received message from mqtt/iot-mqtt-b87f89884-8k54g with latency 0.003 seconds
Received message from mqtt/iot-mqtt-b87f89884-cbhpn with latency 0.003 seconds
Received message from mqtt/iot-mqtt-b87f89884-sq8hk with latency 0.001 seconds
Received message from mqtt/iot-mqtt-b87f89884-jb7g7 with latency 0.003 seconds
Received message from mqtt/iot-mqtt-b87f89884-l9qzg with latency 0.003 seconds
Received message from mqtt/iot-mqtt-b87f89884-5sbrd with latency 0.003 seconds
Received message from mqtt/iot-mqtt-b87f89884-flx64 with latency 0.003 seconds
Received message from mqtt/iot-mqtt-b87f89884-8h7ll with latency 0.003 seconds
Received message from mqtt/iot-mqtt-b87f89884-vgr6n with latency 0.002 seconds
Received message from mqtt/iot-mqtt-b87f89884-8k54g with latency 0.003 seconds
Received message from mqtt/iot-mqtt-b87f89884-cbhpn with latency 0.002 seconds
Received message from mqtt/iot-mqtt-b87f89884-sq8hk with latency 0.004 seconds
Received message from mqtt/iot-mqtt-b87f89884-5sbrd with latency 0.002 seconds
Received message from mqtt/iot-mqtt-b87f89884-flx64 with latency 0.009 seconds
Received message from mqtt/iot-mqtt-b87f89884-8h7ll with latency 0.001 seconds
Received message from mqtt/iot-mqtt-b87f89884-vgr6n with latency 0.003 seconds
Received message from mqtt/iot-mqtt-b87f89884-vzhbh with latency 0.002 seconds
Received message from mqtt/iot-mqtt-b87f89884-8k54g with latency 0.003 seconds
Received message from mqtt/iot-mqtt-b87f89884-cbhpn with latency 0.002 seconds
Received message from mqtt/iot-mqtt-b87f89884-l9qzg with latency 0.006 seconds
Received message from mqtt/iot-mqtt-b87f89884-5sbrd with latency 0.002 seconds
Received message from mqtt/iot-mqtt-b87f89884-flx64 with latency 0.003 seconds
Received message from mqtt/iot-mqtt-b87f89884-8h7ll with latency 0.003 seconds
Received message from mqtt/iot-mqtt-b87f89884-vgr6n with latency 0.002 seconds
Received message from mqtt/iot-mqtt-b87f89884-vzhbh with latency 0.002 seconds
Received message from mqtt/iot-mqtt-b87f89884-8k54g with latency 0.002 seconds
Received message from mqtt/iot-mqtt-b87f89884-cbhpn with latency 0.002 seconds
Received message from mqtt/iot-mqtt-b87f89884-sq8hk with latency 0.004 seconds
Received message from mqtt/iot-mqtt-b87f89884-jb7g7 with latency 0.003 seconds
Received message from mqtt/iot-mqtt-b87f89884-l9qzg with latency 0.005 seconds
Received message from mqtt/iot-mqtt-b87f89884-5sbrd with latency 0.002 seconds
Received message from mqtt/iot-mqtt-b87f89884-vgr6n with latency 0.002 seconds
[FAILURE] iot-mqtt-b87f89884-vzhbh is simulating a device failure. Stopping MQTT network loop for 40.0 seconds.
Received message from mqtt/iot-mqtt-b87f89884-8k54g with latency 0.002 seconds
[RECOVERY] iot-mqtt-b87f89884-vzhbh is back online and reconnecting to broker.
Connected to MQTT broker with result code 0
Received message from mqtt/iot-mqtt-b87f89884-cbhpn with latency 0.003 seconds
Received message from mqtt/iot-mqtt-b87f89884-sq8hk with latency 0.002 seconds
Received message from mqtt/iot-mqtt-b87f89884-jb7g7 with latency 0.003 seconds
Received message from mqtt/iot-mqtt-b87f89884-l9qzg with latency 0.002 seconds
Received message from mqtt/iot-mqtt-b87f89884-5sbrd with latency 0.001 seconds
Received message from mqtt/iot-mqtt-b87f89884-flx64 with latency 0.003 seconds
Received message from mqtt/iot-mqtt-b87f89884-vzhbh with latency 0.002 seconds
Received message from mqtt/iot-mqtt-b87f89884-cbhpn with latency 0.004 seconds
Received message from mqtt/iot-mqtt-b87f89884-sq8hk with latency 0.004 seconds
Received message from mqtt/iot-mqtt-b87f89884-5sbrd with latency 0.003 seconds
Received message from mqtt/iot-mqtt-b87f89884-flx64 with latency 0.003 seconds
Received message from mqtt/iot-mqtt-b87f89884-vzhbh with latency 0.002 seconds
Received message from mqtt/iot-mqtt-b87f89884-8k54g with latency 0.003 seconds
Received message from mqtt/iot-mqtt-b87f89884-sq8hk with latency 0.003 seconds
Received message from mqtt/iot-mqtt-b87f89884-jb7g7 with latency 0.003 seconds
Received message from mqtt/iot-mqtt-b87f89884-l9qzg with latency 0.002 seconds
Received message from mqtt/iot-mqtt-b87f89884-5sbrd with latency 0.002 seconds
Received message from mqtt/iot-mqtt-b87f89884-flx64 with latency 0.004 seconds
Received message from mqtt/iot-mqtt-b87f89884-vzhbh with latency 0.002 seconds
Received message from mqtt/iot-mqtt-b87f89884-cbhpn with latency 0.003 seconds
Received message from mqtt/iot-mqtt-b87f89884-sq8hk with latency 0.002 seconds
Received message from mqtt/iot-mqtt-b87f89884-l9qzg with latency 0.002 seconds
Received message from mqtt/iot-mqtt-b87f89884-5sbrd with latency 0.001 seconds
Received message from mqtt/iot-mqtt-b87f89884-vzhbh with latency 0.003 seconds
Received message from mqtt/iot-mqtt-b87f89884-8k54g with latency 0.002 seconds
Received message from mqtt/iot-mqtt-b87f89884-cbhpn with latency 0.002 seconds
Received message from mqtt/iot-mqtt-b87f89884-sq8hk with latency 0.003 seconds
Received message from mqtt/iot-mqtt-b87f89884-jb7g7 with latency 0.004 seconds
Received message from mqtt/iot-mqtt-b87f89884-5sbrd with latency 0.002 seconds
Received message from mqtt/iot-mqtt-b87f89884-flx64 with latency 0.002 seconds
Received message from mqtt/iot-mqtt-b87f89884-vgr6n with latency 0.004 seconds
Received message from mqtt/iot-mqtt-b87f89884-vzhbh with latency 0.002 seconds
Received message from mqtt/iot-mqtt-b87f89884-8k54g with latency 0.002 seconds
Received message from mqtt/iot-mqtt-b87f89884-cbhpn with latency 0.001 seconds
Received message from mqtt/iot-mqtt-b87f89884-sq8hk with latency 0.002 seconds
Received message from mqtt/iot-mqtt-b87f89884-jb7g7 with latency 0.004 seconds
Received message from mqtt/iot-mqtt-b87f89884-l9qzg with latency 0.003 seconds
Received message from mqtt/iot-mqtt-b87f89884-5sbrd with latency 0.002 seconds
Received message from mqtt/iot-mqtt-b87f89884-flx64 with latency 0.005 seconds
Received message from mqtt/iot-mqtt-b87f89884-8h7ll with latency 0.001 seconds
Received message from mqtt/iot-mqtt-b87f89884-vzhbh with latency 0.002 seconds
Received message from mqtt/iot-mqtt-b87f89884-8k54g with latency 0.002 seconds
Received message from mqtt/iot-mqtt-b87f89884-cbhpn with latency 0.002 seconds
Received message from mqtt/iot-mqtt-b87f89884-jb7g7 with latency 0.002 seconds
Received message from mqtt/iot-mqtt-b87f89884-l9qzg with latency 0.002 seconds
Received message from mqtt/iot-mqtt-b87f89884-5sbrd with latency 0.002 seconds
Received message from mqtt/iot-mqtt-b87f89884-flx64 with latency 0.002 seconds
Received message from mqtt/iot-mqtt-b87f89884-8h7ll with latency 0.002 seconds
Received message from mqtt/iot-mqtt-b87f89884-vgr6n with latency 0.002 seconds
Received message from mqtt/iot-mqtt-b87f89884-vzhbh with latency 0.001 seconds
Received message from mqtt/iot-mqtt-b87f89884-8k54g with latency 0.003 seconds
Received message from mqtt/iot-mqtt-b87f89884-cbhpn with latency 0.002 seconds
Received message from mqtt/iot-mqtt-b87f89884-l9qzg with latency 0.002 seconds
Received message from mqtt/iot-mqtt-b87f89884-flx64 with latency 0.004 seconds
Received message from mqtt/iot-mqtt-b87f89884-8h7ll with latency 0.002 seconds
Received message from mqtt/iot-mqtt-b87f89884-vzhbh with latency 0.002 seconds
Received message from mqtt/iot-mqtt-b87f89884-8k54g with latency 0.003 seconds
Received message from mqtt/iot-mqtt-b87f89884-cbhpn with latency 0.002 seconds
Received message from mqtt/iot-mqtt-b87f89884-l9qzg with latency 0.001 seconds
Received message from mqtt/iot-mqtt-b87f89884-5sbrd with latency 0.002 seconds
Received message from mqtt/iot-mqtt-b87f89884-8h7ll with latency 0.004 seconds
Received message from mqtt/iot-mqtt-b87f89884-vzhbh with latency 0.002 seconds
Received message from mqtt/iot-mqtt-b87f89884-8k54g with latency 0.002 seconds
Received message from mqtt/iot-mqtt-b87f89884-cbhpn with latency 0.001 seconds
Received message from mqtt/iot-mqtt-b87f89884-5sbrd with latency 0.002 seconds
Received message from mqtt/iot-mqtt-b87f89884-flx64 with latency 0.002 seconds
Received message from mqtt/iot-mqtt-b87f89884-vgr6n with latency 0.002 seconds
Received message from mqtt/iot-mqtt-b87f89884-8k54g with latency 0.002 seconds
Received message from mqtt/iot-mqtt-b87f89884-cbhpn with latency 0.002 seconds
Received message from mqtt/iot-mqtt-b87f89884-flx64 with latency 0.002 seconds
Received message from mqtt/iot-mqtt-b87f89884-8h7ll with latency 0.001 seconds
Received message from mqtt/iot-mqtt-b87f89884-vgr6n with latency 0.002 seconds
Received message from mqtt/iot-mqtt-b87f89884-vzhbh with latency 0.001 seconds
Received message from mqtt/iot-mqtt-b87f89884-8k54g with latency 0.001 seconds
Received message from mqtt/iot-mqtt-b87f89884-cbhpn with latency 0.002 seconds
Received message from mqtt/iot-mqtt-b87f89884-flx64 with latency 0.008 seconds
Received message from mqtt/iot-mqtt-b87f89884-vgr6n with latency 0.003 seconds
Received message from mqtt/iot-mqtt-b87f89884-vzhbh with latency 0.003 seconds
Received message from mqtt/iot-mqtt-b87f89884-8k54g with latency 0.001 seconds
Received message from mqtt/iot-mqtt-b87f89884-cbhpn with latency 0.003 seconds
Received message from mqtt/iot-mqtt-b87f89884-sq8hk with latency 0.003 seconds
Received message from mqtt/iot-mqtt-b87f89884-jb7g7 with latency 0.002 seconds
Received message from mqtt/iot-mqtt-b87f89884-5sbrd with latency 0.003 seconds
Received message from mqtt/iot-mqtt-b87f89884-flx64 with latency 0.002 seconds
Received message from mqtt/iot-mqtt-b87f89884-8h7ll with latency 0.006 seconds
Received message from mqtt/iot-mqtt-b87f89884-vgr6n with latency 0.002 seconds
Received message from mqtt/iot-mqtt-b87f89884-vzhbh with latency 0.002 seconds
Received message from mqtt/iot-mqtt-b87f89884-sq8hk with latency 0.006 seconds
Received message from mqtt/iot-mqtt-b87f89884-jb7g7 with latency 0.001 seconds
Received message from mqtt/iot-mqtt-b87f89884-5sbrd with latency 0.003 seconds
Received message from mqtt/iot-mqtt-b87f89884-flx64 with latency 0.003 seconds
Received message from mqtt/iot-mqtt-b87f89884-8h7ll with latency 0.003 seconds
Received message from mqtt/iot-mqtt-b87f89884-vgr6n with latency 0.002 seconds
Received message from mqtt/iot-mqtt-b87f89884-vzhbh with latency 0.003 seconds
Received message from mqtt/iot-mqtt-b87f89884-8k54g with latency 0.003 seconds
Received message from mqtt/iot-mqtt-b87f89884-cbhpn with latency 0.003 seconds
Received message from mqtt/iot-mqtt-b87f89884-sq8hk with latency 0.002 seconds
Received message from mqtt/iot-mqtt-b87f89884-jb7g7 with latency 0.002 seconds
Received message from mqtt/iot-mqtt-b87f89884-l9qzg with latency 0.001 seconds
Received message from mqtt/iot-mqtt-b87f89884-flx64 with latency 0.002 seconds
Received message from mqtt/iot-mqtt-b87f89884-8h7ll with latency 0.001 seconds
Received message from mqtt/iot-mqtt-b87f89884-vzhbh with latency 0.002 seconds
Received message from mqtt/iot-mqtt-b87f89884-8k54g with latency 0.003 seconds
Received message from mqtt/iot-mqtt-b87f89884-cbhpn with latency 0.002 seconds
Received message from mqtt/iot-mqtt-b87f89884-sq8hk with latency 0.003 seconds
Received message from mqtt/iot-mqtt-b87f89884-l9qzg with latency 0.003 seconds
Received message from mqtt/iot-mqtt-b87f89884-flx64 with latency 0.004 seconds
Received message from mqtt/iot-mqtt-b87f89884-8h7ll with latency 0.004 seconds
Received message from mqtt/iot-mqtt-b87f89884-vgr6n with latency 0.002 seconds
Received message from mqtt/iot-mqtt-b87f89884-vzhbh with latency 0.001 seconds
Received message from mqtt/iot-mqtt-b87f89884-8k54g with latency 0.001 seconds
Received message from mqtt/iot-mqtt-b87f89884-cbhpn with latency 0.002 seconds
Received message from mqtt/iot-mqtt-b87f89884-sq8hk with latency 0.001 seconds
Received message from mqtt/iot-mqtt-b87f89884-jb7g7 with latency 0.001 seconds
Received message from mqtt/iot-mqtt-b87f89884-l9qzg with latency 0.002 seconds
Received message from mqtt/iot-mqtt-b87f89884-flx64 with latency 0.003 seconds
Received message from mqtt/iot-mqtt-b87f89884-vgr6n with latency 0.002 seconds
Received message from mqtt/iot-mqtt-b87f89884-8k54g with latency 0.001 seconds
Received message from mqtt/iot-mqtt-b87f89884-cbhpn with latency 0.002 seconds
Received message from mqtt/iot-mqtt-b87f89884-sq8hk with latency 0.002 seconds
Received message from mqtt/iot-mqtt-b87f89884-jb7g7 with latency 0.001 seconds
Received message from mqtt/iot-mqtt-b87f89884-l9qzg with latency 0.002 seconds
Received message from mqtt/iot-mqtt-b87f89884-flx64 with latency 0.001 seconds
Received message from mqtt/iot-mqtt-b87f89884-8h7ll with latency 0.001 seconds
Received message from mqtt/iot-mqtt-b87f89884-vgr6n with latency 0.003 seconds
Received message from mqtt/iot-mqtt-b87f89884-8k54g with latency 0.002 seconds
Received message from mqtt/iot-mqtt-b87f89884-cbhpn with latency 0.001 seconds
Received message from mqtt/iot-mqtt-b87f89884-8h7ll with latency 0.003 seconds
Received message from mqtt/iot-mqtt-b87f89884-vgr6n with latency 0.001 seconds
Received message from mqtt/iot-mqtt-b87f89884-vzhbh with latency 0.001 seconds
Received message from mqtt/iot-mqtt-b87f89884-cbhpn with latency 0.001 seconds
Received message from mqtt/iot-mqtt-b87f89884-sq8hk with latency 0.001 seconds
Received message from mqtt/iot-mqtt-b87f89884-jb7g7 with latency 0.002 seconds
Received message from mqtt/iot-mqtt-b87f89884-l9qzg with latency 0.002 seconds
Received message from mqtt/iot-mqtt-b87f89884-flx64 with latency 0.003 seconds
Received message from mqtt/iot-mqtt-b87f89884-8h7ll with latency 0.002 seconds
Received message from mqtt/iot-mqtt-b87f89884-vgr6n with latency 0.003 seconds
Received message from mqtt/iot-mqtt-b87f89884-vzhbh with latency 0.002 seconds
Received message from mqtt/iot-mqtt-b87f89884-8k54g with latency 0.001 seconds
Received message from mqtt/iot-mqtt-b87f89884-cbhpn with latency 0.001 seconds
Received message from mqtt/iot-mqtt-b87f89884-sq8hk with latency 0.001 seconds
Received message from mqtt/iot-mqtt-b87f89884-l9qzg with latency 0.001 seconds
Received message from mqtt/iot-mqtt-b87f89884-5sbrd with latency 0.002 seconds
Received message from mqtt/iot-mqtt-b87f89884-flx64 with latency 0.001 seconds
Received message from mqtt/iot-mqtt-b87f89884-8h7ll with latency 0.002 seconds
Received message from mqtt/iot-mqtt-b87f89884-vzhbh with latency 0.001 seconds
Received message from mqtt/iot-mqtt-b87f89884-8k54g with latency 0.000 seconds
Received message from mqtt/iot-mqtt-b87f89884-cbhpn with latency 0.002 seconds
Received message from mqtt/iot-mqtt-b87f89884-jb7g7 with latency 0.001 seconds
Received message from mqtt/iot-mqtt-b87f89884-l9qzg with latency 0.001 seconds
Received message from mqtt/iot-mqtt-b87f89884-5sbrd with latency 0.003 seconds
Received message from mqtt/iot-mqtt-b87f89884-flx64 with latency 0.005 seconds
Received message from mqtt/iot-mqtt-b87f89884-8h7ll with latency 0.002 seconds
Received message from mqtt/iot-mqtt-b87f89884-vgr6n with latency 0.002 seconds
Received message from mqtt/iot-mqtt-b87f89884-vzhbh with latency 0.002 seconds
Received message from mqtt/iot-mqtt-b87f89884-8k54g with latency 0.002 seconds
Received message from mqtt/iot-mqtt-b87f89884-cbhpn with latency 0.002 seconds
Received message from mqtt/iot-mqtt-b87f89884-jb7g7 with latency 0.001 seconds
Received message from mqtt/iot-mqtt-b87f89884-l9qzg with latency 0.001 seconds
Received message from mqtt/iot-mqtt-b87f89884-5sbrd with latency 0.002 seconds
Received message from mqtt/iot-mqtt-b87f89884-8h7ll with latency 0.003 seconds
Received message from mqtt/iot-mqtt-b87f89884-vgr6n with latency 0.001 seconds
Received message from mqtt/iot-mqtt-b87f89884-vzhbh with latency 0.001 seconds
Received message from mqtt/iot-mqtt-b87f89884-8k54g with latency 0.001 seconds
Received message from mqtt/iot-mqtt-b87f89884-cbhpn with latency 0.001 seconds
Received message from mqtt/iot-mqtt-b87f89884-jb7g7 with latency 0.001 seconds
Received message from mqtt/iot-mqtt-b87f89884-l9qzg with latency 0.002 seconds
Received message from mqtt/iot-mqtt-b87f89884-5sbrd with latency 0.001 seconds
Received message from mqtt/iot-mqtt-b87f89884-8h7ll with latency 0.003 seconds
Received message from mqtt/iot-mqtt-b87f89884-vgr6n with latency 0.002 seconds
Received message from mqtt/iot-mqtt-b87f89884-vzhbh with latency 0.002 seconds
Received message from mqtt/iot-mqtt-b87f89884-8k54g with latency 0.001 seconds
Received message from mqtt/iot-mqtt-b87f89884-cbhpn with latency 0.002 seconds
Received message from mqtt/iot-mqtt-b87f89884-l9qzg with latency 0.003 seconds
Received message from mqtt/iot-mqtt-b87f89884-5sbrd with latency 0.003 seconds
Received message from mqtt/iot-mqtt-b87f89884-flx64 with latency 0.002 seconds
Received message from mqtt/iot-mqtt-b87f89884-8h7ll with latency 0.002 seconds
Received message from mqtt/iot-mqtt-b87f89884-vgr6n with latency 0.001 seconds
[FAILURE] iot-mqtt-b87f89884-vzhbh is simulating a device failure. Stopping MQTT network loop for 40.0 seconds.
Received message from mqtt/iot-mqtt-b87f89884-8k54g with latency 0.001 seconds
Received message from mqtt/iot-mqtt-b87f89884-cbhpn with latency 0.001 seconds
[RECOVERY] iot-mqtt-b87f89884-vzhbh is back online and reconnecting to broker.
Connected to MQTT broker with result code 0
Received message from mqtt/iot-mqtt-b87f89884-8k54g with latency 0.002 seconds
Received message from mqtt/iot-mqtt-b87f89884-cbhpn with latency 0.001 seconds
Received message from mqtt/iot-mqtt-b87f89884-jb7g7 with latency 0.002 seconds
Received message from mqtt/iot-mqtt-b87f89884-l9qzg with latency 0.001 seconds
Received message from mqtt/iot-mqtt-b87f89884-5sbrd with latency 0.003 seconds
Received message from mqtt/iot-mqtt-b87f89884-flx64 with latency 0.002 seconds
Received message from mqtt/iot-mqtt-b87f89884-vgr6n with latency 0.001 seconds
[FAILURE] iot-mqtt-b87f89884-vzhbh is simulating a device failure. Stopping MQTT network loop for 40.0 seconds.
Received message from mqtt/iot-mqtt-b87f89884-8k54g with latency 0.002 seconds
[RECOVERY] iot-mqtt-b87f89884-vzhbh is back online and reconnecting to broker.
Connected to MQTT broker with result code 0
Received message from mqtt/iot-mqtt-b87f89884-cbhpn with latency 0.003 seconds
Received message from mqtt/iot-mqtt-b87f89884-jb7g7 with latency 0.002 seconds
Received message from mqtt/iot-mqtt-b87f89884-l9qzg with latency 0.004 seconds
Received message from mqtt/iot-mqtt-b87f89884-vgr6n with latency 0.002 seconds
Received message from mqtt/iot-mqtt-b87f89884-vzhbh with latency 0.003 seconds
Received message from mqtt/iot-mqtt-b87f89884-8k54g with latency 0.003 seconds
Received message from mqtt/iot-mqtt-b87f89884-cbhpn with latency 0.002 seconds
Received message from mqtt/iot-mqtt-b87f89884-sq8hk with latency 0.001 seconds
Received message from mqtt/iot-mqtt-b87f89884-jb7g7 with latency 0.003 seconds
Received message from mqtt/iot-mqtt-b87f89884-l9qzg with latency 0.003 seconds
Received message from mqtt/iot-mqtt-b87f89884-flx64 with latency 0.008 seconds
Received message from mqtt/iot-mqtt-b87f89884-8h7ll with latency 0.004 seconds
Received message from mqtt/iot-mqtt-b87f89884-vgr6n with latency 0.001 seconds
Received message from mqtt/iot-mqtt-b87f89884-8k54g with latency 0.004 seconds
Received message from mqtt/iot-mqtt-b87f89884-cbhpn with latency 0.003 seconds
Received message from mqtt/iot-mqtt-b87f89884-sq8hk with latency 0.001 seconds
Received message from mqtt/iot-mqtt-b87f89884-l9qzg with latency 0.002 seconds
Received message from mqtt/iot-mqtt-b87f89884-5sbrd with latency 0.001 seconds
Received message from mqtt/iot-mqtt-b87f89884-flx64 with latency 0.003 seconds
Received message from mqtt/iot-mqtt-b87f89884-vgr6n with latency 0.003 seconds
Received message from mqtt/iot-mqtt-b87f89884-vzhbh with latency 0.003 seconds
Received message from mqtt/iot-mqtt-b87f89884-8k54g with latency 0.002 seconds
Received message from mqtt/iot-mqtt-b87f89884-cbhpn with latency 0.002 seconds
Received message from mqtt/iot-mqtt-b87f89884-sq8hk with latency 0.001 seconds
Received message from mqtt/iot-mqtt-b87f89884-jb7g7 with latency 0.003 seconds
Received message from mqtt/iot-mqtt-b87f89884-l9qzg with latency 0.002 seconds
Received message from mqtt/iot-mqtt-b87f89884-5sbrd with latency 0.002 seconds
Received message from mqtt/iot-mqtt-b87f89884-flx64 with latency 0.003 seconds
Received message from mqtt/iot-mqtt-b87f89884-8h7ll with latency 0.002 seconds
Received message from mqtt/iot-mqtt-b87f89884-vgr6n with latency 0.003 seconds
Received message from mqtt/iot-mqtt-b87f89884-cbhpn with latency 0.001 seconds
Received message from mqtt/iot-mqtt-b87f89884-sq8hk with latency 0.001 seconds
Received message from mqtt/iot-mqtt-b87f89884-jb7g7 with latency 0.002 seconds
Received message from mqtt/iot-mqtt-b87f89884-l9qzg with latency 0.003 seconds
Received message from mqtt/iot-mqtt-b87f89884-5sbrd with latency 0.003 seconds
Received message from mqtt/iot-mqtt-b87f89884-flx64 with latency 0.007 seconds
Received message from mqtt/iot-mqtt-b87f89884-8h7ll with latency 0.002 seconds
Received message from mqtt/iot-mqtt-b87f89884-vgr6n with latency 0.001 seconds
Received message from mqtt/iot-mqtt-b87f89884-vzhbh with latency 0.001 seconds
Received message from mqtt/iot-mqtt-b87f89884-8k54g with latency 0.004 seconds
Received message from mqtt/iot-mqtt-b87f89884-cbhpn with latency 0.002 seconds
Received message from mqtt/iot-mqtt-b87f89884-sq8hk with latency 0.001 seconds
Received message from mqtt/iot-mqtt-b87f89884-jb7g7 with latency 0.003 seconds
Received message from mqtt/iot-mqtt-b87f89884-l9qzg with latency 0.002 seconds
Received message from mqtt/iot-mqtt-b87f89884-5sbrd with latency 0.002 seconds
Received message from mqtt/iot-mqtt-b87f89884-flx64 with latency 0.001 seconds
Received message from mqtt/iot-mqtt-b87f89884-8h7ll with latency 0.003 seconds
Received message from mqtt/iot-mqtt-b87f89884-vzhbh with latency 0.002 seconds
Received message from mqtt/iot-mqtt-b87f89884-8k54g with latency 0.002 seconds
Received message from mqtt/iot-mqtt-b87f89884-cbhpn with latency 0.003 seconds
Received message from mqtt/iot-mqtt-b87f89884-jb7g7 with latency 0.001 seconds
Received message from mqtt/iot-mqtt-b87f89884-l9qzg with latency 0.002 seconds
Received message from mqtt/iot-mqtt-b87f89884-5sbrd with latency 0.001 seconds
Received message from mqtt/iot-mqtt-b87f89884-8h7ll with latency 0.003 seconds
Received message from mqtt/iot-mqtt-b87f89884-vgr6n with latency 0.001 seconds
Received message from mqtt/iot-mqtt-b87f89884-8k54g with latency 0.002 seconds
Received message from mqtt/iot-mqtt-b87f89884-cbhpn with latency 0.002 seconds
Received message from mqtt/iot-mqtt-b87f89884-sq8hk with latency 0.001 seconds
Received message from mqtt/iot-mqtt-b87f89884-l9qzg with latency 0.002 seconds
Received message from mqtt/iot-mqtt-b87f89884-5sbrd with latency 0.002 seconds
Received message from mqtt/iot-mqtt-b87f89884-vgr6n with latency 0.001 seconds
Received message from mqtt/iot-mqtt-b87f89884-vzhbh with latency 0.003 seconds
Received message from mqtt/iot-mqtt-b87f89884-8k54g with latency 0.003 seconds
Received message from mqtt/iot-mqtt-b87f89884-cbhpn with latency 0.002 seconds
Received message from mqtt/iot-mqtt-b87f89884-jb7g7 with latency 0.004 seconds
Received message from mqtt/iot-mqtt-b87f89884-l9qzg with latency 0.001 seconds
Received message from mqtt/iot-mqtt-b87f89884-5sbrd with latency 0.003 seconds
Received message from mqtt/iot-mqtt-b87f89884-vgr6n with latency 0.002 seconds
Received message from mqtt/iot-mqtt-b87f89884-vzhbh with latency 0.003 seconds
Received message from mqtt/iot-mqtt-b87f89884-8k54g with latency 0.002 seconds
Received message from mqtt/iot-mqtt-b87f89884-cbhpn with latency 0.002 seconds
Received message from mqtt/iot-mqtt-b87f89884-jb7g7 with latency 0.002 seconds
Received message from mqtt/iot-mqtt-b87f89884-5sbrd with latency 0.003 seconds
Received message from mqtt/iot-mqtt-b87f89884-vgr6n with latency 0.002 seconds
Received message from mqtt/iot-mqtt-b87f89884-sq8hk with latency 0.001 seconds
Received message from mqtt/iot-mqtt-b87f89884-jb7g7 with latency 0.002 seconds
Received message from mqtt/iot-mqtt-b87f89884-l9qzg with latency 0.001 seconds
Received message from mqtt/iot-mqtt-b87f89884-vgr6n with latency 0.003 seconds
Received message from mqtt/iot-mqtt-b87f89884-vzhbh with latency 0.001 seconds
Received message from mqtt/iot-mqtt-b87f89884-8k54g with latency 0.001 seconds
Received message from mqtt/iot-mqtt-b87f89884-jb7g7 with latency 0.001 seconds
Received message from mqtt/iot-mqtt-b87f89884-l9qzg with latency 0.002 seconds
Received message from mqtt/iot-mqtt-b87f89884-5sbrd with latency 0.001 seconds
Received message from mqtt/iot-mqtt-b87f89884-flx64 with latency 0.002 seconds
Received message from mqtt/iot-mqtt-b87f89884-vgr6n with latency 0.001 seconds
Received message from mqtt/iot-mqtt-b87f89884-vzhbh with latency 0.003 seconds
Received message from mqtt/iot-mqtt-b87f89884-sq8hk with latency 0.001 seconds
Received message from mqtt/iot-mqtt-b87f89884-jb7g7 with latency 0.002 seconds
Received message from mqtt/iot-mqtt-b87f89884-5sbrd with latency 0.001 seconds
Received message from mqtt/iot-mqtt-b87f89884-flx64 with latency 0.001 seconds
Received message from mqtt/iot-mqtt-b87f89884-8h7ll with latency 0.002 seconds
Received message from mqtt/iot-mqtt-b87f89884-vgr6n with latency 0.002 seconds
Received message from mqtt/iot-mqtt-b87f89884-vzhbh with latency 0.002 seconds
Received message from mqtt/iot-mqtt-b87f89884-8k54g with latency 0.001 seconds
Received message from mqtt/iot-mqtt-b87f89884-jb7g7 with latency 0.001 seconds
Received message from mqtt/iot-mqtt-b87f89884-l9qzg with latency 0.002 seconds
Received message from mqtt/iot-mqtt-b87f89884-5sbrd with latency 0.002 seconds
Received message from mqtt/iot-mqtt-b87f89884-flx64 with latency 0.001 seconds
Received message from mqtt/iot-mqtt-b87f89884-8h7ll with latency 0.001 seconds
Received message from mqtt/iot-mqtt-b87f89884-vzhbh with latency 0.002 seconds
Received message from mqtt/iot-mqtt-b87f89884-jb7g7 with latency 0.002 seconds
Received message from mqtt/iot-mqtt-b87f89884-l9qzg with latency 0.002 seconds
Received message from mqtt/iot-mqtt-b87f89884-8h7ll with latency 0.002 seconds
Received message from mqtt/iot-mqtt-b87f89884-vgr6n with latency 0.002 seconds
Received message from mqtt/iot-mqtt-b87f89884-vzhbh with latency 0.002 seconds
Received message from mqtt/iot-mqtt-b87f89884-cbhpn with latency 0.002 seconds
Received message from mqtt/iot-mqtt-b87f89884-jb7g7 with latency 0.002 seconds
Received message from mqtt/iot-mqtt-b87f89884-l9qzg with latency 0.001 seconds
Received message from mqtt/iot-mqtt-b87f89884-5sbrd with latency 0.002 seconds
Received message from mqtt/iot-mqtt-b87f89884-vgr6n with latency 0.001 seconds
Received message from mqtt/iot-mqtt-b87f89884-8k54g with latency 0.002 seconds
Received message from mqtt/iot-mqtt-b87f89884-cbhpn with latency 0.002 seconds
Received message from mqtt/iot-mqtt-b87f89884-jb7g7 with latency 0.002 seconds
Received message from mqtt/iot-mqtt-b87f89884-l9qzg with latency 0.004 seconds
Received message from mqtt/iot-mqtt-b87f89884-flx64 with latency 0.003 seconds
Received message from mqtt/iot-mqtt-b87f89884-vzhbh with latency 0.002 seconds
Received message from mqtt/iot-mqtt-b87f89884-8k54g with latency 0.002 seconds
Received message from mqtt/iot-mqtt-b87f89884-jb7g7 with latency 0.001 seconds
Received message from mqtt/iot-mqtt-b87f89884-l9qzg with latency 0.002 seconds
Received message from mqtt/iot-mqtt-b87f89884-5sbrd with latency 0.003 seconds
Received message from mqtt/iot-mqtt-b87f89884-flx64 with latency 0.002 seconds
Received message from mqtt/iot-mqtt-b87f89884-8h7ll with latency 0.003 seconds
Received message from mqtt/iot-mqtt-b87f89884-vgr6n with latency 0.003 seconds
Received message from mqtt/iot-mqtt-b87f89884-vzhbh with latency 0.002 seconds
Received message from mqtt/iot-mqtt-b87f89884-sq8hk with latency 0.000 seconds
Received message from mqtt/iot-mqtt-b87f89884-jb7g7 with latency 0.002 seconds
Received message from mqtt/iot-mqtt-b87f89884-flx64 with latency 0.002 seconds
Received message from mqtt/iot-mqtt-b87f89884-8h7ll with latency 0.001 seconds
Received message from mqtt/iot-mqtt-b87f89884-vgr6n with latency 0.002 seconds
Received message from mqtt/iot-mqtt-b87f89884-vzhbh with latency 0.002 seconds
Received message from mqtt/iot-mqtt-b87f89884-8k54g with latency 0.002 seconds
Received message from mqtt/iot-mqtt-b87f89884-jb7g7 with latency 0.001 seconds
Received message from mqtt/iot-mqtt-b87f89884-5sbrd with latency 0.002 seconds
Received message from mqtt/iot-mqtt-b87f89884-flx64 with latency 0.001 seconds
Received message from mqtt/iot-mqtt-b87f89884-8h7ll with latency 0.002 seconds
Received message from mqtt/iot-mqtt-b87f89884-8k54g with latency 0.003 seconds
Received message from mqtt/iot-mqtt-b87f89884-sq8hk with latency 0.001 seconds
Received message from mqtt/iot-mqtt-b87f89884-jb7g7 with latency 0.001 seconds
Received message from mqtt/iot-mqtt-b87f89884-l9qzg with latency 0.002 seconds
Received message from mqtt/iot-mqtt-b87f89884-5sbrd with latency 0.003 seconds
Received message from mqtt/iot-mqtt-b87f89884-flx64 with latency 0.004 seconds
Received message from mqtt/iot-mqtt-b87f89884-vgr6n with latency 0.003 seconds
Received message from mqtt/iot-mqtt-b87f89884-vzhbh with latency 0.002 seconds
Received message from mqtt/iot-mqtt-b87f89884-sq8hk with latency 0.001 seconds
Received message from mqtt/iot-mqtt-b87f89884-jb7g7 with latency 0.002 seconds
Received message from mqtt/iot-mqtt-b87f89884-5sbrd with latency 0.002 seconds
Received message from mqtt/iot-mqtt-b87f89884-flx64 with latency 0.002 seconds
Received message from mqtt/iot-mqtt-b87f89884-8h7ll with latency 0.001 seconds
Received message from mqtt/iot-mqtt-b87f89884-vgr6n with latency 0.001 seconds
Received message from mqtt/iot-mqtt-b87f89884-vzhbh with latency 0.001 seconds
Received message from mqtt/iot-mqtt-b87f89884-jb7g7 with latency 0.003 seconds
Received message from mqtt/iot-mqtt-b87f89884-l9qzg with latency 0.002 seconds
Received message from mqtt/iot-mqtt-b87f89884-8h7ll with latency 0.004 seconds
Received message from mqtt/iot-mqtt-b87f89884-vzhbh with latency 0.002 seconds
Received message from mqtt/iot-mqtt-b87f89884-cbhpn with latency 0.001 seconds
Received message from mqtt/iot-mqtt-b87f89884-jb7g7 with latency 0.002 seconds
Received message from mqtt/iot-mqtt-b87f89884-l9qzg with latency 0.002 seconds
Received message from mqtt/iot-mqtt-b87f89884-flx64 with latency 0.001 seconds
Received message from mqtt/iot-mqtt-b87f89884-8h7ll with latency 0.002 seconds
Received message from mqtt/iot-mqtt-b87f89884-vgr6n with latency 0.001 seconds
Received message from mqtt/iot-mqtt-b87f89884-cbhpn with latency 0.001 seconds
Received message from mqtt/iot-mqtt-b87f89884-jb7g7 with latency 0.000 seconds
Received message from mqtt/iot-mqtt-b87f89884-l9qzg with latency 0.002 seconds
Received message from mqtt/iot-mqtt-b87f89884-5sbrd with latency 0.002 seconds
Received message from mqtt/iot-mqtt-b87f89884-flx64 with latency 0.001 seconds
Received message from mqtt/iot-mqtt-b87f89884-vgr6n with latency 0.003 seconds
Received message from mqtt/iot-mqtt-b87f89884-vzhbh with latency 0.002 seconds
Received message from mqtt/iot-mqtt-b87f89884-cbhpn with latency 0.001 seconds
Received message from mqtt/iot-mqtt-b87f89884-jb7g7 with latency 0.002 seconds
Received message from mqtt/iot-mqtt-b87f89884-l9qzg with latency 0.010 seconds
Received message from mqtt/iot-mqtt-b87f89884-5sbrd with latency 0.002 seconds
Received message from mqtt/iot-mqtt-b87f89884-flx64 with latency 0.003 seconds
Received message from mqtt/iot-mqtt-b87f89884-8h7ll with latency 0.002 seconds
Received message from mqtt/iot-mqtt-b87f89884-vgr6n with latency 0.002 seconds
Received message from mqtt/iot-mqtt-b87f89884-vzhbh with latency 0.003 seconds
Received message from mqtt/iot-mqtt-b87f89884-8k54g with latency 0.003 seconds
Received message from mqtt/iot-mqtt-b87f89884-cbhpn with latency 0.002 seconds
Received message from mqtt/iot-mqtt-b87f89884-jb7g7 with latency 0.001 seconds
Received message from mqtt/iot-mqtt-b87f89884-5sbrd with latency 0.002 seconds
Received message from mqtt/iot-mqtt-b87f89884-flx64 with latency 0.002 seconds
Received message from mqtt/iot-mqtt-b87f89884-8h7ll with latency 0.001 seconds
Received message from mqtt/iot-mqtt-b87f89884-vgr6n with latency 0.002 seconds
Received message from mqtt/iot-mqtt-b87f89884-vzhbh with latency 0.001 seconds
Received message from mqtt/iot-mqtt-b87f89884-8k54g with latency 0.002 seconds
Received message from mqtt/iot-mqtt-b87f89884-cbhpn with latency 0.001 seconds
Received message from mqtt/iot-mqtt-b87f89884-sq8hk with latency 0.001 seconds
Received message from mqtt/iot-mqtt-b87f89884-jb7g7 with latency 0.002 seconds
Received message from mqtt/iot-mqtt-b87f89884-flx64 with latency 0.002 seconds
Received message from mqtt/iot-mqtt-b87f89884-vgr6n with latency 0.002 seconds
[FAILURE] iot-mqtt-b87f89884-vzhbh is simulating a device failure. Stopping MQTT network loop for 40.0 seconds.
Received message from mqtt/iot-mqtt-b87f89884-8k54g with latency 0.002 seconds
Received message from mqtt/iot-mqtt-b87f89884-cbhpn with latency 0.002 seconds
[RECOVERY] iot-mqtt-b87f89884-vzhbh is back online and reconnecting to broker.
Connected to MQTT broker with result code 0
Received message from mqtt/iot-mqtt-b87f89884-cbhpn with latency 0.001 seconds
Received message from mqtt/iot-mqtt-b87f89884-l9qzg with latency 0.001 seconds
