/app/mqtt_device.py:16: DeprecationWarning: Callback API version 1 is deprecated, update to latest version
  mqtt_client = mqtt.Client()
 * Serving Flask app 'mqtt_device'
 * Debug mode: off
[31m[1mWARNING: This is a development server. Do not use it in a production deployment. Use a production WSGI server instead.[0m
 * Running on all addresses (0.0.0.0)
 * Running on http://127.0.0.1:5000
 * Running on http://10.244.3.89:5000
[33mPress CTRL+C to quit[0m
Connected to MQTT broker with result code 0
Received message from mqtt/iot-mqtt-b79759f6-rlcms with latency 0.001 seconds
Received message from mqtt/iot-mqtt-b79759f6-c8fl6 with latency 0.001 seconds
Received message from mqtt/iot-mqtt-97446bd57-z57fp with latency 0.001 seconds
Received message from mqtt/iot-mqtt-97446bd57-kwckn with latency 0.001 seconds
Received message from mqtt/iot-mqtt-b79759f6-5gbgm with latency 0.078 seconds
Received message from mqtt/iot-mqtt-b79759f6-xnlxh with latency 0.001 seconds
Received message from mqtt/iot-mqtt-97446bd57-nhp7z with latency 0.001 seconds
Received message from mqtt/iot-mqtt-97446bd57-w2p5q with latency 0.000 seconds
Received message from mqtt/iot-mqtt-b79759f6-h2z5t with latency 0.002 seconds
Received message from mqtt/iot-mqtt-97446bd57-75ffd with latency 0.002 seconds
Received message from mqtt/iot-mqtt-97446bd57-bjdvp with latency 0.003 seconds
Received message from mqtt/iot-mqtt-b79759f6-rlcms with latency 0.002 seconds
Received message from mqtt/iot-mqtt-b79759f6-c8fl6 with latency 0.003 seconds
Received message from mqtt/iot-mqtt-97446bd57-z57fp with latency 0.003 seconds
Received message from mqtt/iot-mqtt-b79759f6-z6w6k with latency 0.002 seconds
Received message from mqtt/iot-mqtt-b79759f6-5gbgm with latency 0.002 seconds
Received message from mqtt/iot-mqtt-97446bd57-wdcbf with latency 0.001 seconds
Received message from mqtt/iot-mqtt-b79759f6-xnlxh with latency 0.004 seconds
Received message from mqtt/iot-mqtt-97446bd57-g5rxm with latency 0.002 seconds
Received message from mqtt/iot-mqtt-97446bd57-w2p5q with latency 0.003 seconds
Received message from mqtt/iot-mqtt-b79759f6-bcm7d with latency 0.003 seconds
Received message from mqtt/iot-mqtt-b79759f6-h2z5t with latency 0.002 seconds
Received message from mqtt/iot-mqtt-97446bd57-75ffd with latency 0.003 seconds
Received message from mqtt/iot-mqtt-97446bd57-bjdvp with latency 0.003 seconds
Received message from mqtt/iot-mqtt-b79759f6-rlcms with latency 0.002 seconds
Received message from mqtt/iot-mqtt-b79759f6-c8fl6 with latency 0.001 seconds
Received message from mqtt/iot-mqtt-97446bd57-kwckn with latency 0.001 seconds
Received message from mqtt/iot-mqtt-97446bd57-z57fp with latency 0.003 seconds
Received message from mqtt/iot-mqtt-b79759f6-z6w6k with latency 0.003 seconds
Received message from mqtt/iot-mqtt-b79759f6-5gbgm with latency 0.003 seconds
Received message from mqtt/iot-mqtt-97446bd57-wdcbf with latency 0.002 seconds
Received message from mqtt/iot-mqtt-b79759f6-xnlxh with latency 0.003 seconds
Received message from mqtt/iot-mqtt-97446bd57-g5rxm with latency 0.005 seconds
Received message from mqtt/iot-mqtt-b79759f6-wgb4s with latency 0.001 seconds
Received message from mqtt/iot-mqtt-97446bd57-nhp7z with latency 0.003 seconds
Received message from mqtt/iot-mqtt-97446bd57-w2p5q with latency 0.002 seconds
Received message from mqtt/iot-mqtt-b79759f6-bcm7d with latency 0.002 seconds
Received message from mqtt/iot-mqtt-b79759f6-h2z5t with latency 0.002 seconds
Received message from mqtt/iot-mqtt-97446bd57-75ffd with latency 0.002 seconds
Received message from mqtt/iot-mqtt-97446bd57-bjdvp with latency 0.003 seconds
Received message from mqtt/iot-mqtt-b79759f6-rlcms with latency 0.005 seconds
Received message from mqtt/iot-mqtt-b79759f6-c8fl6 with latency 0.001 seconds
Received message from mqtt/iot-mqtt-b79759f6-z6w6k with latency 0.000 seconds
Received message from mqtt/iot-mqtt-b79759f6-5gbgm with latency 0.000 seconds
Received message from mqtt/iot-mqtt-b79759f6-xnlxh with latency 0.000 seconds
Received message from mqtt/iot-mqtt-b79759f6-bcm7d with latency 0.001 seconds
Received message from mqtt/iot-mqtt-b79759f6-h2z5t with latency 0.002 seconds
Received message from mqtt/iot-mqtt-b79759f6-rlcms with latency 0.001 seconds
Received message from mqtt/iot-mqtt-b79759f6-c8fl6 with latency 0.001 seconds
Received message from mqtt/iot-mqtt-b79759f6-z6w6k with latency 0.003 seconds
Received message from mqtt/iot-mqtt-b79759f6-5gbgm with latency 0.001 seconds
Received message from mqtt/iot-mqtt-b79759f6-wgb4s with latency 0.002 seconds
Received message from mqtt/iot-mqtt-b79759f6-h2z5t with latency 0.002 seconds
Received message from mqtt/iot-mqtt-b79759f6-rlcms with latency 0.001 seconds
Received message from mqtt/iot-mqtt-b79759f6-c8fl6 with latency 0.002 seconds
Received message from mqtt/iot-mqtt-b79759f6-dlq5d with latency 0.001 seconds
Received message from mqtt/iot-mqtt-b79759f6-z6w6k with latency 0.002 seconds
Received message from mqtt/iot-mqtt-b79759f6-5gbgm with latency 0.002 seconds
Received message from mqtt/iot-mqtt-b79759f6-xnlxh with latency 0.002 seconds
Received message from mqtt/iot-mqtt-b79759f6-wgb4s with latency 0.001 seconds
Received message from mqtt/iot-mqtt-b79759f6-h2z5t with latency 0.001 seconds
Received message from mqtt/iot-mqtt-b79759f6-c8fl6 with latency 0.001 seconds
Received message from mqtt/iot-mqtt-b79759f6-dlq5d with latency 0.001 seconds
Received message from mqtt/iot-mqtt-b79759f6-5gbgm with latency 0.001 seconds
Received message from mqtt/iot-mqtt-b79759f6-xnlxh with latency 0.000 seconds
Received message from mqtt/iot-mqtt-b79759f6-wgb4s with latency 0.002 seconds
Received message from mqtt/iot-mqtt-b79759f6-bcm7d with latency 0.000 seconds
Received message from mqtt/iot-mqtt-b79759f6-vkmpx with latency 0.002 seconds
Received message from mqtt/iot-mqtt-b79759f6-rlcms with latency 0.002 seconds
Received message from mqtt/iot-mqtt-b79759f6-c8fl6 with latency 0.000 seconds
Received message from mqtt/iot-mqtt-b79759f6-dlq5d with latency 0.001 seconds
Received message from mqtt/iot-mqtt-b79759f6-z6w6k with latency 0.001 seconds
Received message from mqtt/iot-mqtt-b79759f6-5gbgm with latency 0.001 seconds
Received message from mqtt/iot-mqtt-b79759f6-xnlxh with latency 0.001 seconds
Received message from mqtt/iot-mqtt-b79759f6-wgb4s with latency 0.001 seconds
Received message from mqtt/iot-mqtt-b79759f6-vkmpx with latency 0.002 seconds
Received message from mqtt/iot-mqtt-b79759f6-c8fl6 with latency 0.001 seconds
Received message from mqtt/iot-mqtt-b79759f6-dlq5d with latency 0.002 seconds
Received message from mqtt/iot-mqtt-b79759f6-5gbgm with latency 0.001 seconds
Received message from mqtt/iot-mqtt-b79759f6-xnlxh with latency 0.001 seconds
Received message from mqtt/iot-mqtt-b79759f6-vkmpx with latency 0.002 seconds
Received message from mqtt/iot-mqtt-b79759f6-rlcms with latency 0.000 seconds
Received message from mqtt/iot-mqtt-b79759f6-c8fl6 with latency 0.002 seconds
Received message from mqtt/iot-mqtt-b79759f6-dlq5d with latency 0.002 seconds
Received message from mqtt/iot-mqtt-b79759f6-z6w6k with latency 0.002 seconds
Received message from mqtt/iot-mqtt-b79759f6-xnlxh with latency 0.002 seconds
Received message from mqtt/iot-mqtt-b79759f6-rlcms with latency 0.001 seconds
Received message from mqtt/iot-mqtt-b79759f6-c8fl6 with latency 0.001 seconds
Received message from mqtt/iot-mqtt-b79759f6-dlq5d with latency 0.001 seconds
Received message from mqtt/iot-mqtt-b79759f6-xnlxh with latency 0.001 seconds
Received message from mqtt/iot-mqtt-b79759f6-vkmpx with latency 0.002 seconds
Received message from mqtt/iot-mqtt-b79759f6-rlcms with latency 0.001 seconds
Received message from mqtt/iot-mqtt-b79759f6-c8fl6 with latency 0.002 seconds
Received message from mqtt/iot-mqtt-b79759f6-dlq5d with latency 0.000 seconds
Received message from mqtt/iot-mqtt-b79759f6-5gbgm with latency 0.001 seconds
Received message from mqtt/iot-mqtt-b79759f6-h2z5t with latency 0.001 seconds
Received message from mqtt/iot-mqtt-b79759f6-rlcms with latency 0.002 seconds
Received message from mqtt/iot-mqtt-b79759f6-dlq5d with latency 0.001 seconds
Received message from mqtt/iot-mqtt-b79759f6-5gbgm with latency 0.001 seconds
Received message from mqtt/iot-mqtt-b79759f6-bcm7d with latency 0.002 seconds
Received message from mqtt/iot-mqtt-b79759f6-h2z5t with latency 0.002 seconds
Received message from mqtt/iot-mqtt-b79759f6-rlcms with latency 0.001 seconds
Received message from mqtt/iot-mqtt-b79759f6-c8fl6 with latency 0.001 seconds
Received message from mqtt/iot-mqtt-b79759f6-dlq5d with latency 0.002 seconds
Received message from mqtt/iot-mqtt-b79759f6-z6w6k with latency 0.001 seconds
Received message from mqtt/iot-mqtt-b79759f6-bcm7d with latency 0.003 seconds
Received message from mqtt/iot-mqtt-b79759f6-h2z5t with latency 0.001 seconds
Received message from mqtt/iot-mqtt-b79759f6-rlcms with latency 0.000 seconds
Received message from mqtt/iot-mqtt-b79759f6-c8fl6 with latency 0.005 seconds
Received message from mqtt/iot-mqtt-b79759f6-dlq5d with latency 0.001 seconds
Received message from mqtt/iot-mqtt-b79759f6-wgb4s with latency 0.001 seconds
Received message from mqtt/iot-mqtt-b79759f6-bcm7d with latency 0.002 seconds
Received message from mqtt/iot-mqtt-b79759f6-h2z5t with latency 0.002 seconds
Received message from mqtt/iot-mqtt-b79759f6-dlq5d with latency 0.005 seconds
Received message from mqtt/iot-mqtt-b79759f6-c8fl6 with latency 0.002 seconds
Received message from mqtt/iot-mqtt-b79759f6-wgb4s with latency 0.002 seconds
Received message from mqtt/iot-mqtt-b79759f6-bcm7d with latency 0.001 seconds
Received message from mqtt/iot-mqtt-b79759f6-h2z5t with latency 0.002 seconds
Received message from mqtt/iot-mqtt-b79759f6-rlcms with latency 0.002 seconds
Received message from mqtt/iot-mqtt-b79759f6-dlq5d with latency 0.001 seconds
Received message from mqtt/iot-mqtt-b79759f6-xnlxh with latency 0.002 seconds
Received message from mqtt/iot-mqtt-b79759f6-wgb4s with latency 0.001 seconds
Received message from mqtt/iot-mqtt-b79759f6-bcm7d with latency 0.001 seconds
Received message from mqtt/iot-mqtt-b79759f6-h2z5t with latency 0.002 seconds
Received message from mqtt/iot-mqtt-b79759f6-vkmpx with latency 0.001 seconds
Received message from mqtt/iot-mqtt-b79759f6-rlcms with latency 0.001 seconds
Received message from mqtt/iot-mqtt-b79759f6-c8fl6 with latency 0.001 seconds
Received message from mqtt/iot-mqtt-b79759f6-dlq5d with latency 0.001 seconds
Received message from mqtt/iot-mqtt-b79759f6-xnlxh with latency 0.002 seconds
Received message from mqtt/iot-mqtt-b79759f6-wgb4s with latency 0.002 seconds
Received message from mqtt/iot-mqtt-b79759f6-bcm7d with latency 0.001 seconds
Received message from mqtt/iot-mqtt-b79759f6-vkmpx with latency 0.000 seconds
Received message from mqtt/iot-mqtt-b79759f6-c8fl6 with latency 0.002 seconds
Received message from mqtt/iot-mqtt-b79759f6-dlq5d with latency 0.008 seconds
Received message from mqtt/iot-mqtt-b79759f6-5gbgm with latency 0.001 seconds
Received message from mqtt/iot-mqtt-b79759f6-xnlxh with latency 0.001 seconds
Received message from mqtt/iot-mqtt-b79759f6-wgb4s with latency 0.003 seconds
Received message from mqtt/iot-mqtt-b79759f6-bcm7d with latency 0.001 seconds
Received message from mqtt/iot-mqtt-b79759f6-vkmpx with latency 0.001 seconds
Received message from mqtt/iot-mqtt-b79759f6-dlq5d with latency 0.002 seconds
Received message from mqtt/iot-mqtt-b79759f6-z6w6k with latency 0.001 seconds
Received message from mqtt/iot-mqtt-b79759f6-5gbgm with latency 0.001 seconds
Received message from mqtt/iot-mqtt-b79759f6-xnlxh with latency 0.001 seconds
Received message from mqtt/iot-mqtt-b79759f6-h2z5t with latency 0.001 seconds
Received message from mqtt/iot-mqtt-b79759f6-vkmpx with latency 0.001 seconds
Received message from mqtt/iot-mqtt-b79759f6-rlcms with latency 0.004 seconds
Received message from mqtt/iot-mqtt-b79759f6-c8fl6 with latency 0.001 seconds
Received message from mqtt/iot-mqtt-b79759f6-dlq5d with latency 0.031 seconds
Received message from mqtt/iot-mqtt-b79759f6-z6w6k with latency 0.002 seconds
Received message from mqtt/iot-mqtt-b79759f6-xnlxh with latency 0.006 seconds
Received message from mqtt/iot-mqtt-b79759f6-wgb4s with latency 0.001 seconds
Received message from mqtt/iot-mqtt-b79759f6-h2z5t with latency 0.001 seconds
Received message from mqtt/iot-mqtt-b79759f6-rlcms with latency 0.001 seconds
Received message from mqtt/iot-mqtt-b79759f6-c8fl6 with latency 0.003 seconds
Received message from mqtt/iot-mqtt-b79759f6-dlq5d with latency 0.002 seconds
Received message from mqtt/iot-mqtt-b79759f6-z6w6k with latency 0.002 seconds
Received message from mqtt/iot-mqtt-b79759f6-5gbgm with latency 0.001 seconds
Received message from mqtt/iot-mqtt-b79759f6-xnlxh with latency 0.001 seconds
Received message from mqtt/iot-mqtt-b79759f6-wgb4s with latency 0.002 seconds
Received message from mqtt/iot-mqtt-b79759f6-bcm7d with latency 0.001 seconds
Received message from mqtt/iot-mqtt-b79759f6-h2z5t with latency 0.002 seconds
Received message from mqtt/iot-mqtt-b79759f6-vkmpx with latency 0.003 seconds
Received message from mqtt/iot-mqtt-b79759f6-rlcms with latency 0.003 seconds
Received message from mqtt/iot-mqtt-b79759f6-c8fl6 with latency 0.003 seconds
Received message from mqtt/iot-mqtt-b79759f6-dlq5d with latency 0.002 seconds
Received message from mqtt/iot-mqtt-b79759f6-z6w6k with latency 0.003 seconds
Received message from mqtt/iot-mqtt-b79759f6-5gbgm with latency 0.002 seconds
Received message from mqtt/iot-mqtt-b79759f6-xnlxh with latency 0.001 seconds
Received message from mqtt/iot-mqtt-b79759f6-wgb4s with latency 0.001 seconds
Received message from mqtt/iot-mqtt-b79759f6-bcm7d with latency 0.001 seconds
Received message from mqtt/iot-mqtt-b79759f6-h2z5t with latency 0.001 seconds
Received message from mqtt/iot-mqtt-b79759f6-vkmpx with latency 0.002 seconds
Received message from mqtt/iot-mqtt-b79759f6-c8fl6 with latency 0.004 seconds
Received message from mqtt/iot-mqtt-b79759f6-dlq5d with latency 0.001 seconds
Received message from mqtt/iot-mqtt-b79759f6-wgb4s with latency 0.009 seconds
Received message from mqtt/iot-mqtt-b79759f6-h2z5t with latency 0.001 seconds
Received message from mqtt/iot-mqtt-b79759f6-vkmpx with latency 0.002 seconds
Received message from mqtt/iot-mqtt-b79759f6-rlcms with latency 0.002 seconds
Received message from mqtt/iot-mqtt-b79759f6-c8fl6 with latency 0.001 seconds
Received message from mqtt/iot-mqtt-b79759f6-dlq5d with latency 0.027 seconds
Received message from mqtt/iot-mqtt-b79759f6-z6w6k with latency 0.001 seconds
Received message from mqtt/iot-mqtt-b79759f6-xnlxh with latency 0.002 seconds
Received message from mqtt/iot-mqtt-b79759f6-wgb4s with latency 0.001 seconds
Received message from mqtt/iot-mqtt-b79759f6-bcm7d with latency 0.001 seconds
Received message from mqtt/iot-mqtt-b79759f6-h2z5t with latency 0.002 seconds
Received message from mqtt/iot-mqtt-b79759f6-vkmpx with latency 0.001 seconds
Received message from mqtt/iot-mqtt-b79759f6-c8fl6 with latency 0.001 seconds
Received message from mqtt/iot-mqtt-b79759f6-dlq5d with latency 0.001 seconds
Received message from mqtt/iot-mqtt-b79759f6-z6w6k with latency 0.001 seconds
Received message from mqtt/iot-mqtt-b79759f6-wgb4s with latency 0.002 seconds
Received message from mqtt/iot-mqtt-b79759f6-bcm7d with latency 0.002 seconds
Received message from mqtt/iot-mqtt-b79759f6-vkmpx with latency 0.003 seconds
Received message from mqtt/iot-mqtt-b79759f6-rlcms with latency 0.002 seconds
Received message from mqtt/iot-mqtt-b79759f6-c8fl6 with latency 0.003 seconds
Received message from mqtt/iot-mqtt-b79759f6-z6w6k with latency 0.002 seconds
Received message from mqtt/iot-mqtt-b79759f6-xnlxh with latency 0.002 seconds
Received message from mqtt/iot-mqtt-b79759f6-wgb4s with latency 0.001 seconds
Received message from mqtt/iot-mqtt-b79759f6-bcm7d with latency 0.002 seconds
Received message from mqtt/iot-mqtt-b79759f6-h2z5t with latency 0.001 seconds
Received message from mqtt/iot-mqtt-b79759f6-vkmpx with latency 0.001 seconds
Received message from mqtt/iot-mqtt-b79759f6-rlcms with latency 0.001 seconds
Received message from mqtt/iot-mqtt-b79759f6-dlq5d with latency 0.001 seconds
Received message from mqtt/iot-mqtt-b79759f6-z6w6k with latency 0.001 seconds
Received message from mqtt/iot-mqtt-b79759f6-wgb4s with latency 0.002 seconds
Received message from mqtt/iot-mqtt-b79759f6-bcm7d with latency 0.001 seconds
Received message from mqtt/iot-mqtt-b79759f6-h2z5t with latency 0.002 seconds
Received message from mqtt/iot-mqtt-b79759f6-vkmpx with latency 0.002 seconds
Received message from mqtt/iot-mqtt-b79759f6-rlcms with latency 0.002 seconds
Received message from mqtt/iot-mqtt-b79759f6-c8fl6 with latency 0.002 seconds
Received message from mqtt/iot-mqtt-b79759f6-dlq5d with latency 0.014 seconds
Received message from mqtt/iot-mqtt-b79759f6-xnlxh with latency 0.001 seconds
Received message from mqtt/iot-mqtt-b79759f6-wgb4s with latency 0.001 seconds
Received message from mqtt/iot-mqtt-b79759f6-h2z5t with latency 0.001 seconds
Received message from mqtt/iot-mqtt-b79759f6-c8fl6 with latency 0.002 seconds
Received message from mqtt/iot-mqtt-b79759f6-z6w6k with latency 0.001 seconds
Received message from mqtt/iot-mqtt-b79759f6-5gbgm with latency 0.002 seconds
Received message from mqtt/iot-mqtt-b79759f6-xnlxh with latency 0.001 seconds
Received message from mqtt/iot-mqtt-b79759f6-wgb4s with latency 0.002 seconds
Received message from mqtt/iot-mqtt-b79759f6-bcm7d with latency 0.002 seconds
Received message from mqtt/iot-mqtt-b79759f6-c8fl6 with latency 0.002 seconds
Received message from mqtt/iot-mqtt-b79759f6-dlq5d with latency 0.001 seconds
Received message from mqtt/iot-mqtt-b79759f6-z6w6k with latency 0.001 seconds
Received message from mqtt/iot-mqtt-b79759f6-5gbgm with latency 0.001 seconds
Received message from mqtt/iot-mqtt-b79759f6-xnlxh with latency 0.001 seconds
Received message from mqtt/iot-mqtt-b79759f6-wgb4s with latency 0.002 seconds
Received message from mqtt/iot-mqtt-b79759f6-h2z5t with latency 0.002 seconds
Received message from mqtt/iot-mqtt-b79759f6-dlq5d with latency 0.001 seconds
Received message from mqtt/iot-mqtt-b79759f6-z6w6k with latency 0.001 seconds
Received message from mqtt/iot-mqtt-b79759f6-5gbgm with latency 0.002 seconds
Received message from mqtt/iot-mqtt-b79759f6-xnlxh with latency 0.003 seconds
Received message from mqtt/iot-mqtt-b79759f6-wgb4s with latency 0.001 seconds
Received message from mqtt/iot-mqtt-b79759f6-z6w6k with latency 0.003 seconds
Received message from mqtt/iot-mqtt-b79759f6-5gbgm with latency 0.001 seconds
Received message from mqtt/iot-mqtt-b79759f6-xnlxh with latency 0.001 seconds
Received message from mqtt/iot-mqtt-b79759f6-wgb4s with latency 0.002 seconds
Received message from mqtt/iot-mqtt-b79759f6-h2z5t with latency 0.002 seconds
Received message from mqtt/iot-mqtt-b79759f6-rlcms with latency 0.003 seconds
Received message from mqtt/iot-mqtt-b79759f6-z6w6k with latency 0.001 seconds
Received message from mqtt/iot-mqtt-b79759f6-5gbgm with latency 0.002 seconds
Received message from mqtt/iot-mqtt-b79759f6-xnlxh with latency 0.001 seconds
Received message from mqtt/iot-mqtt-b79759f6-wgb4s with latency 0.001 seconds
Received message from mqtt/iot-mqtt-b79759f6-h2z5t with latency 0.002 seconds
Received message from mqtt/iot-mqtt-b79759f6-vkmpx with latency 0.001 seconds
[FAILURE] iot-mqtt-b79759f6-rlcms is simulating a device failure. Stopping MQTT network loop for 40.0 seconds.
[RECOVERY] iot-mqtt-b79759f6-rlcms is back online and reconnecting to broker.
Connected to MQTT broker with result code 0
Received message from mqtt/iot-mqtt-b79759f6-c8fl6 with latency 0.005 seconds
Received message from mqtt/iot-mqtt-b79759f6-dlq5d with latency 0.002 seconds
Received message from mqtt/iot-mqtt-b79759f6-xnlxh with latency 0.001 seconds
Received message from mqtt/iot-mqtt-b79759f6-wgb4s with latency 0.001 seconds
Received message from mqtt/iot-mqtt-b79759f6-bcm7d with latency 0.002 seconds
Received message from mqtt/iot-mqtt-b79759f6-vkmpx with latency 0.001 seconds
Received message from mqtt/iot-mqtt-b79759f6-rlcms with latency 0.003 seconds
Received message from mqtt/iot-mqtt-b79759f6-dlq5d with latency 0.002 seconds
Received message from mqtt/iot-mqtt-b79759f6-z6w6k with latency 0.003 seconds
Received message from mqtt/iot-mqtt-b79759f6-5gbgm with latency 0.002 seconds
Received message from mqtt/iot-mqtt-b79759f6-xnlxh with latency 0.002 seconds
Received message from mqtt/iot-mqtt-b79759f6-wgb4s with latency 0.004 seconds
Received message from mqtt/iot-mqtt-b79759f6-bcm7d with latency 0.002 seconds
Received message from mqtt/iot-mqtt-b79759f6-vkmpx with latency 0.003 seconds
Received message from mqtt/iot-mqtt-b79759f6-rlcms with latency 0.004 seconds
Received message from mqtt/iot-mqtt-b79759f6-c8fl6 with latency 0.003 seconds
Received message from mqtt/iot-mqtt-b79759f6-dlq5d with latency 0.003 seconds
Received message from mqtt/iot-mqtt-b79759f6-z6w6k with latency 0.002 seconds
Received message from mqtt/iot-mqtt-b79759f6-xnlxh with latency 0.003 seconds
Received message from mqtt/iot-mqtt-b79759f6-bcm7d with latency 0.003 seconds
Received message from mqtt/iot-mqtt-b79759f6-vkmpx with latency 0.003 seconds
Received message from mqtt/iot-mqtt-b79759f6-rlcms with latency 0.002 seconds
Received message from mqtt/iot-mqtt-b79759f6-c8fl6 with latency 0.003 seconds
Received message from mqtt/iot-mqtt-b79759f6-dlq5d with latency 0.002 seconds
Received message from mqtt/iot-mqtt-b79759f6-z6w6k with latency 0.002 seconds
Received message from mqtt/iot-mqtt-b79759f6-xnlxh with latency 0.002 seconds
Received message from mqtt/iot-mqtt-b79759f6-bcm7d with latency 0.003 seconds
Received message from mqtt/iot-mqtt-b79759f6-rlcms with latency 0.004 seconds
Received message from mqtt/iot-mqtt-b79759f6-c8fl6 with latency 0.002 seconds
Received message from mqtt/iot-mqtt-b79759f6-z6w6k with latency 0.003 seconds
Received message from mqtt/iot-mqtt-b79759f6-vkmpx with latency 0.002 seconds
Received message from mqtt/iot-mqtt-b79759f6-rlcms with latency 0.005 seconds
Received message from mqtt/iot-mqtt-b79759f6-c8fl6 with latency 0.001 seconds
Received message from mqtt/iot-mqtt-b79759f6-bcm7d with latency 0.005 seconds
Received message from mqtt/iot-mqtt-b79759f6-vkmpx with latency 0.002 seconds
Received message from mqtt/iot-mqtt-b79759f6-rlcms with latency 0.003 seconds
Received message from mqtt/iot-mqtt-b79759f6-c8fl6 with latency 0.002 seconds
Received message from mqtt/iot-mqtt-b79759f6-z6w6k with latency 0.002 seconds
Received message from mqtt/iot-mqtt-b79759f6-bcm7d with latency 0.003 seconds
Received message from mqtt/iot-mqtt-b79759f6-vkmpx with latency 0.005 seconds
Received message from mqtt/iot-mqtt-b79759f6-rlcms with latency 0.001 seconds
Received message from mqtt/iot-mqtt-b79759f6-c8fl6 with latency 0.003 seconds
Received message from mqtt/iot-mqtt-b79759f6-z6w6k with latency 0.002 seconds
Received message from mqtt/iot-mqtt-b79759f6-5gbgm with latency 0.003 seconds
Received message from mqtt/iot-mqtt-b79759f6-wgb4s with latency 0.002 seconds
Received message from mqtt/iot-mqtt-b79759f6-bcm7d with latency 0.002 seconds
Received message from mqtt/iot-mqtt-b79759f6-c8fl6 with latency 0.005 seconds
Received message from mqtt/iot-mqtt-b79759f6-h2z5t with latency 0.002 seconds
Received message from mqtt/iot-mqtt-b79759f6-vkmpx with latency 0.002 seconds
Received message from mqtt/iot-mqtt-b79759f6-rlcms with latency 0.003 seconds
Received message from mqtt/iot-mqtt-b79759f6-dlq5d with latency 0.002 seconds
Received message from mqtt/iot-mqtt-b79759f6-c8fl6 with latency 0.003 seconds
Received message from mqtt/iot-mqtt-b79759f6-z6w6k with latency 0.002 seconds
Received message from mqtt/iot-mqtt-b79759f6-5gbgm with latency 0.002 seconds
Received message from mqtt/iot-mqtt-b79759f6-xnlxh with latency 0.001 seconds
Received message from mqtt/iot-mqtt-b79759f6-wgb4s with latency 0.003 seconds
Received message from mqtt/iot-mqtt-b79759f6-bcm7d with latency 0.003 seconds
Received message from mqtt/iot-mqtt-b79759f6-h2z5t with latency 0.002 seconds
Received message from mqtt/iot-mqtt-b79759f6-vkmpx with latency 0.002 seconds
Received message from mqtt/iot-mqtt-b79759f6-rlcms with latency 0.002 seconds
Received message from mqtt/iot-mqtt-b79759f6-dlq5d with latency 0.002 seconds
Received message from mqtt/iot-mqtt-b79759f6-c8fl6 with latency 0.002 seconds
Received message from mqtt/iot-mqtt-b79759f6-z6w6k with latency 0.001 seconds
Received message from mqtt/iot-mqtt-b79759f6-5gbgm with latency 0.001 seconds
Received message from mqtt/iot-mqtt-b79759f6-xnlxh with latency 0.003 seconds
Received message from mqtt/iot-mqtt-b79759f6-wgb4s with latency 0.002 seconds
Received message from mqtt/iot-mqtt-b79759f6-bcm7d with latency 0.002 seconds
Received message from mqtt/iot-mqtt-b79759f6-h2z5t with latency 0.002 seconds
Received message from mqtt/iot-mqtt-b79759f6-rlcms with latency 0.002 seconds
Received message from mqtt/iot-mqtt-b79759f6-c8fl6 with latency 0.002 seconds
Received message from mqtt/iot-mqtt-b79759f6-z6w6k with latency 0.001 seconds
Received message from mqtt/iot-mqtt-b79759f6-5gbgm with latency 0.001 seconds
Received message from mqtt/iot-mqtt-b79759f6-bcm7d with latency 0.002 seconds
Received message from mqtt/iot-mqtt-b79759f6-h2z5t with latency 0.002 seconds
Received message from mqtt/iot-mqtt-b79759f6-c8fl6 with latency 0.002 seconds
Received message from mqtt/iot-mqtt-b79759f6-z6w6k with latency 0.002 seconds
Received message from mqtt/iot-mqtt-b79759f6-5gbgm with latency 0.002 seconds
Received message from mqtt/iot-mqtt-b79759f6-xnlxh with latency 0.002 seconds
Received message from mqtt/iot-mqtt-b79759f6-bcm7d with latency 0.002 seconds
Received message from mqtt/iot-mqtt-b79759f6-rlcms with latency 0.002 seconds
Received message from mqtt/iot-mqtt-b79759f6-dlq5d with latency 0.002 seconds
Received message from mqtt/iot-mqtt-b79759f6-xnlxh with latency 0.002 seconds
Received message from mqtt/iot-mqtt-b79759f6-h2z5t with latency 0.002 seconds
[FAILURE] iot-mqtt-b79759f6-rlcms is simulating a device failure. Stopping MQTT network loop for 40.0 seconds.
Received message from mqtt/iot-mqtt-b79759f6-dlq5d with latency 0.002 seconds
Received message from mqtt/iot-mqtt-b79759f6-c8fl6 with latency 0.002 seconds
[RECOVERY] iot-mqtt-b79759f6-rlcms is back online and reconnecting to broker.
Connected to MQTT broker with result code 0
Received message from mqtt/iot-mqtt-b79759f6-c8fl6 with latency 0.003 seconds
Received message from mqtt/iot-mqtt-b79759f6-z6w6k with latency 0.003 seconds
Received message from mqtt/iot-mqtt-b79759f6-5gbgm with latency 0.003 seconds
Received message from mqtt/iot-mqtt-b79759f6-xnlxh with latency 0.003 seconds
Received message from mqtt/iot-mqtt-b79759f6-bcm7d with latency 0.002 seconds
Received message from mqtt/iot-mqtt-b79759f6-h2z5t with latency 0.003 seconds
Received message from mqtt/iot-mqtt-b79759f6-vkmpx with latency 0.001 seconds
Received message from mqtt/iot-mqtt-b79759f6-rlcms with latency 0.002 seconds
Received message from mqtt/iot-mqtt-b79759f6-dlq5d with latency 0.002 seconds
Received message from mqtt/iot-mqtt-b79759f6-z6w6k with latency 0.003 seconds
Received message from mqtt/iot-mqtt-b79759f6-5gbgm with latency 0.002 seconds
Received message from mqtt/iot-mqtt-b79759f6-xnlxh with latency 0.003 seconds
Received message from mqtt/iot-mqtt-b79759f6-wgb4s with latency 0.002 seconds
Received message from mqtt/iot-mqtt-b79759f6-bcm7d with latency 0.003 seconds
Received message from mqtt/iot-mqtt-b79759f6-h2z5t with latency 0.001 seconds
Received message from mqtt/iot-mqtt-b79759f6-rlcms with latency 0.004 seconds
Received message from mqtt/iot-mqtt-b79759f6-dlq5d with latency 0.001 seconds
Received message from mqtt/iot-mqtt-b79759f6-z6w6k with latency 0.003 seconds
Received message from mqtt/iot-mqtt-b79759f6-xnlxh with latency 0.003 seconds
Received message from mqtt/iot-mqtt-b79759f6-wgb4s with latency 0.003 seconds
Received message from mqtt/iot-mqtt-b79759f6-bcm7d with latency 0.003 seconds
Received message from mqtt/iot-mqtt-b79759f6-h2z5t with latency 0.002 seconds
Received message from mqtt/iot-mqtt-b79759f6-dlq5d with latency 0.006 seconds
Received message from mqtt/iot-mqtt-b79759f6-z6w6k with latency 0.003 seconds
Received message from mqtt/iot-mqtt-b79759f6-xnlxh with latency 0.002 seconds
Received message from mqtt/iot-mqtt-b79759f6-wgb4s with latency 0.002 seconds
Received message from mqtt/iot-mqtt-b79759f6-bcm7d with latency 0.003 seconds
Received message from mqtt/iot-mqtt-b79759f6-h2z5t with latency 0.003 seconds
Received message from mqtt/iot-mqtt-b79759f6-vkmpx with latency 0.001 seconds
Received message from mqtt/iot-mqtt-b79759f6-rlcms with latency 0.004 seconds
Received message from mqtt/iot-mqtt-b79759f6-dlq5d with latency 0.001 seconds
Received message from mqtt/iot-mqtt-b79759f6-z6w6k with latency 0.001 seconds
Received message from mqtt/iot-mqtt-b79759f6-5gbgm with latency 0.002 seconds
Received message from mqtt/iot-mqtt-b79759f6-xnlxh with latency 0.001 seconds
Received message from mqtt/iot-mqtt-b79759f6-wgb4s with latency 0.002 seconds
Received message from mqtt/iot-mqtt-b79759f6-bcm7d with latency 0.002 seconds
Received message from mqtt/iot-mqtt-b79759f6-h2z5t with latency 0.002 seconds
Received message from mqtt/iot-mqtt-b79759f6-vkmpx with latency 0.003 seconds
Received message from mqtt/iot-mqtt-b79759f6-rlcms with latency 0.004 seconds
Received message from mqtt/iot-mqtt-b79759f6-dlq5d with latency 0.002 seconds
Received message from mqtt/iot-mqtt-b79759f6-z6w6k with latency 0.002 seconds
Received message from mqtt/iot-mqtt-b79759f6-5gbgm with latency 0.002 seconds
Received message from mqtt/iot-mqtt-b79759f6-xnlxh with latency 0.002 seconds
Received message from mqtt/iot-mqtt-b79759f6-bcm7d with latency 0.003 seconds
Received message from mqtt/iot-mqtt-b79759f6-h2z5t with latency 0.002 seconds
Received message from mqtt/iot-mqtt-b79759f6-c8fl6 with latency 0.003 seconds
Received message from mqtt/iot-mqtt-b79759f6-dlq5d with latency 0.021 seconds
Received message from mqtt/iot-mqtt-b79759f6-z6w6k with latency 0.001 seconds
Received message from mqtt/iot-mqtt-b79759f6-xnlxh with latency 0.002 seconds
Received message from mqtt/iot-mqtt-b79759f6-bcm7d with latency 0.003 seconds
Received message from mqtt/iot-mqtt-b79759f6-h2z5t with latency 0.003 seconds
Received message from mqtt/iot-mqtt-b79759f6-vkmpx with latency 0.003 seconds
[FAILURE] iot-mqtt-b79759f6-rlcms is simulating a device failure. Stopping MQTT network loop for 40.0 seconds.
Received message from mqtt/iot-mqtt-b79759f6-c8fl6 with latency 0.002 seconds
[RECOVERY] iot-mqtt-b79759f6-rlcms is back online and reconnecting to broker.
Connected to MQTT broker with result code 0
Received message from mqtt/iot-mqtt-b79759f6-dlq5d with latency 0.005 seconds
Received message from mqtt/iot-mqtt-b79759f6-z6w6k with latency 0.007 seconds
Received message from mqtt/iot-mqtt-b79759f6-5gbgm with latency 0.003 seconds
Received message from mqtt/iot-mqtt-b79759f6-xnlxh with latency 0.004 seconds
Received message from mqtt/iot-mqtt-b79759f6-wgb4s with latency 0.003 seconds
Received message from mqtt/iot-mqtt-b79759f6-bcm7d with latency 0.001 seconds
Received message from mqtt/iot-mqtt-b79759f6-vkmpx with latency 0.003 seconds
Received message from mqtt/iot-mqtt-b79759f6-dlq5d with latency 0.004 seconds
Received message from mqtt/iot-mqtt-b79759f6-z6w6k with latency 0.002 seconds
Received message from mqtt/iot-mqtt-b79759f6-5gbgm with latency 0.002 seconds
Received message from mqtt/iot-mqtt-b79759f6-xnlxh with latency 0.002 seconds
Received message from mqtt/iot-mqtt-b79759f6-wgb4s with latency 0.003 seconds
Received message from mqtt/iot-mqtt-b79759f6-bcm7d with latency 0.001 seconds
Received message from mqtt/iot-mqtt-b79759f6-h2z5t with latency 0.003 seconds
Received message from mqtt/iot-mqtt-b79759f6-vkmpx with latency 0.002 seconds
Received message from mqtt/iot-mqtt-b79759f6-rlcms with latency 0.004 seconds
Received message from mqtt/iot-mqtt-b79759f6-z6w6k with latency 0.001 seconds
Received message from mqtt/iot-mqtt-b79759f6-xnlxh with latency 0.006 seconds
Received message from mqtt/iot-mqtt-b79759f6-wgb4s with latency 0.006 seconds
Received message from mqtt/iot-mqtt-b79759f6-bcm7d with latency 0.002 seconds
Received message from mqtt/iot-mqtt-b79759f6-h2z5t with latency 0.003 seconds
Received message from mqtt/iot-mqtt-b79759f6-vkmpx with latency 0.004 seconds
Received message from mqtt/iot-mqtt-b79759f6-rlcms with latency 0.006 seconds
Received message from mqtt/iot-mqtt-b79759f6-dlq5d with latency 0.005 seconds
Received message from mqtt/iot-mqtt-b79759f6-z6w6k with latency 0.005 seconds
Received message from mqtt/iot-mqtt-b79759f6-5gbgm with latency 0.004 seconds
Received message from mqtt/iot-mqtt-b79759f6-xnlxh with latency 0.003 seconds
Received message from mqtt/iot-mqtt-b79759f6-wgb4s with latency 0.001 seconds
Received message from mqtt/iot-mqtt-b79759f6-h2z5t with latency 0.004 seconds
Received message from mqtt/iot-mqtt-b79759f6-vkmpx with latency 0.003 seconds
Received message from mqtt/iot-mqtt-b79759f6-rlcms with latency 0.002 seconds
Received message from mqtt/iot-mqtt-b79759f6-dlq5d with latency 0.002 seconds
Received message from mqtt/iot-mqtt-b79759f6-z6w6k with latency 0.002 seconds
Received message from mqtt/iot-mqtt-b79759f6-5gbgm with latency 0.002 seconds
Received message from mqtt/iot-mqtt-b79759f6-wgb4s with latency 0.003 seconds
Received message from mqtt/iot-mqtt-b79759f6-vkmpx with latency 0.003 seconds
Received message from mqtt/iot-mqtt-b79759f6-c8fl6 with latency 0.003 seconds
Received message from mqtt/iot-mqtt-b79759f6-dlq5d with latency 0.002 seconds
Received message from mqtt/iot-mqtt-b79759f6-z6w6k with latency 0.003 seconds
Received message from mqtt/iot-mqtt-b79759f6-5gbgm with latency 0.002 seconds
Received message from mqtt/iot-mqtt-b79759f6-wgb4s with latency 0.003 seconds
Received message from mqtt/iot-mqtt-b79759f6-vkmpx with latency 0.003 seconds
Received message from mqtt/iot-mqtt-b79759f6-rlcms with latency 0.005 seconds
Received message from mqtt/iot-mqtt-b79759f6-c8fl6 with latency 0.002 seconds
Received message from mqtt/iot-mqtt-b79759f6-dlq5d with latency 0.002 seconds
Received message from mqtt/iot-mqtt-b79759f6-z6w6k with latency 0.002 seconds
Received message from mqtt/iot-mqtt-b79759f6-5gbgm with latency 0.002 seconds
Received message from mqtt/iot-mqtt-b79759f6-wgb4s with latency 0.002 seconds
Received message from mqtt/iot-mqtt-b79759f6-vkmpx with latency 0.002 seconds
Received message from mqtt/iot-mqtt-b79759f6-rlcms with latency 0.002 seconds
Received message from mqtt/iot-mqtt-b79759f6-z6w6k with latency 0.001 seconds
Received message from mqtt/iot-mqtt-b79759f6-h2z5t with latency 0.004 seconds
Received message from mqtt/iot-mqtt-b79759f6-vkmpx with latency 0.002 seconds
Received message from mqtt/iot-mqtt-b79759f6-c8fl6 with latency 0.003 seconds
Received message from mqtt/iot-mqtt-b79759f6-dlq5d with latency 0.002 seconds
Received message from mqtt/iot-mqtt-b79759f6-5gbgm with latency 0.002 seconds
Received message from mqtt/iot-mqtt-b79759f6-wgb4s with latency 0.002 seconds
Received message from mqtt/iot-mqtt-b79759f6-bcm7d with latency 0.002 seconds
Received message from mqtt/iot-mqtt-b79759f6-h2z5t with latency 0.001 seconds
Received message from mqtt/iot-mqtt-b79759f6-rlcms with latency 0.005 seconds
Received message from mqtt/iot-mqtt-b79759f6-c8fl6 with latency 0.002 seconds
Received message from mqtt/iot-mqtt-b79759f6-5gbgm with latency 0.001 seconds
Received message from mqtt/iot-mqtt-b79759f6-xnlxh with latency 0.002 seconds
Received message from mqtt/iot-mqtt-b79759f6-wgb4s with latency 0.001 seconds
Received message from mqtt/iot-mqtt-b79759f6-h2z5t with latency 0.001 seconds
Received message from mqtt/iot-mqtt-b79759f6-rlcms with latency 0.001 seconds
Received message from mqtt/iot-mqtt-b79759f6-c8fl6 with latency 0.001 seconds
Received message from mqtt/iot-mqtt-b79759f6-dlq5d with latency 0.002 seconds
Received message from mqtt/iot-mqtt-b79759f6-5gbgm with latency 0.002 seconds
Received message from mqtt/iot-mqtt-b79759f6-xnlxh with latency 0.001 seconds
Received message from mqtt/iot-mqtt-b79759f6-h2z5t with latency 0.002 seconds
Received message from mqtt/iot-mqtt-b79759f6-rlcms with latency 0.002 seconds
Received message from mqtt/iot-mqtt-b79759f6-c8fl6 with latency 0.003 seconds
Received message from mqtt/iot-mqtt-b79759f6-dlq5d with latency 0.003 seconds
Received message from mqtt/iot-mqtt-b79759f6-5gbgm with latency 0.002 seconds
Received message from mqtt/iot-mqtt-b79759f6-xnlxh with latency 0.002 seconds
Received message from mqtt/iot-mqtt-b79759f6-wgb4s with latency 0.002 seconds
Received message from mqtt/iot-mqtt-b79759f6-h2z5t with latency 0.002 seconds
Received message from mqtt/iot-mqtt-b79759f6-vkmpx with latency 0.001 seconds
Received message from mqtt/iot-mqtt-b79759f6-rlcms with latency 0.002 seconds
Received message from mqtt/iot-mqtt-b79759f6-c8fl6 with latency 0.002 seconds
Received message from mqtt/iot-mqtt-b79759f6-5gbgm with latency 0.003 seconds
Received message from mqtt/iot-mqtt-b79759f6-xnlxh with latency 0.003 seconds
Received message from mqtt/iot-mqtt-b79759f6-h2z5t with latency 0.001 seconds
Received message from mqtt/iot-mqtt-b79759f6-vkmpx with latency 0.002 seconds
Received message from mqtt/iot-mqtt-b79759f6-rlcms with latency 0.002 seconds
Received message from mqtt/iot-mqtt-b79759f6-c8fl6 with latency 0.002 seconds
Received message from mqtt/iot-mqtt-b79759f6-z6w6k with latency 0.001 seconds
Received message from mqtt/iot-mqtt-b79759f6-5gbgm with latency 0.002 seconds
Received message from mqtt/iot-mqtt-b79759f6-xnlxh with latency 0.002 seconds
Received message from mqtt/iot-mqtt-b79759f6-h2z5t with latency 0.001 seconds
Received message from mqtt/iot-mqtt-b79759f6-vkmpx with latency 0.001 seconds
Received message from mqtt/iot-mqtt-b79759f6-rlcms with latency 0.001 seconds
Received message from mqtt/iot-mqtt-b79759f6-c8fl6 with latency 0.002 seconds
Received message from mqtt/iot-mqtt-b79759f6-z6w6k with latency 0.002 seconds
Received message from mqtt/iot-mqtt-b79759f6-5gbgm with latency 0.002 seconds
Received message from mqtt/iot-mqtt-b79759f6-wgb4s with latency 0.004 seconds
Received message from mqtt/iot-mqtt-b79759f6-bcm7d with latency 0.002 seconds
Received message from mqtt/iot-mqtt-b79759f6-vkmpx with latency 0.001 seconds
Received message from mqtt/iot-mqtt-b79759f6-rlcms with latency 0.002 seconds
Received message from mqtt/iot-mqtt-b79759f6-5gbgm with latency 0.003 seconds
Received message from mqtt/iot-mqtt-b79759f6-bcm7d with latency 0.002 seconds
Received message from mqtt/iot-mqtt-b79759f6-h2z5t with latency 0.002 seconds
Received message from mqtt/iot-mqtt-b79759f6-rlcms with latency 0.002 seconds
Received message from mqtt/iot-mqtt-b79759f6-z6w6k with latency 0.002 seconds
Received message from mqtt/iot-mqtt-b79759f6-5gbgm with latency 0.003 seconds
Received message from mqtt/iot-mqtt-b79759f6-bcm7d with latency 0.003 seconds
Received message from mqtt/iot-mqtt-b79759f6-h2z5t with latency 0.002 seconds
Received message from mqtt/iot-mqtt-b79759f6-vkmpx with latency 0.001 seconds
Received message from mqtt/iot-mqtt-b79759f6-c8fl6 with latency 0.002 seconds
Received message from mqtt/iot-mqtt-b79759f6-dlq5d with latency 0.002 seconds
Received message from mqtt/iot-mqtt-b79759f6-bcm7d with latency 0.002 seconds
Received message from mqtt/iot-mqtt-b79759f6-h2z5t with latency 0.001 seconds
Received message from mqtt/iot-mqtt-b79759f6-rlcms with latency 0.001 seconds
Received message from mqtt/iot-mqtt-b79759f6-dlq5d with latency 0.001 seconds
Received message from mqtt/iot-mqtt-b79759f6-c8fl6 with latency 0.001 seconds
Received message from mqtt/iot-mqtt-b79759f6-bcm7d with latency 0.001 seconds
Received message from mqtt/iot-mqtt-b79759f6-h2z5t with latency 0.001 seconds
Received message from mqtt/iot-mqtt-b79759f6-vkmpx with latency 0.001 seconds
Received message from mqtt/iot-mqtt-b79759f6-rlcms with latency 0.002 seconds
Received message from mqtt/iot-mqtt-b79759f6-dlq5d with latency 0.002 seconds
Received message from mqtt/iot-mqtt-b79759f6-c8fl6 with latency 0.002 seconds
Received message from mqtt/iot-mqtt-b79759f6-xnlxh with latency 0.002 seconds
Received message from mqtt/iot-mqtt-b79759f6-bcm7d with latency 0.003 seconds
Received message from mqtt/iot-mqtt-b79759f6-vkmpx with latency 0.002 seconds
Received message from mqtt/iot-mqtt-b79759f6-rlcms with latency 0.001 seconds
Received message from mqtt/iot-mqtt-b79759f6-dlq5d with latency 0.001 seconds
Received message from mqtt/iot-mqtt-b79759f6-c8fl6 with latency 0.002 seconds
Received message from mqtt/iot-mqtt-b79759f6-xnlxh with latency 0.001 seconds
Received message from mqtt/iot-mqtt-b79759f6-bcm7d with latency 0.002 seconds
Received message from mqtt/iot-mqtt-b79759f6-vkmpx with latency 0.002 seconds
Received message from mqtt/iot-mqtt-b79759f6-dlq5d with latency 0.003 seconds
Received message from mqtt/iot-mqtt-b79759f6-c8fl6 with latency 0.003 seconds
Received message from mqtt/iot-mqtt-b79759f6-xnlxh with latency 0.002 seconds
Received message from mqtt/iot-mqtt-b79759f6-bcm7d with latency 0.001 seconds
Received message from mqtt/iot-mqtt-b79759f6-vkmpx with latency 0.003 seconds
Received message from mqtt/iot-mqtt-b79759f6-c8fl6 with latency 0.003 seconds
Received message from mqtt/iot-mqtt-b79759f6-z6w6k with latency 0.001 seconds
Received message from mqtt/iot-mqtt-b79759f6-xnlxh with latency 0.002 seconds
Received message from mqtt/iot-mqtt-b79759f6-wgb4s with latency 0.002 seconds
Received message from mqtt/iot-mqtt-b79759f6-bcm7d with latency 0.002 seconds
Received message from mqtt/iot-mqtt-b79759f6-h2z5t with latency 0.002 seconds
Received message from mqtt/iot-mqtt-b79759f6-vkmpx with latency 0.002 seconds
Received message from mqtt/iot-mqtt-b79759f6-rlcms with latency 0.002 seconds
Received message from mqtt/iot-mqtt-b79759f6-c8fl6 with latency 0.001 seconds
Received message from mqtt/iot-mqtt-b79759f6-z6w6k with latency 0.002 seconds
Received message from mqtt/iot-mqtt-b79759f6-5gbgm with latency 0.002 seconds
Received message from mqtt/iot-mqtt-b79759f6-xnlxh with latency 0.001 seconds
Received message from mqtt/iot-mqtt-b79759f6-bcm7d with latency 0.001 seconds
Received message from mqtt/iot-mqtt-b79759f6-h2z5t with latency 0.001 seconds
Received message from mqtt/iot-mqtt-b79759f6-vkmpx with latency 0.002 seconds
Received message from mqtt/iot-mqtt-b79759f6-dlq5d with latency 0.004 seconds
Received message from mqtt/iot-mqtt-b79759f6-z6w6k with latency 0.003 seconds
Received message from mqtt/iot-mqtt-b79759f6-xnlxh with latency 0.002 seconds
Received message from mqtt/iot-mqtt-b79759f6-wgb4s with latency 0.001 seconds
Received message from mqtt/iot-mqtt-b79759f6-bcm7d with latency 0.002 seconds
Received message from mqtt/iot-mqtt-b79759f6-h2z5t with latency 0.002 seconds
Received message from mqtt/iot-mqtt-b79759f6-dlq5d with latency 0.001 seconds
Received message from mqtt/iot-mqtt-b79759f6-z6w6k with latency 0.002 seconds
Received message from mqtt/iot-mqtt-b79759f6-5gbgm with latency 0.001 seconds
Received message from mqtt/iot-mqtt-b79759f6-xnlxh with latency 0.001 seconds
Received message from mqtt/iot-mqtt-b79759f6-wgb4s with latency 0.002 seconds
Received message from mqtt/iot-mqtt-b79759f6-h2z5t with latency 0.002 seconds
Received message from mqtt/iot-mqtt-b79759f6-vkmpx with latency 0.001 seconds
Received message from mqtt/iot-mqtt-b79759f6-rlcms with latency 0.003 seconds
Received message from mqtt/iot-mqtt-b79759f6-dlq5d with latency 0.001 seconds
Received message from mqtt/iot-mqtt-b79759f6-5gbgm with latency 0.002 seconds
Received message from mqtt/iot-mqtt-b79759f6-wgb4s with latency 0.002 seconds
Received message from mqtt/iot-mqtt-b79759f6-h2z5t with latency 0.002 seconds
Received message from mqtt/iot-mqtt-b79759f6-rlcms with latency 0.002 seconds
Received message from mqtt/iot-mqtt-b79759f6-dlq5d with latency 0.004 seconds
Received message from mqtt/iot-mqtt-b79759f6-5gbgm with latency 0.002 seconds
Received message from mqtt/iot-mqtt-b79759f6-wgb4s with latency 0.002 seconds
Received message from mqtt/iot-mqtt-b79759f6-h2z5t with latency 0.001 seconds
Received message from mqtt/iot-mqtt-b79759f6-vkmpx with latency 0.001 seconds
Received message from mqtt/iot-mqtt-b79759f6-5gbgm with latency 0.003 seconds
Received message from mqtt/iot-mqtt-b79759f6-xnlxh with latency 0.002 seconds
Received message from mqtt/iot-mqtt-b79759f6-wgb4s with latency 0.002 seconds
Received message from mqtt/iot-mqtt-b79759f6-h2z5t with latency 0.002 seconds
Received message from mqtt/iot-mqtt-b79759f6-vkmpx with latency 0.001 seconds
Received message from mqtt/iot-mqtt-b79759f6-rlcms with latency 0.002 seconds
Received message from mqtt/iot-mqtt-b79759f6-dlq5d with latency 0.002 seconds
Received message from mqtt/iot-mqtt-b79759f6-xnlxh with latency 0.001 seconds
Received message from mqtt/iot-mqtt-b79759f6-wgb4s with latency 0.002 seconds
Received message from mqtt/iot-mqtt-b79759f6-bcm7d with latency 0.000 seconds
Received message from mqtt/iot-mqtt-b79759f6-h2z5t with latency 0.001 seconds
Received message from mqtt/iot-mqtt-b79759f6-vkmpx with latency 0.001 seconds
Received message from mqtt/iot-mqtt-b79759f6-rlcms with latency 0.002 seconds
Received message from mqtt/iot-mqtt-b79759f6-c8fl6 with latency 0.002 seconds
Received message from mqtt/iot-mqtt-b79759f6-dlq5d with latency 0.002 seconds
Received message from mqtt/iot-mqtt-b79759f6-xnlxh with latency 0.002 seconds
Received message from mqtt/iot-mqtt-b79759f6-wgb4s with latency 0.003 seconds
Received message from mqtt/iot-mqtt-b79759f6-bcm7d with latency 0.001 seconds
Received message from mqtt/iot-mqtt-b79759f6-rlcms with latency 0.003 seconds
Received message from mqtt/iot-mqtt-b79759f6-c8fl6 with latency 0.002 seconds
Received message from mqtt/iot-mqtt-b79759f6-dlq5d with latency 0.001 seconds
Received message from mqtt/iot-mqtt-b79759f6-z6w6k with latency 0.002 seconds
Received message from mqtt/iot-mqtt-b79759f6-wgb4s with latency 0.003 seconds
Received message from mqtt/iot-mqtt-b79759f6-bcm7d with latency 0.001 seconds
Received message from mqtt/iot-mqtt-b79759f6-h2z5t with latency 0.006 seconds
Received message from mqtt/iot-mqtt-b79759f6-rlcms with latency 0.003 seconds
Received message from mqtt/iot-mqtt-b79759f6-dlq5d with latency 0.001 seconds
Received message from mqtt/iot-mqtt-b79759f6-z6w6k with latency 0.088 seconds
Received message from mqtt/iot-mqtt-b79759f6-5gbgm with latency 0.005 seconds
Received message from mqtt/iot-mqtt-b79759f6-wgb4s with latency 0.002 seconds
Received message from mqtt/iot-mqtt-b79759f6-bcm7d with latency 0.002 seconds
Received message from mqtt/iot-mqtt-b79759f6-rlcms with latency 0.004 seconds
Received message from mqtt/iot-mqtt-b79759f6-dlq5d with latency 0.001 seconds
Received message from mqtt/iot-mqtt-b79759f6-c8fl6 with latency 0.001 seconds
Received message from mqtt/iot-mqtt-b79759f6-z6w6k with latency 0.002 seconds
Received message from mqtt/iot-mqtt-b79759f6-bcm7d with latency 0.001 seconds
Received message from mqtt/iot-mqtt-b79759f6-h2z5t with latency 0.002 seconds
Received message from mqtt/iot-mqtt-b79759f6-c8fl6 with latency 0.002 seconds
Received message from mqtt/iot-mqtt-b79759f6-dlq5d with latency 0.001 seconds
Received message from mqtt/iot-mqtt-b79759f6-z6w6k with latency 0.002 seconds
Received message from mqtt/iot-mqtt-b79759f6-wgb4s with latency 0.002 seconds
Received message from mqtt/iot-mqtt-b79759f6-h2z5t with latency 0.001 seconds
Received message from mqtt/iot-mqtt-b79759f6-vkmpx with latency 0.001 seconds
Received message from mqtt/iot-mqtt-b79759f6-dlq5d with latency 0.001 seconds
Received message from mqtt/iot-mqtt-b79759f6-z6w6k with latency 0.002 seconds
Received message from mqtt/iot-mqtt-b79759f6-wgb4s with latency 0.001 seconds
Received message from mqtt/iot-mqtt-b79759f6-bcm7d with latency 0.001 seconds
Received message from mqtt/iot-mqtt-b79759f6-h2z5t with latency 0.002 seconds
Received message from mqtt/iot-mqtt-b79759f6-vkmpx with latency 0.001 seconds
Received message from mqtt/iot-mqtt-b79759f6-rlcms with latency 0.002 seconds
Received message from mqtt/iot-mqtt-b79759f6-dlq5d with latency 0.002 seconds
Received message from mqtt/iot-mqtt-b79759f6-z6w6k with latency 0.002 seconds
Received message from mqtt/iot-mqtt-b79759f6-5gbgm with latency 0.069 seconds
Received message from mqtt/iot-mqtt-b79759f6-wgb4s with latency 0.002 seconds
Received message from mqtt/iot-mqtt-b79759f6-bcm7d with latency 0.001 seconds
Received message from mqtt/iot-mqtt-b79759f6-h2z5t with latency 0.002 seconds
Received message from mqtt/iot-mqtt-b79759f6-vkmpx with latency 0.001 seconds
Received message from mqtt/iot-mqtt-b79759f6-rlcms with latency 0.001 seconds
Received message from mqtt/iot-mqtt-b79759f6-c8fl6 with latency 0.002 seconds
Received message from mqtt/iot-mqtt-b79759f6-5gbgm with latency 0.002 seconds
Received message from mqtt/iot-mqtt-b79759f6-wgb4s with latency 0.002 seconds
Received message from mqtt/iot-mqtt-b79759f6-rlcms with latency 0.003 seconds
Received message from mqtt/iot-mqtt-b79759f6-dlq5d with latency 0.002 seconds
Received message from mqtt/iot-mqtt-b79759f6-c8fl6 with latency 0.001 seconds
Received message from mqtt/iot-mqtt-b79759f6-z6w6k with latency 0.003 seconds
Received message from mqtt/iot-mqtt-b79759f6-5gbgm with latency 0.002 seconds
Received message from mqtt/iot-mqtt-b79759f6-xnlxh with latency 0.001 seconds
Received message from mqtt/iot-mqtt-b79759f6-wgb4s with latency 0.003 seconds
Received message from mqtt/iot-mqtt-b79759f6-h2z5t with latency 0.001 seconds
