/app/mqtt_device.py:16: DeprecationWarning: Callback API version 1 is deprecated, update to latest version
  mqtt_client = mqtt.Client()
 * Serving Flask app 'mqtt_device'
 * Debug mode: off
[31m[1mWARNING: This is a development server. Do not use it in a production deployment. Use a production WSGI server instead.[0m
 * Running on all addresses (0.0.0.0)
 * Running on http://127.0.0.1:5000
 * Running on http://10.244.3.77:5000
[33mPress CTRL+C to quit[0m
Connected to MQTT broker with result code 0
Received message from mqtt/iot-mqtt-58bc7f96db-9fths with latency 0.003 seconds
Received message from mqtt/iot-mqtt-b87f89884-8k54g with latency 0.003 seconds
Received message from mqtt/iot-mqtt-b87f89884-cbhpn with latency 0.003 seconds
Received message from mqtt/iot-mqtt-b87f89884-jb7g7 with latency 0.003 seconds
Received message from mqtt/iot-mqtt-58bc7f96db-wgw7m with latency 0.004 seconds
Received message from mqtt/iot-mqtt-b87f89884-l9qzg with latency 0.002 seconds
Received message from mqtt/iot-mqtt-58bc7f96db-rm72r with latency 0.002 seconds
Received message from mqtt/iot-mqtt-58bc7f96db-2pg87 with latency 0.002 seconds
Received message from mqtt/iot-mqtt-58bc7f96db-hhv2n with latency 0.003 seconds
Received message from mqtt/iot-mqtt-58bc7f96db-sl2t6 with latency 0.002 seconds
Received message from mqtt/iot-mqtt-58bc7f96db-pspb8 with latency 0.003 seconds
Received message from mqtt/iot-mqtt-58bc7f96db-9fths with latency 0.004 seconds
Received message from mqtt/iot-mqtt-b87f89884-8k54g with latency 0.002 seconds
Received message from mqtt/iot-mqtt-b87f89884-cbhpn with latency 0.001 seconds
Received message from mqtt/iot-mqtt-b87f89884-sq8hk with latency 0.004 seconds
Received message from mqtt/iot-mqtt-b87f89884-jb7g7 with latency 0.003 seconds
Received message from mqtt/iot-mqtt-58bc7f96db-wgw7m with latency 0.003 seconds
Received message from mqtt/iot-mqtt-b87f89884-l9qzg with latency 0.004 seconds
Received message from mqtt/iot-mqtt-58bc7f96db-rm72r with latency 0.002 seconds
Received message from mqtt/iot-mqtt-58bc7f96db-2pg87 with latency 0.003 seconds
Received message from mqtt/iot-mqtt-58bc7f96db-hhv2n with latency 0.003 seconds
Received message from mqtt/iot-mqtt-58bc7f96db-sl2t6 with latency 0.002 seconds
Received message from mqtt/iot-mqtt-58bc7f96db-pspb8 with latency 0.003 seconds
Received message from mqtt/iot-mqtt-b87f89884-vgr6n with latency 0.003 seconds
Received message from mqtt/iot-mqtt-b87f89884-vzhbh with latency 0.001 seconds
Received message from mqtt/iot-mqtt-58bc7f96db-9fths with latency 0.002 seconds
Received message from mqtt/iot-mqtt-b87f89884-cbhpn with latency 0.003 seconds
Received message from mqtt/iot-mqtt-b87f89884-sq8hk with latency 0.001 seconds
Received message from mqtt/iot-mqtt-b87f89884-jb7g7 with latency 0.003 seconds
Received message from mqtt/iot-mqtt-58bc7f96db-wgw7m with latency 0.003 seconds
Received message from mqtt/iot-mqtt-58bc7f96db-rm72r with latency 0.002 seconds
Received message from mqtt/iot-mqtt-58bc7f96db-2pg87 with latency 0.001 seconds
Received message from mqtt/iot-mqtt-58bc7f96db-hhv2n with latency 0.002 seconds
Received message from mqtt/iot-mqtt-58bc7f96db-sl2t6 with latency 0.002 seconds
Received message from mqtt/iot-mqtt-58bc7f96db-pspb8 with latency 0.002 seconds
Received message from mqtt/iot-mqtt-58bc7f96db-9fths with latency 0.001 seconds
Received message from mqtt/iot-mqtt-58bc7f96db-wgw7m with latency 0.001 seconds
Received message from mqtt/iot-mqtt-58bc7f96db-rm72r with latency 0.002 seconds
Received message from mqtt/iot-mqtt-58bc7f96db-2pg87 with latency 0.001 seconds
Received message from mqtt/iot-mqtt-58bc7f96db-hhv2n with latency 0.002 seconds
Received message from mqtt/iot-mqtt-58bc7f96db-sl2t6 with latency 0.002 seconds
Received message from mqtt/iot-mqtt-58bc7f96db-pspb8 with latency 0.003 seconds
Received message from mqtt/iot-mqtt-58bc7f96db-9fths with latency 0.002 seconds
Received message from mqtt/iot-mqtt-58bc7f96db-wgw7m with latency 0.002 seconds
Received message from mqtt/iot-mqtt-58bc7f96db-rm72r with latency 0.002 seconds
Received message from mqtt/iot-mqtt-58bc7f96db-2pg87 with latency 0.001 seconds
Received message from mqtt/iot-mqtt-58bc7f96db-hhv2n with latency 0.003 seconds
Received message from mqtt/iot-mqtt-58bc7f96db-sl2t6 with latency 0.002 seconds
Received message from mqtt/iot-mqtt-58bc7f96db-pspb8 with latency 0.003 seconds
[FAILURE] iot-mqtt-58bc7f96db-9fths is simulating a device failure. Stopping MQTT network loop for 40.0 seconds.
[RECOVERY] iot-mqtt-58bc7f96db-9fths is back online and reconnecting to broker.
Connected to MQTT broker with result code 0
Received message from mqtt/iot-mqtt-58bc7f96db-wgw7m with latency 0.002 seconds
Received message from mqtt/iot-mqtt-58bc7f96db-rm72r with latency 0.002 seconds
Received message from mqtt/iot-mqtt-58bc7f96db-2pg87 with latency 0.003 seconds
Received message from mqtt/iot-mqtt-58bc7f96db-qxmzh with latency 0.002 seconds
Received message from mqtt/iot-mqtt-58bc7f96db-hhv2n with latency 0.001 seconds
Received message from mqtt/iot-mqtt-58bc7f96db-lt95t with latency 0.002 seconds
Received message from mqtt/iot-mqtt-58bc7f96db-sl2t6 with latency 0.004 seconds
Received message from mqtt/iot-mqtt-58bc7f96db-9fths with latency 0.002 seconds
Received message from mqtt/iot-mqtt-58bc7f96db-wgw7m with latency 0.002 seconds
Received message from mqtt/iot-mqtt-58bc7f96db-rm72r with latency 0.001 seconds
Received message from mqtt/iot-mqtt-58bc7f96db-2pg87 with latency 0.002 seconds
Received message from mqtt/iot-mqtt-58bc7f96db-qxmzh with latency 0.001 seconds
Received message from mqtt/iot-mqtt-58bc7f96db-hhv2n with latency 0.003 seconds
Received message from mqtt/iot-mqtt-58bc7f96db-lt95t with latency 0.003 seconds
Received message from mqtt/iot-mqtt-58bc7f96db-sl2t6 with latency 0.002 seconds
[FAILURE] iot-mqtt-58bc7f96db-9fths is simulating a device failure. Stopping MQTT network loop for 40.0 seconds.
[RECOVERY] iot-mqtt-58bc7f96db-9fths is back online and reconnecting to broker.
Connected to MQTT broker with result code 0
Received message from mqtt/iot-mqtt-58bc7f96db-gq8bh with latency 0.002 seconds
Received message from mqtt/iot-mqtt-58bc7f96db-wgw7m with latency 0.003 seconds
Received message from mqtt/iot-mqtt-58bc7f96db-rm72r with latency 0.002 seconds
Received message from mqtt/iot-mqtt-58bc7f96db-2pg87 with latency 0.003 seconds
Received message from mqtt/iot-mqtt-58bc7f96db-qxmzh with latency 0.002 seconds
Received message from mqtt/iot-mqtt-58bc7f96db-hhv2n with latency 0.008 seconds
Received message from mqtt/iot-mqtt-58bc7f96db-lt95t with latency 0.003 seconds
Received message from mqtt/iot-mqtt-58bc7f96db-sl2t6 with latency 0.001 seconds
Received message from mqtt/iot-mqtt-58bc7f96db-pspb8 with latency 0.002 seconds
Received message from mqtt/iot-mqtt-58bc7f96db-9fths with latency 0.002 seconds
Received message from mqtt/iot-mqtt-58bc7f96db-gq8bh with latency 0.003 seconds
Received message from mqtt/iot-mqtt-58bc7f96db-wgw7m with latency 0.003 seconds
Received message from mqtt/iot-mqtt-58bc7f96db-rm72r with latency 0.002 seconds
Received message from mqtt/iot-mqtt-58bc7f96db-2pg87 with latency 0.004 seconds
Received message from mqtt/iot-mqtt-58bc7f96db-qxmzh with latency 0.002 seconds
Received message from mqtt/iot-mqtt-58bc7f96db-hhv2n with latency 0.002 seconds
Received message from mqtt/iot-mqtt-58bc7f96db-lt95t with latency 0.002 seconds
Received message from mqtt/iot-mqtt-58bc7f96db-sl2t6 with latency 0.002 seconds
Received message from mqtt/iot-mqtt-58bc7f96db-pspb8 with latency 0.002 seconds
Received message from mqtt/iot-mqtt-58bc7f96db-9fths with latency 0.003 seconds
Received message from mqtt/iot-mqtt-58bc7f96db-gq8bh with latency 0.002 seconds
Received message from mqtt/iot-mqtt-58bc7f96db-wgw7m with latency 0.003 seconds
Received message from mqtt/iot-mqtt-58bc7f96db-rm72r with latency 0.002 seconds
Received message from mqtt/iot-mqtt-58bc7f96db-2pg87 with latency 0.002 seconds
Received message from mqtt/iot-mqtt-58bc7f96db-qxmzh with latency 0.001 seconds
Received message from mqtt/iot-mqtt-58bc7f96db-lt95t with latency 0.003 seconds
Received message from mqtt/iot-mqtt-58bc7f96db-sl2t6 with latency 0.002 seconds
Received message from mqtt/iot-mqtt-58bc7f96db-pspb8 with latency 0.002 seconds
Received message from mqtt/iot-mqtt-58bc7f96db-9fths with latency 0.002 seconds
Received message from mqtt/iot-mqtt-58bc7f96db-gq8bh with latency 0.002 seconds
Received message from mqtt/iot-mqtt-58bc7f96db-wgw7m with latency 0.002 seconds
Received message from mqtt/iot-mqtt-58bc7f96db-rm72r with latency 0.001 seconds
Received message from mqtt/iot-mqtt-58bc7f96db-2pg87 with latency 0.002 seconds
Received message from mqtt/iot-mqtt-58bc7f96db-lt95t with latency 0.002 seconds
Received message from mqtt/iot-mqtt-58bc7f96db-pspb8 with latency 0.002 seconds
Received message from mqtt/iot-mqtt-58bc7f96db-9fths with latency 0.003 seconds
Received message from mqtt/iot-mqtt-58bc7f96db-gq8bh with latency 0.001 seconds
Received message from mqtt/iot-mqtt-58bc7f96db-wgw7m with latency 0.002 seconds
Received message from mqtt/iot-mqtt-58bc7f96db-rm72r with latency 0.002 seconds
Received message from mqtt/iot-mqtt-58bc7f96db-2pg87 with latency 0.002 seconds
Received message from mqtt/iot-mqtt-58bc7f96db-lt95t with latency 0.001 seconds
[FAILURE] iot-mqtt-58bc7f96db-9fths is simulating a device failure. Stopping MQTT network loop for 40.0 seconds.
[RECOVERY] iot-mqtt-58bc7f96db-9fths is back online and reconnecting to broker.
Connected to MQTT broker with result code 0
Received message from mqtt/iot-mqtt-58bc7f96db-gq8bh with latency 0.002 seconds
Received message from mqtt/iot-mqtt-58bc7f96db-rm72r with latency 0.002 seconds
Received message from mqtt/iot-mqtt-58bc7f96db-qxmzh with latency 0.002 seconds
Received message from mqtt/iot-mqtt-58bc7f96db-hhv2n with latency 0.002 seconds
Received message from mqtt/iot-mqtt-58bc7f96db-lt95t with latency 0.002 seconds
Received message from mqtt/iot-mqtt-58bc7f96db-sl2t6 with latency 0.001 seconds
Received message from mqtt/iot-mqtt-58bc7f96db-pspb8 with latency 0.001 seconds
Received message from mqtt/iot-mqtt-58bc7f96db-9fths with latency 0.001 seconds
Received message from mqtt/iot-mqtt-58bc7f96db-gq8bh with latency 0.003 seconds
Received message from mqtt/iot-mqtt-58bc7f96db-rm72r with latency 0.003 seconds
Received message from mqtt/iot-mqtt-58bc7f96db-2pg87 with latency 0.002 seconds
Received message from mqtt/iot-mqtt-58bc7f96db-qxmzh with latency 0.002 seconds
Received message from mqtt/iot-mqtt-58bc7f96db-hhv2n with latency 0.002 seconds
Received message from mqtt/iot-mqtt-58bc7f96db-lt95t with latency 0.002 seconds
Received message from mqtt/iot-mqtt-58bc7f96db-sl2t6 with latency 0.001 seconds
Received message from mqtt/iot-mqtt-58bc7f96db-pspb8 with latency 0.002 seconds
Received message from mqtt/iot-mqtt-58bc7f96db-9fths with latency 0.001 seconds
Received message from mqtt/iot-mqtt-58bc7f96db-gq8bh with latency 0.001 seconds
Received message from mqtt/iot-mqtt-58bc7f96db-wgw7m with latency 0.002 seconds
Received message from mqtt/iot-mqtt-58bc7f96db-rm72r with latency 0.003 seconds
Received message from mqtt/iot-mqtt-58bc7f96db-2pg87 with latency 0.002 seconds
Received message from mqtt/iot-mqtt-58bc7f96db-qxmzh with latency 0.002 seconds
Received message from mqtt/iot-mqtt-58bc7f96db-hhv2n with latency 0.002 seconds
Received message from mqtt/iot-mqtt-58bc7f96db-lt95t with latency 0.003 seconds
Received message from mqtt/iot-mqtt-58bc7f96db-sl2t6 with latency 0.001 seconds
Received message from mqtt/iot-mqtt-58bc7f96db-pspb8 with latency 0.002 seconds
Received message from mqtt/iot-mqtt-58bc7f96db-9fths with latency 0.002 seconds
Received message from mqtt/iot-mqtt-58bc7f96db-gq8bh with latency 0.003 seconds
Received message from mqtt/iot-mqtt-58bc7f96db-wgw7m with latency 0.002 seconds
Received message from mqtt/iot-mqtt-58bc7f96db-rm72r with latency 0.001 seconds
Received message from mqtt/iot-mqtt-58bc7f96db-2pg87 with latency 0.002 seconds
Received message from mqtt/iot-mqtt-58bc7f96db-qxmzh with latency 0.001 seconds
Received message from mqtt/iot-mqtt-58bc7f96db-hhv2n with latency 0.001 seconds
Received message from mqtt/iot-mqtt-58bc7f96db-lt95t with latency 0.002 seconds
Received message from mqtt/iot-mqtt-58bc7f96db-sl2t6 with latency 0.002 seconds
Received message from mqtt/iot-mqtt-58bc7f96db-pspb8 with latency 0.003 seconds
Received message from mqtt/iot-mqtt-58bc7f96db-9fths with latency 0.002 seconds
Received message from mqtt/iot-mqtt-58bc7f96db-gq8bh with latency 0.003 seconds
Received message from mqtt/iot-mqtt-58bc7f96db-wgw7m with latency 0.002 seconds
Received message from mqtt/iot-mqtt-58bc7f96db-rm72r with latency 0.003 seconds
Received message from mqtt/iot-mqtt-58bc7f96db-2pg87 with latency 0.002 seconds
Received message from mqtt/iot-mqtt-58bc7f96db-qxmzh with latency 0.001 seconds
Received message from mqtt/iot-mqtt-58bc7f96db-hhv2n with latency 0.001 seconds
Received message from mqtt/iot-mqtt-58bc7f96db-lt95t with latency 0.003 seconds
Received message from mqtt/iot-mqtt-58bc7f96db-sl2t6 with latency 0.001 seconds
Received message from mqtt/iot-mqtt-58bc7f96db-pspb8 with latency 0.003 seconds
Received message from mqtt/iot-mqtt-58bc7f96db-9fths with latency 0.003 seconds
Received message from mqtt/iot-mqtt-58bc7f96db-gq8bh with latency 0.003 seconds
Received message from mqtt/iot-mqtt-58bc7f96db-wgw7m with latency 0.004 seconds
Received message from mqtt/iot-mqtt-58bc7f96db-rm72r with latency 0.002 seconds
Received message from mqtt/iot-mqtt-58bc7f96db-2pg87 with latency 0.003 seconds
Received message from mqtt/iot-mqtt-58bc7f96db-qxmzh with latency 0.001 seconds
Received message from mqtt/iot-mqtt-58bc7f96db-hhv2n with latency 0.004 seconds
Received message from mqtt/iot-mqtt-58bc7f96db-lt95t with latency 0.001 seconds
Received message from mqtt/iot-mqtt-58bc7f96db-sl2t6 with latency 0.003 seconds
Received message from mqtt/iot-mqtt-58bc7f96db-pspb8 with latency 0.002 seconds
Received message from mqtt/iot-mqtt-58bc7f96db-9fths with latency 0.001 seconds
Received message from mqtt/iot-mqtt-58bc7f96db-gq8bh with latency 0.003 seconds
Received message from mqtt/iot-mqtt-58bc7f96db-wgw7m with latency 0.003 seconds
Received message from mqtt/iot-mqtt-58bc7f96db-rm72r with latency 0.002 seconds
Received message from mqtt/iot-mqtt-58bc7f96db-2pg87 with latency 0.003 seconds
Received message from mqtt/iot-mqtt-58bc7f96db-qxmzh with latency 0.003 seconds
Received message from mqtt/iot-mqtt-58bc7f96db-hhv2n with latency 0.002 seconds
Received message from mqtt/iot-mqtt-58bc7f96db-lt95t with latency 0.001 seconds
Received message from mqtt/iot-mqtt-58bc7f96db-sl2t6 with latency 0.002 seconds
Received message from mqtt/iot-mqtt-58bc7f96db-pspb8 with latency 0.001 seconds
Received message from mqtt/iot-mqtt-58bc7f96db-9fths with latency 0.001 seconds
Received message from mqtt/iot-mqtt-58bc7f96db-gq8bh with latency 0.002 seconds
Received message from mqtt/iot-mqtt-58bc7f96db-wgw7m with latency 0.002 seconds
Received message from mqtt/iot-mqtt-58bc7f96db-rm72r with latency 0.001 seconds
Received message from mqtt/iot-mqtt-58bc7f96db-2pg87 with latency 0.002 seconds
Received message from mqtt/iot-mqtt-58bc7f96db-qxmzh with latency 0.002 seconds
Received message from mqtt/iot-mqtt-58bc7f96db-hhv2n with latency 0.002 seconds
Received message from mqtt/iot-mqtt-58bc7f96db-sl2t6 with latency 0.003 seconds
Received message from mqtt/iot-mqtt-58bc7f96db-pspb8 with latency 0.002 seconds
Received message from mqtt/iot-mqtt-58bc7f96db-9fths with latency 0.002 seconds
Received message from mqtt/iot-mqtt-58bc7f96db-gq8bh with latency 0.001 seconds
Received message from mqtt/iot-mqtt-58bc7f96db-wgw7m with latency 0.002 seconds
Received message from mqtt/iot-mqtt-58bc7f96db-rm72r with latency 0.002 seconds
Received message from mqtt/iot-mqtt-58bc7f96db-2pg87 with latency 0.002 seconds
Received message from mqtt/iot-mqtt-58bc7f96db-qxmzh with latency 0.002 seconds
Received message from mqtt/iot-mqtt-58bc7f96db-hhv2n with latency 0.002 seconds
Received message from mqtt/iot-mqtt-58bc7f96db-sl2t6 with latency 0.003 seconds
Received message from mqtt/iot-mqtt-58bc7f96db-pspb8 with latency 0.002 seconds
Received message from mqtt/iot-mqtt-58bc7f96db-9fths with latency 0.003 seconds
Received message from mqtt/iot-mqtt-58bc7f96db-gq8bh with latency 0.003 seconds
Received message from mqtt/iot-mqtt-58bc7f96db-wgw7m with latency 0.002 seconds
Received message from mqtt/iot-mqtt-58bc7f96db-rm72r with latency 0.001 seconds
Received message from mqtt/iot-mqtt-58bc7f96db-qxmzh with latency 0.002 seconds
Received message from mqtt/iot-mqtt-58bc7f96db-hhv2n with latency 0.002 seconds
Received message from mqtt/iot-mqtt-58bc7f96db-sl2t6 with latency 0.002 seconds
Received message from mqtt/iot-mqtt-58bc7f96db-pspb8 with latency 0.001 seconds
Received message from mqtt/iot-mqtt-58bc7f96db-9fths with latency 0.002 seconds
Received message from mqtt/iot-mqtt-58bc7f96db-gq8bh with latency 0.002 seconds
Received message from mqtt/iot-mqtt-58bc7f96db-wgw7m with latency 0.002 seconds
Received message from mqtt/iot-mqtt-58bc7f96db-rm72r with latency 0.001 seconds
Received message from mqtt/iot-mqtt-58bc7f96db-qxmzh with latency 0.002 seconds
Received message from mqtt/iot-mqtt-58bc7f96db-hhv2n with latency 0.001 seconds
Received message from mqtt/iot-mqtt-58bc7f96db-sl2t6 with latency 0.002 seconds
Received message from mqtt/iot-mqtt-58bc7f96db-pspb8 with latency 0.001 seconds
Received message from mqtt/iot-mqtt-58bc7f96db-9fths with latency 0.002 seconds
Received message from mqtt/iot-mqtt-58bc7f96db-gq8bh with latency 0.003 seconds
Received message from mqtt/iot-mqtt-58bc7f96db-rm72r with latency 0.002 seconds
Received message from mqtt/iot-mqtt-58bc7f96db-qxmzh with latency 0.003 seconds
Received message from mqtt/iot-mqtt-58bc7f96db-hhv2n with latency 0.002 seconds
Received message from mqtt/iot-mqtt-58bc7f96db-sl2t6 with latency 0.001 seconds
Received message from mqtt/iot-mqtt-58bc7f96db-pspb8 with latency 0.002 seconds
[FAILURE] iot-mqtt-58bc7f96db-9fths is simulating a device failure. Stopping MQTT network loop for 40.0 seconds.
[RECOVERY] iot-mqtt-58bc7f96db-9fths is back online and reconnecting to broker.
Connected to MQTT broker with result code 0
Received message from mqtt/iot-mqtt-58bc7f96db-gq8bh with latency 0.003 seconds
Received message from mqtt/iot-mqtt-58bc7f96db-wgw7m with latency 0.003 seconds
Received message from mqtt/iot-mqtt-58bc7f96db-rm72r with latency 0.001 seconds
Received message from mqtt/iot-mqtt-58bc7f96db-2pg87 with latency 0.003 seconds
Received message from mqtt/iot-mqtt-58bc7f96db-qxmzh with latency 0.002 seconds
Received message from mqtt/iot-mqtt-58bc7f96db-hhv2n with latency 0.002 seconds
Received message from mqtt/iot-mqtt-58bc7f96db-pspb8 with latency 0.003 seconds
Received message from mqtt/iot-mqtt-58bc7f96db-9fths with latency 0.001 seconds
Received message from mqtt/iot-mqtt-58bc7f96db-gq8bh with latency 0.003 seconds
Received message from mqtt/iot-mqtt-58bc7f96db-wgw7m with latency 0.003 seconds
Received message from mqtt/iot-mqtt-58bc7f96db-rm72r with latency 0.002 seconds
Received message from mqtt/iot-mqtt-58bc7f96db-qxmzh with latency 0.002 seconds
Received message from mqtt/iot-mqtt-58bc7f96db-hhv2n with latency 0.002 seconds
Received message from mqtt/iot-mqtt-58bc7f96db-lt95t with latency 0.002 seconds
Received message from mqtt/iot-mqtt-58bc7f96db-pspb8 with latency 0.002 seconds
Received message from mqtt/iot-mqtt-58bc7f96db-9fths with latency 0.002 seconds
Received message from mqtt/iot-mqtt-58bc7f96db-gq8bh with latency 0.001 seconds
Received message from mqtt/iot-mqtt-58bc7f96db-wgw7m with latency 0.003 seconds
Received message from mqtt/iot-mqtt-58bc7f96db-rm72r with latency 0.003 seconds
Received message from mqtt/iot-mqtt-58bc7f96db-qxmzh with latency 0.003 seconds
Received message from mqtt/iot-mqtt-58bc7f96db-hhv2n with latency 0.002 seconds
Received message from mqtt/iot-mqtt-58bc7f96db-lt95t with latency 0.002 seconds
Received message from mqtt/iot-mqtt-58bc7f96db-sl2t6 with latency 0.001 seconds
Received message from mqtt/iot-mqtt-58bc7f96db-pspb8 with latency 0.003 seconds
Received message from mqtt/iot-mqtt-58bc7f96db-9fths with latency 0.002 seconds
Received message from mqtt/iot-mqtt-58bc7f96db-gq8bh with latency 0.002 seconds
Received message from mqtt/iot-mqtt-58bc7f96db-wgw7m with latency 0.002 seconds
Received message from mqtt/iot-mqtt-58bc7f96db-rm72r with latency 0.001 seconds
Received message from mqtt/iot-mqtt-58bc7f96db-qxmzh with latency 0.001 seconds
Received message from mqtt/iot-mqtt-58bc7f96db-hhv2n with latency 0.002 seconds
Received message from mqtt/iot-mqtt-58bc7f96db-lt95t with latency 0.001 seconds
Received message from mqtt/iot-mqtt-58bc7f96db-sl2t6 with latency 0.001 seconds
Received message from mqtt/iot-mqtt-58bc7f96db-9fths with latency 0.002 seconds
Received message from mqtt/iot-mqtt-58bc7f96db-gq8bh with latency 0.002 seconds
Received message from mqtt/iot-mqtt-58bc7f96db-rm72r with latency 0.001 seconds
Received message from mqtt/iot-mqtt-58bc7f96db-qxmzh with latency 0.002 seconds
Received message from mqtt/iot-mqtt-58bc7f96db-hhv2n with latency 0.001 seconds
Received message from mqtt/iot-mqtt-58bc7f96db-lt95t with latency 0.001 seconds
Received message from mqtt/iot-mqtt-58bc7f96db-sl2t6 with latency 0.003 seconds
Received message from mqtt/iot-mqtt-58bc7f96db-9fths with latency 0.002 seconds
Received message from mqtt/iot-mqtt-58bc7f96db-gq8bh with latency 0.003 seconds
Received message from mqtt/iot-mqtt-58bc7f96db-rm72r with latency 0.001 seconds
Received message from mqtt/iot-mqtt-58bc7f96db-qxmzh with latency 0.000 seconds
Received message from mqtt/iot-mqtt-58bc7f96db-hhv2n with latency 0.002 seconds
Received message from mqtt/iot-mqtt-58bc7f96db-lt95t with latency 0.002 seconds
Received message from mqtt/iot-mqtt-58bc7f96db-sl2t6 with latency 0.002 seconds
Received message from mqtt/iot-mqtt-58bc7f96db-9fths with latency 0.001 seconds
Received message from mqtt/iot-mqtt-58bc7f96db-gq8bh with latency 0.001 seconds
Received message from mqtt/iot-mqtt-58bc7f96db-rm72r with latency 0.004 seconds
Received message from mqtt/iot-mqtt-58bc7f96db-2pg87 with latency 0.001 seconds
Received message from mqtt/iot-mqtt-58bc7f96db-qxmzh with latency 0.002 seconds
Received message from mqtt/iot-mqtt-58bc7f96db-hhv2n with latency 0.002 seconds
Received message from mqtt/iot-mqtt-58bc7f96db-lt95t with latency 0.002 seconds
Received message from mqtt/iot-mqtt-58bc7f96db-sl2t6 with latency 0.002 seconds
Received message from mqtt/iot-mqtt-58bc7f96db-9fths with latency 0.001 seconds
Received message from mqtt/iot-mqtt-58bc7f96db-gq8bh with latency 0.002 seconds
Received message from mqtt/iot-mqtt-58bc7f96db-rm72r with latency 0.002 seconds
Received message from mqtt/iot-mqtt-58bc7f96db-2pg87 with latency 0.002 seconds
Received message from mqtt/iot-mqtt-58bc7f96db-qxmzh with latency 0.001 seconds
Received message from mqtt/iot-mqtt-58bc7f96db-hhv2n with latency 0.002 seconds
Received message from mqtt/iot-mqtt-58bc7f96db-lt95t with latency 0.002 seconds
Received message from mqtt/iot-mqtt-58bc7f96db-9fths with latency 0.001 seconds
Received message from mqtt/iot-mqtt-58bc7f96db-gq8bh with latency 0.002 seconds
Received message from mqtt/iot-mqtt-58bc7f96db-rm72r with latency 0.002 seconds
Received message from mqtt/iot-mqtt-58bc7f96db-2pg87 with latency 0.002 seconds
Received message from mqtt/iot-mqtt-58bc7f96db-qxmzh with latency 0.001 seconds
Received message from mqtt/iot-mqtt-58bc7f96db-hhv2n with latency 0.002 seconds
Received message from mqtt/iot-mqtt-58bc7f96db-lt95t with latency 0.002 seconds
Received message from mqtt/iot-mqtt-58bc7f96db-pspb8 with latency 0.002 seconds
Received message from mqtt/iot-mqtt-58bc7f96db-9fths with latency 0.002 seconds
Received message from mqtt/iot-mqtt-58bc7f96db-gq8bh with latency 0.002 seconds
Received message from mqtt/iot-mqtt-58bc7f96db-wgw7m with latency 0.002 seconds
Received message from mqtt/iot-mqtt-58bc7f96db-rm72r with latency 0.001 seconds
Received message from mqtt/iot-mqtt-58bc7f96db-2pg87 with latency 0.002 seconds
Received message from mqtt/iot-mqtt-58bc7f96db-qxmzh with latency 0.002 seconds
Received message from mqtt/iot-mqtt-58bc7f96db-hhv2n with latency 0.001 seconds
Received message from mqtt/iot-mqtt-58bc7f96db-lt95t with latency 0.002 seconds
Received message from mqtt/iot-mqtt-58bc7f96db-pspb8 with latency 0.002 seconds
Received message from mqtt/iot-mqtt-58bc7f96db-9fths with latency 0.003 seconds
Received message from mqtt/iot-mqtt-58bc7f96db-gq8bh with latency 0.002 seconds
Received message from mqtt/iot-mqtt-58bc7f96db-wgw7m with latency 0.002 seconds
Received message from mqtt/iot-mqtt-58bc7f96db-rm72r with latency 0.001 seconds
Received message from mqtt/iot-mqtt-58bc7f96db-2pg87 with latency 0.002 seconds
Received message from mqtt/iot-mqtt-58bc7f96db-qxmzh with latency 0.002 seconds
Received message from mqtt/iot-mqtt-58bc7f96db-hhv2n with latency 0.001 seconds
Received message from mqtt/iot-mqtt-58bc7f96db-pspb8 with latency 0.002 seconds
Received message from mqtt/iot-mqtt-58bc7f96db-9fths with latency 0.002 seconds
Received message from mqtt/iot-mqtt-58bc7f96db-gq8bh with latency 0.002 seconds
Received message from mqtt/iot-mqtt-58bc7f96db-wgw7m with latency 0.002 seconds
Received message from mqtt/iot-mqtt-58bc7f96db-rm72r with latency 0.003 seconds
Received message from mqtt/iot-mqtt-58bc7f96db-2pg87 with latency 0.002 seconds
Received message from mqtt/iot-mqtt-58bc7f96db-qxmzh with latency 0.002 seconds
Received message from mqtt/iot-mqtt-58bc7f96db-hhv2n with latency 0.002 seconds
Received message from mqtt/iot-mqtt-58bc7f96db-pspb8 with latency 0.001 seconds
Received message from mqtt/iot-mqtt-58bc7f96db-9fths with latency 0.002 seconds
Received message from mqtt/iot-mqtt-58bc7f96db-gq8bh with latency 0.001 seconds
Received message from mqtt/iot-mqtt-58bc7f96db-wgw7m with latency 0.002 seconds
Received message from mqtt/iot-mqtt-58bc7f96db-rm72r with latency 0.001 seconds
Received message from mqtt/iot-mqtt-58bc7f96db-2pg87 with latency 0.001 seconds
Received message from mqtt/iot-mqtt-58bc7f96db-qxmzh with latency 0.003 seconds
Received message from mqtt/iot-mqtt-58bc7f96db-hhv2n with latency 0.002 seconds
Received message from mqtt/iot-mqtt-58bc7f96db-sl2t6 with latency 0.002 seconds
Received message from mqtt/iot-mqtt-58bc7f96db-pspb8 with latency 0.003 seconds
Received message from mqtt/iot-mqtt-58bc7f96db-9fths with latency 0.003 seconds
Received message from mqtt/iot-mqtt-58bc7f96db-gq8bh with latency 0.002 seconds
Received message from mqtt/iot-mqtt-58bc7f96db-wgw7m with latency 0.002 seconds
Received message from mqtt/iot-mqtt-58bc7f96db-rm72r with latency 0.001 seconds
Received message from mqtt/iot-mqtt-58bc7f96db-2pg87 with latency 0.002 seconds
Received message from mqtt/iot-mqtt-58bc7f96db-qxmzh with latency 0.002 seconds
Received message from mqtt/iot-mqtt-58bc7f96db-hhv2n with latency 0.002 seconds
Received message from mqtt/iot-mqtt-58bc7f96db-sl2t6 with latency 0.002 seconds
Received message from mqtt/iot-mqtt-58bc7f96db-pspb8 with latency 0.002 seconds
Received message from mqtt/iot-mqtt-58bc7f96db-9fths with latency 0.002 seconds
Received message from mqtt/iot-mqtt-58bc7f96db-gq8bh with latency 0.002 seconds
Received message from mqtt/iot-mqtt-58bc7f96db-wgw7m with latency 0.002 seconds
Received message from mqtt/iot-mqtt-58bc7f96db-rm72r with latency 0.002 seconds
Received message from mqtt/iot-mqtt-58bc7f96db-2pg87 with latency 0.001 seconds
Received message from mqtt/iot-mqtt-58bc7f96db-qxmzh with latency 0.001 seconds
Received message from mqtt/iot-mqtt-58bc7f96db-hhv2n with latency 0.002 seconds
Received message from mqtt/iot-mqtt-58bc7f96db-sl2t6 with latency 0.001 seconds
Received message from mqtt/iot-mqtt-58bc7f96db-pspb8 with latency 0.002 seconds
Received message from mqtt/iot-mqtt-58bc7f96db-9fths with latency 0.002 seconds
Received message from mqtt/iot-mqtt-58bc7f96db-gq8bh with latency 0.004 seconds
Received message from mqtt/iot-mqtt-58bc7f96db-wgw7m with latency 0.002 seconds
Received message from mqtt/iot-mqtt-58bc7f96db-2pg87 with latency 0.002 seconds
Received message from mqtt/iot-mqtt-58bc7f96db-qxmzh with latency 0.001 seconds
Received message from mqtt/iot-mqtt-58bc7f96db-hhv2n with latency 0.003 seconds
Received message from mqtt/iot-mqtt-58bc7f96db-lt95t with latency 0.002 seconds
Received message from mqtt/iot-mqtt-58bc7f96db-sl2t6 with latency 0.002 seconds
Received message from mqtt/iot-mqtt-58bc7f96db-pspb8 with latency 0.002 seconds
Received message from mqtt/iot-mqtt-58bc7f96db-9fths with latency 0.001 seconds
Received message from mqtt/iot-mqtt-58bc7f96db-gq8bh with latency 0.001 seconds
Received message from mqtt/iot-mqtt-58bc7f96db-wgw7m with latency 0.003 seconds
Received message from mqtt/iot-mqtt-58bc7f96db-2pg87 with latency 0.001 seconds
Received message from mqtt/iot-mqtt-58bc7f96db-qxmzh with latency 0.002 seconds
Received message from mqtt/iot-mqtt-58bc7f96db-hhv2n with latency 0.003 seconds
Received message from mqtt/iot-mqtt-58bc7f96db-lt95t with latency 0.001 seconds
Received message from mqtt/iot-mqtt-58bc7f96db-sl2t6 with latency 0.002 seconds
Received message from mqtt/iot-mqtt-58bc7f96db-pspb8 with latency 0.002 seconds
Received message from mqtt/iot-mqtt-58bc7f96db-9fths with latency 0.003 seconds
Received message from mqtt/iot-mqtt-58bc7f96db-gq8bh with latency 0.002 seconds
Received message from mqtt/iot-mqtt-58bc7f96db-wgw7m with latency 0.002 seconds
Received message from mqtt/iot-mqtt-58bc7f96db-2pg87 with latency 0.001 seconds
Received message from mqtt/iot-mqtt-58bc7f96db-qxmzh with latency 0.002 seconds
Received message from mqtt/iot-mqtt-58bc7f96db-hhv2n with latency 0.002 seconds
Received message from mqtt/iot-mqtt-58bc7f96db-lt95t with latency 0.001 seconds
Received message from mqtt/iot-mqtt-58bc7f96db-sl2t6 with latency 0.002 seconds
Received message from mqtt/iot-mqtt-58bc7f96db-pspb8 with latency 0.001 seconds
Received message from mqtt/iot-mqtt-58bc7f96db-9fths with latency 0.001 seconds
Received message from mqtt/iot-mqtt-58bc7f96db-gq8bh with latency 0.003 seconds
Received message from mqtt/iot-mqtt-58bc7f96db-wgw7m with latency 0.002 seconds
Received message from mqtt/iot-mqtt-58bc7f96db-2pg87 with latency 0.003 seconds
Received message from mqtt/iot-mqtt-58bc7f96db-qxmzh with latency 0.003 seconds
Received message from mqtt/iot-mqtt-58bc7f96db-hhv2n with latency 0.002 seconds
Received message from mqtt/iot-mqtt-58bc7f96db-lt95t with latency 0.001 seconds
Received message from mqtt/iot-mqtt-58bc7f96db-sl2t6 with latency 0.001 seconds
Received message from mqtt/iot-mqtt-58bc7f96db-pspb8 with latency 0.001 seconds
Received message from mqtt/iot-mqtt-58bc7f96db-9fths with latency 0.003 seconds
Received message from mqtt/iot-mqtt-58bc7f96db-gq8bh with latency 0.002 seconds
Received message from mqtt/iot-mqtt-58bc7f96db-wgw7m with latency 0.002 seconds
Received message from mqtt/iot-mqtt-58bc7f96db-2pg87 with latency 0.002 seconds
Received message from mqtt/iot-mqtt-58bc7f96db-qxmzh with latency 0.003 seconds
Received message from mqtt/iot-mqtt-58bc7f96db-lt95t with latency 0.001 seconds
Received message from mqtt/iot-mqtt-58bc7f96db-hhv2n with latency 0.002 seconds
Received message from mqtt/iot-mqtt-58bc7f96db-sl2t6 with latency 0.002 seconds
Received message from mqtt/iot-mqtt-58bc7f96db-pspb8 with latency 0.004 seconds
[FAILURE] iot-mqtt-58bc7f96db-9fths is simulating a device failure. Stopping MQTT network loop for 40.0 seconds.
[RECOVERY] iot-mqtt-58bc7f96db-9fths is back online and reconnecting to broker.
Connected to MQTT broker with result code 0
Received message from mqtt/iot-mqtt-58bc7f96db-gq8bh with latency 0.001 seconds
Received message from mqtt/iot-mqtt-58bc7f96db-wgw7m with latency 0.001 seconds
Received message from mqtt/iot-mqtt-58bc7f96db-rm72r with latency 0.002 seconds
Received message from mqtt/iot-mqtt-58bc7f96db-qxmzh with latency 0.002 seconds
Received message from mqtt/iot-mqtt-58bc7f96db-lt95t with latency 0.003 seconds
Received message from mqtt/iot-mqtt-58bc7f96db-hhv2n with latency 0.004 seconds
Received message from mqtt/iot-mqtt-58bc7f96db-sl2t6 with latency 0.002 seconds
Received message from mqtt/iot-mqtt-58bc7f96db-pspb8 with latency 0.003 seconds
[FAILURE] iot-mqtt-58bc7f96db-9fths is simulating a device failure. Stopping MQTT network loop for 40.0 seconds.
[RECOVERY] iot-mqtt-58bc7f96db-9fths is back online and reconnecting to broker.
Connected to MQTT broker with result code 0
Received message from mqtt/iot-mqtt-58bc7f96db-2pg87 with latency 0.002 seconds
Received message from mqtt/iot-mqtt-58bc7f96db-rm72r with latency 0.001 seconds
Received message from mqtt/iot-mqtt-58bc7f96db-lt95t with latency 0.001 seconds
Received message from mqtt/iot-mqtt-58bc7f96db-hhv2n with latency 0.002 seconds
Received message from mqtt/iot-mqtt-58bc7f96db-sl2t6 with latency 0.002 seconds
Received message from mqtt/iot-mqtt-58bc7f96db-pspb8 with latency 0.002 seconds
Received message from mqtt/iot-mqtt-58bc7f96db-9fths with latency 0.003 seconds
Received message from mqtt/iot-mqtt-58bc7f96db-2pg87 with latency 0.003 seconds
Received message from mqtt/iot-mqtt-58bc7f96db-rm72r with latency 0.001 seconds
Received message from mqtt/iot-mqtt-58bc7f96db-lt95t with latency 0.001 seconds
Received message from mqtt/iot-mqtt-58bc7f96db-hhv2n with latency 0.002 seconds
Received message from mqtt/iot-mqtt-58bc7f96db-sl2t6 with latency 0.003 seconds
Received message from mqtt/iot-mqtt-58bc7f96db-pspb8 with latency 0.002 seconds
Received message from mqtt/iot-mqtt-58bc7f96db-9fths with latency 0.001 seconds
Received message from mqtt/iot-mqtt-58bc7f96db-gq8bh with latency 0.003 seconds
Received message from mqtt/iot-mqtt-58bc7f96db-wgw7m with latency 0.002 seconds
Received message from mqtt/iot-mqtt-58bc7f96db-2pg87 with latency 0.117 seconds
Received message from mqtt/iot-mqtt-58bc7f96db-rm72r with latency 0.077 seconds
Received message from mqtt/iot-mqtt-58bc7f96db-lt95t with latency 0.001 seconds
Received message from mqtt/iot-mqtt-58bc7f96db-hhv2n with latency 0.001 seconds
Received message from mqtt/iot-mqtt-58bc7f96db-sl2t6 with latency 0.002 seconds
Received message from mqtt/iot-mqtt-58bc7f96db-pspb8 with latency 0.002 seconds
Received message from mqtt/iot-mqtt-58bc7f96db-9fths with latency 0.003 seconds
Received message from mqtt/iot-mqtt-58bc7f96db-gq8bh with latency 0.002 seconds
Received message from mqtt/iot-mqtt-58bc7f96db-wgw7m with latency 0.001 seconds
Received message from mqtt/iot-mqtt-58bc7f96db-2pg87 with latency 0.002 seconds
Received message from mqtt/iot-mqtt-58bc7f96db-rm72r with latency 0.001 seconds
Received message from mqtt/iot-mqtt-58bc7f96db-lt95t with latency 0.002 seconds
Received message from mqtt/iot-mqtt-58bc7f96db-hhv2n with latency 0.002 seconds
Received message from mqtt/iot-mqtt-58bc7f96db-sl2t6 with latency 0.002 seconds
Received message from mqtt/iot-mqtt-58bc7f96db-pspb8 with latency 0.002 seconds
Received message from mqtt/iot-mqtt-58bc7f96db-9fths with latency 0.002 seconds
Received message from mqtt/iot-mqtt-58bc7f96db-wgw7m with latency 0.002 seconds
Received message from mqtt/iot-mqtt-58bc7f96db-gq8bh with latency 0.001 seconds
Received message from mqtt/iot-mqtt-58bc7f96db-2pg87 with latency 0.002 seconds
Received message from mqtt/iot-mqtt-58bc7f96db-rm72r with latency 0.002 seconds
Received message from mqtt/iot-mqtt-58bc7f96db-lt95t with latency 0.003 seconds
Received message from mqtt/iot-mqtt-58bc7f96db-hhv2n with latency 0.001 seconds
Received message from mqtt/iot-mqtt-58bc7f96db-sl2t6 with latency 0.006 seconds
Received message from mqtt/iot-mqtt-58bc7f96db-pspb8 with latency 0.003 seconds
Received message from mqtt/iot-mqtt-58bc7f96db-9fths with latency 0.003 seconds
Received message from mqtt/iot-mqtt-58bc7f96db-gq8bh with latency 0.006 seconds
Received message from mqtt/iot-mqtt-58bc7f96db-wgw7m with latency 0.002 seconds
Received message from mqtt/iot-mqtt-58bc7f96db-2pg87 with latency 0.002 seconds
Received message from mqtt/iot-mqtt-58bc7f96db-rm72r with latency 0.002 seconds
Received message from mqtt/iot-mqtt-58bc7f96db-qxmzh with latency 0.002 seconds
Received message from mqtt/iot-mqtt-58bc7f96db-lt95t with latency 0.004 seconds
Received message from mqtt/iot-mqtt-58bc7f96db-hhv2n with latency 0.001 seconds
Received message from mqtt/iot-mqtt-58bc7f96db-sl2t6 with latency 0.002 seconds
Received message from mqtt/iot-mqtt-58bc7f96db-pspb8 with latency 0.002 seconds
Received message from mqtt/iot-mqtt-58bc7f96db-9fths with latency 0.003 seconds
Received message from mqtt/iot-mqtt-58bc7f96db-gq8bh with latency 0.001 seconds
Received message from mqtt/iot-mqtt-58bc7f96db-wgw7m with latency 0.003 seconds
Received message from mqtt/iot-mqtt-58bc7f96db-2pg87 with latency 0.003 seconds
Received message from mqtt/iot-mqtt-58bc7f96db-qxmzh with latency 0.002 seconds
Received message from mqtt/iot-mqtt-58bc7f96db-lt95t with latency 0.001 seconds
Received message from mqtt/iot-mqtt-58bc7f96db-hhv2n with latency 0.001 seconds
Received message from mqtt/iot-mqtt-58bc7f96db-sl2t6 with latency 0.002 seconds
Received message from mqtt/iot-mqtt-58bc7f96db-pspb8 with latency 0.002 seconds
Received message from mqtt/iot-mqtt-58bc7f96db-9fths with latency 0.002 seconds
Received message from mqtt/iot-mqtt-58bc7f96db-gq8bh with latency 0.005 seconds
Received message from mqtt/iot-mqtt-58bc7f96db-wgw7m with latency 0.002 seconds
Received message from mqtt/iot-mqtt-58bc7f96db-2pg87 with latency 0.002 seconds
Received message from mqtt/iot-mqtt-58bc7f96db-qxmzh with latency 0.004 seconds
Received message from mqtt/iot-mqtt-58bc7f96db-lt95t with latency 0.002 seconds
Received message from mqtt/iot-mqtt-58bc7f96db-hhv2n with latency 0.003 seconds
Received message from mqtt/iot-mqtt-58bc7f96db-sl2t6 with latency 0.002 seconds
Received message from mqtt/iot-mqtt-58bc7f96db-pspb8 with latency 0.002 seconds
Received message from mqtt/iot-mqtt-58bc7f96db-9fths with latency 0.003 seconds
Received message from mqtt/iot-mqtt-58bc7f96db-gq8bh with latency 0.003 seconds
Received message from mqtt/iot-mqtt-58bc7f96db-wgw7m with latency 0.002 seconds
Received message from mqtt/iot-mqtt-58bc7f96db-2pg87 with latency 0.002 seconds
Received message from mqtt/iot-mqtt-58bc7f96db-qxmzh with latency 0.002 seconds
Received message from mqtt/iot-mqtt-58bc7f96db-lt95t with latency 0.001 seconds
Received message from mqtt/iot-mqtt-58bc7f96db-hhv2n with latency 0.002 seconds
Received message from mqtt/iot-mqtt-58bc7f96db-sl2t6 with latency 0.002 seconds
Received message from mqtt/iot-mqtt-58bc7f96db-pspb8 with latency 0.003 seconds
Received message from mqtt/iot-mqtt-58bc7f96db-9fths with latency 0.001 seconds
Received message from mqtt/iot-mqtt-58bc7f96db-gq8bh with latency 0.002 seconds
Received message from mqtt/iot-mqtt-58bc7f96db-wgw7m with latency 0.003 seconds
Received message from mqtt/iot-mqtt-58bc7f96db-2pg87 with latency 0.002 seconds
Received message from mqtt/iot-mqtt-58bc7f96db-qxmzh with latency 0.002 seconds
Received message from mqtt/iot-mqtt-58bc7f96db-lt95t with latency 0.002 seconds
Received message from mqtt/iot-mqtt-58bc7f96db-hhv2n with latency 0.001 seconds
Received message from mqtt/iot-mqtt-58bc7f96db-sl2t6 with latency 0.002 seconds
Received message from mqtt/iot-mqtt-58bc7f96db-pspb8 with latency 0.002 seconds
Received message from mqtt/iot-mqtt-58bc7f96db-9fths with latency 0.002 seconds
Received message from mqtt/iot-mqtt-58bc7f96db-gq8bh with latency 0.002 seconds
Received message from mqtt/iot-mqtt-58bc7f96db-wgw7m with latency 0.002 seconds
Received message from mqtt/iot-mqtt-58bc7f96db-2pg87 with latency 0.001 seconds
Received message from mqtt/iot-mqtt-58bc7f96db-qxmzh with latency 0.002 seconds
Received message from mqtt/iot-mqtt-58bc7f96db-lt95t with latency 0.003 seconds
Received message from mqtt/iot-mqtt-58bc7f96db-hhv2n with latency 0.002 seconds
Received message from mqtt/iot-mqtt-58bc7f96db-sl2t6 with latency 0.002 seconds
Received message from mqtt/iot-mqtt-58bc7f96db-pspb8 with latency 0.004 seconds
Received message from mqtt/iot-mqtt-58bc7f96db-9fths with latency 0.002 seconds
Received message from mqtt/iot-mqtt-58bc7f96db-gq8bh with latency 0.001 seconds
Received message from mqtt/iot-mqtt-58bc7f96db-wgw7m with latency 0.001 seconds
Received message from mqtt/iot-mqtt-58bc7f96db-rm72r with latency 0.002 seconds
Received message from mqtt/iot-mqtt-58bc7f96db-2pg87 with latency 0.001 seconds
Received message from mqtt/iot-mqtt-58bc7f96db-qxmzh with latency 0.002 seconds
Received message from mqtt/iot-mqtt-58bc7f96db-lt95t with latency 0.003 seconds
Received message from mqtt/iot-mqtt-58bc7f96db-hhv2n with latency 0.001 seconds
Received message from mqtt/iot-mqtt-58bc7f96db-sl2t6 with latency 0.002 seconds
Received message from mqtt/iot-mqtt-58bc7f96db-pspb8 with latency 0.001 seconds
Received message from mqtt/iot-mqtt-58bc7f96db-9fths with latency 0.003 seconds
Received message from mqtt/iot-mqtt-58bc7f96db-gq8bh with latency 0.002 seconds
Received message from mqtt/iot-mqtt-58bc7f96db-wgw7m with latency 0.003 seconds
Received message from mqtt/iot-mqtt-58bc7f96db-rm72r with latency 0.002 seconds
Received message from mqtt/iot-mqtt-58bc7f96db-2pg87 with latency 0.002 seconds
Received message from mqtt/iot-mqtt-58bc7f96db-qxmzh with latency 0.002 seconds
Received message from mqtt/iot-mqtt-58bc7f96db-lt95t with latency 0.002 seconds
Received message from mqtt/iot-mqtt-58bc7f96db-hhv2n with latency 0.001 seconds
Received message from mqtt/iot-mqtt-58bc7f96db-sl2t6 with latency 0.001 seconds
Received message from mqtt/iot-mqtt-58bc7f96db-pspb8 with latency 0.001 seconds
Received message from mqtt/iot-mqtt-58bc7f96db-9fths with latency 0.002 seconds
Received message from mqtt/iot-mqtt-58bc7f96db-gq8bh with latency 0.001 seconds
Received message from mqtt/iot-mqtt-58bc7f96db-wgw7m with latency 0.003 seconds
Received message from mqtt/iot-mqtt-58bc7f96db-rm72r with latency 0.003 seconds
Received message from mqtt/iot-mqtt-58bc7f96db-2pg87 with latency 0.003 seconds
Received message from mqtt/iot-mqtt-58bc7f96db-qxmzh with latency 0.002 seconds
Received message from mqtt/iot-mqtt-58bc7f96db-lt95t with latency 0.002 seconds
Received message from mqtt/iot-mqtt-58bc7f96db-hhv2n with latency 0.003 seconds
Received message from mqtt/iot-mqtt-58bc7f96db-sl2t6 with latency 0.005 seconds
Received message from mqtt/iot-mqtt-58bc7f96db-pspb8 with latency 0.002 seconds
Received message from mqtt/iot-mqtt-58bc7f96db-9fths with latency 0.001 seconds
Received message from mqtt/iot-mqtt-58bc7f96db-gq8bh with latency 0.001 seconds
Received message from mqtt/iot-mqtt-58bc7f96db-wgw7m with latency 0.002 seconds
Received message from mqtt/iot-mqtt-58bc7f96db-rm72r with latency 0.003 seconds
Received message from mqtt/iot-mqtt-58bc7f96db-2pg87 with latency 0.002 seconds
Received message from mqtt/iot-mqtt-58bc7f96db-qxmzh with latency 0.001 seconds
Received message from mqtt/iot-mqtt-58bc7f96db-lt95t with latency 0.002 seconds
Received message from mqtt/iot-mqtt-58bc7f96db-hhv2n with latency 0.002 seconds
Received message from mqtt/iot-mqtt-58bc7f96db-sl2t6 with latency 0.001 seconds
Received message from mqtt/iot-mqtt-58bc7f96db-pspb8 with latency 0.001 seconds
Received message from mqtt/iot-mqtt-58bc7f96db-9fths with latency 0.002 seconds
Received message from mqtt/iot-mqtt-58bc7f96db-gq8bh with latency 0.003 seconds
Received message from mqtt/iot-mqtt-58bc7f96db-wgw7m with latency 0.002 seconds
Received message from mqtt/iot-mqtt-58bc7f96db-rm72r with latency 0.002 seconds
Received message from mqtt/iot-mqtt-58bc7f96db-2pg87 with latency 0.002 seconds
Received message from mqtt/iot-mqtt-58bc7f96db-qxmzh with latency 0.002 seconds
Received message from mqtt/iot-mqtt-58bc7f96db-hhv2n with latency 0.001 seconds
Received message from mqtt/iot-mqtt-58bc7f96db-sl2t6 with latency 0.002 seconds
Received message from mqtt/iot-mqtt-58bc7f96db-pspb8 with latency 0.002 seconds
Received message from mqtt/iot-mqtt-58bc7f96db-9fths with latency 0.002 seconds
Received message from mqtt/iot-mqtt-58bc7f96db-gq8bh with latency 0.003 seconds
Received message from mqtt/iot-mqtt-58bc7f96db-wgw7m with latency 0.002 seconds
Received message from mqtt/iot-mqtt-58bc7f96db-rm72r with latency 0.002 seconds
Received message from mqtt/iot-mqtt-58bc7f96db-2pg87 with latency 0.002 seconds
Received message from mqtt/iot-mqtt-58bc7f96db-qxmzh with latency 0.002 seconds
Received message from mqtt/iot-mqtt-58bc7f96db-hhv2n with latency 0.002 seconds
Received message from mqtt/iot-mqtt-58bc7f96db-sl2t6 with latency 0.001 seconds
Received message from mqtt/iot-mqtt-58bc7f96db-pspb8 with latency 0.001 seconds
Received message from mqtt/iot-mqtt-58bc7f96db-9fths with latency 0.001 seconds
Received message from mqtt/iot-mqtt-58bc7f96db-gq8bh with latency 0.001 seconds
Received message from mqtt/iot-mqtt-58bc7f96db-wgw7m with latency 0.001 seconds
Received message from mqtt/iot-mqtt-58bc7f96db-rm72r with latency 0.002 seconds
Received message from mqtt/iot-mqtt-58bc7f96db-2pg87 with latency 0.001 seconds
Received message from mqtt/iot-mqtt-58bc7f96db-qxmzh with latency 0.001 seconds
Received message from mqtt/iot-mqtt-58bc7f96db-hhv2n with latency 0.002 seconds
Received message from mqtt/iot-mqtt-58bc7f96db-sl2t6 with latency 0.002 seconds
Received message from mqtt/iot-mqtt-58bc7f96db-pspb8 with latency 0.002 seconds
Received message from mqtt/iot-mqtt-58bc7f96db-9fths with latency 0.003 seconds
Received message from mqtt/iot-mqtt-58bc7f96db-gq8bh with latency 0.001 seconds
Received message from mqtt/iot-mqtt-58bc7f96db-wgw7m with latency 0.001 seconds
Received message from mqtt/iot-mqtt-58bc7f96db-rm72r with latency 0.002 seconds
Received message from mqtt/iot-mqtt-58bc7f96db-2pg87 with latency 0.001 seconds
Received message from mqtt/iot-mqtt-58bc7f96db-qxmzh with latency 0.001 seconds
Received message from mqtt/iot-mqtt-58bc7f96db-hhv2n with latency 0.002 seconds
Received message from mqtt/iot-mqtt-58bc7f96db-sl2t6 with latency 0.001 seconds
Received message from mqtt/iot-mqtt-58bc7f96db-pspb8 with latency 0.002 seconds
Received message from mqtt/iot-mqtt-58bc7f96db-9fths with latency 0.002 seconds
Received message from mqtt/iot-mqtt-58bc7f96db-gq8bh with latency 0.003 seconds
Received message from mqtt/iot-mqtt-58bc7f96db-wgw7m with latency 0.002 seconds
Received message from mqtt/iot-mqtt-58bc7f96db-rm72r with latency 0.002 seconds
Received message from mqtt/iot-mqtt-58bc7f96db-2pg87 with latency 0.001 seconds
Received message from mqtt/iot-mqtt-58bc7f96db-qxmzh with latency 0.001 seconds
Received message from mqtt/iot-mqtt-58bc7f96db-hhv2n with latency 0.001 seconds
Received message from mqtt/iot-mqtt-58bc7f96db-sl2t6 with latency 0.002 seconds
Received message from mqtt/iot-mqtt-58bc7f96db-pspb8 with latency 0.002 seconds
Received message from mqtt/iot-mqtt-58bc7f96db-9fths with latency 0.002 seconds
Received message from mqtt/iot-mqtt-58bc7f96db-gq8bh with latency 0.002 seconds
Received message from mqtt/iot-mqtt-58bc7f96db-rm72r with latency 0.002 seconds
Received message from mqtt/iot-mqtt-58bc7f96db-2pg87 with latency 0.002 seconds
Received message from mqtt/iot-mqtt-58bc7f96db-qxmzh with latency 0.001 seconds
Received message from mqtt/iot-mqtt-58bc7f96db-lt95t with latency 0.002 seconds
Received message from mqtt/iot-mqtt-58bc7f96db-hhv2n with latency 0.002 seconds
Received message from mqtt/iot-mqtt-58bc7f96db-pspb8 with latency 0.001 seconds
Received message from mqtt/iot-mqtt-58bc7f96db-9fths with latency 0.002 seconds
Received message from mqtt/iot-mqtt-58bc7f96db-gq8bh with latency 0.002 seconds
Received message from mqtt/iot-mqtt-58bc7f96db-rm72r with latency 0.002 seconds
Received message from mqtt/iot-mqtt-58bc7f96db-2pg87 with latency 0.002 seconds
Received message from mqtt/iot-mqtt-58bc7f96db-qxmzh with latency 0.002 seconds
Received message from mqtt/iot-mqtt-58bc7f96db-lt95t with latency 0.002 seconds
Received message from mqtt/iot-mqtt-58bc7f96db-hhv2n with latency 0.002 seconds
Received message from mqtt/iot-mqtt-58bc7f96db-pspb8 with latency 0.002 seconds
Received message from mqtt/iot-mqtt-58bc7f96db-9fths with latency 0.002 seconds
Received message from mqtt/iot-mqtt-58bc7f96db-gq8bh with latency 0.002 seconds
Received message from mqtt/iot-mqtt-58bc7f96db-rm72r with latency 0.008 seconds
Received message from mqtt/iot-mqtt-58bc7f96db-2pg87 with latency 0.002 seconds
Received message from mqtt/iot-mqtt-58bc7f96db-qxmzh with latency 0.002 seconds
Received message from mqtt/iot-mqtt-58bc7f96db-lt95t with latency 0.002 seconds
Received message from mqtt/iot-mqtt-58bc7f96db-hhv2n with latency 0.003 seconds
Received message from mqtt/iot-mqtt-58bc7f96db-pspb8 with latency 0.002 seconds
Received message from mqtt/iot-mqtt-58bc7f96db-9fths with latency 0.002 seconds
Received message from mqtt/iot-mqtt-58bc7f96db-gq8bh with latency 0.002 seconds
Received message from mqtt/iot-mqtt-58bc7f96db-rm72r with latency 0.002 seconds
Received message from mqtt/iot-mqtt-58bc7f96db-2pg87 with latency 0.001 seconds
Received message from mqtt/iot-mqtt-58bc7f96db-qxmzh with latency 0.003 seconds
Received message from mqtt/iot-mqtt-58bc7f96db-lt95t with latency 0.002 seconds
Received message from mqtt/iot-mqtt-58bc7f96db-hhv2n with latency 0.001 seconds
Received message from mqtt/iot-mqtt-58bc7f96db-pspb8 with latency 0.001 seconds
Received message from mqtt/iot-mqtt-58bc7f96db-9fths with latency 0.002 seconds
Received message from mqtt/iot-mqtt-58bc7f96db-gq8bh with latency 0.002 seconds
Received message from mqtt/iot-mqtt-58bc7f96db-rm72r with latency 0.002 seconds
Received message from mqtt/iot-mqtt-58bc7f96db-2pg87 with latency 0.002 seconds
Received message from mqtt/iot-mqtt-58bc7f96db-qxmzh with latency 0.002 seconds
Received message from mqtt/iot-mqtt-58bc7f96db-lt95t with latency 0.000 seconds
Received message from mqtt/iot-mqtt-58bc7f96db-hhv2n with latency 0.001 seconds
Received message from mqtt/iot-mqtt-58bc7f96db-pspb8 with latency 0.002 seconds
Received message from mqtt/iot-mqtt-58bc7f96db-9fths with latency 0.002 seconds
Received message from mqtt/iot-mqtt-58bc7f96db-wgw7m with latency 0.003 seconds
Received message from mqtt/iot-mqtt-58bc7f96db-gq8bh with latency 0.003 seconds
Received message from mqtt/iot-mqtt-58bc7f96db-rm72r with latency 0.002 seconds
Received message from mqtt/iot-mqtt-58bc7f96db-2pg87 with latency 0.001 seconds
Received message from mqtt/iot-mqtt-58bc7f96db-qxmzh with latency 0.002 seconds
Received message from mqtt/iot-mqtt-58bc7f96db-lt95t with latency 0.002 seconds
Received message from mqtt/iot-mqtt-58bc7f96db-hhv2n with latency 0.001 seconds
Received message from mqtt/iot-mqtt-58bc7f96db-sl2t6 with latency 0.002 seconds
Received message from mqtt/iot-mqtt-58bc7f96db-pspb8 with latency 0.002 seconds
Received message from mqtt/iot-mqtt-58bc7f96db-9fths with latency 0.002 seconds
Received message from mqtt/iot-mqtt-58bc7f96db-wgw7m with latency 0.001 seconds
Received message from mqtt/iot-mqtt-58bc7f96db-gq8bh with latency 0.001 seconds
Received message from mqtt/iot-mqtt-58bc7f96db-rm72r with latency 0.003 seconds
Received message from mqtt/iot-mqtt-58bc7f96db-2pg87 with latency 0.002 seconds
Received message from mqtt/iot-mqtt-58bc7f96db-qxmzh with latency 0.002 seconds
Received message from mqtt/iot-mqtt-58bc7f96db-lt95t with latency 0.004 seconds
Received message from mqtt/iot-mqtt-58bc7f96db-hhv2n with latency 0.001 seconds
Received message from mqtt/iot-mqtt-58bc7f96db-sl2t6 with latency 0.002 seconds
Received message from mqtt/iot-mqtt-58bc7f96db-pspb8 with latency 0.001 seconds
Received message from mqtt/iot-mqtt-58bc7f96db-9fths with latency 0.002 seconds
Received message from mqtt/iot-mqtt-58bc7f96db-wgw7m with latency 0.003 seconds
Received message from mqtt/iot-mqtt-58bc7f96db-gq8bh with latency 0.001 seconds
Received message from mqtt/iot-mqtt-58bc7f96db-rm72r with latency 0.002 seconds
Received message from mqtt/iot-mqtt-58bc7f96db-2pg87 with latency 0.001 seconds
Received message from mqtt/iot-mqtt-58bc7f96db-qxmzh with latency 0.001 seconds
Received message from mqtt/iot-mqtt-58bc7f96db-hhv2n with latency 0.001 seconds
Received message from mqtt/iot-mqtt-58bc7f96db-sl2t6 with latency 0.002 seconds
Received message from mqtt/iot-mqtt-58bc7f96db-pspb8 with latency 0.001 seconds
Received message from mqtt/iot-mqtt-58bc7f96db-9fths with latency 0.001 seconds
Received message from mqtt/iot-mqtt-58bc7f96db-gq8bh with latency 0.002 seconds
Received message from mqtt/iot-mqtt-58bc7f96db-wgw7m with latency 0.002 seconds
Received message from mqtt/iot-mqtt-58bc7f96db-rm72r with latency 0.002 seconds
Received message from mqtt/iot-mqtt-58bc7f96db-2pg87 with latency 0.002 seconds
Received message from mqtt/iot-mqtt-58bc7f96db-hhv2n with latency 0.002 seconds
Received message from mqtt/iot-mqtt-58bc7f96db-sl2t6 with latency 0.001 seconds
Received message from mqtt/iot-mqtt-58bc7f96db-pspb8 with latency 0.002 seconds
Received message from mqtt/iot-mqtt-58bc7f96db-9fths with latency 0.001 seconds
Received message from mqtt/iot-mqtt-58bc7f96db-gq8bh with latency 0.002 seconds
Received message from mqtt/iot-mqtt-58bc7f96db-wgw7m with latency 0.001 seconds
Received message from mqtt/iot-mqtt-58bc7f96db-rm72r with latency 0.001 seconds
Received message from mqtt/iot-mqtt-58bc7f96db-2pg87 with latency 0.001 seconds
Received message from mqtt/iot-mqtt-58bc7f96db-hhv2n with latency 0.089 seconds
Received message from mqtt/iot-mqtt-58bc7f96db-pspb8 with latency 0.002 seconds
Received message from mqtt/iot-mqtt-58bc7f96db-9fths with latency 0.002 seconds
Received message from mqtt/iot-mqtt-58bc7f96db-gq8bh with latency 0.001 seconds
Received message from mqtt/iot-mqtt-58bc7f96db-wgw7m with latency 0.002 seconds
Received message from mqtt/iot-mqtt-58bc7f96db-rm72r with latency 0.002 seconds
Received message from mqtt/iot-mqtt-58bc7f96db-2pg87 with latency 0.002 seconds
Received message from mqtt/iot-mqtt-58bc7f96db-hhv2n with latency 0.001 seconds
Received message from mqtt/iot-mqtt-58bc7f96db-pspb8 with latency 0.001 seconds
Received message from mqtt/iot-mqtt-58bc7f96db-9fths with latency 0.002 seconds
Received message from mqtt/iot-mqtt-58bc7f96db-gq8bh with latency 0.003 seconds
Received message from mqtt/iot-mqtt-58bc7f96db-rm72r with latency 0.002 seconds
Received message from mqtt/iot-mqtt-58bc7f96db-2pg87 with latency 0.003 seconds
Received message from mqtt/iot-mqtt-58bc7f96db-hhv2n with latency 0.002 seconds
Received message from mqtt/iot-mqtt-58bc7f96db-pspb8 with latency 0.002 seconds
Received message from mqtt/iot-mqtt-58bc7f96db-9fths with latency 0.001 seconds
Received message from mqtt/iot-mqtt-58bc7f96db-gq8bh with latency 0.002 seconds
Received message from mqtt/iot-mqtt-58bc7f96db-rm72r with latency 0.003 seconds
Received message from mqtt/iot-mqtt-58bc7f96db-2pg87 with latency 0.001 seconds
Received message from mqtt/iot-mqtt-58bc7f96db-lt95t with latency 0.003 seconds
Received message from mqtt/iot-mqtt-58bc7f96db-hhv2n with latency 0.002 seconds
Received message from mqtt/iot-mqtt-58bc7f96db-pspb8 with latency 0.001 seconds
Received message from mqtt/iot-mqtt-58bc7f96db-9fths with latency 0.002 seconds
Received message from mqtt/iot-mqtt-58bc7f96db-gq8bh with latency 0.003 seconds
Received message from mqtt/iot-mqtt-58bc7f96db-rm72r with latency 0.002 seconds
Received message from mqtt/iot-mqtt-58bc7f96db-2pg87 with latency 0.003 seconds
Received message from mqtt/iot-mqtt-58bc7f96db-qxmzh with latency 0.001 seconds
Received message from mqtt/iot-mqtt-58bc7f96db-lt95t with latency 0.002 seconds
Received message from mqtt/iot-mqtt-58bc7f96db-hhv2n with latency 0.002 seconds
Received message from mqtt/iot-mqtt-58bc7f96db-pspb8 with latency 0.001 seconds
Received message from mqtt/iot-mqtt-58bc7f96db-9fths with latency 0.003 seconds
Received message from mqtt/iot-mqtt-58bc7f96db-gq8bh with latency 0.001 seconds
Received message from mqtt/iot-mqtt-58bc7f96db-rm72r with latency 0.002 seconds
Received message from mqtt/iot-mqtt-58bc7f96db-2pg87 with latency 0.003 seconds
Received message from mqtt/iot-mqtt-58bc7f96db-qxmzh with latency 0.001 seconds
Received message from mqtt/iot-mqtt-58bc7f96db-lt95t with latency 0.003 seconds
Received message from mqtt/iot-mqtt-58bc7f96db-sl2t6 with latency 0.001 seconds
Received message from mqtt/iot-mqtt-58bc7f96db-hhv2n with latency 0.000 seconds
Received message from mqtt/iot-mqtt-58bc7f96db-pspb8 with latency 0.002 seconds
Received message from mqtt/iot-mqtt-58bc7f96db-9fths with latency 0.001 seconds
Received message from mqtt/iot-mqtt-58bc7f96db-wgw7m with latency 0.001 seconds
Received message from mqtt/iot-mqtt-58bc7f96db-gq8bh with latency 0.002 seconds
Received message from mqtt/iot-mqtt-58bc7f96db-rm72r with latency 0.002 seconds
Received message from mqtt/iot-mqtt-58bc7f96db-2pg87 with latency 0.002 seconds
Received message from mqtt/iot-mqtt-58bc7f96db-qxmzh with latency 0.000 seconds
Received message from mqtt/iot-mqtt-58bc7f96db-sl2t6 with latency 0.002 seconds
Received message from mqtt/iot-mqtt-58bc7f96db-hhv2n with latency 0.001 seconds
Received message from mqtt/iot-mqtt-58bc7f96db-pspb8 with latency 0.002 seconds
Received message from mqtt/iot-mqtt-58bc7f96db-9fths with latency 0.002 seconds
Received message from mqtt/iot-mqtt-58bc7f96db-wgw7m with latency 0.002 seconds
Received message from mqtt/iot-mqtt-58bc7f96db-gq8bh with latency 0.001 seconds
Received message from mqtt/iot-mqtt-58bc7f96db-rm72r with latency 0.001 seconds
Received message from mqtt/iot-mqtt-58bc7f96db-2pg87 with latency 0.002 seconds
Received message from mqtt/iot-mqtt-58bc7f96db-qxmzh with latency 0.002 seconds
