/app/mqtt_device.py:16: DeprecationWarning: Callback API version 1 is deprecated, update to latest version
  mqtt_client = mqtt.Client()
[FAILURE] iot-mqtt-7f7c88499d-db5z8 is simulating a device failure. Stopping MQTT network loop for 40.0 seconds.
 * Serving Flask app 'mqtt_device'
 * Debug mode: off
[31m[1mWARNING: This is a development server. Do not use it in a production deployment. Use a production WSGI server instead.[0m
 * Running on all addresses (0.0.0.0)
 * Running on http://127.0.0.1:5000
 * Running on http://10.244.3.37:5000
[33mPress CTRL+C to quit[0m
Connected to MQTT broker with result code 0
[RECOVERY] iot-mqtt-7f7c88499d-db5z8 is back online and reconnecting to broker.
Connected to MQTT broker with result code 0
Received message from mqtt/iot-mqtt-7f7c88499d-tcfnl with latency 0.005 seconds
Received message from mqtt/iot-mqtt-7f7c88499d-mnmwr with latency 0.004 seconds
Received message from mqtt/iot-mqtt-7f7c88499d-dkvtw with latency 0.004 seconds
Received message from mqtt/iot-mqtt-7f7c88499d-jtgdz with latency 0.002 seconds
Received message from mqtt/iot-mqtt-7f7c88499d-tktjr with latency 0.002 seconds
Received message from mqtt/iot-mqtt-7f7c88499d-txh52 with latency 0.003 seconds
Received message from mqtt/iot-mqtt-7f7c88499d-vzsjl with latency 0.003 seconds
Received message from mqtt/iot-mqtt-7f7c88499d-x5bcg with latency 0.002 seconds
Received message from mqtt/iot-mqtt-7f7c88499d-db5z8 with latency 0.002 seconds
Received message from mqtt/iot-mqtt-7f7c88499d-tcfnl with latency 0.003 seconds
Received message from mqtt/iot-mqtt-7f7c88499d-mnmwr with latency 0.003 seconds
Received message from mqtt/iot-mqtt-7f7c88499d-dkvtw with latency 0.003 seconds
Received message from mqtt/iot-mqtt-7f7c88499d-tktjr with latency 0.003 seconds
Received message from mqtt/iot-mqtt-7f7c88499d-txh52 with latency 0.002 seconds
Received message from mqtt/iot-mqtt-7f7c88499d-vzsjl with latency 0.002 seconds
Received message from mqtt/iot-mqtt-7f7c88499d-x5bcg with latency 0.003 seconds
Received message from mqtt/iot-mqtt-7f7c88499d-db5z8 with latency 0.001 seconds
Received message from mqtt/iot-mqtt-7f7c88499d-mnmwr with latency 0.004 seconds
Received message from mqtt/iot-mqtt-7f7c88499d-dkvtw with latency 0.003 seconds
Received message from mqtt/iot-mqtt-7f7c88499d-txh52 with latency 0.003 seconds
Received message from mqtt/iot-mqtt-7f7c88499d-vzsjl with latency 0.001 seconds
Received message from mqtt/iot-mqtt-7f7c88499d-x5bcg with latency 0.003 seconds
Received message from mqtt/iot-mqtt-7f7c88499d-db5z8 with latency 0.001 seconds
Received message from mqtt/iot-mqtt-7f7c88499d-nvkg2 with latency 0.003 seconds
Received message from mqtt/iot-mqtt-7f7c88499d-mnmwr with latency 0.002 seconds
Received message from mqtt/iot-mqtt-7f7c88499d-dkvtw with latency 0.003 seconds
Received message from mqtt/iot-mqtt-7f7c88499d-txh52 with latency 0.005 seconds
Received message from mqtt/iot-mqtt-7f7c88499d-vzsjl with latency 0.003 seconds
Received message from mqtt/iot-mqtt-7f7c88499d-x5bcg with latency 0.002 seconds
Received message from mqtt/iot-mqtt-7f7c88499d-db5z8 with latency 0.001 seconds
Received message from mqtt/iot-mqtt-7f7c88499d-nvkg2 with latency 0.002 seconds
Received message from mqtt/iot-mqtt-7f7c88499d-mnmwr with latency 0.003 seconds
Received message from mqtt/iot-mqtt-7f7c88499d-dkvtw with latency 0.002 seconds
Received message from mqtt/iot-mqtt-7f7c88499d-txh52 with latency 0.003 seconds
Received message from mqtt/iot-mqtt-7f7c88499d-vzsjl with latency 0.002 seconds
Received message from mqtt/iot-mqtt-7f7c88499d-x5bcg with latency 0.003 seconds
Received message from mqtt/iot-mqtt-7f7c88499d-db5z8 with latency 0.002 seconds
Received message from mqtt/iot-mqtt-7f7c88499d-nvkg2 with latency 0.002 seconds
Received message from mqtt/iot-mqtt-7f7c88499d-mnmwr with latency 0.002 seconds
Received message from mqtt/iot-mqtt-7f7c88499d-dkvtw with latency 0.001 seconds
Received message from mqtt/iot-mqtt-7f7c88499d-txh52 with latency 0.003 seconds
Received message from mqtt/iot-mqtt-7f7c88499d-vzsjl with latency 0.002 seconds
Received message from mqtt/iot-mqtt-7f7c88499d-x5bcg with latency 0.003 seconds
Received message from mqtt/iot-mqtt-7f7c88499d-db5z8 with latency 0.002 seconds
Received message from mqtt/iot-mqtt-7f7c88499d-mnmwr with latency 0.003 seconds
Received message from mqtt/iot-mqtt-7f7c88499d-dkvtw with latency 0.003 seconds
Received message from mqtt/iot-mqtt-7f7c88499d-jtgdz with latency 0.055 seconds
Received message from mqtt/iot-mqtt-7f7c88499d-txh52 with latency 0.003 seconds
Received message from mqtt/iot-mqtt-7f7c88499d-vzsjl with latency 0.003 seconds
Received message from mqtt/iot-mqtt-7f7c88499d-x5bcg with latency 0.002 seconds
Received message from mqtt/iot-mqtt-7f7c88499d-db5z8 with latency 0.004 seconds
Received message from mqtt/iot-mqtt-7f7c88499d-mnmwr with latency 0.003 seconds
Received message from mqtt/iot-mqtt-7f7c88499d-dkvtw with latency 0.001 seconds
Received message from mqtt/iot-mqtt-7f7c88499d-jtgdz with latency 0.001 seconds
Received message from mqtt/iot-mqtt-7f7c88499d-tktjr with latency 0.003 seconds
Received message from mqtt/iot-mqtt-7f7c88499d-txh52 with latency 0.002 seconds
Received message from mqtt/iot-mqtt-7f7c88499d-vzsjl with latency 0.002 seconds
Received message from mqtt/iot-mqtt-7f7c88499d-x5bcg with latency 0.002 seconds
Received message from mqtt/iot-mqtt-7f7c88499d-db5z8 with latency 0.002 seconds
Received message from mqtt/iot-mqtt-7f7c88499d-mnmwr with latency 0.003 seconds
Received message from mqtt/iot-mqtt-7f7c88499d-dkvtw with latency 0.001 seconds
Received message from mqtt/iot-mqtt-7f7c88499d-jtgdz with latency 0.001 seconds
Received message from mqtt/iot-mqtt-7f7c88499d-tktjr with latency 0.003 seconds
Received message from mqtt/iot-mqtt-7f7c88499d-txh52 with latency 0.002 seconds
Received message from mqtt/iot-mqtt-7f7c88499d-vzsjl with latency 0.003 seconds
Received message from mqtt/iot-mqtt-7f7c88499d-x5bcg with latency 0.003 seconds
Received message from mqtt/iot-mqtt-7f7c88499d-db5z8 with latency 0.002 seconds
Received message from mqtt/iot-mqtt-7f7c88499d-mnmwr with latency 0.007 seconds
Received message from mqtt/iot-mqtt-7f7c88499d-dkvtw with latency 0.002 seconds
Received message from mqtt/iot-mqtt-7f7c88499d-jtgdz with latency 0.002 seconds
Received message from mqtt/iot-mqtt-7f7c88499d-tktjr with latency 0.002 seconds
Received message from mqtt/iot-mqtt-7f7c88499d-txh52 with latency 0.004 seconds
Received message from mqtt/iot-mqtt-7f7c88499d-vzsjl with latency 0.002 seconds
Received message from mqtt/iot-mqtt-7f7c88499d-x5bcg with latency 0.004 seconds
Received message from mqtt/iot-mqtt-7f7c88499d-db5z8 with latency 0.003 seconds
Received message from mqtt/iot-mqtt-7f7c88499d-mnmwr with latency 0.002 seconds
Received message from mqtt/iot-mqtt-7f7c88499d-dkvtw with latency 0.001 seconds
Received message from mqtt/iot-mqtt-7f7c88499d-jtgdz with latency 0.001 seconds
Received message from mqtt/iot-mqtt-7f7c88499d-tktjr with latency 0.002 seconds
Received message from mqtt/iot-mqtt-7f7c88499d-txh52 with latency 0.003 seconds
Received message from mqtt/iot-mqtt-7f7c88499d-vzsjl with latency 0.003 seconds
Received message from mqtt/iot-mqtt-7f7c88499d-x5bcg with latency 0.002 seconds
Received message from mqtt/iot-mqtt-7f7c88499d-db5z8 with latency 0.002 seconds
Received message from mqtt/iot-mqtt-7f7c88499d-nvkg2 with latency 0.002 seconds
Received message from mqtt/iot-mqtt-7f7c88499d-mnmwr with latency 0.003 seconds
Received message from mqtt/iot-mqtt-7f7c88499d-dkvtw with latency 0.001 seconds
Received message from mqtt/iot-mqtt-7f7c88499d-tktjr with latency 0.003 seconds
Received message from mqtt/iot-mqtt-7f7c88499d-txh52 with latency 0.001 seconds
Received message from mqtt/iot-mqtt-7f7c88499d-vzsjl with latency 0.002 seconds
Received message from mqtt/iot-mqtt-7f7c88499d-x5bcg with latency 0.003 seconds
[FAILURE] iot-mqtt-7f7c88499d-db5z8 is simulating a device failure. Stopping MQTT network loop for 40.0 seconds.
Received message from mqtt/iot-mqtt-7f7c88499d-nvkg2 with latency 0.002 seconds
[RECOVERY] iot-mqtt-7f7c88499d-db5z8 is back online and reconnecting to broker.
Connected to MQTT broker with result code 0
Received message from mqtt/iot-mqtt-7f7c88499d-tcfnl with latency 0.003 seconds
Received message from mqtt/iot-mqtt-7f7c88499d-dkvtw with latency 0.003 seconds
Received message from mqtt/iot-mqtt-7f7c88499d-jtgdz with latency 0.002 seconds
Received message from mqtt/iot-mqtt-7f7c88499d-tktjr with latency 0.002 seconds
Received message from mqtt/iot-mqtt-7f7c88499d-txh52 with latency 0.002 seconds
Received message from mqtt/iot-mqtt-7f7c88499d-x5bcg with latency 0.001 seconds
Received message from mqtt/iot-mqtt-7f7c88499d-db5z8 with latency 0.002 seconds
Received message from mqtt/iot-mqtt-7f7c88499d-tcfnl with latency 0.003 seconds
Received message from mqtt/iot-mqtt-7f7c88499d-jtgdz with latency 0.003 seconds
Received message from mqtt/iot-mqtt-7f7c88499d-tktjr with latency 0.003 seconds
Received message from mqtt/iot-mqtt-7f7c88499d-txh52 with latency 0.003 seconds
Received message from mqtt/iot-mqtt-7f7c88499d-vzsjl with latency 0.003 seconds
Received message from mqtt/iot-mqtt-7f7c88499d-x5bcg with latency 0.003 seconds
Received message from mqtt/iot-mqtt-7f7c88499d-db5z8 with latency 0.003 seconds
Received message from mqtt/iot-mqtt-7f7c88499d-tcfnl with latency 0.003 seconds
Received message from mqtt/iot-mqtt-7f7c88499d-jtgdz with latency 0.001 seconds
Received message from mqtt/iot-mqtt-7f7c88499d-tktjr with latency 0.003 seconds
Received message from mqtt/iot-mqtt-7f7c88499d-txh52 with latency 0.002 seconds
Received message from mqtt/iot-mqtt-7f7c88499d-vzsjl with latency 0.002 seconds
Received message from mqtt/iot-mqtt-7f7c88499d-x5bcg with latency 0.003 seconds
Received message from mqtt/iot-mqtt-7f7c88499d-db5z8 with latency 0.003 seconds
Received message from mqtt/iot-mqtt-7f7c88499d-tcfnl with latency 0.003 seconds
Received message from mqtt/iot-mqtt-7f7c88499d-jtgdz with latency 0.003 seconds
Received message from mqtt/iot-mqtt-7f7c88499d-tktjr with latency 0.001 seconds
Received message from mqtt/iot-mqtt-7f7c88499d-txh52 with latency 0.001 seconds
Received message from mqtt/iot-mqtt-7f7c88499d-vzsjl with latency 0.002 seconds
Received message from mqtt/iot-mqtt-7f7c88499d-x5bcg with latency 0.002 seconds
Received message from mqtt/iot-mqtt-7f7c88499d-db5z8 with latency 0.002 seconds
Received message from mqtt/iot-mqtt-7f7c88499d-nvkg2 with latency 0.001 seconds
Received message from mqtt/iot-mqtt-7f7c88499d-tcfnl with latency 0.003 seconds
Received message from mqtt/iot-mqtt-7f7c88499d-jtgdz with latency 0.005 seconds
Received message from mqtt/iot-mqtt-7f7c88499d-txh52 with latency 0.002 seconds
Received message from mqtt/iot-mqtt-7f7c88499d-vzsjl with latency 0.003 seconds
Received message from mqtt/iot-mqtt-7f7c88499d-x5bcg with latency 0.002 seconds
Received message from mqtt/iot-mqtt-7f7c88499d-db5z8 with latency 0.003 seconds
Received message from mqtt/iot-mqtt-7f7c88499d-nvkg2 with latency 0.003 seconds
Received message from mqtt/iot-mqtt-7f7c88499d-tcfnl with latency 0.003 seconds
Received message from mqtt/iot-mqtt-7f7c88499d-mnmwr with latency 0.002 seconds
Received message from mqtt/iot-mqtt-7f7c88499d-jtgdz with latency 0.002 seconds
Received message from mqtt/iot-mqtt-7f7c88499d-txh52 with latency 0.003 seconds
Received message from mqtt/iot-mqtt-7f7c88499d-vzsjl with latency 0.003 seconds
Received message from mqtt/iot-mqtt-7f7c88499d-x5bcg with latency 0.002 seconds
Received message from mqtt/iot-mqtt-7f7c88499d-db5z8 with latency 0.002 seconds
Received message from mqtt/iot-mqtt-7f7c88499d-nvkg2 with latency 0.003 seconds
Received message from mqtt/iot-mqtt-7f7c88499d-tcfnl with latency 0.003 seconds
Received message from mqtt/iot-mqtt-7f7c88499d-mnmwr with latency 0.002 seconds
Received message from mqtt/iot-mqtt-7f7c88499d-dkvtw with latency 0.002 seconds
Received message from mqtt/iot-mqtt-7f7c88499d-jtgdz with latency 0.003 seconds
Received message from mqtt/iot-mqtt-7f7c88499d-txh52 with latency 0.003 seconds
Received message from mqtt/iot-mqtt-7f7c88499d-vzsjl with latency 0.002 seconds
Received message from mqtt/iot-mqtt-7f7c88499d-x5bcg with latency 0.002 seconds
Received message from mqtt/iot-mqtt-7f7c88499d-db5z8 with latency 0.003 seconds
Received message from mqtt/iot-mqtt-7f7c88499d-nvkg2 with latency 0.003 seconds
Received message from mqtt/iot-mqtt-7f7c88499d-tcfnl with latency 0.002 seconds
Received message from mqtt/iot-mqtt-7f7c88499d-mnmwr with latency 0.003 seconds
Received message from mqtt/iot-mqtt-7f7c88499d-dkvtw with latency 0.002 seconds
Received message from mqtt/iot-mqtt-7f7c88499d-jtgdz with latency 0.002 seconds
Received message from mqtt/iot-mqtt-7f7c88499d-txh52 with latency 0.002 seconds
Received message from mqtt/iot-mqtt-7f7c88499d-vzsjl with latency 0.003 seconds
Received message from mqtt/iot-mqtt-7f7c88499d-x5bcg with latency 0.003 seconds
Received message from mqtt/iot-mqtt-7f7c88499d-db5z8 with latency 0.002 seconds
Received message from mqtt/iot-mqtt-7f7c88499d-nvkg2 with latency 0.002 seconds
Received message from mqtt/iot-mqtt-7f7c88499d-tcfnl with latency 0.001 seconds
Received message from mqtt/iot-mqtt-7f7c88499d-mnmwr with latency 0.002 seconds
Received message from mqtt/iot-mqtt-7f7c88499d-dkvtw with latency 0.004 seconds
Received message from mqtt/iot-mqtt-7f7c88499d-jtgdz with latency 0.003 seconds
Received message from mqtt/iot-mqtt-7f7c88499d-txh52 with latency 0.003 seconds
Received message from mqtt/iot-mqtt-7f7c88499d-vzsjl with latency 0.002 seconds
Received message from mqtt/iot-mqtt-7f7c88499d-x5bcg with latency 0.002 seconds
Received message from mqtt/iot-mqtt-7f7c88499d-db5z8 with latency 0.002 seconds
Received message from mqtt/iot-mqtt-7f7c88499d-nvkg2 with latency 0.002 seconds
Received message from mqtt/iot-mqtt-7f7c88499d-tcfnl with latency 0.003 seconds
Received message from mqtt/iot-mqtt-7f7c88499d-mnmwr with latency 0.002 seconds
Received message from mqtt/iot-mqtt-7f7c88499d-dkvtw with latency 0.001 seconds
Received message from mqtt/iot-mqtt-7f7c88499d-jtgdz with latency 0.004 seconds
Received message from mqtt/iot-mqtt-7f7c88499d-tktjr with latency 0.003 seconds
Received message from mqtt/iot-mqtt-7f7c88499d-txh52 with latency 0.003 seconds
Received message from mqtt/iot-mqtt-7f7c88499d-vzsjl with latency 0.002 seconds
Received message from mqtt/iot-mqtt-7f7c88499d-x5bcg with latency 0.001 seconds
Received message from mqtt/iot-mqtt-7f7c88499d-db5z8 with latency 0.002 seconds
Received message from mqtt/iot-mqtt-7f7c88499d-nvkg2 with latency 0.003 seconds
Received message from mqtt/iot-mqtt-7f7c88499d-tcfnl with latency 0.002 seconds
Received message from mqtt/iot-mqtt-7f7c88499d-mnmwr with latency 0.003 seconds
Received message from mqtt/iot-mqtt-7f7c88499d-dkvtw with latency 0.003 seconds
Received message from mqtt/iot-mqtt-7f7c88499d-jtgdz with latency 0.003 seconds
Received message from mqtt/iot-mqtt-7f7c88499d-tktjr with latency 0.004 seconds
Received message from mqtt/iot-mqtt-7f7c88499d-txh52 with latency 0.002 seconds
Received message from mqtt/iot-mqtt-7f7c88499d-vzsjl with latency 0.004 seconds
Received message from mqtt/iot-mqtt-7f7c88499d-x5bcg with latency 0.001 seconds
Received message from mqtt/iot-mqtt-7f7c88499d-db5z8 with latency 0.003 seconds
Received message from mqtt/iot-mqtt-7f7c88499d-nvkg2 with latency 0.002 seconds
Received message from mqtt/iot-mqtt-7f7c88499d-tcfnl with latency 0.002 seconds
Received message from mqtt/iot-mqtt-7f7c88499d-mnmwr with latency 0.003 seconds
Received message from mqtt/iot-mqtt-7f7c88499d-dkvtw with latency 0.003 seconds
Received message from mqtt/iot-mqtt-7f7c88499d-jtgdz with latency 0.003 seconds
Received message from mqtt/iot-mqtt-7f7c88499d-tktjr with latency 0.003 seconds
Received message from mqtt/iot-mqtt-7f7c88499d-txh52 with latency 0.002 seconds
Received message from mqtt/iot-mqtt-7f7c88499d-vzsjl with latency 0.002 seconds
Received message from mqtt/iot-mqtt-7f7c88499d-x5bcg with latency 0.001 seconds
Received message from mqtt/iot-mqtt-7f7c88499d-db5z8 with latency 0.002 seconds
Received message from mqtt/iot-mqtt-7f7c88499d-nvkg2 with latency 0.002 seconds
Received message from mqtt/iot-mqtt-7f7c88499d-tcfnl with latency 0.004 seconds
Received message from mqtt/iot-mqtt-7f7c88499d-mnmwr with latency 0.002 seconds
Received message from mqtt/iot-mqtt-7f7c88499d-dkvtw with latency 0.002 seconds
Received message from mqtt/iot-mqtt-7f7c88499d-jtgdz with latency 0.003 seconds
Received message from mqtt/iot-mqtt-7f7c88499d-tktjr with latency 0.002 seconds
Received message from mqtt/iot-mqtt-7f7c88499d-txh52 with latency 0.003 seconds
Received message from mqtt/iot-mqtt-7f7c88499d-vzsjl with latency 0.003 seconds
Received message from mqtt/iot-mqtt-7f7c88499d-x5bcg with latency 0.001 seconds
Received message from mqtt/iot-mqtt-7f7c88499d-db5z8 with latency 0.002 seconds
Received message from mqtt/iot-mqtt-7f7c88499d-nvkg2 with latency 0.002 seconds
Received message from mqtt/iot-mqtt-7f7c88499d-mnmwr with latency 0.003 seconds
Received message from mqtt/iot-mqtt-7f7c88499d-dkvtw with latency 0.002 seconds
Received message from mqtt/iot-mqtt-7f7c88499d-jtgdz with latency 0.004 seconds
Received message from mqtt/iot-mqtt-7f7c88499d-tktjr with latency 0.002 seconds
Received message from mqtt/iot-mqtt-7f7c88499d-txh52 with latency 0.003 seconds
Received message from mqtt/iot-mqtt-7f7c88499d-vzsjl with latency 0.003 seconds
Received message from mqtt/iot-mqtt-7f7c88499d-x5bcg with latency 0.001 seconds
Received message from mqtt/iot-mqtt-7f7c88499d-db5z8 with latency 0.002 seconds
Received message from mqtt/iot-mqtt-7f7c88499d-nvkg2 with latency 0.001 seconds
Received message from mqtt/iot-mqtt-7f7c88499d-mnmwr with latency 0.002 seconds
Received message from mqtt/iot-mqtt-7f7c88499d-dkvtw with latency 0.001 seconds
Received message from mqtt/iot-mqtt-7f7c88499d-jtgdz with latency 0.001 seconds
Received message from mqtt/iot-mqtt-7f7c88499d-tktjr with latency 0.002 seconds
Received message from mqtt/iot-mqtt-7f7c88499d-txh52 with latency 0.002 seconds
Received message from mqtt/iot-mqtt-7f7c88499d-vzsjl with latency 0.002 seconds
Received message from mqtt/iot-mqtt-7f7c88499d-x5bcg with latency 0.001 seconds
Received message from mqtt/iot-mqtt-7f7c88499d-db5z8 with latency 0.001 seconds
Received message from mqtt/iot-mqtt-7f7c88499d-nvkg2 with latency 0.001 seconds
Received message from mqtt/iot-mqtt-7f7c88499d-mnmwr with latency 0.003 seconds
Received message from mqtt/iot-mqtt-7f7c88499d-dkvtw with latency 0.002 seconds
Received message from mqtt/iot-mqtt-7f7c88499d-jtgdz with latency 0.003 seconds
Received message from mqtt/iot-mqtt-7f7c88499d-tktjr with latency 0.002 seconds
Received message from mqtt/iot-mqtt-7f7c88499d-txh52 with latency 0.002 seconds
Received message from mqtt/iot-mqtt-7f7c88499d-x5bcg with latency 0.002 seconds
Received message from mqtt/iot-mqtt-7f7c88499d-db5z8 with latency 0.001 seconds
Received message from mqtt/iot-mqtt-7f7c88499d-nvkg2 with latency 0.005 seconds
Received message from mqtt/iot-mqtt-7f7c88499d-mnmwr with latency 0.003 seconds
Received message from mqtt/iot-mqtt-7f7c88499d-dkvtw with latency 0.002 seconds
Received message from mqtt/iot-mqtt-7f7c88499d-jtgdz with latency 0.002 seconds
Received message from mqtt/iot-mqtt-7f7c88499d-tktjr with latency 0.002 seconds
Received message from mqtt/iot-mqtt-7f7c88499d-txh52 with latency 0.003 seconds
Received message from mqtt/iot-mqtt-7f7c88499d-x5bcg with latency 0.002 seconds
[FAILURE] iot-mqtt-7f7c88499d-db5z8 is simulating a device failure. Stopping MQTT network loop for 40.0 seconds.
[RECOVERY] iot-mqtt-7f7c88499d-db5z8 is back online and reconnecting to broker.
Connected to MQTT broker with result code 0
Received message from mqtt/iot-mqtt-7f7c88499d-tcfnl with latency 0.004 seconds
Received message from mqtt/iot-mqtt-7f7c88499d-mnmwr with latency 0.002 seconds
Received message from mqtt/iot-mqtt-7f7c88499d-jtgdz with latency 0.003 seconds
Received message from mqtt/iot-mqtt-7f7c88499d-tktjr with latency 0.002 seconds
Received message from mqtt/iot-mqtt-7f7c88499d-vzsjl with latency 0.003 seconds
Received message from mqtt/iot-mqtt-7f7c88499d-db5z8 with latency 0.002 seconds
Received message from mqtt/iot-mqtt-7f7c88499d-nvkg2 with latency 0.003 seconds
Received message from mqtt/iot-mqtt-7f7c88499d-tcfnl with latency 0.004 seconds
Received message from mqtt/iot-mqtt-7f7c88499d-mnmwr with latency 0.003 seconds
Received message from mqtt/iot-mqtt-7f7c88499d-dkvtw with latency 0.002 seconds
Received message from mqtt/iot-mqtt-7f7c88499d-jtgdz with latency 0.004 seconds
Received message from mqtt/iot-mqtt-7f7c88499d-tktjr with latency 0.003 seconds
Received message from mqtt/iot-mqtt-7f7c88499d-txh52 with latency 0.003 seconds
Received message from mqtt/iot-mqtt-7f7c88499d-vzsjl with latency 0.003 seconds
Received message from mqtt/iot-mqtt-7f7c88499d-db5z8 with latency 0.002 seconds
Received message from mqtt/iot-mqtt-7f7c88499d-nvkg2 with latency 0.003 seconds
Received message from mqtt/iot-mqtt-7f7c88499d-tcfnl with latency 0.003 seconds
Received message from mqtt/iot-mqtt-7f7c88499d-mnmwr with latency 0.002 seconds
Received message from mqtt/iot-mqtt-7f7c88499d-dkvtw with latency 0.002 seconds
Received message from mqtt/iot-mqtt-7f7c88499d-jtgdz with latency 0.004 seconds
Received message from mqtt/iot-mqtt-7f7c88499d-tktjr with latency 0.004 seconds
Received message from mqtt/iot-mqtt-7f7c88499d-txh52 with latency 0.004 seconds
Received message from mqtt/iot-mqtt-7f7c88499d-vzsjl with latency 0.003 seconds
Received message from mqtt/iot-mqtt-7f7c88499d-x5bcg with latency 0.002 seconds
Received message from mqtt/iot-mqtt-7f7c88499d-db5z8 with latency 0.003 seconds
Received message from mqtt/iot-mqtt-7f7c88499d-nvkg2 with latency 0.003 seconds
Received message from mqtt/iot-mqtt-7f7c88499d-tcfnl with latency 0.002 seconds
Received message from mqtt/iot-mqtt-7f7c88499d-mnmwr with latency 0.002 seconds
Received message from mqtt/iot-mqtt-7f7c88499d-dkvtw with latency 0.004 seconds
Received message from mqtt/iot-mqtt-7f7c88499d-jtgdz with latency 0.002 seconds
Received message from mqtt/iot-mqtt-7f7c88499d-tktjr with latency 0.002 seconds
Received message from mqtt/iot-mqtt-7f7c88499d-txh52 with latency 0.003 seconds
Received message from mqtt/iot-mqtt-7f7c88499d-vzsjl with latency 0.003 seconds
Received message from mqtt/iot-mqtt-7f7c88499d-x5bcg with latency 0.003 seconds
Received message from mqtt/iot-mqtt-7f7c88499d-db5z8 with latency 0.002 seconds
Received message from mqtt/iot-mqtt-7f7c88499d-nvkg2 with latency 0.003 seconds
Received message from mqtt/iot-mqtt-7f7c88499d-tcfnl with latency 0.003 seconds
Received message from mqtt/iot-mqtt-7f7c88499d-mnmwr with latency 0.003 seconds
Received message from mqtt/iot-mqtt-7f7c88499d-dkvtw with latency 0.002 seconds
Received message from mqtt/iot-mqtt-7f7c88499d-jtgdz with latency 0.003 seconds
Received message from mqtt/iot-mqtt-7f7c88499d-tktjr with latency 0.003 seconds
Received message from mqtt/iot-mqtt-7f7c88499d-x5bcg with latency 0.002 seconds
Received message from mqtt/iot-mqtt-7f7c88499d-db5z8 with latency 0.003 seconds
Received message from mqtt/iot-mqtt-7f7c88499d-nvkg2 with latency 0.002 seconds
Received message from mqtt/iot-mqtt-7f7c88499d-tcfnl with latency 0.003 seconds
Received message from mqtt/iot-mqtt-7f7c88499d-mnmwr with latency 0.002 seconds
Received message from mqtt/iot-mqtt-7f7c88499d-dkvtw with latency 0.003 seconds
Received message from mqtt/iot-mqtt-7f7c88499d-jtgdz with latency 0.001 seconds
Received message from mqtt/iot-mqtt-7f7c88499d-tktjr with latency 0.002 seconds
Received message from mqtt/iot-mqtt-7f7c88499d-x5bcg with latency 0.002 seconds
Received message from mqtt/iot-mqtt-7f7c88499d-db5z8 with latency 0.002 seconds
Received message from mqtt/iot-mqtt-7f7c88499d-nvkg2 with latency 0.002 seconds
Received message from mqtt/iot-mqtt-7f7c88499d-tcfnl with latency 0.002 seconds
Received message from mqtt/iot-mqtt-7f7c88499d-mnmwr with latency 0.002 seconds
Received message from mqtt/iot-mqtt-7f7c88499d-dkvtw with latency 0.002 seconds
Received message from mqtt/iot-mqtt-7f7c88499d-jtgdz with latency 0.003 seconds
Received message from mqtt/iot-mqtt-7f7c88499d-tktjr with latency 0.003 seconds
Received message from mqtt/iot-mqtt-7f7c88499d-x5bcg with latency 0.006 seconds
Received message from mqtt/iot-mqtt-7f7c88499d-db5z8 with latency 0.003 seconds
Received message from mqtt/iot-mqtt-7f7c88499d-tcfnl with latency 0.002 seconds
Received message from mqtt/iot-mqtt-7f7c88499d-mnmwr with latency 0.002 seconds
Received message from mqtt/iot-mqtt-7f7c88499d-dkvtw with latency 0.003 seconds
Received message from mqtt/iot-mqtt-7f7c88499d-jtgdz with latency 0.004 seconds
Received message from mqtt/iot-mqtt-7f7c88499d-tktjr with latency 0.004 seconds
Received message from mqtt/iot-mqtt-7f7c88499d-x5bcg with latency 0.003 seconds
Received message from mqtt/iot-mqtt-7f7c88499d-db5z8 with latency 0.002 seconds
Received message from mqtt/iot-mqtt-7f7c88499d-tcfnl with latency 0.003 seconds
Received message from mqtt/iot-mqtt-7f7c88499d-mnmwr with latency 0.001 seconds
Received message from mqtt/iot-mqtt-7f7c88499d-dkvtw with latency 0.001 seconds
Received message from mqtt/iot-mqtt-7f7c88499d-jtgdz with latency 0.003 seconds
Received message from mqtt/iot-mqtt-7f7c88499d-tktjr with latency 0.003 seconds
Received message from mqtt/iot-mqtt-7f7c88499d-x5bcg with latency 0.003 seconds
Received message from mqtt/iot-mqtt-7f7c88499d-db5z8 with latency 0.002 seconds
Received message from mqtt/iot-mqtt-7f7c88499d-tcfnl with latency 0.002 seconds
Received message from mqtt/iot-mqtt-7f7c88499d-mnmwr with latency 0.002 seconds
Received message from mqtt/iot-mqtt-7f7c88499d-dkvtw with latency 0.004 seconds
Received message from mqtt/iot-mqtt-7f7c88499d-jtgdz with latency 0.002 seconds
Received message from mqtt/iot-mqtt-7f7c88499d-tktjr with latency 0.002 seconds
Received message from mqtt/iot-mqtt-7f7c88499d-txh52 with latency 0.002 seconds
Received message from mqtt/iot-mqtt-7f7c88499d-vzsjl with latency 0.002 seconds
Received message from mqtt/iot-mqtt-7f7c88499d-x5bcg with latency 0.002 seconds
Received message from mqtt/iot-mqtt-7f7c88499d-db5z8 with latency 0.003 seconds
Received message from mqtt/iot-mqtt-7f7c88499d-tcfnl with latency 0.002 seconds
Received message from mqtt/iot-mqtt-7f7c88499d-mnmwr with latency 0.002 seconds
Received message from mqtt/iot-mqtt-7f7c88499d-dkvtw with latency 0.003 seconds
Received message from mqtt/iot-mqtt-7f7c88499d-jtgdz with latency 0.002 seconds
Received message from mqtt/iot-mqtt-7f7c88499d-tktjr with latency 0.003 seconds
Received message from mqtt/iot-mqtt-7f7c88499d-txh52 with latency 0.001 seconds
Received message from mqtt/iot-mqtt-7f7c88499d-vzsjl with latency 0.001 seconds
Received message from mqtt/iot-mqtt-7f7c88499d-x5bcg with latency 0.002 seconds
Received message from mqtt/iot-mqtt-7f7c88499d-db5z8 with latency 0.001 seconds
Received message from mqtt/iot-mqtt-7f7c88499d-tcfnl with latency 0.001 seconds
Received message from mqtt/iot-mqtt-7f7c88499d-mnmwr with latency 0.002 seconds
Received message from mqtt/iot-mqtt-7f7c88499d-dkvtw with latency 0.003 seconds
Received message from mqtt/iot-mqtt-7f7c88499d-jtgdz with latency 0.002 seconds
Received message from mqtt/iot-mqtt-7f7c88499d-tktjr with latency 0.003 seconds
Received message from mqtt/iot-mqtt-7f7c88499d-txh52 with latency 0.002 seconds
Received message from mqtt/iot-mqtt-7f7c88499d-vzsjl with latency 0.006 seconds
Received message from mqtt/iot-mqtt-7f7c88499d-x5bcg with latency 0.003 seconds
Received message from mqtt/iot-mqtt-7f7c88499d-db5z8 with latency 0.001 seconds
Received message from mqtt/iot-mqtt-7f7c88499d-nvkg2 with latency 0.002 seconds
Received message from mqtt/iot-mqtt-7f7c88499d-tcfnl with latency 0.004 seconds
Received message from mqtt/iot-mqtt-7f7c88499d-mnmwr with latency 0.002 seconds
Received message from mqtt/iot-mqtt-7f7c88499d-dkvtw with latency 0.003 seconds
Received message from mqtt/iot-mqtt-7f7c88499d-jtgdz with latency 0.003 seconds
Received message from mqtt/iot-mqtt-7f7c88499d-tktjr with latency 0.002 seconds
Received message from mqtt/iot-mqtt-7f7c88499d-txh52 with latency 0.001 seconds
Received message from mqtt/iot-mqtt-7f7c88499d-vzsjl with latency 0.003 seconds
Received message from mqtt/iot-mqtt-7f7c88499d-x5bcg with latency 0.003 seconds
[FAILURE] iot-mqtt-7f7c88499d-db5z8 is simulating a device failure. Stopping MQTT network loop for 40.0 seconds.
Received message from mqtt/iot-mqtt-7f7c88499d-nvkg2 with latency 0.002 seconds
[RECOVERY] iot-mqtt-7f7c88499d-db5z8 is back online and reconnecting to broker.
Connected to MQTT broker with result code 0
Received message from mqtt/iot-mqtt-7f7c88499d-tcfnl with latency 0.003 seconds
Received message from mqtt/iot-mqtt-7f7c88499d-mnmwr with latency 0.001 seconds
Received message from mqtt/iot-mqtt-7f7c88499d-dkvtw with latency 0.002 seconds
Received message from mqtt/iot-mqtt-7f7c88499d-jtgdz with latency 0.002 seconds
Received message from mqtt/iot-mqtt-7f7c88499d-tktjr with latency 0.002 seconds
Received message from mqtt/iot-mqtt-7f7c88499d-txh52 with latency 0.003 seconds
Received message from mqtt/iot-mqtt-7f7c88499d-vzsjl with latency 0.005 seconds
Received message from mqtt/iot-mqtt-7f7c88499d-x5bcg with latency 0.004 seconds
Received message from mqtt/iot-mqtt-7f7c88499d-db5z8 with latency 0.003 seconds
Received message from mqtt/iot-mqtt-7f7c88499d-nvkg2 with latency 0.003 seconds
Received message from mqtt/iot-mqtt-7f7c88499d-tcfnl with latency 0.003 seconds
Received message from mqtt/iot-mqtt-7f7c88499d-mnmwr with latency 0.002 seconds
Received message from mqtt/iot-mqtt-7f7c88499d-dkvtw with latency 0.001 seconds
Received message from mqtt/iot-mqtt-7f7c88499d-jtgdz with latency 0.003 seconds
Received message from mqtt/iot-mqtt-7f7c88499d-tktjr with latency 0.002 seconds
Received message from mqtt/iot-mqtt-7f7c88499d-txh52 with latency 0.003 seconds
Received message from mqtt/iot-mqtt-7f7c88499d-vzsjl with latency 0.003 seconds
Received message from mqtt/iot-mqtt-7f7c88499d-x5bcg with latency 0.002 seconds
Received message from mqtt/iot-mqtt-7f7c88499d-db5z8 with latency 0.001 seconds
Received message from mqtt/iot-mqtt-7f7c88499d-nvkg2 with latency 0.003 seconds
Received message from mqtt/iot-mqtt-7f7c88499d-tcfnl with latency 0.002 seconds
Received message from mqtt/iot-mqtt-7f7c88499d-mnmwr with latency 0.001 seconds
Received message from mqtt/iot-mqtt-7f7c88499d-dkvtw with latency 0.002 seconds
Received message from mqtt/iot-mqtt-7f7c88499d-jtgdz with latency 0.004 seconds
Received message from mqtt/iot-mqtt-7f7c88499d-tktjr with latency 0.002 seconds
Received message from mqtt/iot-mqtt-7f7c88499d-txh52 with latency 0.004 seconds
Received message from mqtt/iot-mqtt-7f7c88499d-vzsjl with latency 0.003 seconds
Received message from mqtt/iot-mqtt-7f7c88499d-db5z8 with latency 0.003 seconds
Received message from mqtt/iot-mqtt-7f7c88499d-nvkg2 with latency 0.003 seconds
Received message from mqtt/iot-mqtt-7f7c88499d-tcfnl with latency 0.001 seconds
Received message from mqtt/iot-mqtt-7f7c88499d-mnmwr with latency 0.001 seconds
Received message from mqtt/iot-mqtt-7f7c88499d-dkvtw with latency 0.003 seconds
Received message from mqtt/iot-mqtt-7f7c88499d-jtgdz with latency 0.003 seconds
Received message from mqtt/iot-mqtt-7f7c88499d-tktjr with latency 0.003 seconds
Received message from mqtt/iot-mqtt-7f7c88499d-txh52 with latency 0.003 seconds
Received message from mqtt/iot-mqtt-7f7c88499d-vzsjl with latency 0.004 seconds
Received message from mqtt/iot-mqtt-7f7c88499d-db5z8 with latency 0.003 seconds
Received message from mqtt/iot-mqtt-7f7c88499d-nvkg2 with latency 0.004 seconds
Received message from mqtt/iot-mqtt-7f7c88499d-tcfnl with latency 0.002 seconds
Received message from mqtt/iot-mqtt-7f7c88499d-mnmwr with latency 0.001 seconds
Received message from mqtt/iot-mqtt-7f7c88499d-dkvtw with latency 0.002 seconds
Received message from mqtt/iot-mqtt-7f7c88499d-jtgdz with latency 0.004 seconds
Received message from mqtt/iot-mqtt-7f7c88499d-tktjr with latency 0.002 seconds
Received message from mqtt/iot-mqtt-7f7c88499d-txh52 with latency 0.003 seconds
Received message from mqtt/iot-mqtt-7f7c88499d-vzsjl with latency 0.001 seconds
Received message from mqtt/iot-mqtt-7f7c88499d-db5z8 with latency 0.003 seconds
Received message from mqtt/iot-mqtt-7f7c88499d-nvkg2 with latency 0.002 seconds
Received message from mqtt/iot-mqtt-7f7c88499d-tcfnl with latency 0.001 seconds
Received message from mqtt/iot-mqtt-7f7c88499d-mnmwr with latency 0.001 seconds
Received message from mqtt/iot-mqtt-7f7c88499d-dkvtw with latency 0.002 seconds
Received message from mqtt/iot-mqtt-7f7c88499d-tktjr with latency 0.002 seconds
Received message from mqtt/iot-mqtt-7f7c88499d-txh52 with latency 0.003 seconds
Received message from mqtt/iot-mqtt-7f7c88499d-vzsjl with latency 0.003 seconds
Received message from mqtt/iot-mqtt-7f7c88499d-db5z8 with latency 0.003 seconds
Received message from mqtt/iot-mqtt-7f7c88499d-nvkg2 with latency 0.003 seconds
Received message from mqtt/iot-mqtt-7f7c88499d-tcfnl with latency 0.001 seconds
Received message from mqtt/iot-mqtt-7f7c88499d-mnmwr with latency 0.001 seconds
Received message from mqtt/iot-mqtt-7f7c88499d-dkvtw with latency 0.004 seconds
Received message from mqtt/iot-mqtt-7f7c88499d-tktjr with latency 0.003 seconds
Received message from mqtt/iot-mqtt-7f7c88499d-txh52 with latency 0.003 seconds
Received message from mqtt/iot-mqtt-7f7c88499d-vzsjl with latency 0.003 seconds
Received message from mqtt/iot-mqtt-7f7c88499d-db5z8 with latency 0.003 seconds
Received message from mqtt/iot-mqtt-7f7c88499d-nvkg2 with latency 0.003 seconds
Received message from mqtt/iot-mqtt-7f7c88499d-tcfnl with latency 0.001 seconds
Received message from mqtt/iot-mqtt-7f7c88499d-mnmwr with latency 0.001 seconds
Received message from mqtt/iot-mqtt-7f7c88499d-dkvtw with latency 0.003 seconds
Received message from mqtt/iot-mqtt-7f7c88499d-tktjr with latency 0.003 seconds
Received message from mqtt/iot-mqtt-7f7c88499d-txh52 with latency 0.002 seconds
Received message from mqtt/iot-mqtt-7f7c88499d-vzsjl with latency 0.003 seconds
Received message from mqtt/iot-mqtt-7f7c88499d-x5bcg with latency 0.001 seconds
Received message from mqtt/iot-mqtt-7f7c88499d-db5z8 with latency 0.002 seconds
Received message from mqtt/iot-mqtt-7f7c88499d-nvkg2 with latency 0.003 seconds
Received message from mqtt/iot-mqtt-7f7c88499d-tcfnl with latency 0.001 seconds
Received message from mqtt/iot-mqtt-7f7c88499d-mnmwr with latency 0.001 seconds
Received message from mqtt/iot-mqtt-7f7c88499d-dkvtw with latency 0.003 seconds
Received message from mqtt/iot-mqtt-7f7c88499d-tktjr with latency 0.003 seconds
Received message from mqtt/iot-mqtt-7f7c88499d-txh52 with latency 0.003 seconds
Received message from mqtt/iot-mqtt-7f7c88499d-vzsjl with latency 0.003 seconds
Received message from mqtt/iot-mqtt-7f7c88499d-x5bcg with latency 0.003 seconds
Received message from mqtt/iot-mqtt-7f7c88499d-db5z8 with latency 0.004 seconds
Received message from mqtt/iot-mqtt-7f7c88499d-nvkg2 with latency 0.003 seconds
Received message from mqtt/iot-mqtt-7f7c88499d-tcfnl with latency 0.001 seconds
Received message from mqtt/iot-mqtt-7f7c88499d-mnmwr with latency 0.001 seconds
Received message from mqtt/iot-mqtt-7f7c88499d-dkvtw with latency 0.003 seconds
Received message from mqtt/iot-mqtt-7f7c88499d-tktjr with latency 0.002 seconds
Received message from mqtt/iot-mqtt-7f7c88499d-x5bcg with latency 0.001 seconds
Received message from mqtt/iot-mqtt-7f7c88499d-db5z8 with latency 0.003 seconds
Received message from mqtt/iot-mqtt-7f7c88499d-tcfnl with latency 0.001 seconds
Received message from mqtt/iot-mqtt-7f7c88499d-mnmwr with latency 0.001 seconds
Received message from mqtt/iot-mqtt-7f7c88499d-dkvtw with latency 0.004 seconds
Received message from mqtt/iot-mqtt-7f7c88499d-jtgdz with latency 0.001 seconds
Received message from mqtt/iot-mqtt-7f7c88499d-tktjr with latency 0.002 seconds
Received message from mqtt/iot-mqtt-7f7c88499d-x5bcg with latency 0.001 seconds
Received message from mqtt/iot-mqtt-7f7c88499d-db5z8 with latency 0.002 seconds
Received message from mqtt/iot-mqtt-7f7c88499d-tcfnl with latency 0.002 seconds
Received message from mqtt/iot-mqtt-7f7c88499d-mnmwr with latency 0.001 seconds
Received message from mqtt/iot-mqtt-7f7c88499d-dkvtw with latency 0.003 seconds
Received message from mqtt/iot-mqtt-7f7c88499d-jtgdz with latency 0.001 seconds
Received message from mqtt/iot-mqtt-7f7c88499d-tktjr with latency 0.002 seconds
Received message from mqtt/iot-mqtt-7f7c88499d-x5bcg with latency 0.001 seconds
Received message from mqtt/iot-mqtt-7f7c88499d-db5z8 with latency 0.001 seconds
Received message from mqtt/iot-mqtt-7f7c88499d-tcfnl with latency 0.003 seconds
Received message from mqtt/iot-mqtt-7f7c88499d-mnmwr with latency 0.001 seconds
Received message from mqtt/iot-mqtt-7f7c88499d-dkvtw with latency 0.003 seconds
Received message from mqtt/iot-mqtt-7f7c88499d-jtgdz with latency 0.003 seconds
Received message from mqtt/iot-mqtt-7f7c88499d-tktjr with latency 0.003 seconds
Received message from mqtt/iot-mqtt-7f7c88499d-x5bcg with latency 0.001 seconds
Received message from mqtt/iot-mqtt-7f7c88499d-db5z8 with latency 0.001 seconds
Received message from mqtt/iot-mqtt-7f7c88499d-tcfnl with latency 0.002 seconds
Received message from mqtt/iot-mqtt-7f7c88499d-mnmwr with latency 0.001 seconds
Received message from mqtt/iot-mqtt-7f7c88499d-dkvtw with latency 0.002 seconds
Received message from mqtt/iot-mqtt-7f7c88499d-jtgdz with latency 0.003 seconds
Received message from mqtt/iot-mqtt-7f7c88499d-x5bcg with latency 0.003 seconds
Received message from mqtt/iot-mqtt-7f7c88499d-db5z8 with latency 0.003 seconds
Received message from mqtt/iot-mqtt-7f7c88499d-tcfnl with latency 0.004 seconds
Received message from mqtt/iot-mqtt-7f7c88499d-mnmwr with latency 0.001 seconds
Received message from mqtt/iot-mqtt-7f7c88499d-dkvtw with latency 0.016 seconds
Received message from mqtt/iot-mqtt-7f7c88499d-jtgdz with latency 0.004 seconds
Received message from mqtt/iot-mqtt-7f7c88499d-txh52 with latency 0.002 seconds
Received message from mqtt/iot-mqtt-7f7c88499d-vzsjl with latency 0.002 seconds
Received message from mqtt/iot-mqtt-7f7c88499d-db5z8 with latency 0.004 seconds
Received message from mqtt/iot-mqtt-7f7c88499d-nvkg2 with latency 0.003 seconds
Received message from mqtt/iot-mqtt-7f7c88499d-tcfnl with latency 0.002 seconds
Received message from mqtt/iot-mqtt-7f7c88499d-mnmwr with latency 0.001 seconds
Received message from mqtt/iot-mqtt-7f7c88499d-jtgdz with latency 0.002 seconds
Received message from mqtt/iot-mqtt-7f7c88499d-txh52 with latency 0.001 seconds
Received message from mqtt/iot-mqtt-7f7c88499d-vzsjl with latency 0.004 seconds
Received message from mqtt/iot-mqtt-7f7c88499d-db5z8 with latency 0.002 seconds
Received message from mqtt/iot-mqtt-7f7c88499d-nvkg2 with latency 0.002 seconds
Received message from mqtt/iot-mqtt-7f7c88499d-tcfnl with latency 0.001 seconds
Received message from mqtt/iot-mqtt-7f7c88499d-mnmwr with latency 0.001 seconds
Received message from mqtt/iot-mqtt-7f7c88499d-txh52 with latency 0.001 seconds
Received message from mqtt/iot-mqtt-7f7c88499d-vzsjl with latency 0.004 seconds
Received message from mqtt/iot-mqtt-7f7c88499d-db5z8 with latency 0.002 seconds
Received message from mqtt/iot-mqtt-7f7c88499d-nvkg2 with latency 0.002 seconds
Received message from mqtt/iot-mqtt-7f7c88499d-tcfnl with latency 0.003 seconds
Received message from mqtt/iot-mqtt-7f7c88499d-mnmwr with latency 0.001 seconds
Received message from mqtt/iot-mqtt-7f7c88499d-txh52 with latency 0.002 seconds
Received message from mqtt/iot-mqtt-7f7c88499d-vzsjl with latency 0.004 seconds
Received message from mqtt/iot-mqtt-7f7c88499d-db5z8 with latency 0.002 seconds
Received message from mqtt/iot-mqtt-7f7c88499d-nvkg2 with latency 0.002 seconds
Received message from mqtt/iot-mqtt-7f7c88499d-tcfnl with latency 0.003 seconds
Received message from mqtt/iot-mqtt-7f7c88499d-mnmwr with latency 0.001 seconds
Received message from mqtt/iot-mqtt-7f7c88499d-tktjr with latency 0.001 seconds
Received message from mqtt/iot-mqtt-7f7c88499d-txh52 with latency 0.004 seconds
Received message from mqtt/iot-mqtt-7f7c88499d-vzsjl with latency 0.003 seconds
Received message from mqtt/iot-mqtt-7f7c88499d-db5z8 with latency 0.001 seconds
Received message from mqtt/iot-mqtt-7f7c88499d-nvkg2 with latency 0.002 seconds
Received message from mqtt/iot-mqtt-7f7c88499d-tcfnl with latency 0.002 seconds
Received message from mqtt/iot-mqtt-7f7c88499d-mnmwr with latency 0.001 seconds
Received message from mqtt/iot-mqtt-7f7c88499d-tktjr with latency 0.002 seconds
Received message from mqtt/iot-mqtt-7f7c88499d-txh52 with latency 0.003 seconds
Received message from mqtt/iot-mqtt-7f7c88499d-vzsjl with latency 0.001 seconds
Received message from mqtt/iot-mqtt-7f7c88499d-x5bcg with latency 0.002 seconds
Received message from mqtt/iot-mqtt-7f7c88499d-db5z8 with latency 0.002 seconds
Received message from mqtt/iot-mqtt-7f7c88499d-nvkg2 with latency 0.001 seconds
Received message from mqtt/iot-mqtt-7f7c88499d-mnmwr with latency 0.001 seconds
Received message from mqtt/iot-mqtt-7f7c88499d-dkvtw with latency 0.001 seconds
Received message from mqtt/iot-mqtt-7f7c88499d-tktjr with latency 0.003 seconds
Received message from mqtt/iot-mqtt-7f7c88499d-txh52 with latency 0.002 seconds
Received message from mqtt/iot-mqtt-7f7c88499d-vzsjl with latency 0.002 seconds
Received message from mqtt/iot-mqtt-7f7c88499d-x5bcg with latency 0.002 seconds
Received message from mqtt/iot-mqtt-7f7c88499d-db5z8 with latency 0.003 seconds
Received message from mqtt/iot-mqtt-7f7c88499d-nvkg2 with latency 0.002 seconds
Received message from mqtt/iot-mqtt-7f7c88499d-mnmwr with latency 0.001 seconds
Received message from mqtt/iot-mqtt-7f7c88499d-dkvtw with latency 0.001 seconds
Received message from mqtt/iot-mqtt-7f7c88499d-jtgdz with latency 0.002 seconds
Received message from mqtt/iot-mqtt-7f7c88499d-tktjr with latency 0.003 seconds
Received message from mqtt/iot-mqtt-7f7c88499d-txh52 with latency 0.003 seconds
Received message from mqtt/iot-mqtt-7f7c88499d-vzsjl with latency 0.002 seconds
Received message from mqtt/iot-mqtt-7f7c88499d-x5bcg with latency 0.002 seconds
Received message from mqtt/iot-mqtt-7f7c88499d-db5z8 with latency 0.001 seconds
Received message from mqtt/iot-mqtt-7f7c88499d-nvkg2 with latency 0.001 seconds
Received message from mqtt/iot-mqtt-7f7c88499d-mnmwr with latency 0.001 seconds
Received message from mqtt/iot-mqtt-7f7c88499d-dkvtw with latency 0.001 seconds
Received message from mqtt/iot-mqtt-7f7c88499d-jtgdz with latency 0.003 seconds
Received message from mqtt/iot-mqtt-7f7c88499d-tktjr with latency 0.002 seconds
Received message from mqtt/iot-mqtt-7f7c88499d-txh52 with latency 0.002 seconds
Received message from mqtt/iot-mqtt-7f7c88499d-vzsjl with latency 0.003 seconds
Received message from mqtt/iot-mqtt-7f7c88499d-x5bcg with latency 0.002 seconds
Received message from mqtt/iot-mqtt-7f7c88499d-db5z8 with latency 0.001 seconds
Received message from mqtt/iot-mqtt-7f7c88499d-nvkg2 with latency 0.002 seconds
Received message from mqtt/iot-mqtt-7f7c88499d-mnmwr with latency 0.001 seconds
Received message from mqtt/iot-mqtt-7f7c88499d-jtgdz with latency 0.002 seconds
Received message from mqtt/iot-mqtt-7f7c88499d-tktjr with latency 0.001 seconds
Received message from mqtt/iot-mqtt-7f7c88499d-txh52 with latency 0.001 seconds
Received message from mqtt/iot-mqtt-7f7c88499d-vzsjl with latency 0.002 seconds
Received message from mqtt/iot-mqtt-7f7c88499d-x5bcg with latency 0.002 seconds
Received message from mqtt/iot-mqtt-7f7c88499d-db5z8 with latency 0.001 seconds
Received message from mqtt/iot-mqtt-7f7c88499d-nvkg2 with latency 0.003 seconds
Received message from mqtt/iot-mqtt-7f7c88499d-jtgdz with latency 0.004 seconds
Received message from mqtt/iot-mqtt-7f7c88499d-tktjr with latency 0.002 seconds
Received message from mqtt/iot-mqtt-7f7c88499d-txh52 with latency 0.002 seconds
Received message from mqtt/iot-mqtt-7f7c88499d-x5bcg with latency 0.002 seconds
Received message from mqtt/iot-mqtt-7f7c88499d-db5z8 with latency 0.001 seconds
Received message from mqtt/iot-mqtt-7f7c88499d-nvkg2 with latency 0.002 seconds
Received message from mqtt/iot-mqtt-7f7c88499d-tcfnl with latency 0.002 seconds
Received message from mqtt/iot-mqtt-7f7c88499d-jtgdz with latency 0.003 seconds
Received message from mqtt/iot-mqtt-7f7c88499d-tktjr with latency 0.001 seconds
Received message from mqtt/iot-mqtt-7f7c88499d-txh52 with latency 0.001 seconds
Received message from mqtt/iot-mqtt-7f7c88499d-x5bcg with latency 0.001 seconds
Received message from mqtt/iot-mqtt-7f7c88499d-db5z8 with latency 0.001 seconds
Received message from mqtt/iot-mqtt-7f7c88499d-nvkg2 with latency 0.002 seconds
Received message from mqtt/iot-mqtt-7f7c88499d-tcfnl with latency 0.001 seconds
Received message from mqtt/iot-mqtt-7f7c88499d-jtgdz with latency 0.002 seconds
Received message from mqtt/iot-mqtt-7f7c88499d-tktjr with latency 0.001 seconds
Received message from mqtt/iot-mqtt-7f7c88499d-txh52 with latency 0.002 seconds
Received message from mqtt/iot-mqtt-7f7c88499d-x5bcg with latency 0.002 seconds
Received message from mqtt/iot-mqtt-7f7c88499d-db5z8 with latency 0.001 seconds
Received message from mqtt/iot-mqtt-7f7c88499d-tcfnl with latency 0.001 seconds
Received message from mqtt/iot-mqtt-7f7c88499d-jtgdz with latency 0.002 seconds
Received message from mqtt/iot-mqtt-7f7c88499d-tktjr with latency 0.001 seconds
Received message from mqtt/iot-mqtt-7f7c88499d-txh52 with latency 0.001 seconds
Received message from mqtt/iot-mqtt-7f7c88499d-x5bcg with latency 0.002 seconds
Received message from mqtt/iot-mqtt-7f7c88499d-db5z8 with latency 0.001 seconds
Received message from mqtt/iot-mqtt-7f7c88499d-tcfnl with latency 0.001 seconds
Received message from mqtt/iot-mqtt-7f7c88499d-dkvtw with latency 0.001 seconds
Received message from mqtt/iot-mqtt-7f7c88499d-jtgdz with latency 0.002 seconds
Received message from mqtt/iot-mqtt-7f7c88499d-tktjr with latency 0.001 seconds
Received message from mqtt/iot-mqtt-7f7c88499d-txh52 with latency 0.002 seconds
Received message from mqtt/iot-mqtt-7f7c88499d-db5z8 with latency 0.000 seconds
Received message from mqtt/iot-mqtt-7f7c88499d-tcfnl with latency 0.001 seconds
Received message from mqtt/iot-mqtt-7f7c88499d-mnmwr with latency 0.001 seconds
Received message from mqtt/iot-mqtt-7f7c88499d-dkvtw with latency 0.001 seconds
Received message from mqtt/iot-mqtt-7f7c88499d-jtgdz with latency 0.001 seconds
Received message from mqtt/iot-mqtt-7f7c88499d-tktjr with latency 0.002 seconds
Received message from mqtt/iot-mqtt-7f7c88499d-txh52 with latency 0.002 seconds
Received message from mqtt/iot-mqtt-7f7c88499d-vzsjl with latency 0.002 seconds
Received message from mqtt/iot-mqtt-7f7c88499d-db5z8 with latency 0.000 seconds
Received message from mqtt/iot-mqtt-7f7c88499d-tcfnl with latency 0.002 seconds
Received message from mqtt/iot-mqtt-7f7c88499d-mnmwr with latency 0.000 seconds
Received message from mqtt/iot-mqtt-7f7c88499d-dkvtw with latency 0.001 seconds
Received message from mqtt/iot-mqtt-7f7c88499d-jtgdz with latency 0.001 seconds
Received message from mqtt/iot-mqtt-7f7c88499d-tktjr with latency 0.001 seconds
Received message from mqtt/iot-mqtt-7f7c88499d-txh52 with latency 0.002 seconds
Received message from mqtt/iot-mqtt-7f7c88499d-vzsjl with latency 0.001 seconds
Received message from mqtt/iot-mqtt-7f7c88499d-db5z8 with latency 0.001 seconds
Received message from mqtt/iot-mqtt-7f7c88499d-tcfnl with latency 0.002 seconds
Received message from mqtt/iot-mqtt-7f7c88499d-mnmwr with latency 0.001 seconds
Received message from mqtt/iot-mqtt-7f7c88499d-dkvtw with latency 0.001 seconds
Received message from mqtt/iot-mqtt-7f7c88499d-jtgdz with latency 0.002 seconds
Received message from mqtt/iot-mqtt-7f7c88499d-tktjr with latency 0.009 seconds
Received message from mqtt/iot-mqtt-7f7c88499d-txh52 with latency 0.002 seconds
Received message from mqtt/iot-mqtt-7f7c88499d-vzsjl with latency 0.001 seconds
Received message from mqtt/iot-mqtt-7f7c88499d-db5z8 with latency 0.001 seconds
Received message from mqtt/iot-mqtt-7f7c88499d-nvkg2 with latency 0.002 seconds
Received message from mqtt/iot-mqtt-7f7c88499d-tcfnl with latency 0.002 seconds
Received message from mqtt/iot-mqtt-7f7c88499d-mnmwr with latency 0.001 seconds
Received message from mqtt/iot-mqtt-7f7c88499d-dkvtw with latency 0.046 seconds
Received message from mqtt/iot-mqtt-7f7c88499d-tktjr with latency 0.001 seconds
Received message from mqtt/iot-mqtt-7f7c88499d-txh52 with latency 0.002 seconds
Received message from mqtt/iot-mqtt-7f7c88499d-vzsjl with latency 0.001 seconds
[FAILURE] iot-mqtt-7f7c88499d-db5z8 is simulating a device failure. Stopping MQTT network loop for 40.0 seconds.
[RECOVERY] iot-mqtt-7f7c88499d-db5z8 is back online and reconnecting to broker.
Connected to MQTT broker with result code 0
Received message from mqtt/iot-mqtt-7f7c88499d-nvkg2 with latency 0.003 seconds
Received message from mqtt/iot-mqtt-7f7c88499d-tcfnl with latency 0.003 seconds
Received message from mqtt/iot-mqtt-7f7c88499d-mnmwr with latency 0.001 seconds
Received message from mqtt/iot-mqtt-7f7c88499d-jtgdz with latency 0.004 seconds
Received message from mqtt/iot-mqtt-7f7c88499d-tktjr with latency 0.001 seconds
Received message from mqtt/iot-mqtt-7f7c88499d-txh52 with latency 0.002 seconds
Received message from mqtt/iot-mqtt-7f7c88499d-vzsjl with latency 0.001 seconds
Received message from mqtt/iot-mqtt-7f7c88499d-db5z8 with latency 0.003 seconds
Received message from mqtt/iot-mqtt-7f7c88499d-nvkg2 with latency 0.003 seconds
Received message from mqtt/iot-mqtt-7f7c88499d-tcfnl with latency 0.003 seconds
Received message from mqtt/iot-mqtt-7f7c88499d-mnmwr with latency 0.001 seconds
Received message from mqtt/iot-mqtt-7f7c88499d-jtgdz with latency 0.003 seconds
Received message from mqtt/iot-mqtt-7f7c88499d-tktjr with latency 0.002 seconds
Received message from mqtt/iot-mqtt-7f7c88499d-txh52 with latency 0.002 seconds
Received message from mqtt/iot-mqtt-7f7c88499d-vzsjl with latency 0.003 seconds
Received message from mqtt/iot-mqtt-7f7c88499d-db5z8 with latency 0.003 seconds
Received message from mqtt/iot-mqtt-7f7c88499d-nvkg2 with latency 0.002 seconds
Received message from mqtt/iot-mqtt-7f7c88499d-tcfnl with latency 0.003 seconds
Received message from mqtt/iot-mqtt-7f7c88499d-mnmwr with latency 0.001 seconds
Received message from mqtt/iot-mqtt-7f7c88499d-jtgdz with latency 0.002 seconds
Received message from mqtt/iot-mqtt-7f7c88499d-tktjr with latency 0.004 seconds
Received message from mqtt/iot-mqtt-7f7c88499d-txh52 with latency 0.002 seconds
Received message from mqtt/iot-mqtt-7f7c88499d-vzsjl with latency 0.002 seconds
Received message from mqtt/iot-mqtt-7f7c88499d-db5z8 with latency 0.002 seconds
Received message from mqtt/iot-mqtt-7f7c88499d-nvkg2 with latency 0.002 seconds
Received message from mqtt/iot-mqtt-7f7c88499d-tcfnl with latency 0.002 seconds
Received message from mqtt/iot-mqtt-7f7c88499d-mnmwr with latency 0.001 seconds
Received message from mqtt/iot-mqtt-7f7c88499d-jtgdz with latency 0.002 seconds
Received message from mqtt/iot-mqtt-7f7c88499d-tktjr with latency 0.002 seconds
Received message from mqtt/iot-mqtt-7f7c88499d-txh52 with latency 0.002 seconds
Received message from mqtt/iot-mqtt-7f7c88499d-vzsjl with latency 0.002 seconds
Received message from mqtt/iot-mqtt-7f7c88499d-x5bcg with latency 0.003 seconds
Received message from mqtt/iot-mqtt-7f7c88499d-db5z8 with latency 0.002 seconds
Received message from mqtt/iot-mqtt-7f7c88499d-nvkg2 with latency 0.002 seconds
Received message from mqtt/iot-mqtt-7f7c88499d-tcfnl with latency 0.001 seconds
Received message from mqtt/iot-mqtt-7f7c88499d-mnmwr with latency 0.001 seconds
Received message from mqtt/iot-mqtt-7f7c88499d-jtgdz with latency 0.002 seconds
Received message from mqtt/iot-mqtt-7f7c88499d-tktjr with latency 0.001 seconds
Received message from mqtt/iot-mqtt-7f7c88499d-txh52 with latency 0.002 seconds
Received message from mqtt/iot-mqtt-7f7c88499d-vzsjl with latency 0.002 seconds
Received message from mqtt/iot-mqtt-7f7c88499d-x5bcg with latency 0.002 seconds
Received message from mqtt/iot-mqtt-7f7c88499d-db5z8 with latency 0.002 seconds
Received message from mqtt/iot-mqtt-7f7c88499d-nvkg2 with latency 0.002 seconds
Received message from mqtt/iot-mqtt-7f7c88499d-tcfnl with latency 0.002 seconds
Received message from mqtt/iot-mqtt-7f7c88499d-mnmwr with latency 0.001 seconds
Received message from mqtt/iot-mqtt-7f7c88499d-dkvtw with latency 0.002 seconds
Received message from mqtt/iot-mqtt-7f7c88499d-jtgdz with latency 0.002 seconds
Received message from mqtt/iot-mqtt-7f7c88499d-tktjr with latency 0.002 seconds
Received message from mqtt/iot-mqtt-7f7c88499d-txh52 with latency 0.002 seconds
Received message from mqtt/iot-mqtt-7f7c88499d-x5bcg with latency 0.003 seconds
Received message from mqtt/iot-mqtt-7f7c88499d-db5z8 with latency 0.001 seconds
Received message from mqtt/iot-mqtt-7f7c88499d-nvkg2 with latency 0.002 seconds
Received message from mqtt/iot-mqtt-7f7c88499d-tcfnl with latency 0.002 seconds
Received message from mqtt/iot-mqtt-7f7c88499d-mnmwr with latency 0.001 seconds
Received message from mqtt/iot-mqtt-7f7c88499d-dkvtw with latency 0.003 seconds
Received message from mqtt/iot-mqtt-7f7c88499d-jtgdz with latency 0.001 seconds
Received message from mqtt/iot-mqtt-7f7c88499d-tktjr with latency 0.002 seconds
Received message from mqtt/iot-mqtt-7f7c88499d-txh52 with latency 0.002 seconds
Received message from mqtt/iot-mqtt-7f7c88499d-x5bcg with latency 0.002 seconds
Received message from mqtt/iot-mqtt-7f7c88499d-db5z8 with latency 0.002 seconds
Received message from mqtt/iot-mqtt-7f7c88499d-nvkg2 with latency 0.002 seconds
Received message from mqtt/iot-mqtt-7f7c88499d-tcfnl with latency 0.002 seconds
Received message from mqtt/iot-mqtt-7f7c88499d-mnmwr with latency 0.001 seconds
Received message from mqtt/iot-mqtt-7f7c88499d-dkvtw with latency 0.002 seconds
Received message from mqtt/iot-mqtt-7f7c88499d-jtgdz with latency 0.002 seconds
Received message from mqtt/iot-mqtt-7f7c88499d-tktjr with latency 0.004 seconds
Received message from mqtt/iot-mqtt-7f7c88499d-txh52 with latency 0.002 seconds
Received message from mqtt/iot-mqtt-7f7c88499d-x5bcg with latency 0.002 seconds
Received message from mqtt/iot-mqtt-7f7c88499d-db5z8 with latency 0.002 seconds
Received message from mqtt/iot-mqtt-7f7c88499d-nvkg2 with latency 0.002 seconds
Received message from mqtt/iot-mqtt-7f7c88499d-tcfnl with latency 0.002 seconds
Received message from mqtt/iot-mqtt-7f7c88499d-mnmwr with latency 0.002 seconds
Received message from mqtt/iot-mqtt-7f7c88499d-dkvtw with latency 0.002 seconds
Received message from mqtt/iot-mqtt-7f7c88499d-jtgdz with latency 0.003 seconds
Received message from mqtt/iot-mqtt-7f7c88499d-tktjr with latency 0.005 seconds
Received message from mqtt/iot-mqtt-7f7c88499d-txh52 with latency 0.002 seconds
Received message from mqtt/iot-mqtt-7f7c88499d-x5bcg with latency 0.002 seconds
Received message from mqtt/iot-mqtt-7f7c88499d-db5z8 with latency 0.002 seconds
Received message from mqtt/iot-mqtt-7f7c88499d-nvkg2 with latency 0.003 seconds
Received message from mqtt/iot-mqtt-7f7c88499d-tcfnl with latency 0.002 seconds
Received message from mqtt/iot-mqtt-7f7c88499d-mnmwr with latency 0.002 seconds
Received message from mqtt/iot-mqtt-7f7c88499d-dkvtw with latency 0.002 seconds
Received message from mqtt/iot-mqtt-7f7c88499d-jtgdz with latency 0.002 seconds
Received message from mqtt/iot-mqtt-7f7c88499d-tktjr with latency 0.002 seconds
Received message from mqtt/iot-mqtt-7f7c88499d-txh52 with latency 0.002 seconds
Received message from mqtt/iot-mqtt-7f7c88499d-x5bcg with latency 0.001 seconds
Received message from mqtt/iot-mqtt-7f7c88499d-db5z8 with latency 0.002 seconds
Received message from mqtt/iot-mqtt-7f7c88499d-nvkg2 with latency 0.001 seconds
Received message from mqtt/iot-mqtt-7f7c88499d-tcfnl with latency 0.001 seconds
Received message from mqtt/iot-mqtt-7f7c88499d-mnmwr with latency 0.002 seconds
Received message from mqtt/iot-mqtt-7f7c88499d-dkvtw with latency 0.002 seconds
Received message from mqtt/iot-mqtt-7f7c88499d-jtgdz with latency 0.003 seconds
Received message from mqtt/iot-mqtt-7f7c88499d-tktjr with latency 0.003 seconds
Received message from mqtt/iot-mqtt-7f7c88499d-txh52 with latency 0.002 seconds
Received message from mqtt/iot-mqtt-7f7c88499d-vzsjl with latency 0.004 seconds
Received message from mqtt/iot-mqtt-7f7c88499d-x5bcg with latency 0.003 seconds
Received message from mqtt/iot-mqtt-7f7c88499d-db5z8 with latency 0.002 seconds
Received message from mqtt/iot-mqtt-7f7c88499d-tcfnl with latency 0.001 seconds
Received message from mqtt/iot-mqtt-7f7c88499d-mnmwr with latency 0.003 seconds
Received message from mqtt/iot-mqtt-7f7c88499d-dkvtw with latency 0.003 seconds
Received message from mqtt/iot-mqtt-7f7c88499d-jtgdz with latency 0.003 seconds
Received message from mqtt/iot-mqtt-7f7c88499d-tktjr with latency 0.004 seconds
Received message from mqtt/iot-mqtt-7f7c88499d-vzsjl with latency 0.003 seconds
Received message from mqtt/iot-mqtt-7f7c88499d-x5bcg with latency 0.003 seconds
Received message from mqtt/iot-mqtt-7f7c88499d-db5z8 with latency 0.002 seconds
Received message from mqtt/iot-mqtt-7f7c88499d-tcfnl with latency 0.002 seconds
Received message from mqtt/iot-mqtt-7f7c88499d-dkvtw with latency 0.002 seconds
Received message from mqtt/iot-mqtt-7f7c88499d-jtgdz with latency 0.002 seconds
Received message from mqtt/iot-mqtt-7f7c88499d-vzsjl with latency 0.001 seconds
Received message from mqtt/iot-mqtt-7f7c88499d-x5bcg with latency 0.002 seconds
