/app/mqtt_device.py:16: DeprecationWarning: Callback API version 1 is deprecated, update to latest version
  mqtt_client = mqtt.Client()
 * Serving Flask app 'mqtt_device'
 * Debug mode: off
[31m[1mWARNING: This is a development server. Do not use it in a production deployment. Use a production WSGI server instead.[0m
 * Running on all addresses (0.0.0.0)
 * Running on http://127.0.0.1:5000
 * Running on http://10.244.3.235:5000
[33mPress CTRL+C to quit[0m
Connected to MQTT broker with result code 0
Received message from mqtt/iot-mqtt-594696c8b9-nmc9x with latency 0.001 seconds
Received message from mqtt/iot-mqtt-587b445bb4-4sjlk with latency 0.001 seconds
Received message from mqtt/iot-mqtt-587b445bb4-858lj with latency 0.001 seconds
Received message from mqtt/iot-mqtt-594696c8b9-ngk9z with latency 0.001 seconds
Received message from mqtt/iot-mqtt-587b445bb4-b5wnc with latency 0.001 seconds
Received message from mqtt/iot-mqtt-594696c8b9-w774w with latency 0.001 seconds
Received message from mqtt/iot-mqtt-594696c8b9-99gw2 with latency 0.001 seconds
Received message from mqtt/iot-mqtt-587b445bb4-v44zr with latency 0.000 seconds
Received message from mqtt/iot-mqtt-587b445bb4-wvmf2 with latency 0.001 seconds
Received message from mqtt/iot-mqtt-587b445bb4-8b9h2 with latency 0.003 seconds
Received message from mqtt/iot-mqtt-594696c8b9-xq272 with latency 0.003 seconds
Received message from mqtt/iot-mqtt-594696c8b9-k7lrt with latency 0.003 seconds
Received message from mqtt/iot-mqtt-587b445bb4-zzp5w with latency 0.004 seconds
Received message from mqtt/iot-mqtt-594696c8b9-prlfz with latency 0.002 seconds
Received message from mqtt/iot-mqtt-587b445bb4-zsjqk with latency 0.002 seconds
Received message from mqtt/iot-mqtt-587b445bb4-qfw6v with latency 0.003 seconds
Received message from mqtt/iot-mqtt-594696c8b9-kx8nt with latency 0.004 seconds
Received message from mqtt/iot-mqtt-594696c8b9-nmc9x with latency 0.004 seconds
Received message from mqtt/iot-mqtt-587b445bb4-4sjlk with latency 0.003 seconds
Received message from mqtt/iot-mqtt-594696c8b9-ngk9z with latency 0.003 seconds
Received message from mqtt/iot-mqtt-587b445bb4-858lj with latency 0.004 seconds
Received message from mqtt/iot-mqtt-587b445bb4-b5wnc with latency 0.004 seconds
Received message from mqtt/iot-mqtt-594696c8b9-99gw2 with latency 0.003 seconds
Received message from mqtt/iot-mqtt-587b445bb4-v44zr with latency 0.002 seconds
Received message from mqtt/iot-mqtt-594696c8b9-btpxj with latency 0.003 seconds
Received message from mqtt/iot-mqtt-587b445bb4-z9h5z with latency 0.004 seconds
Received message from mqtt/iot-mqtt-587b445bb4-wvmf2 with latency 0.002 seconds
Received message from mqtt/iot-mqtt-587b445bb4-8b9h2 with latency 0.003 seconds
Received message from mqtt/iot-mqtt-594696c8b9-xq272 with latency 0.004 seconds
Received message from mqtt/iot-mqtt-594696c8b9-k7lrt with latency 0.003 seconds
Received message from mqtt/iot-mqtt-587b445bb4-zzp5w with latency 0.002 seconds
Received message from mqtt/iot-mqtt-587b445bb4-qfw6v with latency 0.004 seconds
Received message from mqtt/iot-mqtt-594696c8b9-kx8nt with latency 0.001 seconds
Received message from mqtt/iot-mqtt-594696c8b9-ngk9z with latency 0.003 seconds
Received message from mqtt/iot-mqtt-594696c8b9-nmc9x with latency 0.001 seconds
Received message from mqtt/iot-mqtt-587b445bb4-858lj with latency 0.001 seconds
Received message from mqtt/iot-mqtt-587b445bb4-b5wnc with latency 0.003 seconds
Received message from mqtt/iot-mqtt-594696c8b9-99gw2 with latency 0.003 seconds
Received message from mqtt/iot-mqtt-594696c8b9-w774w with latency 0.001 seconds
Received message from mqtt/iot-mqtt-594696c8b9-btpxj with latency 0.003 seconds
Received message from mqtt/iot-mqtt-587b445bb4-z9h5z with latency 0.003 seconds
Received message from mqtt/iot-mqtt-587b445bb4-8b9h2 with latency 0.004 seconds
Received message from mqtt/iot-mqtt-594696c8b9-xq272 with latency 0.001 seconds
Received message from mqtt/iot-mqtt-594696c8b9-k7lrt with latency 0.003 seconds
Received message from mqtt/iot-mqtt-587b445bb4-zzp5w with latency 0.001 seconds
Received message from mqtt/iot-mqtt-594696c8b9-prlfz with latency 0.002 seconds
Received message from mqtt/iot-mqtt-587b445bb4-qfw6v with latency 0.001 seconds
Received message from mqtt/iot-mqtt-587b445bb4-4sjlk with latency 0.001 seconds
Received message from mqtt/iot-mqtt-594696c8b9-nmc9x with latency 0.000 seconds
Received message from mqtt/iot-mqtt-587b445bb4-858lj with latency 0.001 seconds
Received message from mqtt/iot-mqtt-587b445bb4-v44zr with latency 0.001 seconds
Received message from mqtt/iot-mqtt-587b445bb4-b5wnc with latency 0.003 seconds
Received message from mqtt/iot-mqtt-587b445bb4-z9h5z with latency 0.002 seconds
Received message from mqtt/iot-mqtt-587b445bb4-wvmf2 with latency 0.003 seconds
Received message from mqtt/iot-mqtt-587b445bb4-8b9h2 with latency 0.002 seconds
Received message from mqtt/iot-mqtt-587b445bb4-zzp5w with latency 0.002 seconds
Received message from mqtt/iot-mqtt-587b445bb4-qfw6v with latency 0.002 seconds
[FAILURE] iot-mqtt-587b445bb4-4sjlk is simulating a device failure. Stopping MQTT network loop for 40.0 seconds.
Received message from mqtt/iot-mqtt-587b445bb4-858lj with latency 0.002 seconds
[RECOVERY] iot-mqtt-587b445bb4-4sjlk is back online and reconnecting to broker.
Connected to MQTT broker with result code 0
Received message from mqtt/iot-mqtt-587b445bb4-858lj with latency 0.001 seconds
Received message from mqtt/iot-mqtt-587b445bb4-b5wnc with latency 0.002 seconds
Received message from mqtt/iot-mqtt-587b445bb4-z9h5z with latency 0.004 seconds
Received message from mqtt/iot-mqtt-587b445bb4-wvmf2 with latency 0.003 seconds
Received message from mqtt/iot-mqtt-587b445bb4-8b9h2 with latency 0.002 seconds
Received message from mqtt/iot-mqtt-587b445bb4-zzp5w with latency 0.003 seconds
Received message from mqtt/iot-mqtt-587b445bb4-qfw6v with latency 0.003 seconds
Received message from mqtt/iot-mqtt-587b445bb4-4sjlk with latency 0.003 seconds
Received message from mqtt/iot-mqtt-587b445bb4-858lj with latency 0.002 seconds
Received message from mqtt/iot-mqtt-587b445bb4-b5wnc with latency 0.002 seconds
Received message from mqtt/iot-mqtt-587b445bb4-wvmf2 with latency 0.003 seconds
Received message from mqtt/iot-mqtt-587b445bb4-8b9h2 with latency 0.002 seconds
Received message from mqtt/iot-mqtt-587b445bb4-zzp5w with latency 0.002 seconds
Received message from mqtt/iot-mqtt-587b445bb4-qfw6v with latency 0.002 seconds
Received message from mqtt/iot-mqtt-587b445bb4-b5wnc with latency 0.001 seconds
Received message from mqtt/iot-mqtt-587b445bb4-wvmf2 with latency 0.002 seconds
Received message from mqtt/iot-mqtt-587b445bb4-8b9h2 with latency 0.001 seconds
Received message from mqtt/iot-mqtt-587b445bb4-zzp5w with latency 0.003 seconds
Received message from mqtt/iot-mqtt-587b445bb4-qfw6v with latency 0.002 seconds
Received message from mqtt/iot-mqtt-587b445bb4-b5wnc with latency 0.001 seconds
Received message from mqtt/iot-mqtt-587b445bb4-wvmf2 with latency 0.002 seconds
Received message from mqtt/iot-mqtt-587b445bb4-8b9h2 with latency 0.003 seconds
Received message from mqtt/iot-mqtt-587b445bb4-zzp5w with latency 0.001 seconds
Received message from mqtt/iot-mqtt-587b445bb4-qfw6v with latency 0.002 seconds
Received message from mqtt/iot-mqtt-587b445bb4-4sjlk with latency 0.003 seconds
Received message from mqtt/iot-mqtt-587b445bb4-b5wnc with latency 0.002 seconds
Received message from mqtt/iot-mqtt-587b445bb4-wvmf2 with latency 0.001 seconds
Received message from mqtt/iot-mqtt-587b445bb4-8b9h2 with latency 0.002 seconds
Received message from mqtt/iot-mqtt-587b445bb4-4sjlk with latency 0.002 seconds
Received message from mqtt/iot-mqtt-587b445bb4-v44zr with latency 0.002 seconds
Received message from mqtt/iot-mqtt-587b445bb4-b5wnc with latency 0.002 seconds
Received message from mqtt/iot-mqtt-587b445bb4-wvmf2 with latency 0.002 seconds
Received message from mqtt/iot-mqtt-587b445bb4-8b9h2 with latency 0.002 seconds
Received message from mqtt/iot-mqtt-587b445bb4-zsjqk with latency 0.003 seconds
Received message from mqtt/iot-mqtt-587b445bb4-zzp5w with latency 0.002 seconds
Received message from mqtt/iot-mqtt-587b445bb4-qfw6v with latency 0.001 seconds
Received message from mqtt/iot-mqtt-587b445bb4-4sjlk with latency 0.002 seconds
Received message from mqtt/iot-mqtt-587b445bb4-v44zr with latency 0.002 seconds
Received message from mqtt/iot-mqtt-587b445bb4-b5wnc with latency 0.003 seconds
Received message from mqtt/iot-mqtt-587b445bb4-z9h5z with latency 0.002 seconds
Received message from mqtt/iot-mqtt-587b445bb4-wvmf2 with latency 0.002 seconds
Received message from mqtt/iot-mqtt-587b445bb4-8b9h2 with latency 0.003 seconds
Received message from mqtt/iot-mqtt-587b445bb4-zsjqk with latency 0.001 seconds
Received message from mqtt/iot-mqtt-587b445bb4-zzp5w with latency 0.002 seconds
Received message from mqtt/iot-mqtt-587b445bb4-qfw6v with latency 0.002 seconds
Received message from mqtt/iot-mqtt-587b445bb4-4sjlk with latency 0.002 seconds
Received message from mqtt/iot-mqtt-587b445bb4-858lj with latency 0.000 seconds
Received message from mqtt/iot-mqtt-587b445bb4-v44zr with latency 0.003 seconds
Received message from mqtt/iot-mqtt-587b445bb4-b5wnc with latency 0.003 seconds
Received message from mqtt/iot-mqtt-587b445bb4-z9h5z with latency 0.002 seconds
Received message from mqtt/iot-mqtt-587b445bb4-8b9h2 with latency 0.001 seconds
Received message from mqtt/iot-mqtt-587b445bb4-zzp5w with latency 0.002 seconds
Received message from mqtt/iot-mqtt-587b445bb4-858lj with latency 0.002 seconds
Received message from mqtt/iot-mqtt-587b445bb4-v44zr with latency 0.003 seconds
Received message from mqtt/iot-mqtt-587b445bb4-b5wnc with latency 0.002 seconds
Received message from mqtt/iot-mqtt-587b445bb4-wvmf2 with latency 0.002 seconds
Received message from mqtt/iot-mqtt-587b445bb4-8b9h2 with latency 0.002 seconds
Received message from mqtt/iot-mqtt-587b445bb4-zsjqk with latency 0.002 seconds
Received message from mqtt/iot-mqtt-587b445bb4-zzp5w with latency 0.001 seconds
[FAILURE] iot-mqtt-587b445bb4-4sjlk is simulating a device failure. Stopping MQTT network loop for 40.0 seconds.
Received message from mqtt/iot-mqtt-587b445bb4-858lj with latency 0.003 seconds
[RECOVERY] iot-mqtt-587b445bb4-4sjlk is back online and reconnecting to broker.
Connected to MQTT broker with result code 0
Received message from mqtt/iot-mqtt-587b445bb4-858lj with latency 0.004 seconds
Received message from mqtt/iot-mqtt-587b445bb4-v44zr with latency 0.003 seconds
Received message from mqtt/iot-mqtt-587b445bb4-b5wnc with latency 0.002 seconds
Received message from mqtt/iot-mqtt-587b445bb4-z9h5z with latency 0.003 seconds
Received message from mqtt/iot-mqtt-587b445bb4-wvmf2 with latency 0.003 seconds
Received message from mqtt/iot-mqtt-587b445bb4-zzp5w with latency 0.002 seconds
Received message from mqtt/iot-mqtt-587b445bb4-qfw6v with latency 0.003 seconds
Received message from mqtt/iot-mqtt-587b445bb4-4sjlk with latency 0.003 seconds
Received message from mqtt/iot-mqtt-587b445bb4-858lj with latency 0.003 seconds
Received message from mqtt/iot-mqtt-587b445bb4-v44zr with latency 0.003 seconds
Received message from mqtt/iot-mqtt-587b445bb4-b5wnc with latency 0.004 seconds
Received message from mqtt/iot-mqtt-587b445bb4-z9h5z with latency 0.001 seconds
Received message from mqtt/iot-mqtt-587b445bb4-wvmf2 with latency 0.002 seconds
Received message from mqtt/iot-mqtt-587b445bb4-8b9h2 with latency 0.003 seconds
Received message from mqtt/iot-mqtt-587b445bb4-zsjqk with latency 0.004 seconds
Received message from mqtt/iot-mqtt-587b445bb4-qfw6v with latency 0.002 seconds
Received message from mqtt/iot-mqtt-587b445bb4-zzp5w with latency 0.002 seconds
Received message from mqtt/iot-mqtt-587b445bb4-4sjlk with latency 0.001 seconds
Received message from mqtt/iot-mqtt-587b445bb4-858lj with latency 0.003 seconds
Received message from mqtt/iot-mqtt-587b445bb4-v44zr with latency 0.003 seconds
Received message from mqtt/iot-mqtt-587b445bb4-z9h5z with latency 0.002 seconds
Received message from mqtt/iot-mqtt-587b445bb4-wvmf2 with latency 0.003 seconds
Received message from mqtt/iot-mqtt-587b445bb4-8b9h2 with latency 0.002 seconds
Received message from mqtt/iot-mqtt-587b445bb4-zzp5w with latency 0.004 seconds
Received message from mqtt/iot-mqtt-587b445bb4-qfw6v with latency 0.002 seconds
Received message from mqtt/iot-mqtt-587b445bb4-4sjlk with latency 0.003 seconds
Received message from mqtt/iot-mqtt-587b445bb4-v44zr with latency 0.003 seconds
Received message from mqtt/iot-mqtt-587b445bb4-b5wnc with latency 0.002 seconds
Received message from mqtt/iot-mqtt-587b445bb4-z9h5z with latency 0.002 seconds
Received message from mqtt/iot-mqtt-587b445bb4-wvmf2 with latency 0.002 seconds
Received message from mqtt/iot-mqtt-587b445bb4-zzp5w with latency 0.003 seconds
Received message from mqtt/iot-mqtt-587b445bb4-qfw6v with latency 0.001 seconds
Received message from mqtt/iot-mqtt-587b445bb4-4sjlk with latency 0.003 seconds
Received message from mqtt/iot-mqtt-587b445bb4-v44zr with latency 0.001 seconds
Received message from mqtt/iot-mqtt-587b445bb4-b5wnc with latency 0.003 seconds
Received message from mqtt/iot-mqtt-587b445bb4-z9h5z with latency 0.001 seconds
Received message from mqtt/iot-mqtt-587b445bb4-wvmf2 with latency 0.002 seconds
Received message from mqtt/iot-mqtt-587b445bb4-zzp5w with latency 0.002 seconds
Received message from mqtt/iot-mqtt-587b445bb4-qfw6v with latency 0.001 seconds
Received message from mqtt/iot-mqtt-587b445bb4-4sjlk with latency 0.002 seconds
Received message from mqtt/iot-mqtt-587b445bb4-858lj with latency 0.002 seconds
Received message from mqtt/iot-mqtt-587b445bb4-b5wnc with latency 0.003 seconds
Received message from mqtt/iot-mqtt-587b445bb4-wvmf2 with latency 0.001 seconds
Received message from mqtt/iot-mqtt-587b445bb4-qfw6v with latency 0.002 seconds
Received message from mqtt/iot-mqtt-587b445bb4-zzp5w with latency 0.002 seconds
Received message from mqtt/iot-mqtt-587b445bb4-4sjlk with latency 0.004 seconds
Received message from mqtt/iot-mqtt-587b445bb4-858lj with latency 0.002 seconds
Received message from mqtt/iot-mqtt-587b445bb4-b5wnc with latency 0.002 seconds
Received message from mqtt/iot-mqtt-587b445bb4-z9h5z with latency 0.002 seconds
Received message from mqtt/iot-mqtt-587b445bb4-wvmf2 with latency 0.002 seconds
Received message from mqtt/iot-mqtt-587b445bb4-qfw6v with latency 0.001 seconds
Received message from mqtt/iot-mqtt-587b445bb4-zzp5w with latency 0.002 seconds
Received message from mqtt/iot-mqtt-587b445bb4-4sjlk with latency 0.002 seconds
Received message from mqtt/iot-mqtt-587b445bb4-858lj with latency 0.002 seconds
Received message from mqtt/iot-mqtt-587b445bb4-b5wnc with latency 0.002 seconds
Received message from mqtt/iot-mqtt-587b445bb4-z9h5z with latency 0.003 seconds
Received message from mqtt/iot-mqtt-587b445bb4-8b9h2 with latency 0.003 seconds
Received message from mqtt/iot-mqtt-587b445bb4-zsjqk with latency 0.004 seconds
Received message from mqtt/iot-mqtt-587b445bb4-qfw6v with latency 0.002 seconds
Received message from mqtt/iot-mqtt-587b445bb4-zzp5w with latency 0.003 seconds
Received message from mqtt/iot-mqtt-587b445bb4-4sjlk with latency 0.001 seconds
Received message from mqtt/iot-mqtt-587b445bb4-858lj with latency 0.001 seconds
Received message from mqtt/iot-mqtt-587b445bb4-b5wnc with latency 0.002 seconds
Received message from mqtt/iot-mqtt-587b445bb4-z9h5z with latency 0.003 seconds
Received message from mqtt/iot-mqtt-587b445bb4-wvmf2 with latency 0.002 seconds
Received message from mqtt/iot-mqtt-587b445bb4-8b9h2 with latency 0.002 seconds
Received message from mqtt/iot-mqtt-587b445bb4-zsjqk with latency 0.003 seconds
Received message from mqtt/iot-mqtt-587b445bb4-zzp5w with latency 0.002 seconds
Received message from mqtt/iot-mqtt-587b445bb4-4sjlk with latency 0.002 seconds
Received message from mqtt/iot-mqtt-587b445bb4-v44zr with latency 0.003 seconds
Received message from mqtt/iot-mqtt-587b445bb4-858lj with latency 0.002 seconds
Received message from mqtt/iot-mqtt-587b445bb4-b5wnc with latency 0.002 seconds
Received message from mqtt/iot-mqtt-587b445bb4-z9h5z with latency 0.002 seconds
Received message from mqtt/iot-mqtt-587b445bb4-wvmf2 with latency 0.002 seconds
Received message from mqtt/iot-mqtt-587b445bb4-8b9h2 with latency 0.002 seconds
Received message from mqtt/iot-mqtt-587b445bb4-zsjqk with latency 0.002 seconds
Received message from mqtt/iot-mqtt-587b445bb4-zzp5w with latency 0.003 seconds
Received message from mqtt/iot-mqtt-587b445bb4-4sjlk with latency 0.003 seconds
Received message from mqtt/iot-mqtt-587b445bb4-v44zr with latency 0.002 seconds
Received message from mqtt/iot-mqtt-587b445bb4-858lj with latency 0.002 seconds
Received message from mqtt/iot-mqtt-587b445bb4-b5wnc with latency 0.002 seconds
Received message from mqtt/iot-mqtt-587b445bb4-z9h5z with latency 0.001 seconds
Received message from mqtt/iot-mqtt-587b445bb4-8b9h2 with latency 0.001 seconds
Received message from mqtt/iot-mqtt-587b445bb4-zsjqk with latency 0.002 seconds
Received message from mqtt/iot-mqtt-587b445bb4-zzp5w with latency 0.003 seconds
Received message from mqtt/iot-mqtt-587b445bb4-4sjlk with latency 0.003 seconds
Received message from mqtt/iot-mqtt-587b445bb4-v44zr with latency 0.002 seconds
Received message from mqtt/iot-mqtt-587b445bb4-858lj with latency 0.002 seconds
Received message from mqtt/iot-mqtt-587b445bb4-b5wnc with latency 0.001 seconds
Received message from mqtt/iot-mqtt-587b445bb4-z9h5z with latency 0.001 seconds
Received message from mqtt/iot-mqtt-587b445bb4-8b9h2 with latency 0.003 seconds
Received message from mqtt/iot-mqtt-587b445bb4-zsjqk with latency 0.002 seconds
Received message from mqtt/iot-mqtt-587b445bb4-zzp5w with latency 0.003 seconds
Received message from mqtt/iot-mqtt-587b445bb4-4sjlk with latency 0.002 seconds
Received message from mqtt/iot-mqtt-587b445bb4-v44zr with latency 0.002 seconds
Received message from mqtt/iot-mqtt-587b445bb4-858lj with latency 0.001 seconds
Received message from mqtt/iot-mqtt-587b445bb4-b5wnc with latency 0.002 seconds
Received message from mqtt/iot-mqtt-587b445bb4-8b9h2 with latency 0.002 seconds
Received message from mqtt/iot-mqtt-587b445bb4-zsjqk with latency 0.002 seconds
Received message from mqtt/iot-mqtt-587b445bb4-zzp5w with latency 0.002 seconds
Received message from mqtt/iot-mqtt-587b445bb4-4sjlk with latency 0.003 seconds
Received message from mqtt/iot-mqtt-587b445bb4-v44zr with latency 0.003 seconds
Received message from mqtt/iot-mqtt-587b445bb4-858lj with latency 0.002 seconds
Received message from mqtt/iot-mqtt-587b445bb4-b5wnc with latency 0.002 seconds
Received message from mqtt/iot-mqtt-587b445bb4-8b9h2 with latency 0.001 seconds
Received message from mqtt/iot-mqtt-587b445bb4-zsjqk with latency 0.002 seconds
Received message from mqtt/iot-mqtt-587b445bb4-qfw6v with latency 0.001 seconds
Received message from mqtt/iot-mqtt-587b445bb4-zzp5w with latency 0.002 seconds
Received message from mqtt/iot-mqtt-587b445bb4-4sjlk with latency 0.001 seconds
Received message from mqtt/iot-mqtt-587b445bb4-v44zr with latency 0.002 seconds
Received message from mqtt/iot-mqtt-587b445bb4-858lj with latency 0.002 seconds
Received message from mqtt/iot-mqtt-587b445bb4-b5wnc with latency 0.002 seconds
Received message from mqtt/iot-mqtt-587b445bb4-wvmf2 with latency 0.001 seconds
Received message from mqtt/iot-mqtt-587b445bb4-zsjqk with latency 0.002 seconds
Received message from mqtt/iot-mqtt-587b445bb4-qfw6v with latency 0.002 seconds
Received message from mqtt/iot-mqtt-587b445bb4-zzp5w with latency 0.002 seconds
Received message from mqtt/iot-mqtt-587b445bb4-4sjlk with latency 0.002 seconds
Received message from mqtt/iot-mqtt-587b445bb4-v44zr with latency 0.002 seconds
Received message from mqtt/iot-mqtt-587b445bb4-858lj with latency 0.002 seconds
Received message from mqtt/iot-mqtt-587b445bb4-qfw6v with latency 0.001 seconds
Received message from mqtt/iot-mqtt-587b445bb4-zzp5w with latency 0.002 seconds
Received message from mqtt/iot-mqtt-587b445bb4-4sjlk with latency 0.002 seconds
Received message from mqtt/iot-mqtt-587b445bb4-858lj with latency 0.002 seconds
Received message from mqtt/iot-mqtt-587b445bb4-wvmf2 with latency 0.001 seconds
Received message from mqtt/iot-mqtt-587b445bb4-qfw6v with latency 0.005 seconds
Received message from mqtt/iot-mqtt-587b445bb4-4sjlk with latency 0.004 seconds
Received message from mqtt/iot-mqtt-587b445bb4-858lj with latency 0.002 seconds
Received message from mqtt/iot-mqtt-587b445bb4-z9h5z with latency 0.002 seconds
Received message from mqtt/iot-mqtt-587b445bb4-wvmf2 with latency 0.001 seconds
Received message from mqtt/iot-mqtt-587b445bb4-qfw6v with latency 0.002 seconds
Received message from mqtt/iot-mqtt-587b445bb4-zzp5w with latency 0.002 seconds
Received message from mqtt/iot-mqtt-587b445bb4-4sjlk with latency 0.002 seconds
Received message from mqtt/iot-mqtt-587b445bb4-wvmf2 with latency 0.001 seconds
Received message from mqtt/iot-mqtt-587b445bb4-z9h5z with latency 0.001 seconds
Received message from mqtt/iot-mqtt-587b445bb4-qfw6v with latency 0.002 seconds
Received message from mqtt/iot-mqtt-587b445bb4-zzp5w with latency 0.002 seconds
Received message from mqtt/iot-mqtt-587b445bb4-4sjlk with latency 0.002 seconds
Received message from mqtt/iot-mqtt-587b445bb4-858lj with latency 0.001 seconds
Received message from mqtt/iot-mqtt-587b445bb4-wvmf2 with latency 0.016 seconds
Received message from mqtt/iot-mqtt-587b445bb4-z9h5z with latency 0.001 seconds
Received message from mqtt/iot-mqtt-587b445bb4-qfw6v with latency 0.002 seconds
Received message from mqtt/iot-mqtt-587b445bb4-4sjlk with latency 0.001 seconds
Received message from mqtt/iot-mqtt-587b445bb4-zzp5w with latency 0.002 seconds
Received message from mqtt/iot-mqtt-587b445bb4-858lj with latency 0.001 seconds
Received message from mqtt/iot-mqtt-587b445bb4-wvmf2 with latency 0.002 seconds
Received message from mqtt/iot-mqtt-587b445bb4-z9h5z with latency 0.001 seconds
Received message from mqtt/iot-mqtt-587b445bb4-8b9h2 with latency 0.002 seconds
Received message from mqtt/iot-mqtt-587b445bb4-zsjqk with latency 0.003 seconds
Received message from mqtt/iot-mqtt-587b445bb4-qfw6v with latency 0.002 seconds
Received message from mqtt/iot-mqtt-587b445bb4-4sjlk with latency 0.002 seconds
Received message from mqtt/iot-mqtt-587b445bb4-zzp5w with latency 0.002 seconds
Received message from mqtt/iot-mqtt-587b445bb4-v44zr with latency 0.002 seconds
Received message from mqtt/iot-mqtt-587b445bb4-858lj with latency 0.003 seconds
Received message from mqtt/iot-mqtt-587b445bb4-wvmf2 with latency 0.002 seconds
Received message from mqtt/iot-mqtt-587b445bb4-z9h5z with latency 0.001 seconds
Received message from mqtt/iot-mqtt-587b445bb4-8b9h2 with latency 0.002 seconds
Received message from mqtt/iot-mqtt-587b445bb4-zsjqk with latency 0.002 seconds
Received message from mqtt/iot-mqtt-587b445bb4-qfw6v with latency 0.001 seconds
Received message from mqtt/iot-mqtt-587b445bb4-4sjlk with latency 0.002 seconds
Received message from mqtt/iot-mqtt-587b445bb4-v44zr with latency 0.001 seconds
Received message from mqtt/iot-mqtt-587b445bb4-zzp5w with latency 0.001 seconds
Received message from mqtt/iot-mqtt-587b445bb4-wvmf2 with latency 0.002 seconds
Received message from mqtt/iot-mqtt-587b445bb4-z9h5z with latency 0.001 seconds
Received message from mqtt/iot-mqtt-587b445bb4-8b9h2 with latency 0.002 seconds
Received message from mqtt/iot-mqtt-587b445bb4-zsjqk with latency 0.002 seconds
[FAILURE] iot-mqtt-587b445bb4-4sjlk is simulating a device failure. Stopping MQTT network loop for 40.0 seconds.
Received message from mqtt/iot-mqtt-587b445bb4-v44zr with latency 0.003 seconds
[RECOVERY] iot-mqtt-587b445bb4-4sjlk is back online and reconnecting to broker.
Connected to MQTT broker with result code 0
Received message from mqtt/iot-mqtt-587b445bb4-v44zr with latency 0.003 seconds
Received message from mqtt/iot-mqtt-587b445bb4-b5wnc with latency 0.001 seconds
Received message from mqtt/iot-mqtt-587b445bb4-858lj with latency 0.002 seconds
Received message from mqtt/iot-mqtt-587b445bb4-8b9h2 with latency 0.003 seconds
Received message from mqtt/iot-mqtt-587b445bb4-wvmf2 with latency 0.001 seconds
Received message from mqtt/iot-mqtt-587b445bb4-z9h5z with latency 0.001 seconds
Received message from mqtt/iot-mqtt-587b445bb4-qfw6v with latency 0.003 seconds
Received message from mqtt/iot-mqtt-587b445bb4-zsjqk with latency 0.002 seconds
Received message from mqtt/iot-mqtt-587b445bb4-4sjlk with latency 0.001 seconds
Received message from mqtt/iot-mqtt-587b445bb4-b5wnc with latency 0.002 seconds
Received message from mqtt/iot-mqtt-587b445bb4-v44zr with latency 0.002 seconds
Received message from mqtt/iot-mqtt-587b445bb4-858lj with latency 0.002 seconds
Received message from mqtt/iot-mqtt-587b445bb4-8b9h2 with latency 0.004 seconds
Received message from mqtt/iot-mqtt-587b445bb4-wvmf2 with latency 0.001 seconds
Received message from mqtt/iot-mqtt-587b445bb4-z9h5z with latency 0.001 seconds
Received message from mqtt/iot-mqtt-587b445bb4-qfw6v with latency 0.003 seconds
Received message from mqtt/iot-mqtt-587b445bb4-zsjqk with latency 0.003 seconds
Received message from mqtt/iot-mqtt-587b445bb4-4sjlk with latency 0.004 seconds
Received message from mqtt/iot-mqtt-587b445bb4-v44zr with latency 0.002 seconds
Received message from mqtt/iot-mqtt-587b445bb4-858lj with latency 0.001 seconds
Received message from mqtt/iot-mqtt-587b445bb4-b5wnc with latency 0.003 seconds
Received message from mqtt/iot-mqtt-587b445bb4-8b9h2 with latency 0.003 seconds
Received message from mqtt/iot-mqtt-587b445bb4-wvmf2 with latency 0.002 seconds
Received message from mqtt/iot-mqtt-587b445bb4-z9h5z with latency 0.002 seconds
Received message from mqtt/iot-mqtt-587b445bb4-qfw6v with latency 0.003 seconds
Received message from mqtt/iot-mqtt-587b445bb4-4sjlk with latency 0.008 seconds
Received message from mqtt/iot-mqtt-587b445bb4-zzp5w with latency 0.003 seconds
Received message from mqtt/iot-mqtt-587b445bb4-858lj with latency 0.001 seconds
Received message from mqtt/iot-mqtt-587b445bb4-v44zr with latency 0.003 seconds
Received message from mqtt/iot-mqtt-587b445bb4-b5wnc with latency 0.003 seconds
Received message from mqtt/iot-mqtt-587b445bb4-8b9h2 with latency 0.003 seconds
Received message from mqtt/iot-mqtt-587b445bb4-wvmf2 with latency 0.002 seconds
Received message from mqtt/iot-mqtt-587b445bb4-4sjlk with latency 0.001 seconds
Received message from mqtt/iot-mqtt-587b445bb4-zzp5w with latency 0.003 seconds
Received message from mqtt/iot-mqtt-587b445bb4-858lj with latency 0.002 seconds
Received message from mqtt/iot-mqtt-587b445bb4-v44zr with latency 0.003 seconds
Received message from mqtt/iot-mqtt-587b445bb4-b5wnc with latency 0.002 seconds
Received message from mqtt/iot-mqtt-587b445bb4-8b9h2 with latency 0.003 seconds
Received message from mqtt/iot-mqtt-587b445bb4-wvmf2 with latency 0.002 seconds
Received message from mqtt/iot-mqtt-587b445bb4-z9h5z with latency 0.003 seconds
Received message from mqtt/iot-mqtt-587b445bb4-qfw6v with latency 0.001 seconds
Received message from mqtt/iot-mqtt-587b445bb4-4sjlk with latency 0.003 seconds
Received message from mqtt/iot-mqtt-587b445bb4-858lj with latency 0.002 seconds
Received message from mqtt/iot-mqtt-587b445bb4-v44zr with latency 0.002 seconds
Received message from mqtt/iot-mqtt-587b445bb4-b5wnc with latency 0.002 seconds
Received message from mqtt/iot-mqtt-587b445bb4-z9h5z with latency 0.004 seconds
Received message from mqtt/iot-mqtt-587b445bb4-qfw6v with latency 0.004 seconds
Received message from mqtt/iot-mqtt-587b445bb4-4sjlk with latency 0.003 seconds
Received message from mqtt/iot-mqtt-587b445bb4-zzp5w with latency 0.004 seconds
Received message from mqtt/iot-mqtt-587b445bb4-858lj with latency 0.003 seconds
Received message from mqtt/iot-mqtt-587b445bb4-v44zr with latency 0.003 seconds
Received message from mqtt/iot-mqtt-587b445bb4-8b9h2 with latency 0.003 seconds
Received message from mqtt/iot-mqtt-587b445bb4-wvmf2 with latency 0.003 seconds
Received message from mqtt/iot-mqtt-587b445bb4-zsjqk with latency 0.002 seconds
Received message from mqtt/iot-mqtt-587b445bb4-qfw6v with latency 0.002 seconds
Received message from mqtt/iot-mqtt-587b445bb4-858lj with latency 0.003 seconds
Received message from mqtt/iot-mqtt-587b445bb4-b5wnc with latency 0.002 seconds
Received message from mqtt/iot-mqtt-587b445bb4-z9h5z with latency 0.003 seconds
Received message from mqtt/iot-mqtt-587b445bb4-wvmf2 with latency 0.000 seconds
Received message from mqtt/iot-mqtt-587b445bb4-zsjqk with latency 0.003 seconds
Received message from mqtt/iot-mqtt-587b445bb4-qfw6v with latency 0.002 seconds
Received message from mqtt/iot-mqtt-587b445bb4-4sjlk with latency 0.002 seconds
Received message from mqtt/iot-mqtt-587b445bb4-858lj with latency 0.003 seconds
Received message from mqtt/iot-mqtt-587b445bb4-zzp5w with latency 0.002 seconds
Received message from mqtt/iot-mqtt-587b445bb4-v44zr with latency 0.002 seconds
Received message from mqtt/iot-mqtt-587b445bb4-b5wnc with latency 0.002 seconds
Received message from mqtt/iot-mqtt-587b445bb4-zsjqk with latency 0.001 seconds
Received message from mqtt/iot-mqtt-587b445bb4-qfw6v with latency 0.002 seconds
Received message from mqtt/iot-mqtt-587b445bb4-4sjlk with latency 0.002 seconds
Received message from mqtt/iot-mqtt-587b445bb4-zzp5w with latency 0.002 seconds
Received message from mqtt/iot-mqtt-587b445bb4-858lj with latency 0.002 seconds
Received message from mqtt/iot-mqtt-587b445bb4-v44zr with latency 0.002 seconds
Received message from mqtt/iot-mqtt-587b445bb4-b5wnc with latency 0.003 seconds
Received message from mqtt/iot-mqtt-587b445bb4-z9h5z with latency 0.001 seconds
Received message from mqtt/iot-mqtt-587b445bb4-zsjqk with latency 0.002 seconds
Received message from mqtt/iot-mqtt-587b445bb4-qfw6v with latency 0.002 seconds
Received message from mqtt/iot-mqtt-587b445bb4-4sjlk with latency 0.002 seconds
Received message from mqtt/iot-mqtt-587b445bb4-858lj with latency 0.002 seconds
Received message from mqtt/iot-mqtt-587b445bb4-zzp5w with latency 0.001 seconds
Received message from mqtt/iot-mqtt-587b445bb4-v44zr with latency 0.002 seconds
Received message from mqtt/iot-mqtt-587b445bb4-b5wnc with latency 0.002 seconds
Received message from mqtt/iot-mqtt-587b445bb4-z9h5z with latency 0.002 seconds
Received message from mqtt/iot-mqtt-587b445bb4-qfw6v with latency 0.002 seconds
Received message from mqtt/iot-mqtt-587b445bb4-4sjlk with latency 0.002 seconds
Received message from mqtt/iot-mqtt-587b445bb4-858lj with latency 0.001 seconds
Received message from mqtt/iot-mqtt-587b445bb4-zzp5w with latency 0.002 seconds
Received message from mqtt/iot-mqtt-587b445bb4-b5wnc with latency 0.002 seconds
Received message from mqtt/iot-mqtt-587b445bb4-8b9h2 with latency 0.001 seconds
Received message from mqtt/iot-mqtt-587b445bb4-z9h5z with latency 0.002 seconds
Received message from mqtt/iot-mqtt-587b445bb4-zsjqk with latency 0.002 seconds
Received message from mqtt/iot-mqtt-587b445bb4-4sjlk with latency 0.003 seconds
Received message from mqtt/iot-mqtt-587b445bb4-858lj with latency 0.001 seconds
Received message from mqtt/iot-mqtt-587b445bb4-v44zr with latency 0.002 seconds
Received message from mqtt/iot-mqtt-587b445bb4-zzp5w with latency 0.002 seconds
Received message from mqtt/iot-mqtt-587b445bb4-b5wnc with latency 0.002 seconds
Received message from mqtt/iot-mqtt-587b445bb4-8b9h2 with latency 0.001 seconds
Received message from mqtt/iot-mqtt-587b445bb4-z9h5z with latency 0.003 seconds
Received message from mqtt/iot-mqtt-587b445bb4-zsjqk with latency 0.001 seconds
Received message from mqtt/iot-mqtt-587b445bb4-qfw6v with latency 0.001 seconds
Received message from mqtt/iot-mqtt-587b445bb4-4sjlk with latency 0.003 seconds
Received message from mqtt/iot-mqtt-587b445bb4-858lj with latency 0.002 seconds
Received message from mqtt/iot-mqtt-587b445bb4-v44zr with latency 0.002 seconds
Received message from mqtt/iot-mqtt-587b445bb4-zzp5w with latency 0.001 seconds
Received message from mqtt/iot-mqtt-587b445bb4-b5wnc with latency 0.001 seconds
Received message from mqtt/iot-mqtt-587b445bb4-8b9h2 with latency 0.001 seconds
Received message from mqtt/iot-mqtt-587b445bb4-wvmf2 with latency 0.003 seconds
Received message from mqtt/iot-mqtt-587b445bb4-z9h5z with latency 0.002 seconds
Received message from mqtt/iot-mqtt-587b445bb4-zsjqk with latency 0.002 seconds
Received message from mqtt/iot-mqtt-587b445bb4-qfw6v with latency 0.002 seconds
Received message from mqtt/iot-mqtt-587b445bb4-4sjlk with latency 0.002 seconds
Received message from mqtt/iot-mqtt-587b445bb4-v44zr with latency 0.003 seconds
Received message from mqtt/iot-mqtt-587b445bb4-zzp5w with latency 0.002 seconds
Received message from mqtt/iot-mqtt-587b445bb4-b5wnc with latency 0.003 seconds
Received message from mqtt/iot-mqtt-587b445bb4-8b9h2 with latency 0.003 seconds
Received message from mqtt/iot-mqtt-587b445bb4-wvmf2 with latency 0.002 seconds
Received message from mqtt/iot-mqtt-587b445bb4-zsjqk with latency 0.002 seconds
Received message from mqtt/iot-mqtt-587b445bb4-qfw6v with latency 0.002 seconds
[FAILURE] iot-mqtt-587b445bb4-4sjlk is simulating a device failure. Stopping MQTT network loop for 40.0 seconds.
Received message from mqtt/iot-mqtt-587b445bb4-858lj with latency 0.001 seconds
[RECOVERY] iot-mqtt-587b445bb4-4sjlk is back online and reconnecting to broker.
Connected to MQTT broker with result code 0
Received message from mqtt/iot-mqtt-587b445bb4-zzp5w with latency 0.002 seconds
Received message from mqtt/iot-mqtt-587b445bb4-v44zr with latency 0.001 seconds
Received message from mqtt/iot-mqtt-587b445bb4-b5wnc with latency 0.002 seconds
Received message from mqtt/iot-mqtt-587b445bb4-8b9h2 with latency 0.002 seconds
Received message from mqtt/iot-mqtt-587b445bb4-wvmf2 with latency 0.003 seconds
Received message from mqtt/iot-mqtt-587b445bb4-z9h5z with latency 0.002 seconds
Received message from mqtt/iot-mqtt-587b445bb4-qfw6v with latency 0.002 seconds
Received message from mqtt/iot-mqtt-587b445bb4-4sjlk with latency 0.002 seconds
Received message from mqtt/iot-mqtt-587b445bb4-zzp5w with latency 0.003 seconds
Received message from mqtt/iot-mqtt-587b445bb4-v44zr with latency 0.001 seconds
Received message from mqtt/iot-mqtt-587b445bb4-8b9h2 with latency 0.002 seconds
Received message from mqtt/iot-mqtt-587b445bb4-wvmf2 with latency 0.003 seconds
Received message from mqtt/iot-mqtt-587b445bb4-z9h5z with latency 0.002 seconds
Received message from mqtt/iot-mqtt-587b445bb4-qfw6v with latency 0.002 seconds
Received message from mqtt/iot-mqtt-587b445bb4-4sjlk with latency 0.002 seconds
Received message from mqtt/iot-mqtt-587b445bb4-zzp5w with latency 0.002 seconds
Received message from mqtt/iot-mqtt-587b445bb4-v44zr with latency 0.002 seconds
Received message from mqtt/iot-mqtt-587b445bb4-b5wnc with latency 0.002 seconds
Received message from mqtt/iot-mqtt-587b445bb4-8b9h2 with latency 0.002 seconds
Received message from mqtt/iot-mqtt-587b445bb4-wvmf2 with latency 0.002 seconds
Received message from mqtt/iot-mqtt-587b445bb4-z9h5z with latency 0.002 seconds
Received message from mqtt/iot-mqtt-587b445bb4-qfw6v with latency 0.003 seconds
Received message from mqtt/iot-mqtt-587b445bb4-4sjlk with latency 0.002 seconds
Received message from mqtt/iot-mqtt-587b445bb4-858lj with latency 0.003 seconds
Received message from mqtt/iot-mqtt-587b445bb4-b5wnc with latency 0.002 seconds
Received message from mqtt/iot-mqtt-587b445bb4-v44zr with latency 0.001 seconds
Received message from mqtt/iot-mqtt-587b445bb4-8b9h2 with latency 0.003 seconds
Received message from mqtt/iot-mqtt-587b445bb4-wvmf2 with latency 0.001 seconds
Received message from mqtt/iot-mqtt-587b445bb4-z9h5z with latency 0.001 seconds
Received message from mqtt/iot-mqtt-587b445bb4-4sjlk with latency 0.001 seconds
Received message from mqtt/iot-mqtt-587b445bb4-qfw6v with latency 0.002 seconds
Received message from mqtt/iot-mqtt-587b445bb4-858lj with latency 0.003 seconds
Received message from mqtt/iot-mqtt-587b445bb4-v44zr with latency 0.002 seconds
Received message from mqtt/iot-mqtt-587b445bb4-8b9h2 with latency 0.003 seconds
Received message from mqtt/iot-mqtt-587b445bb4-z9h5z with latency 0.003 seconds
Received message from mqtt/iot-mqtt-587b445bb4-wvmf2 with latency 0.003 seconds
Received message from mqtt/iot-mqtt-587b445bb4-4sjlk with latency 0.002 seconds
Received message from mqtt/iot-mqtt-587b445bb4-qfw6v with latency 0.002 seconds
Received message from mqtt/iot-mqtt-587b445bb4-858lj with latency 0.002 seconds
Received message from mqtt/iot-mqtt-587b445bb4-b5wnc with latency 0.002 seconds
Received message from mqtt/iot-mqtt-587b445bb4-v44zr with latency 0.001 seconds
Received message from mqtt/iot-mqtt-587b445bb4-8b9h2 with latency 0.002 seconds
Received message from mqtt/iot-mqtt-587b445bb4-wvmf2 with latency 0.002 seconds
Received message from mqtt/iot-mqtt-587b445bb4-zsjqk with latency 0.002 seconds
Received message from mqtt/iot-mqtt-587b445bb4-4sjlk with latency 0.002 seconds
Received message from mqtt/iot-mqtt-587b445bb4-qfw6v with latency 0.002 seconds
Received message from mqtt/iot-mqtt-587b445bb4-858lj with latency 0.002 seconds
Received message from mqtt/iot-mqtt-587b445bb4-v44zr with latency 0.003 seconds
Received message from mqtt/iot-mqtt-587b445bb4-wvmf2 with latency 0.001 seconds
Received message from mqtt/iot-mqtt-587b445bb4-zsjqk with latency 0.001 seconds
Received message from mqtt/iot-mqtt-587b445bb4-4sjlk with latency 0.002 seconds
Received message from mqtt/iot-mqtt-587b445bb4-qfw6v with latency 0.002 seconds
Received message from mqtt/iot-mqtt-587b445bb4-858lj with latency 0.002 seconds
Received message from mqtt/iot-mqtt-587b445bb4-v44zr with latency 0.002 seconds
Received message from mqtt/iot-mqtt-587b445bb4-8b9h2 with latency 0.001 seconds
Received message from mqtt/iot-mqtt-587b445bb4-wvmf2 with latency 0.002 seconds
Received message from mqtt/iot-mqtt-587b445bb4-zsjqk with latency 0.002 seconds
Received message from mqtt/iot-mqtt-587b445bb4-4sjlk with latency 0.002 seconds
Received message from mqtt/iot-mqtt-587b445bb4-qfw6v with latency 0.002 seconds
Received message from mqtt/iot-mqtt-587b445bb4-zzp5w with latency 0.002 seconds
Received message from mqtt/iot-mqtt-587b445bb4-858lj with latency 0.001 seconds
Received message from mqtt/iot-mqtt-587b445bb4-v44zr with latency 0.003 seconds
Received message from mqtt/iot-mqtt-587b445bb4-8b9h2 with latency 0.002 seconds
Received message from mqtt/iot-mqtt-587b445bb4-wvmf2 with latency 0.001 seconds
Received message from mqtt/iot-mqtt-587b445bb4-zsjqk with latency 0.002 seconds
Received message from mqtt/iot-mqtt-587b445bb4-4sjlk with latency 0.001 seconds
Received message from mqtt/iot-mqtt-587b445bb4-qfw6v with latency 0.002 seconds
Received message from mqtt/iot-mqtt-587b445bb4-858lj with latency 0.002 seconds
Received message from mqtt/iot-mqtt-587b445bb4-v44zr with latency 0.003 seconds
Received message from mqtt/iot-mqtt-587b445bb4-8b9h2 with latency 0.003 seconds
Received message from mqtt/iot-mqtt-587b445bb4-wvmf2 with latency 0.002 seconds
Received message from mqtt/iot-mqtt-587b445bb4-qfw6v with latency 0.002 seconds
Received message from mqtt/iot-mqtt-587b445bb4-zzp5w with latency 0.002 seconds
Received message from mqtt/iot-mqtt-587b445bb4-858lj with latency 0.002 seconds
Received message from mqtt/iot-mqtt-587b445bb4-v44zr with latency 0.002 seconds
Received message from mqtt/iot-mqtt-587b445bb4-z9h5z with latency 0.001 seconds
Received message from mqtt/iot-mqtt-587b445bb4-8b9h2 with latency 0.003 seconds
Received message from mqtt/iot-mqtt-587b445bb4-wvmf2 with latency 0.002 seconds
Received message from mqtt/iot-mqtt-587b445bb4-zsjqk with latency 0.002 seconds
Received message from mqtt/iot-mqtt-587b445bb4-qfw6v with latency 0.002 seconds
Received message from mqtt/iot-mqtt-587b445bb4-zzp5w with latency 0.001 seconds
Received message from mqtt/iot-mqtt-587b445bb4-b5wnc with latency 0.002 seconds
Received message from mqtt/iot-mqtt-587b445bb4-z9h5z with latency 0.002 seconds
Received message from mqtt/iot-mqtt-587b445bb4-8b9h2 with latency 0.002 seconds
Received message from mqtt/iot-mqtt-587b445bb4-wvmf2 with latency 0.002 seconds
Received message from mqtt/iot-mqtt-587b445bb4-zsjqk with latency 0.001 seconds
Received message from mqtt/iot-mqtt-587b445bb4-4sjlk with latency 0.002 seconds
Received message from mqtt/iot-mqtt-587b445bb4-zzp5w with latency 0.001 seconds
Received message from mqtt/iot-mqtt-587b445bb4-b5wnc with latency 0.001 seconds
Received message from mqtt/iot-mqtt-587b445bb4-z9h5z with latency 0.002 seconds
Received message from mqtt/iot-mqtt-587b445bb4-8b9h2 with latency 0.002 seconds
Received message from mqtt/iot-mqtt-587b445bb4-zsjqk with latency 0.002 seconds
Received message from mqtt/iot-mqtt-587b445bb4-qfw6v with latency 0.003 seconds
Received message from mqtt/iot-mqtt-587b445bb4-b5wnc with latency 0.002 seconds
Received message from mqtt/iot-mqtt-587b445bb4-v44zr with latency 0.002 seconds
Received message from mqtt/iot-mqtt-587b445bb4-8b9h2 with latency 0.002 seconds
Received message from mqtt/iot-mqtt-587b445bb4-wvmf2 with latency 0.002 seconds
Received message from mqtt/iot-mqtt-587b445bb4-zsjqk with latency 0.002 seconds
Received message from mqtt/iot-mqtt-587b445bb4-4sjlk with latency 0.002 seconds
Received message from mqtt/iot-mqtt-587b445bb4-qfw6v with latency 0.002 seconds
Received message from mqtt/iot-mqtt-587b445bb4-zzp5w with latency 0.002 seconds
Received message from mqtt/iot-mqtt-587b445bb4-b5wnc with latency 0.002 seconds
Received message from mqtt/iot-mqtt-587b445bb4-v44zr with latency 0.002 seconds
Received message from mqtt/iot-mqtt-587b445bb4-z9h5z with latency 0.002 seconds
Received message from mqtt/iot-mqtt-587b445bb4-8b9h2 with latency 0.002 seconds
Received message from mqtt/iot-mqtt-587b445bb4-wvmf2 with latency 0.002 seconds
Received message from mqtt/iot-mqtt-587b445bb4-zsjqk with latency 0.002 seconds
Received message from mqtt/iot-mqtt-587b445bb4-4sjlk with latency 0.002 seconds
Received message from mqtt/iot-mqtt-587b445bb4-qfw6v with latency 0.002 seconds
Received message from mqtt/iot-mqtt-587b445bb4-zzp5w with latency 0.002 seconds
Received message from mqtt/iot-mqtt-587b445bb4-b5wnc with latency 0.003 seconds
Received message from mqtt/iot-mqtt-587b445bb4-v44zr with latency 0.001 seconds
Received message from mqtt/iot-mqtt-587b445bb4-z9h5z with latency 0.002 seconds
Received message from mqtt/iot-mqtt-587b445bb4-8b9h2 with latency 0.000 seconds
Received message from mqtt/iot-mqtt-587b445bb4-wvmf2 with latency 0.003 seconds
Received message from mqtt/iot-mqtt-587b445bb4-zsjqk with latency 0.002 seconds
Received message from mqtt/iot-mqtt-587b445bb4-4sjlk with latency 0.002 seconds
Received message from mqtt/iot-mqtt-587b445bb4-qfw6v with latency 0.002 seconds
Received message from mqtt/iot-mqtt-587b445bb4-zzp5w with latency 0.002 seconds
Received message from mqtt/iot-mqtt-587b445bb4-v44zr with latency 0.002 seconds
Received message from mqtt/iot-mqtt-587b445bb4-z9h5z with latency 0.001 seconds
Received message from mqtt/iot-mqtt-587b445bb4-8b9h2 with latency 0.002 seconds
Received message from mqtt/iot-mqtt-587b445bb4-wvmf2 with latency 0.002 seconds
Received message from mqtt/iot-mqtt-587b445bb4-zsjqk with latency 0.002 seconds
Received message from mqtt/iot-mqtt-587b445bb4-858lj with latency 0.003 seconds
Received message from mqtt/iot-mqtt-587b445bb4-4sjlk with latency 0.002 seconds
Received message from mqtt/iot-mqtt-587b445bb4-qfw6v with latency 0.001 seconds
Received message from mqtt/iot-mqtt-587b445bb4-zzp5w with latency 0.002 seconds
Received message from mqtt/iot-mqtt-587b445bb4-v44zr with latency 0.002 seconds
Received message from mqtt/iot-mqtt-587b445bb4-z9h5z with latency 0.002 seconds
Received message from mqtt/iot-mqtt-587b445bb4-wvmf2 with latency 0.002 seconds
Received message from mqtt/iot-mqtt-587b445bb4-zsjqk with latency 0.003 seconds
Received message from mqtt/iot-mqtt-587b445bb4-858lj with latency 0.003 seconds
Received message from mqtt/iot-mqtt-587b445bb4-qfw6v with latency 0.002 seconds
Received message from mqtt/iot-mqtt-587b445bb4-4sjlk with latency 0.002 seconds
Received message from mqtt/iot-mqtt-587b445bb4-zzp5w with latency 0.001 seconds
Received message from mqtt/iot-mqtt-587b445bb4-z9h5z with latency 0.003 seconds
Received message from mqtt/iot-mqtt-587b445bb4-wvmf2 with latency 0.001 seconds
Received message from mqtt/iot-mqtt-587b445bb4-8b9h2 with latency 0.002 seconds
Received message from mqtt/iot-mqtt-587b445bb4-qfw6v with latency 0.003 seconds
Received message from mqtt/iot-mqtt-587b445bb4-4sjlk with latency 0.002 seconds
Received message from mqtt/iot-mqtt-587b445bb4-zzp5w with latency 0.002 seconds
Received message from mqtt/iot-mqtt-587b445bb4-z9h5z with latency 0.002 seconds
Received message from mqtt/iot-mqtt-587b445bb4-wvmf2 with latency 0.001 seconds
Received message from mqtt/iot-mqtt-587b445bb4-8b9h2 with latency 0.002 seconds
Received message from mqtt/iot-mqtt-587b445bb4-qfw6v with latency 0.002 seconds
Received message from mqtt/iot-mqtt-587b445bb4-858lj with latency 0.002 seconds
Received message from mqtt/iot-mqtt-587b445bb4-4sjlk with latency 0.001 seconds
Received message from mqtt/iot-mqtt-587b445bb4-zzp5w with latency 0.002 seconds
Received message from mqtt/iot-mqtt-587b445bb4-b5wnc with latency 0.000 seconds
Received message from mqtt/iot-mqtt-587b445bb4-z9h5z with latency 0.002 seconds
Received message from mqtt/iot-mqtt-587b445bb4-wvmf2 with latency 0.001 seconds
Received message from mqtt/iot-mqtt-587b445bb4-8b9h2 with latency 0.002 seconds
Received message from mqtt/iot-mqtt-587b445bb4-qfw6v with latency 0.001 seconds
Received message from mqtt/iot-mqtt-587b445bb4-4sjlk with latency 0.002 seconds
Received message from mqtt/iot-mqtt-587b445bb4-zzp5w with latency 0.002 seconds
Received message from mqtt/iot-mqtt-587b445bb4-b5wnc with latency 0.002 seconds
Received message from mqtt/iot-mqtt-587b445bb4-wvmf2 with latency 0.002 seconds
Received message from mqtt/iot-mqtt-587b445bb4-qfw6v with latency 0.002 seconds
[FAILURE] iot-mqtt-587b445bb4-4sjlk is simulating a device failure. Stopping MQTT network loop for 40.0 seconds.
Received message from mqtt/iot-mqtt-587b445bb4-zzp5w with latency 0.003 seconds
Received message from mqtt/iot-mqtt-587b445bb4-b5wnc with latency 0.007 seconds
[RECOVERY] iot-mqtt-587b445bb4-4sjlk is back online and reconnecting to broker.
Connected to MQTT broker with result code 0
Received message from mqtt/iot-mqtt-587b445bb4-zzp5w with latency 0.002 seconds
Received message from mqtt/iot-mqtt-587b445bb4-b5wnc with latency 0.001 seconds
Received message from mqtt/iot-mqtt-587b445bb4-v44zr with latency 0.001 seconds
Received message from mqtt/iot-mqtt-587b445bb4-8b9h2 with latency 0.004 seconds
Received message from mqtt/iot-mqtt-587b445bb4-wvmf2 with latency 0.003 seconds
Received message from mqtt/iot-mqtt-587b445bb4-zsjqk with latency 0.001 seconds
Received message from mqtt/iot-mqtt-587b445bb4-858lj with latency 0.001 seconds
Received message from mqtt/iot-mqtt-587b445bb4-qfw6v with latency 0.001 seconds
Received message from mqtt/iot-mqtt-587b445bb4-4sjlk with latency 0.001 seconds
Received message from mqtt/iot-mqtt-587b445bb4-zzp5w with latency 0.003 seconds
Received message from mqtt/iot-mqtt-587b445bb4-b5wnc with latency 0.002 seconds
Received message from mqtt/iot-mqtt-587b445bb4-v44zr with latency 0.002 seconds
Received message from mqtt/iot-mqtt-587b445bb4-8b9h2 with latency 0.002 seconds
Received message from mqtt/iot-mqtt-587b445bb4-zsjqk with latency 0.003 seconds
Received message from mqtt/iot-mqtt-587b445bb4-qfw6v with latency 0.002 seconds
Received message from mqtt/iot-mqtt-587b445bb4-858lj with latency 0.001 seconds
Received message from mqtt/iot-mqtt-587b445bb4-4sjlk with latency 0.001 seconds
Received message from mqtt/iot-mqtt-587b445bb4-b5wnc with latency 0.002 seconds
Received message from mqtt/iot-mqtt-587b445bb4-zzp5w with latency 0.003 seconds
Received message from mqtt/iot-mqtt-587b445bb4-z9h5z with latency 0.002 seconds
Received message from mqtt/iot-mqtt-587b445bb4-wvmf2 with latency 0.004 seconds
Received message from mqtt/iot-mqtt-587b445bb4-8b9h2 with latency 0.008 seconds
Received message from mqtt/iot-mqtt-587b445bb4-zsjqk with latency 0.003 seconds
Received message from mqtt/iot-mqtt-587b445bb4-qfw6v with latency 0.002 seconds
Received message from mqtt/iot-mqtt-587b445bb4-4sjlk with latency 0.003 seconds
Received message from mqtt/iot-mqtt-587b445bb4-b5wnc with latency 0.002 seconds
Received message from mqtt/iot-mqtt-587b445bb4-zzp5w with latency 0.002 seconds
Received message from mqtt/iot-mqtt-587b445bb4-v44zr with latency 0.003 seconds
Received message from mqtt/iot-mqtt-587b445bb4-z9h5z with latency 0.003 seconds
Received message from mqtt/iot-mqtt-587b445bb4-wvmf2 with latency 0.003 seconds
Received message from mqtt/iot-mqtt-587b445bb4-8b9h2 with latency 0.001 seconds
Received message from mqtt/iot-mqtt-587b445bb4-zsjqk with latency 0.002 seconds
Received message from mqtt/iot-mqtt-587b445bb4-qfw6v with latency 0.001 seconds
Received message from mqtt/iot-mqtt-587b445bb4-4sjlk with latency 0.002 seconds
Received message from mqtt/iot-mqtt-587b445bb4-b5wnc with latency 0.002 seconds
Received message from mqtt/iot-mqtt-587b445bb4-zzp5w with latency 0.003 seconds
Received message from mqtt/iot-mqtt-587b445bb4-v44zr with latency 0.002 seconds
Received message from mqtt/iot-mqtt-587b445bb4-wvmf2 with latency 0.002 seconds
Received message from mqtt/iot-mqtt-587b445bb4-8b9h2 with latency 0.002 seconds
Received message from mqtt/iot-mqtt-587b445bb4-zsjqk with latency 0.002 seconds
Received message from mqtt/iot-mqtt-587b445bb4-qfw6v with latency 0.001 seconds
Received message from mqtt/iot-mqtt-587b445bb4-4sjlk with latency 0.002 seconds
Received message from mqtt/iot-mqtt-587b445bb4-b5wnc with latency 0.002 seconds
Received message from mqtt/iot-mqtt-587b445bb4-zzp5w with latency 0.003 seconds
Received message from mqtt/iot-mqtt-587b445bb4-v44zr with latency 0.001 seconds
Received message from mqtt/iot-mqtt-587b445bb4-z9h5z with latency 0.003 seconds
Received message from mqtt/iot-mqtt-587b445bb4-wvmf2 with latency 0.002 seconds
Received message from mqtt/iot-mqtt-587b445bb4-8b9h2 with latency 0.002 seconds
Received message from mqtt/iot-mqtt-587b445bb4-zsjqk with latency 0.002 seconds
Received message from mqtt/iot-mqtt-587b445bb4-qfw6v with latency 0.002 seconds
Received message from mqtt/iot-mqtt-587b445bb4-4sjlk with latency 0.002 seconds
Received message from mqtt/iot-mqtt-587b445bb4-b5wnc with latency 0.001 seconds
Received message from mqtt/iot-mqtt-587b445bb4-zzp5w with latency 0.002 seconds
Received message from mqtt/iot-mqtt-587b445bb4-v44zr with latency 0.003 seconds
Received message from mqtt/iot-mqtt-587b445bb4-wvmf2 with latency 0.001 seconds
Received message from mqtt/iot-mqtt-587b445bb4-8b9h2 with latency 0.003 seconds
Received message from mqtt/iot-mqtt-587b445bb4-zsjqk with latency 0.004 seconds
Received message from mqtt/iot-mqtt-587b445bb4-qfw6v with latency 0.003 seconds
Received message from mqtt/iot-mqtt-587b445bb4-4sjlk with latency 0.002 seconds
Received message from mqtt/iot-mqtt-587b445bb4-b5wnc with latency 0.003 seconds
Received message from mqtt/iot-mqtt-587b445bb4-v44zr with latency 0.002 seconds
Received message from mqtt/iot-mqtt-587b445bb4-z9h5z with latency 0.002 seconds
Received message from mqtt/iot-mqtt-587b445bb4-wvmf2 with latency 0.003 seconds
Received message from mqtt/iot-mqtt-587b445bb4-8b9h2 with latency 0.002 seconds
Received message from mqtt/iot-mqtt-587b445bb4-zsjqk with latency 0.003 seconds
Received message from mqtt/iot-mqtt-587b445bb4-858lj with latency 0.001 seconds
Received message from mqtt/iot-mqtt-587b445bb4-qfw6v with latency 0.003 seconds
Received message from mqtt/iot-mqtt-587b445bb4-4sjlk with latency 0.002 seconds
Received message from mqtt/iot-mqtt-587b445bb4-b5wnc with latency 0.003 seconds
Received message from mqtt/iot-mqtt-587b445bb4-v44zr with latency 0.002 seconds
Received message from mqtt/iot-mqtt-587b445bb4-z9h5z with latency 0.006 seconds
Received message from mqtt/iot-mqtt-587b445bb4-wvmf2 with latency 0.004 seconds
Received message from mqtt/iot-mqtt-587b445bb4-858lj with latency 0.002 seconds
Received message from mqtt/iot-mqtt-587b445bb4-qfw6v with latency 0.001 seconds
Received message from mqtt/iot-mqtt-587b445bb4-4sjlk with latency 0.002 seconds
Received message from mqtt/iot-mqtt-587b445bb4-b5wnc with latency 0.003 seconds
Received message from mqtt/iot-mqtt-587b445bb4-v44zr with latency 0.002 seconds
Received message from mqtt/iot-mqtt-587b445bb4-z9h5z with latency 0.003 seconds
Received message from mqtt/iot-mqtt-587b445bb4-wvmf2 with latency 0.002 seconds
Received message from mqtt/iot-mqtt-587b445bb4-858lj with latency 0.001 seconds
Received message from mqtt/iot-mqtt-587b445bb4-qfw6v with latency 0.001 seconds
Received message from mqtt/iot-mqtt-587b445bb4-4sjlk with latency 0.001 seconds
Received message from mqtt/iot-mqtt-587b445bb4-b5wnc with latency 0.002 seconds
Received message from mqtt/iot-mqtt-587b445bb4-v44zr with latency 0.005 seconds
Received message from mqtt/iot-mqtt-587b445bb4-wvmf2 with latency 0.004 seconds
Received message from mqtt/iot-mqtt-587b445bb4-858lj with latency 0.003 seconds
Received message from mqtt/iot-mqtt-587b445bb4-4sjlk with latency 0.001 seconds
Received message from mqtt/iot-mqtt-587b445bb4-b5wnc with latency 0.003 seconds
Received message from mqtt/iot-mqtt-587b445bb4-v44zr with latency 0.004 seconds
Received message from mqtt/iot-mqtt-587b445bb4-858lj with latency 0.002 seconds
Received message from mqtt/iot-mqtt-587b445bb4-qfw6v with latency 0.003 seconds
Received message from mqtt/iot-mqtt-587b445bb4-4sjlk with latency 0.001 seconds
Received message from mqtt/iot-mqtt-587b445bb4-zzp5w with latency 0.002 seconds
Received message from mqtt/iot-mqtt-587b445bb4-b5wnc with latency 0.002 seconds
Received message from mqtt/iot-mqtt-587b445bb4-v44zr with latency 0.001 seconds
Received message from mqtt/iot-mqtt-587b445bb4-8b9h2 with latency 0.002 seconds
Received message from mqtt/iot-mqtt-587b445bb4-wvmf2 with latency 0.001 seconds
Received message from mqtt/iot-mqtt-587b445bb4-858lj with latency 0.004 seconds
Received message from mqtt/iot-mqtt-587b445bb4-qfw6v with latency 0.003 seconds
Received message from mqtt/iot-mqtt-587b445bb4-4sjlk with latency 0.007 seconds
Received message from mqtt/iot-mqtt-587b445bb4-zzp5w with latency 0.003 seconds
Received message from mqtt/iot-mqtt-587b445bb4-b5wnc with latency 0.003 seconds
Received message from mqtt/iot-mqtt-587b445bb4-8b9h2 with latency 0.003 seconds
Received message from mqtt/iot-mqtt-587b445bb4-wvmf2 with latency 0.002 seconds
Received message from mqtt/iot-mqtt-587b445bb4-zsjqk with latency 0.002 seconds
Received message from mqtt/iot-mqtt-587b445bb4-858lj with latency 0.002 seconds
Received message from mqtt/iot-mqtt-587b445bb4-qfw6v with latency 0.002 seconds
Received message from mqtt/iot-mqtt-587b445bb4-4sjlk with latency 0.001 seconds
Received message from mqtt/iot-mqtt-587b445bb4-zzp5w with latency 0.002 seconds
Received message from mqtt/iot-mqtt-587b445bb4-b5wnc with latency 0.002 seconds
Received message from mqtt/iot-mqtt-587b445bb4-8b9h2 with latency 0.002 seconds
Received message from mqtt/iot-mqtt-587b445bb4-wvmf2 with latency 0.001 seconds
Received message from mqtt/iot-mqtt-587b445bb4-zsjqk with latency 0.002 seconds
Received message from mqtt/iot-mqtt-587b445bb4-858lj with latency 0.002 seconds
Received message from mqtt/iot-mqtt-587b445bb4-qfw6v with latency 0.002 seconds
Received message from mqtt/iot-mqtt-587b445bb4-4sjlk with latency 0.001 seconds
Received message from mqtt/iot-mqtt-587b445bb4-zzp5w with latency 0.001 seconds
Received message from mqtt/iot-mqtt-587b445bb4-b5wnc with latency 0.003 seconds
Received message from mqtt/iot-mqtt-587b445bb4-z9h5z with latency 0.001 seconds
Received message from mqtt/iot-mqtt-587b445bb4-8b9h2 with latency 0.003 seconds
Received message from mqtt/iot-mqtt-587b445bb4-wvmf2 with latency 0.001 seconds
Received message from mqtt/iot-mqtt-587b445bb4-zsjqk with latency 0.003 seconds
Received message from mqtt/iot-mqtt-587b445bb4-858lj with latency 0.002 seconds
Received message from mqtt/iot-mqtt-587b445bb4-qfw6v with latency 0.002 seconds
Received message from mqtt/iot-mqtt-587b445bb4-4sjlk with latency 0.002 seconds
Received message from mqtt/iot-mqtt-587b445bb4-zzp5w with latency 0.003 seconds
Received message from mqtt/iot-mqtt-587b445bb4-b5wnc with latency 0.002 seconds
Received message from mqtt/iot-mqtt-587b445bb4-z9h5z with latency 0.001 seconds
Received message from mqtt/iot-mqtt-587b445bb4-wvmf2 with latency 0.001 seconds
Received message from mqtt/iot-mqtt-587b445bb4-zsjqk with latency 0.002 seconds
Received message from mqtt/iot-mqtt-587b445bb4-858lj with latency 0.003 seconds
Received message from mqtt/iot-mqtt-587b445bb4-qfw6v with latency 0.001 seconds
Received message from mqtt/iot-mqtt-587b445bb4-4sjlk with latency 0.001 seconds
Received message from mqtt/iot-mqtt-587b445bb4-zzp5w with latency 0.001 seconds
Received message from mqtt/iot-mqtt-587b445bb4-b5wnc with latency 0.002 seconds
Received message from mqtt/iot-mqtt-587b445bb4-z9h5z with latency 0.002 seconds
Received message from mqtt/iot-mqtt-587b445bb4-8b9h2 with latency 0.002 seconds
Received message from mqtt/iot-mqtt-587b445bb4-wvmf2 with latency 0.002 seconds
Received message from mqtt/iot-mqtt-587b445bb4-zsjqk with latency 0.002 seconds
Received message from mqtt/iot-mqtt-587b445bb4-858lj with latency 0.005 seconds
Received message from mqtt/iot-mqtt-587b445bb4-4sjlk with latency 0.001 seconds
